data Species.n Quarter Year fleet Age observed model residual stand.residual
catch 1 1 1983 -9 1  1.845986e+06 1.943570e+06 -5.151293e-02 -1.722554e-01
catch 1 1 1983 -9 2  2.897089e+07 2.288841e+07 2.356612e-01 7.880333e-01
catch 1 1 1983 -9 3  7.724690e+05 1.699206e+06 -7.883245e-01 -1.322456e+00
catch 1 1 1983 -9 4  3.200701e+05 1.401684e+05 8.256953e-01 1.385147e+00
catch 1 1 1984 -9 1  4.711710e+07 2.859971e+07 4.992395e-01 1.669420e+00
catch 1 1 1984 -9 2  1.701105e+06 2.157654e+06 -2.377433e-01 -7.949960e-01
catch 1 1 1984 -9 3  1.000246e+07 6.133146e+06 4.891235e-01 8.205305e-01
catch 1 1 1984 -9 4  3.331969e+05 2.636410e+05 2.341454e-01 3.927913e-01
catch 1 1 1985 -9 1  6.216843e+06 7.799038e+06 -2.267383e-01 -7.581959e-01
catch 1 1 1985 -9 2  3.136433e+07 2.895368e+07 7.997390e-02 2.674267e-01
catch 1 1 1985 -9 3  1.987155e+06 4.797619e+05 1.421169e+00 2.384086e+00
catch 1 1 1985 -9 4  2.114844e+05 7.556988e+05 -1.273492e+00 -2.136350e+00
catch 1 1 1986 -9 1  4.493966e+07 4.084891e+07 9.544069e-02 3.191465e-01
catch 1 1 1986 -9 2  7.553291e+06 6.195448e+06 1.981685e-01 6.626605e-01
catch 1 1 1986 -9 3  1.652186e+06 5.034139e+06 -1.114143e+00 -1.869034e+00
catch 1 1 1986 -9 4  3.090123e+04 1.080296e+05 -1.251609e+00 -2.099641e+00
catch 1 1 1987 -9 1  4.504002e+06 4.124756e+06 8.795944e-02 2.941298e-01
catch 1 1 1987 -9 2  2.357174e+07 3.215728e+07 -3.105904e-01 -1.038591e+00
catch 1 1 1987 -9 3  1.198721e+06 1.361806e+06 -1.275564e-01 -2.139827e-01
catch 1 1 1987 -9 4  1.708022e+05 6.549126e+05 -1.343996e+00 -2.254624e+00
catch 1 1 1988 -9 1  1.996963e+06 3.904009e+06 -6.703763e-01 -2.241688e+00
catch 1 1 1988 -9 2  8.564243e+06 7.391048e+06 1.473262e-01 4.926479e-01
catch 1 1 1988 -9 3  1.522929e+07 1.598336e+07 -4.832788e-02 -8.107257e-02
catch 1 1 1988 -9 4  2.354019e+06 6.072099e+05 1.355005e+00 2.273092e+00
catch 1 1 1989 -9 1  6.250273e+07 4.800165e+07 2.639749e-01 8.827125e-01
catch 1 1 1989 -9 2  6.363623e+06 4.645042e+06 3.147975e-01 1.052659e+00
catch 1 1 1989 -9 3  1.345853e+06 1.745958e+06 -2.602750e-01 -4.366251e-01
catch 1 1 1989 -9 4  4.736504e+06 2.269228e+06 7.358597e-01 1.234443e+00
catch 1 1 1990 -9 1  1.684627e+07 2.236241e+07 -2.832523e-01 -9.471744e-01
catch 1 1 1990 -9 2  1.391681e+07 1.277051e+07 8.595838e-02 2.874384e-01
catch 1 1 1990 -9 3  2.059554e+06 8.580490e+05 8.755835e-01 1.468838e+00
catch 1 1 1990 -9 4  6.219569e+05 8.093795e+05 -2.633972e-01 -4.418627e-01
catch 1 1 1991 -9 1  1.493862e+07 1.917091e+07 -2.494439e-01 -8.341217e-01
catch 1 1 1991 -9 2  6.869770e+06 4.014574e+06 5.371994e-01 1.796355e+00
catch 1 1 1991 -9 3  9.830980e+05 1.664051e+06 -5.263014e-01 -8.828983e-01
catch 1 1 1991 -9 4  3.381261e+05 2.338678e+05 3.686632e-01 6.184520e-01
catch 1 1 1992 -9 1  5.088340e+07 3.648157e+07 3.327296e-01 1.112623e+00
catch 1 1 1992 -9 2  8.450910e+06 1.002817e+07 -1.711241e-01 -5.722262e-01
catch 1 1 1992 -9 3  8.450067e+05 1.566431e+06 -6.172105e-01 -1.035403e+00
catch 1 1 1992 -9 4  5.237017e+05 8.075512e+05 -4.330841e-01 -7.265214e-01
catch 1 1 1993 -9 1  2.180911e+06 4.202768e+06 -6.560008e-01 -2.193618e+00
catch 1 1 1993 -9 2  5.882232e+06 5.447617e+06 7.675789e-02 2.566727e-01
catch 1 1 1993 -9 3  1.638375e+06 1.078951e+06 4.177160e-01 7.007406e-01
catch 1 1 1993 -9 4  4.910236e+05 2.807213e+05 5.591301e-01 9.379702e-01
catch 1 1 1994 -9 1  2.217248e+07 1.497323e+07 3.925884e-01 1.312786e+00
catch 1 1 1994 -9 2  2.668743e+06 1.579547e+06 5.244698e-01 1.753788e+00
catch 1 1 1994 -9 3  1.195098e+06 1.599528e+06 -2.914808e-01 -4.889745e-01
catch 1 1 1994 -9 4  8.817491e+05 4.308326e+05 7.161880e-01 1.201443e+00
catch 1 1 1995 -9 1  3.667731e+07 3.730240e+07 -1.689947e-02 -5.651056e-02
catch 1 1 1995 -9 2  6.236165e+06 1.144949e+07 -6.075799e-01 -2.031702e+00
catch 1 1 1995 -9 3  7.372715e+05 9.685855e+05 -2.728806e-01 -4.577716e-01
catch 1 1 1995 -9 4  2.886546e+05 1.354142e+06 -1.545692e+00 -2.592980e+00
catch 1 1 1996 -9 1  1.040228e+07 9.135491e+06 1.298581e-01 4.342359e-01
catch 1 1 1996 -9 2  1.230100e+07 1.232439e+07 -1.899549e-03 -6.351949e-03
catch 1 1 1996 -9 3  4.526841e+06 2.859612e+06 4.593384e-01 7.705644e-01
catch 1 1 1996 -9 4  8.605003e+05 6.459288e+05 2.868246e-01 4.811635e-01
catch 1 1 1997 -9 1  3.866712e+07 5.171264e+07 -2.907126e-01 -9.721211e-01
catch 1 1 1997 -9 2  2.331754e+06 2.898277e+06 -2.174955e-01 -7.272888e-01
catch 1 1 1997 -9 3  3.521518e+06 2.982387e+06 1.661682e-01 2.787560e-01
catch 1 1 1997 -9 4  7.133714e+05 9.287357e+05 -2.638221e-01 -4.425755e-01
catch 1 1 1998 -9 1  9.387182e+06 1.134771e+07 -1.896712e-01 -6.342464e-01
catch 1 1 1998 -9 2  2.836373e+07 2.560708e+07 1.022424e-01 3.418911e-01
catch 1 1 1998 -9 3  2.164396e+06 1.112816e+06 6.652477e-01 1.115988e+00
catch 1 1 1998 -9 4  1.504583e+06 1.651916e+06 -9.342006e-02 -1.567171e-01
catch 1 1 1999 -9 1  4.462070e+07 2.887344e+07 4.352756e-01 1.455529e+00
catch 1 1 1999 -9 2  5.432802e+06 3.959313e+06 3.163846e-01 1.057967e+00
catch 1 1 1999 -9 3  1.015842e+07 7.124884e+06 3.547096e-01 5.950441e-01
catch 1 1 1999 -9 4  6.988328e+05 8.569684e+05 -2.039895e-01 -3.422032e-01
catch 1 1 2000 -9 1  3.262496e+07 3.149703e+07 3.518452e-02 1.176544e-01
catch 1 1 2000 -9 2  3.355268e+06 4.016280e+06 -1.798242e-01 -6.013187e-01
catch 1 1 2000 -9 3  6.297430e+05 5.999601e+05 4.844858e-02 8.127504e-02
catch 1 1 2000 -9 4  1.076467e+06 1.386616e+06 -2.531814e-01 -4.247252e-01
catch 1 1 2001 -9 1  5.678038e+07 6.377721e+07 -1.162050e-01 -3.885808e-01
catch 1 1 2001 -9 2  8.549412e+06 7.563394e+06 1.225424e-01 4.097726e-01
catch 1 1 2001 -9 3  1.098202e+06 1.073999e+06 2.228474e-02 3.738383e-02
catch 1 1 2001 -9 4  9.720503e+05 6.220883e+05 4.463254e-01 7.487344e-01
catch 1 1 2002 -9 1  8.487839e+07 9.279479e+07 -8.917088e-02 -2.981808e-01
catch 1 1 2002 -9 2  1.077221e+07 8.285754e+06 2.624319e-01 8.775526e-01
catch 1 1 2002 -9 3  1.212501e+06 1.022900e+06 1.700440e-01 2.852578e-01
catch 1 1 2002 -9 4  2.251214e+05 2.672605e+05 -1.715841e-01 -2.878414e-01
catch 1 1 2003 -9 1  3.842913e+06 4.575456e+06 -1.744757e-01 -5.834336e-01
catch 1 1 2003 -9 2  1.330225e+07 1.328770e+07 1.094115e-03 3.658637e-03
catch 1 1 2003 -9 3  1.117440e+06 1.192955e+06 -6.539356e-02 -1.097012e-01
catch 1 1 2003 -9 4  3.023890e+05 2.254551e+05 2.935932e-01 4.925181e-01
catch 1 1 2004 -9 1  3.065357e+07 2.844287e+07 7.485162e-02 2.502982e-01
catch 1 1 2004 -9 2  7.855009e+05 9.469193e+05 -1.868923e-01 -6.249540e-01
catch 1 1 2004 -9 3  2.364270e+06 2.793326e+06 -1.667639e-01 -2.797552e-01
catch 1 1 2004 -9 4  4.798389e+05 3.539885e+05 3.041859e-01 5.102878e-01
catch 1 1 2005 -9 1  1.110547e+07 1.301560e+07 -1.587105e-01 -5.307160e-01
catch 1 1 2005 -9 2  4.434996e+06 6.726830e+06 -4.165772e-01 -1.393003e+00
catch 1 1 2005 -9 3  2.626702e+05 2.419386e+05 8.221544e-02 1.379207e-01
catch 1 1 2005 -9 4  4.348522e+05 9.609408e+05 -7.929066e-01 -1.330143e+00
catch 1 1 2006 -9 1  3.360000e+07 3.386880e+07 -7.968009e-03 -2.664443e-02
catch 1 1 2006 -9 2  2.590432e+06 3.363972e+06 -2.612977e-01 -8.737601e-01
catch 1 1 2006 -9 3  8.166730e+05 1.127534e+06 -3.225491e-01 -5.410931e-01
catch 1 1 2006 -9 4  1.626106e+05 2.215109e+05 -3.091134e-01 -5.185541e-01
catch 1 1 2007 -9 1  1.058062e+07 9.281221e+06 1.310309e-01 4.381577e-01
catch 1 1 2007 -9 2  4.674236e+06 3.372592e+06 3.263841e-01 1.091404e+00
catch 1 1 2007 -9 3  3.152381e+05 2.081828e+05 4.149117e-01 6.960364e-01
catch 1 1 2007 -9 4  1.716627e+05 9.309883e+04 6.118699e-01 1.026444e+00
catch 1 1 2008 -9 1  2.673481e+07 3.482012e+07 -2.642290e-01 -8.835620e-01
catch 1 1 2008 -9 2  4.009086e+06 5.303329e+06 -2.797715e-01 -9.355349e-01
catch 1 1 2008 -9 3  1.204887e+06 1.455525e+06 -1.889811e-01 -3.170258e-01
catch 1 1 2008 -9 4  2.143922e+05 1.427681e+05 4.065853e-01 6.820683e-01
catch 1 1 2009 -9 1  1.889799e+07 1.895693e+07 -3.114183e-03 -1.041359e-02
catch 1 1 2009 -9 2  1.426518e+07 1.017899e+07 3.374957e-01 1.128561e+00
catch 1 1 2009 -9 3  1.556248e+06 1.050347e+06 3.931571e-01 6.595418e-01
catch 1 1 2009 -9 4  3.923156e+05 3.604213e+05 8.479291e-02 1.422446e-01
catch 1 1 2010 -9 1  3.995096e+07 3.215825e+07 2.169836e-01 7.255771e-01
catch 1 1 2010 -9 2  2.130227e+06 2.444922e+06 -1.377850e-01 -4.607427e-01
catch 1 1 2010 -9 3  9.419948e+05 1.151391e+06 -2.007267e-01 -3.367296e-01
catch 1 1 2010 -9 4  1.082121e+05 1.750478e+05 -4.809656e-01 -8.068453e-01
catch 1 1 2011 -9 1  1.894045e+06 2.407828e+06 -2.400099e-01 -8.025752e-01
catch 1 1 2011 -9 2  3.269167e+07 3.609494e+07 -9.903241e-02 -3.311570e-01
catch 1 1 2011 -9 3  1.305179e+06 1.045420e+06 2.219213e-01 3.722846e-01
catch 1 1 2011 -9 4  2.656017e+05 3.367674e+05 -2.373948e-01 -3.982423e-01
catch 1 1 2012 -9 1  3.830901e+05 6.412465e+05 -5.151436e-01 -1.722602e+00
catch 1 1 2012 -9 2  4.190863e+05 5.006632e+05 -1.778568e-01 -5.947397e-01
catch 1 1 2012 -9 3  3.353944e+06 3.408760e+06 -1.621148e-02 -2.719562e-02
catch 1 1 2012 -9 4  1.286530e+05 7.403232e+04 5.526169e-01 9.270441e-01
catch 1 1 2013 -9 1  1.809024e+07 1.257165e+07 3.639278e-01 1.216948e+00
catch 1 1 2013 -9 2  7.916362e+06 3.632309e+06 7.790634e-01 2.605130e+00
catch 1 1 2013 -9 3  2.181644e+06 1.346376e+06 4.826617e-01 8.096904e-01
catch 1 1 2013 -9 4  4.301116e+06 6.286620e+06 -3.795491e-01 -6.367136e-01
catch 1 2 1983 -9 0  1.022259e+07 2.909533e+06 1.256608e+00 7.864581e-01
catch 1 2 1983 -9 1  2.638656e+05 3.745395e+05 -3.502575e-01 -5.827252e-01
catch 1 2 1983 -9 2  3.085029e+06 3.245676e+06 -5.076279e-02 -8.445433e-02
catch 1 2 1983 -9 3  5.640127e+05 1.972013e+05 1.050852e+00 1.150556e+00
catch 1 2 1983 -9 4  2.198880e+03 1.655672e+04 -2.018844e+00 -2.210390e+00
catch 1 2 1984 -9 0  -99.9 -99.9 -99.9  -99.9
catch 1 2 1984 -9 1  9.241291e+06 5.203710e+06 5.743098e-01 9.554823e-01
catch 1 2 1984 -9 2  8.983840e+04 2.724001e+05 -1.109259e+00 -1.845481e+00
catch 1 2 1984 -9 3  5.661977e+05 6.265487e+05 -1.012832e-01 -1.108929e-01
catch 1 2 1984 -9 4  4.295766e+04 2.710002e+04 4.606804e-01 5.043893e-01
catch 1 2 1985 -9 0  8.524055e+06 5.725036e+06 3.980434e-01 2.491187e-01
catch 1 2 1985 -9 1  1.353569e+06 1.423511e+06 -5.038183e-02 -8.382052e-02
catch 1 2 1985 -9 2  2.305207e+06 3.559955e+06 -4.345773e-01 -7.230086e-01
catch 1 2 1985 -9 3  1.594869e+06 4.533635e+04 3.560438e+00 3.898249e+00
catch 1 2 1985 -9 4  2.127444e+05 7.317990e+04 1.067171e+00 1.168423e+00
catch 1 2 1986 -9 0  8.714105e+04 2.887361e+05 -1.197985e+00 -7.497685e-01
catch 1 2 1986 -9 1  4.162541e+06 3.347384e+06 2.179466e-01 3.625989e-01
catch 1 2 1986 -9 2  2.279672e+05 3.916394e+05 -5.411397e-01 -9.002970e-01
catch 1 2 1986 -9 3  1.875089e+05 2.719432e+05 -3.717670e-01 -4.070399e-01
catch 1 2 1986 -9 4  1.400481e+04 5.939925e+03 8.577045e-01 9.390828e-01
catch 1 2 1987 -9 0  1.866278e+05 2.954867e+05 -4.595078e-01 -2.875866e-01
catch 1 2 1987 -9 1  1.938298e+06 9.138347e+05 7.519160e-01 1.250967e+00
catch 1 2 1987 -9 2  4.173447e+06 5.929931e+06 -3.512702e-01 -5.844102e-01
catch 1 2 1987 -9 3  1.227485e+05 2.272301e+05 -6.158260e-01 -6.742551e-01
catch 1 2 1987 -9 4  3.193965e+04 1.110321e+05 -1.245971e+00 -1.364188e+00
catch 1 2 1988 -9 0  -99.9 -99.9 -99.9  -99.9
catch 1 2 1988 -9 1  -99.9 -99.9 -99.9  -99.9
catch 1 2 1988 -9 2  1.615582e+05 4.094853e+05 -9.300357e-01 -1.547305e+00
catch 1 2 1988 -9 3  1.438834e+06 7.476487e+05 6.546554e-01 7.167685e-01
catch 1 2 1988 -9 4  4.694853e+04 2.857516e+04 4.965140e-01 5.436229e-01
catch 1 2 1989 -9 0  4.678773e+02 8.685196e+04 -5.223754e+00 -3.269329e+00
catch 1 2 1989 -9 1  7.574934e+05 8.587755e+05 -1.254928e-01 -2.087830e-01
catch 1 2 1989 -9 2  7.719976e+04 7.520482e+04 2.618098e-02 4.355744e-02
catch 1 2 1989 -9 3  1.637571e+04 2.979119e+04 -5.984138e-01 -6.551908e-01
catch 1 2 1989 -9 4  5.754891e+04 3.952999e+04 3.755756e-01 4.112099e-01
catch 1 2 1990 -9 0  5.218557e+05 1.941318e+05 9.888540e-01 6.188823e-01
catch 1 2 1990 -9 1  1.256999e+06 6.842916e+05 6.080984e-01 1.011697e+00
catch 1 2 1990 -9 2  4.169601e+05 3.621049e+05 1.410565e-01 2.346765e-01
catch 1 2 1990 -9 3  6.206324e+04 2.555549e+04 8.873017e-01 9.714882e-01
catch 1 2 1990 -9 4  1.835673e+04 2.419314e+04 -2.760725e-01 -3.022660e-01
catch 1 2 1991 -9 0  7.343593e+06 6.486347e+05 2.426714e+00 1.518778e+00
catch 1 2 1991 -9 1  6.916858e+06 3.168213e+06 7.807941e-01 1.299011e+00
catch 1 2 1991 -9 2  2.085180e+05 6.453032e+05 -1.129695e+00 -1.879479e+00
catch 1 2 1991 -9 3  6.728343e+04 2.854243e+05 -1.445063e+00 -1.582169e+00
catch 1 2 1991 -9 4  -99.9 -99.9 -99.9  -99.9
catch 1 2 1992 -9 0  1.044127e+05 9.061127e+04 1.417722e-01 8.872928e-02
catch 1 2 1992 -9 1  3.041213e+06 1.942168e+06 4.484517e-01 7.460915e-01
catch 1 2 1992 -9 2  2.976540e+05 4.961322e+05 -5.109108e-01 -8.500051e-01
catch 1 2 1992 -9 3  1.223342e+05 8.277326e+04 3.906517e-01 4.277165e-01
catch 1 2 1992 -9 4  2.649276e+04 4.247828e+04 -4.721213e-01 -5.169158e-01
catch 1 2 1993 -9 0  1.624101e+06 1.711187e+05 2.250352e+00 1.408401e+00
catch 1 2 1993 -9 1  3.623876e+05 2.889329e+05 2.265199e-01 3.768624e-01
catch 1 2 1993 -9 2  2.711299e+05 3.755772e+05 -3.258661e-01 -5.421451e-01
catch 1 2 1993 -9 3  1.560381e+05 7.852498e+04 6.866836e-01 7.518356e-01
catch 1 2 1993 -9 4  4.294854e+04 2.066883e+04 7.313761e-01 8.007684e-01
catch 1 2 1994 -9 0  -99.9 -99.9 -99.9  -99.9
catch 1 2 1994 -9 1  1.533194e+06 9.660669e+05 4.618751e-01 7.684241e-01
catch 1 2 1994 -9 2  1.257363e+05 1.037515e+05 1.921878e-01 3.197439e-01
catch 1 2 1994 -9 3  5.480543e+04 1.106747e+05 -7.028062e-01 -7.694878e-01
catch 1 2 1994 -9 4  7.835575e+04 3.031680e+04 9.495574e-01 1.039651e+00
catch 1 2 1995 -9 0  7.564353e+04 9.841549e+04 -2.631663e-01 -1.647047e-01
catch 1 2 1995 -9 1  3.439663e+06 2.304500e+06 4.005097e-01 6.663302e-01
catch 1 2 1995 -9 2  9.401948e+05 6.859793e+05 3.152395e-01 5.244657e-01
catch 1 2 1995 -9 3  1.085472e+05 6.170715e+04 5.647849e-01 6.183712e-01
catch 1 2 1995 -9 4  2.818044e+04 8.782374e+04 -1.136704e+00 -1.244553e+00
catch 1 2 1996 -9 0  6.470204e+06 7.703098e+05 2.128170e+00 1.331932e+00
catch 1 2 1996 -9 1  1.064331e+06 7.370746e+05 3.674123e-01 6.112658e-01
catch 1 2 1996 -9 2  1.026591e+06 9.717113e+05 5.493971e-02 9.140349e-02
catch 1 2 1996 -9 3  2.108606e+05 2.364199e+05 -1.144122e-01 -1.252675e-01
catch 1 2 1996 -9 4  6.506815e+04 5.440061e+04 1.790598e-01 1.960488e-01
catch 1 2 1997 -9 0  1.864863e+04 2.428647e+05 -2.566732e+00 -1.606410e+00
catch 1 2 1997 -9 1  8.899097e+06 9.805269e+06 -9.697009e-02 -1.613297e-01
catch 1 2 1997 -9 2  1.765521e+05 5.475046e+05 -1.131755e+00 -1.882906e+00
catch 1 2 1997 -9 3  1.643925e+05 5.888070e+05 -1.275842e+00 -1.396892e+00
catch 1 2 1997 -9 4  5.576972e+04 1.878173e+05 -1.214239e+00 -1.329444e+00
catch 1 2 1998 -9 0  2.112248e+05 1.884074e+05 1.143162e-01 7.154573e-02
catch 1 2 1998 -9 1  4.380584e+05 5.282810e+05 -1.872761e-01 -3.115723e-01
catch 1 2 1998 -9 2  1.383553e+06 1.187565e+06 1.527499e-01 2.541309e-01
catch 1 2 1998 -9 3  1.360507e+05 5.386523e+04 9.265423e-01 1.014452e+00
catch 1 2 1998 -9 4  8.979797e+04 8.277819e+04 8.139778e-02 8.912073e-02
catch 1 2 1999 -9 0  4.403650e+05 2.040907e+06 -1.533546e+00 -9.597818e-01
catch 1 2 1999 -9 1  2.498274e+06 1.867301e+06 2.911058e-01 4.843142e-01
catch 1 2 1999 -9 2  2.050545e+05 2.750270e+05 -2.935934e-01 -4.884529e-01
catch 1 2 1999 -9 3  7.171893e+05 5.282095e+05 3.058469e-01 3.348654e-01
catch 1 2 1999 -9 4  1.486116e+05 6.575207e+04 8.154451e-01 8.928138e-01
catch 1 2 2000 -9 0  7.886804e+06 3.110506e+06 9.304056e-01 5.823019e-01
catch 1 2 2000 -9 1  2.759504e+06 2.685922e+06 2.702685e-02 4.496472e-02
catch 1 2 2000 -9 2  1.704660e+05 3.736553e+05 -7.847979e-01 -1.305672e+00
catch 1 2 2000 -9 3  8.423955e+04 5.923091e+04 3.522210e-01 3.856395e-01
catch 1 2 2000 -9 4  1.217014e+05 1.435741e+05 -1.652806e-01 -1.809623e-01
catch 1 2 2001 -9 0  4.708031e+07 1.474595e+07 1.160886e+00 7.265501e-01
catch 1 2 2001 -9 1  3.126866e+06 1.082219e+07 -1.241568e+00 -2.065603e+00
catch 1 2 2001 -9 2  4.738653e+05 1.332869e+06 -1.034166e+00 -1.720548e+00
catch 1 2 2001 -9 3  4.924443e+04 2.019157e+05 -1.411054e+00 -1.544934e+00
catch 1 2 2001 -9 4  9.813649e+04 1.223954e+05 -2.208973e-01 -2.418558e-01
catch 1 2 2002 -9 0  1.603289e+04 6.739925e+04 -1.435992e+00 -8.987269e-01
catch 1 2 2002 -9 1  6.048154e+05 1.327257e+06 -7.859468e-01 -1.307584e+00
catch 1 2 2002 -9 2  1.079055e+05 1.213146e+05 -1.171315e-01 -1.948722e-01
catch 1 2 2002 -9 3  1.521740e+04 1.640840e+04 -7.535383e-02 -8.250334e-02
catch 1 2 2002 -9 4  5.587971e+03 4.512897e+03 2.136769e-01 2.339504e-01
catch 1 2 2003 -9 0  2.473516e+06 1.641059e+06 4.102989e-01 2.567889e-01
catch 1 2 2003 -9 1  3.860419e+05 3.813129e+05 1.232551e-02 2.050602e-02
catch 1 2 2003 -9 2  4.390071e+06 1.145416e+06 1.343577e+00 2.235317e+00
catch 1 2 2003 -9 3  1.409744e+05 1.111131e+05 2.380293e-01 2.606133e-01
catch 1 2 2003 -9 4  3.117368e+04 2.177042e+04 3.590221e-01 3.930858e-01
catch 1 2 2004 -9 0  5.657375e+05 3.619950e+05 4.464998e-01 2.794455e-01
catch 1 2 2004 -9 1  2.479119e+06 1.010114e+06 8.978405e-01 1.493742e+00
catch 1 2 2004 -9 2  1.099997e+05 3.606309e+04 1.115208e+00 1.855378e+00
catch 1 2 2004 -9 3  2.299110e+05 1.152884e+05 6.902556e-01 7.557465e-01
catch 1 2 2004 -9 4  4.709240e+04 1.515244e+04 1.133950e+00 1.241538e+00
catch 1 2 2005 -9 0  4.382104e+04 4.619850e+04 -5.283319e-02 -3.306608e-02
catch 1 2 2005 -9 1  3.830882e+05 3.538065e+05 7.951508e-02 1.322897e-01
catch 1 2 2005 -9 2  2.114205e+05 1.648317e+05 2.489239e-01 4.141360e-01
catch 1 2 2005 -9 3  1.359575e+04 6.062213e+03 8.076824e-01 8.843146e-01
catch 1 2 2005 -9 4  2.744558e+04 2.536009e+04 7.902858e-02 8.652674e-02
catch 1 2 2006 -9 0  3.719881e+04 3.808989e+04 -2.367207e-02 -1.481536e-02
catch 1 2 2006 -9 1  7.999072e+05 9.663453e+05 -1.890256e-01 -3.144828e-01
catch 1 2 2006 -9 2  9.385850e+04 8.254365e+04 1.284612e-01 2.137215e-01
catch 1 2 2006 -9 3  4.348820e+04 2.965926e+04 3.827152e-01 4.190269e-01
catch 1 2 2006 -9 4  1.949229e+04 6.068354e+03 1.166932e+00 1.277649e+00
catch 1 2 2007 -9 0  -99.9 -99.9 -99.9  -99.9
catch 1 2 2007 -9 1  -99.9 -99.9 -99.9  -99.9
catch 1 2 2007 -9 2  -99.9 -99.9 -99.9  -99.9
catch 1 2 2007 -9 3  -99.9 -99.9 -99.9  -99.9
catch 1 2 2007 -9 4  -99.9 -99.9 -99.9  -99.9
catch 1 2 2008 -9 0  6.294866e+03 1.944492e+04 -1.127851e+00 -7.058748e-01
catch 1 2 2008 -9 1  2.805888e+05 7.963628e+05 -1.043164e+00 -1.735518e+00
catch 1 2 2008 -9 2  7.465799e+04 1.147415e+05 -4.297645e-01 -7.150015e-01
catch 1 2 2008 -9 3  3.280653e+04 3.447815e+04 -4.969837e-02 -5.441372e-02
catch 1 2 2008 -9 4  5.707172e+03 3.440880e+03 5.059962e-01 5.540047e-01
catch 1 2 2009 -9 0  9.785663e+05 2.933739e+05 1.204641e+00 7.539340e-01
catch 1 2 2009 -9 1  2.254097e+06 7.093453e+05 1.156162e+00 1.923514e+00
catch 1 2 2009 -9 2  2.780612e+05 3.382191e+05 -1.958527e-01 -3.258412e-01
catch 1 2 2009 -9 3  1.199736e+04 3.678942e+04 -1.120524e+00 -1.226838e+00
catch 1 2 2009 -9 4  3.447234e+03 1.292420e+04 -1.321529e+00 -1.446915e+00
catch 1 2 2010 -9 0  9.754083e+03 6.703836e+03 3.750060e-01 2.347005e-01
catch 1 2 2010 -9 1  1.184298e+06 6.313641e+05 6.290228e-01 1.046509e+00
catch 1 2 2010 -9 2  3.526813e+04 4.503879e+04 -2.445442e-01 -4.068495e-01
catch 1 2 2010 -9 3  1.573494e+04 1.906840e+04 -1.921485e-01 -2.103794e-01
catch 1 2 2010 -9 4  2.409683e+03 2.998087e+03 -2.184792e-01 -2.392084e-01
catch 1 2 2011 -9 0  4.500967e+03 6.549477e+03 -3.750928e-01 -2.347549e-01
catch 1 2 2011 -9 1  3.862146e+04 2.802064e+04 3.208665e-01 5.338274e-01
catch 1 2 2011 -9 2  3.251100e+05 4.038011e+05 -2.167587e-01 -3.606226e-01
catch 1 2 2011 -9 3  1.395088e+04 1.005889e+04 3.270859e-01 3.581196e-01
catch 1 2 2011 -9 4  1.216727e+03 3.374857e+03 -1.020189e+00 -1.116984e+00
catch 1 2 2012 -9 0  -99.9 -99.9 -99.9  -99.9
catch 1 2 2012 -9 1  -99.9 -99.9 -99.9  -99.9
catch 1 2 2012 -9 2  -99.9 -99.9 -99.9  -99.9
catch 1 2 2012 -9 3  -99.9 -99.9 -99.9  -99.9
catch 1 2 2012 -9 4  -99.9 -99.9 -99.9  -99.9
catch 1 2 2013 -9 0  -99.9 -99.9 -99.9  -99.9
catch 1 2 2013 -9 1  -99.9 -99.9 -99.9  -99.9
catch 1 2 2013 -9 2  -99.9 -99.9 -99.9  -99.9
catch 1 2 2013 -9 3  -99.9 -99.9 -99.9  -99.9
catch 1 2 2013 -9 4  -99.9 -99.9 -99.9  -99.9
survey 1 1 2008 1 1  1.390727e+08 5.459363e+07 9.350794e-01 1.547215e+00
survey 1 1 2008 1 2  1.514951e+07 1.204862e+07 2.290181e-01 4.268307e-01
survey 1 1 2008 1 3  2.894766e+06 4.935789e+06 -5.336082e-01 -1.365135e+00
survey 1 1 2009 1 1  5.171011e+07 2.503953e+07 7.251976e-01 1.199937e+00
survey 1 1 2009 1 2  4.481842e+07 2.008502e+07 8.026450e-01 1.495923e+00
survey 1 1 2009 1 3  5.805710e+06 3.154629e+06 6.099712e-01 1.560495e+00
survey 1 1 2010 1 1  1.246700e+08 1.871259e+08 -4.061117e-01 -6.719666e-01
survey 1 1 2010 1 2  3.149619e+06 8.654405e+06 -1.010787e+00 -1.883846e+00
survey 1 1 2010 1 3  2.965875e+06 4.427902e+06 -4.007539e-01 -1.025252e+00
survey 1 1 2011 1 1  9.094166e+06 1.271860e+07 -3.354326e-01 -5.550184e-01
survey 1 1 2011 1 2  1.093634e+08 1.158392e+08 -5.752666e-02 -1.072149e-01
survey 1 1 2011 1 3  5.039454e+06 3.727051e+06 3.016804e-01 7.717916e-01
survey 1 1 2012 1 1  8.800981e+06 1.726070e+07 -6.735690e-01 -1.114511e+00
survey 1 1 2012 1 2  6.957843e+06 7.181290e+06 -3.160959e-02 -5.891214e-02
survey 1 1 2012 1 3  5.186212e+07 4.812210e+07 7.484715e-02 1.914821e-01
survey 1 1 2013 1 1  4.482197e+07 5.727487e+07 -2.451636e-01 -4.056563e-01
survey 1 1 2013 1 2  1.140352e+07 1.065109e+07 6.826005e-02 1.272192e-01
survey 1 1 2013 1 3  4.123620e+06 4.344315e+06 -5.213656e-02 -1.333814e-01
survey 1 2 2004 2 0  1.400619e+08 7.269765e+07 6.557752e-01 1.266167e+00
survey 1 2 2004 2 1  7.077655e+06 1.041434e+07 -3.862406e-01 -5.827192e-01
survey 1 2 2005 2 0  2.772412e+08 1.667563e+08 5.083541e-01 9.815274e-01
survey 1 2 2005 2 1  3.288987e+06 4.647153e+06 -3.456752e-01 -5.215184e-01
survey 1 2 2006 2 0  1.172330e+08 9.443028e+07 2.163018e-01 4.176344e-01
survey 1 2 2006 2 1  1.224460e+07 8.672805e+06 3.448924e-01 5.203374e-01
survey 1 2 2007 2 0  4.023552e+08 2.214034e+08 5.973490e-01 1.153358e+00
survey 1 2 2007 2 1  5.326731e+06 8.910427e+06 -5.144844e-01 -7.761999e-01
survey 1 2 2008 2 0  3.563370e+07 1.010664e+08 -1.042485e+00 -2.012825e+00
survey 1 2 2008 2 1  1.361979e+07 1.500549e+07 -9.689210e-02 -1.461806e-01
survey 1 2 2009 2 0  4.745909e+08 7.529587e+08 -4.615573e-01 -8.911723e-01
survey 1 2 2009 2 1  9.040642e+06 6.481147e+06 3.328327e-01 5.021429e-01
survey 1 2 2010 2 0  4.972200e+07 5.120849e+07 -2.945784e-02 -5.687704e-02
survey 1 2 2010 2 1  1.253086e+08 8.669362e+07 3.683991e-01 5.558018e-01
survey 1 2 2011 2 0  7.711307e+07 6.993410e+07 9.771941e-02 1.886761e-01
survey 1 2 2011 2 1  2.717853e+07 5.401537e+06 1.615744e+00 2.437664e+00
survey 1 2 2012 2 0  1.365864e+08 2.318441e+08 -5.291079e-01 -1.021599e+00
survey 1 2 2012 2 1  3.922222e+06 7.980517e+06 -7.103450e-01 -1.071694e+00
survey 1 2 2013 2 0  8.035685e+07 8.139946e+07 -1.289131e-02 -2.489048e-02
survey 1 2 2013 2 1  1.315638e+07 2.417061e+07 -6.082306e-01 -9.176344e-01
