

Observed catches

Species: Area-1r    



Age             1983      1984      1985      1986      1987      1988      1989      1990
         0  10222593         0   8524055     87141    186628         0       468    521856
         1   2109851  56358391   7570411  49102202   6442300   1996963  63260223  18103265
         2  32055923   1790944  33669538   7781258  27745185   8725801   6440823  14333767
         3   1336482  10568661   3582024   1839695   1321469  16668122   1362229   2121617
         4    322269    376155    424229     44906    202742   2400968   4794053    640314

Yield         378795    498626    437114    382844    373021    413646    446028    306240


Age             1991      1992      1993      1994      1995      1996      1997      1998
         0   7343593    104413   1624101         0     75644   6470204     18649    211225
         1  21855480  53924615   2543298  23705678  40116968  11466611  47566221   9825240
         2   7078288   8748564   6153361   2794480   7176360  13327595   2508306  29747287
         3   1050381    967341   1794413   1249903    845819   4737701   3685911   2300446
         4    338126    550195    533972    960105    316835    925568    769141   1594381

Yield         332204    558599    132024    193241    400588    265869    426089    377073


Age             1999      2000      2001      2002      2003      2004      2005      2006
         0    440365   7886804  47080308     16033   2473516    565737     43821     37199
         1  47118969  35384466  59907249  85483210   4228955  33132691  11488562  34399910
         2   5637857   3525734   9023277  10880114  17692320    895501   4646417   2684290
         3  10875611    713983   1147446   1227719   1258414   2594181    276266    860161
         4    847444   1198169   1070187    230709    333563    526931    462298    182103

Yield         422718    299167    531265    606466    148039    203646    123422    240646


Age             2007      2008      2009      2010      2011      2012      2013
         0         0      6295    978566      9754      4501         6      3062
         1  10580620  27015399  21152082  41135262   1932667    383259  18688538
         2   4674236   4083744  14543241   2165495  33016776    419202   8047791
         3    315238   1237693   1568245    957730   1319130   3354318   2281172
         4    171663    220099    395763    110622    266818    128674   4349701

Yield         109624    234447    290995    300508    318840     46117    214359

Stock numbers

Species: Area-1r    



Age             1983      1984      1985      1986      1987      1988      1989      1990
         0         0         0         0         0         0         0         0         0
         1  13982178 182686329  46645308 305714901  46251117  27178269 119238791  56403639
         2  52826421   4554805  58216304  14787165 106872159  16692561   9201890  25380594
         3   2969114   9853262    748847   9034636   3261548  27387225   3378682   1673437
         4    242434    420578   1168107    192731   1558135   1038472   4342406   1574250

TSB           638332   1187929    802974   1899708   1548883    795242    756510    667876
SSB           468808    200312    464888    279570    998453    592660    158595    253873


Age             1991      1992      1993      1994      1995      1996      1997      1998
         0         0         0         0         0         0         0         0         0
         1  74907311  92312247  20799810  87915371 128062866  33458582 224250335  35382461
         2  11866518  19816647  20168657   6897293  30291061  34680205   9509720  61438780
         3   4753547   3002762   3850429   6782996   2482453   7880723   9597623   2625446
         4    667886   1549105    993531   1806492   3435432   1758854   2938666   3808729

TSB           945042   1036867    459578    665229   1417394    604746   1842206    851388
SSB           337518    285486    263512    179111    394664    363005    233565    523627


Age             1999      2000      2001      2002      2003      2004      2005      2006
         0         0         0         0         0         0         0         0         0
         1  64952783  84865550 139114810 207522921  12796923  75032798  32430003  74614824
         2   8162727   9849896  15320394  17303653  34439649   2285231  12063810   5442371
         3  14467760   1446725   2139714   2099853   3059368   6669951    427239   1759250
         4   1703647   3251181   1208930    533223    564182    825576   1650413    338918

TSB           579733    683832    806763   1393246    331232    466924    340721    516786
SSB           226268    144141    164350    156761    235809     90705    113273     76023


Age             2007      2008      2009      2010      2011      2012      2013
         0         0         0         0         0         0         0         0
         1  42076411  98204052  45041578 336605697  22878462  31048874 103027129
         2  10098185  10487335  17482365   7532951 100828535   6250725   9270901
         3    596811   2745056   1754458   2462593   2072813  26763275   2416106
         4    262855    266706    596328    369064    657222    571234  11111305

TSB           340850    770601    471498   2254232   1037470    567927    692706
SSB            93004    144344    166425    159304    743337    358132    208305

Fishing mortality

Species: Area-1r    



Age             1983      1984      1985      1986      1987      1988      1989      1990
         0    0.0121    0.0132    0.0142    0.0047    0.0082    0.0047    0.0012    0.0019
         1    0.2450    0.2767    0.2957    0.1978    0.1551    0.2139    0.6826    0.6815
         2    0.9380    1.0594    1.1321    0.7571    0.5939    0.8188    0.9292    0.9277
         3    1.3848    1.5640    1.6713    1.1177    0.8768    1.2088    0.9266    0.9251
         4    1.3848    1.5640    1.6713    1.1177    0.8768    1.2088    0.9266    0.9251

Avg. F 1-2     0.592     0.668     0.714     0.477     0.375     0.516     0.806     0.805


Age             1991      1992      1993      1994      1995      1996      1997      1998
         0    0.0053    0.0033    0.0015    0.0011    0.0023    0.0026    0.0051    0.0021
         1    0.4839    0.7054    0.3118    0.2522    0.4726    0.4409    0.4338    0.5331
         2    0.6587    0.9603    0.4245    0.3433    0.6433    0.6003    0.5906    0.7257
         3    0.6569    0.9575    0.4233    0.3423    0.6415    0.5986    0.5889    0.7237
         4    0.6569    0.9575    0.4233    0.3423    0.6415    0.5986    0.5889    0.7237

Avg. F 1-2     0.571     0.833     0.368     0.298     0.558     0.521     0.512     0.629


Age             1999      2000      2001      2002      2003      2004      2005      2006
         0    0.0174    0.0163    0.0507    0.0037    0.0153    0.0078    0.0004    0.0006
         1    0.8996    0.7264    1.1691    0.8021    0.6916    0.7016    0.7401    0.9060
         2    0.9782    0.7899    1.2712    0.8722    0.7520    0.7629    1.1391    1.3945
         3    0.9632    0.7778    1.2518    0.8589    0.7405    0.7512    1.1476    1.4049
         4    0.9632    0.7778    1.2518    0.8589    0.7405    0.7512    1.1476    1.4049

Avg. F 1-2     0.939     0.758     1.220     0.837     0.722     0.732     0.940     1.150


Age             2007      2008      2009      2010      2011      2012      2013
         0    0.0000    0.0003    0.0006    0.0002    0.0001    0.0000    0.0000
         1    0.3279    0.6201    0.7770    0.1302    0.1450    0.0271    0.1706
         2    0.5048    0.9545    1.1959    0.4926    0.5485    0.1025    0.6453
         3    0.5085    0.9616    1.2048    0.7756    0.8635    0.1614    1.0160
         4    0.5085    0.9616    1.2048    0.7756    0.8635    0.1614    1.0160

Avg. F 1-2     0.416     0.787     0.986     0.311     0.347     0.065     0.408