
Observed catches
# Species: Area-1r      ################################################################
# Year:1983
# age    0          1          2          3          4 
         0    1845986   28970895     772469     320070 
  10222593     263866    3085029     564013       2199 
# Year:1984
# age    0          1          2          3          4 
         0   47117099    1701105   10002463     333197 
         0    9241291      89838     566198      42958 
# Year:1985
# age    0          1          2          3          4 
         0    6216843   31364331    1987155     211484 
   8524055    1353569    2305207    1594869     212744 
# Year:1986
# age    0          1          2          3          4 
         0   44939660    7553291    1652186      30901 
     87141    4162541     227967     187509      14005 
# Year:1987
# age    0          1          2          3          4 
         0    4504002   23571738    1198721     170802 
    186628    1938298    4173447     122748      31940 
# Year:1988
# age    0          1          2          3          4 
         0    1996963    8564243   15229288    2354019 
         0          0     161558    1438834      46949 
# Year:1989
# age    0          1          2          3          4 
         0   62502730    6363623    1345853    4736504 
       468     757493      77200      16376      57549 
# Year:1990
# age    0          1          2          3          4 
         0   16846266   13916807    2059554     621957 
    521856    1256999     416960      62063      18357 
# Year:1991
# age    0          1          2          3          4 
         0   14938621    6869770     983098     338126 
   7343593    6916858     208518      67283          0 
# Year:1992
# age    0          1          2          3          4 
         0   50883401    8450910     845007     523702 
    104413    3041213     297654     122334      26493 
# Year:1993
# age    0          1          2          3          4 
         0    2180911    5882232    1638375     491024 
   1624101     362388     271130     156038      42949 
# Year:1994
# age    0          1          2          3          4 
         0   22172484    2668743    1195098     881749 
         0    1533194     125736      54805      78356 
# Year:1995
# age    0          1          2          3          4 
         0   36677305    6236165     737271     288655 
     75644    3439663     940195     108547      28180 
# Year:1996
# age    0          1          2          3          4 
         0   10402280   12301004    4526841     860500 
   6470204    1064331    1026591     210861      65068 
# Year:1997
# age    0          1          2          3          4 
         0   38667124    2331754    3521518     713371 
     18649    8899097     176552     164393      55770 
# Year:1998
# age    0          1          2          3          4 
         0    9387182   28363734    2164396    1504583 
    211225     438058    1383553     136051      89798 
# Year:1999
# age    0          1          2          3          4 
         0   44620696    5432802   10158422     698833 
    440365    2498274     205055     717189     148612 
# Year:2000
# age    0          1          2          3          4 
         0   32624962    3355268     629743    1076467 
   7886804    2759504     170466      84240     121701 
# Year:2001
# age    0          1          2          3          4 
         0   56780384    8549412    1098202     972050 
  47080308    3126866     473865      49244      98136 
# Year:2002
# age    0          1          2          3          4 
         0   84878394   10772208    1212501     225121 
     16033     604815     107905      15217       5588 
# Year:2003
# age    0          1          2          3          4 
         0    3842913   13302249    1117440     302389 
   2473516     386042    4390071     140974      31174 
# Year:2004
# age    0          1          2          3          4 
         0   30653572     785501    2364270     479839 
    565737    2479119     110000     229911      47092 
# Year:2005
# age    0          1          2          3          4 
         0   11105474    4434996     262670     434852 
     43821     383088     211421      13596      27446 
# Year:2006
# age    0          1          2          3          4 
         0   33600003    2590432     816673     162611 
     37199     799907      93859      43488      19492 
# Year:2007
# age    0          1          2          3          4 
         0   10580620    4674236     315238     171663 
         0          0          0          0          0 
# Year:2008
# age    0          1          2          3          4 
         0   26734810    4009086    1204887     214392 
      6295     280589      74658      32807       5707 
# Year:2009
# age    0          1          2          3          4 
         0   18897985   14265180    1556248     392316 
    978566    2254097     278061      11997       3447 
# Year:2010
# age    0          1          2          3          4 
         0   39950964    2130227     941995     108212 
      9754    1184298      35268      15735       2410 
# Year:2011
# age    0          1          2          3          4 
         0    1894045   32691666    1305179     265602 
      4501      38621     325110      13951       1217 
# Year:2012
# age    0          1          2          3          4 
         0     383090     419086    3353944     128653 
         6        169        116        373         21 
# Year:2013
# age    0          1          2          3          4 
         0   18090238    7916362    2181644    4301116 
      3062     598300     131429      99528      48585 

Natural single species Mortality (M)
# Species: Area-1r      ################################################################
# Year:1983
# age    0          1          2          3          4 
         0     0.3958     0.3528     0.2951     0.2691 
    0.5120     0.4808     0.3884     0.3553     0.3511 
# Year:1984
# age    0          1          2          3          4 
         0     0.4007     0.3597     0.2740     0.2557 
    0.5017     0.4662     0.3863     0.3364     0.3481 
# Year:1985
# age    0          1          2          3          4 
         0     0.3849     0.3464     0.2900     0.2642 
    0.5160     0.4682     0.3847     0.3635     0.3444 
# Year:1986
# age    0          1          2          3          4 
         0     0.3756     0.3423     0.2820     0.2671 
    0.5312     0.4777     0.4121     0.3797     0.3606 
# Year:1987
# age    0          1          2          3          4 
         0     0.3874     0.3494     0.2869     0.2712 
    0.5376     0.4766     0.4182     0.3814     0.3660 
# Year:1988
# age    0          1          2          3          4 
         0     0.3941     0.3602     0.2978     0.2929 
    0.5460     0.4750     0.4185     0.3728     0.3661 
# Year:1989
# age    0          1          2          3          4 
         0     0.4157     0.3819     0.3186     0.2908 
    0.5230     0.4489     0.3934     0.3657     0.3570 
# Year:1990
# age    0          1          2          3          4 
         0     0.4016     0.3432     0.2918     0.2851 
    0.5434     0.4758     0.4042     0.3675     0.3683 
# Year:1991
# age    0          1          2          3          4 
         0     0.3941     0.3298     0.2462     0.2456 
    0.5498     0.4518     0.3857     0.3490     0.3546 
# Year:1992
# age    0          1          2          3          4 
         0     0.3914     0.3126     0.2335     0.2352 
    0.5331     0.4243     0.3655     0.3278     0.3355 
# Year:1993
# age    0          1          2          3          4 
         0     0.3998     0.3405     0.2524     0.2339 
    0.5120     0.3922     0.3247     0.3151     0.3121 
# Year:1994
# age    0          1          2          3          4 
         0     0.3783     0.3239     0.2534     0.2286 
    0.5116     0.4350     0.3547     0.3274     0.3204 
# Year:1995
# age    0          1          2          3          4 
         0     0.3704     0.3295     0.2505     0.2269 
    0.5097     0.4634     0.3736     0.3408     0.3311 
# Year:1996
# age    0          1          2          3          4 
         0     0.3344     0.2992     0.2461     0.2187 
    0.5384     0.4826     0.3852     0.3496     0.3429 
# Year:1997
# age    0          1          2          3          4 
         0     0.3642     0.3165     0.2671     0.2290 
    0.5525     0.4967     0.3800     0.3458     0.3396 
# Year:1998
# age    0          1          2          3          4 
         0     0.4088     0.3436     0.2986     0.2443 
    0.5910     0.5247     0.3768     0.3434     0.3362 
# Year:1999
# age    0          1          2          3          4 
         0     0.4445     0.3688     0.3061     0.2544 
    0.5942     0.5422     0.3833     0.3415     0.3331 
# Year:2000
# age    0          1          2          3          4 
         0     0.4583     0.3808     0.3135     0.2474 
    0.5815     0.5272     0.3561     0.3269     0.3063 
# Year:2001
# age    0          1          2          3          4 
         0     0.4035     0.3592     0.2932     0.2325 
    0.5895     0.5118     0.3568     0.3231     0.3011 
# Year:2002
# age    0          1          2          3          4 
         0     0.4451     0.4158     0.3474     0.2774 
    0.6453     0.5488     0.4447     0.3533     0.3325 
# Year:2003
# age    0          1          2          3          4 
         0     0.4651     0.4333     0.3803     0.3220 
    0.6631     0.5661     0.4563     0.3684     0.3634 
# Year:2004
# age    0          1          2          3          4 
         0     0.5251     0.4560     0.4029     0.3459 
    0.6787     0.6010     0.4579     0.3663     0.3599 
# Year:2005
# age    0          1          2          3          4 
         0     0.5181     0.4066     0.3776     0.3056 
    0.6625     0.5267     0.3796     0.3589     0.3425 
# Year:2006
# age    0          1          2          3          4 
         0     0.5430     0.4172     0.3291     0.2765 
    0.6948     0.5510     0.3986     0.3547     0.3383 
# Year:2007
# age    0          1          2          3          4 
         0     0.5255     0.3871     0.2994     0.2644 
    0.7309     0.5358     0.4107     0.3787     0.3617 
# Year:2008
# age    0          1          2          3          4 
         0     0.5234     0.3965     0.2894     0.2658 
    0.6937     0.5823     0.4370     0.3713     0.3643 
# Year:2009
# age    0          1          2          3          4 
         0     0.4449     0.3321     0.2712     0.2468 
    0.6693     0.5665     0.4319     0.3866     0.3679 
# Year:2010
# age    0          1          2          3          4 
         0     0.4509     0.3443     0.2807     0.2463 
    0.6745     0.6243     0.4534     0.4128     0.3836 
# Year:2011
# age    0          1          2          3          4 
         0     0.4877     0.3358     0.2936     0.2548 
    0.7234     0.6648     0.4421     0.4262     0.3880 
# Year:2012
# age    0          1          2          3          4 
         0     0.5437     0.4137     0.3331     0.2953 
    0.7164     0.6379     0.4343     0.4071     0.3807 
# Year:2013
# age    0          1          2          3          4 
         0     0.5415     0.4521     0.3351     0.2964 
    0.6531     0.5806     0.3897     0.3646     0.3484 

Stock numbers
# Species: Area-1r      ################################################################
# Year:1983
# age    0          1          2          3          4 
         0   13982178   52826421    2969114     242434 
 308542770    7837066   18416130     785337      65812 
# Year:1984
# age    0          1          2          3          4 
         0  182686329    4554805    9853262     420578 
  78060986   99283040    1427600    2297877      99904 
# Year:1985
# age    0          1          2          3          4 
         0   46645308   58216304     748847    1168107 
 519489673   25394154   17523655     158750     254124 
# Year:1986
# age    0          1          2          3          4 
         0  305714901   14787165    9034636     192731 
  79044864  176516218    5401420    2553924      55300 
# Year:1987
# age    0          1          2          3          4 
         0   46251117  106872159    3261548    1558135 
  46909869   28031242   48824547    1289939     625969 
# Year:1988
# age    0          1          2          3          4 
         0   27178269   16692561   27387225    1038472 
 206818854   15160135    5634133    6963156     265319 
# Year:1989
# age    0          1          2          3          4 
         0  119238791    9201890    3378682    4342406 
  95271244   40825419    2570912    1008225    1332333 
# Year:1990
# age    0          1          2          3          4 
         0   56403639   25380594    1673437    1574250 
 129232273   19954763    7560439     526059     498191 
# Year:1991
# age    0          1          2          3          4 
         0   74907311   11866518    4753547     667886 
 160807848   35054637    5189478    2263292     318198 
# Year:1992
# age    0          1          2          3          4 
         0   92312247   19816647    3002762    1549105 
  35563323   33205190    6139620    1009357     519842 
# Year:1993
# age    0          1          2          3          4 
         0   20799810   20168657    3850429     993531 
 146911585   10558735    9824231    2050483     538960 
# Year:1994
# age    0          1          2          3          4 
         0   87915371    6897293    6782996    1806492 
 213845349   47990918    3662545    3868142    1056096 
# Year:1995
# age    0          1          2          3          4 
         0  128062866   30291061    2482453    3435432 
  55824407   57995528   12270856    1090104    1544494 
# Year:1996
# age    0          1          2          3          4 
         0   33458582   34680205    7880723    1758854 
 385197392   16335841   15275526    3665810     840890 
# Year:1997
# age    0          1          2          3          4 
         0  224250335    9509720    9597623    2938666 
  61795678  113342112    4493867    4770665    1517433 
# Year:1998
# age    0          1          2          3          4 
         0   35382461   61438780    2625446    3808729 
 117542413   14472771   22510257    1008090    1544028 
# Year:1999
# age    0          1          2          3          4 
         0   64952783    8162727   14467760    1703647 
 156453211   19343836    2452002    4686963     581204 
# Year:2000
# age    0          1          2          3          4 
         0   84865550    9849896    1446725    3251181 
 252948391   29393241    3497412     554966    1332434 
# Year:2001
# age    0          1          2          3          4 
         0  139114810   15320394    2139714    1208930 
 393636155   42472096    4565611     690137     414310 
# Year:2002
# age    0          1          2          3          4 
         0  207522921   17303653    2099853     533223 
  24488764   61344617    4922803     647940     176475 
# Year:2003
# age    0          1          2          3          4 
         0   12796923   34439649    3059368     564182 
 147864090    4521683   11946478    1129742     220842 
# Year:2004
# age    0          1          2          3          4 
         0   75032798    2285231    6669951     825576 
  64430098   23343340     720222    2240579     293607 
# Year:2005
# age    0          1          2          3          4 
         0   32430003   12063810     427239    1650413 
 144785738    9670140    2769195     100157     415797 
# Year:2006
# age    0          1          2          3          4 
         0   74614824    5442371    1759250     338918 
  84345653   18773221     988851     345764      70209 
# Year:2007
# age    0          1          2          3          4 
         0   42076411   10098185     596811     262855 
 203963994   17921650    4139209     266049     121357 
# Year:2008
# age    0          1          2          3          4 
         0   98204052   10487335    2745056     266706 
  90160983   32345852    2857461     826922      82260 
# Year:2009
# age    0          1          2          3          4 
         0   45041578   17482365    1754458     596328 
 657774288   14199324    4207964     445176     155051 
# Year:2010
# age    0          1          2          3          4 
         0  336605697    7532951    2462593     369064 
  44920870  189094654    3317918     879619     136436 
# Year:2011
# age    0          1          2          3          4 
         0   22878462  100828535    2072813     657222 
  64013818   12190820   42142859     664000     218864 
# Year:2012
# age    0          1          2          3          4 
         0   31048874    6250725   26763275     571234 
 210903288   17545156    3730175   16322274     361785 
# Year:2013
# age    0          1          2          3          4 
         0  103027129    9270901    2416106   11111305 
  70072515   50549133    3093995     625639    2990932 

Fishing mortality
# Species: Area-1r      ################################################################
# Year:1983
# age    0          1          2          3          4 
         0     0.1831     0.7009     1.0348     1.0348 
    0.0121     0.0619     0.2371     0.3500     0.3500 
# Year:1984
# age    0          1          2          3          4 
         0     0.2091     0.8005     1.1818     1.1818 
    0.0132     0.0676     0.2589     0.3823     0.3823 
# Year:1985
# age    0          1          2          3          4 
         0     0.2232     0.8543     1.2612     1.2612 
    0.0142     0.0726     0.2778     0.4102     0.4102 
# Year:1986
# age    0          1          2          3          4 
         0     0.1737     0.6648     0.9814     0.9814 
    0.0047     0.0241     0.0923     0.1363     0.1363 
# Year:1987
# age    0          1          2          3          4 
         0     0.1134     0.4340     0.6407     0.6407 
    0.0082     0.0418     0.1599     0.2361     0.2361 
# Year:1988
# age    0          1          2          3          4 
         0     0.1896     0.7259     1.0717     1.0717 
    0.0047     0.0243     0.0928     0.1371     0.1371 
# Year:1989
# age    0          1          2          3          4 
         0     0.6561     0.8932     0.8907     0.8907 
    0.0012     0.0264     0.0360     0.0359     0.0359 
# Year:1990
# age    0          1          2          3          4 
         0     0.6375     0.8679     0.8654     0.8654 
    0.0019     0.0440     0.0599     0.0597     0.0597 
# Year:1991
# age    0          1          2          3          4 
         0     0.3653     0.4973     0.4959     0.4959 
    0.0053     0.1186     0.1615     0.1610     0.1610 
# Year:1992
# age    0          1          2          3          4 
         0     0.6311     0.8591     0.8567     0.8567 
    0.0033     0.0743     0.1011     0.1008     0.1008 
# Year:1993
# age    0          1          2          3          4 
         0     0.2782     0.3788     0.3777     0.3777 
    0.0015     0.0336     0.0457     0.0456     0.0456 
# Year:1994
# age    0          1          2          3          4 
         0     0.2270     0.3091     0.3082     0.3082 
    0.0011     0.0251     0.0342     0.0341     0.0341 
# Year:1995
# age    0          1          2          3          4 
         0     0.4217     0.5741     0.5725     0.5725 
    0.0023     0.0508     0.0692     0.0690     0.0690 
# Year:1996
# age    0          1          2          3          4 
         0     0.3825     0.5207     0.5193     0.5193 
    0.0026     0.0584     0.0795     0.0793     0.0793 
# Year:1997
# age    0          1          2          3          4 
         0     0.3182     0.4331     0.4319     0.4319 
    0.0051     0.1157     0.1575     0.1570     0.1570 
# Year:1998
# age    0          1          2          3          4 
         0     0.4851     0.6605     0.6586     0.6586 
    0.0021     0.0479     0.0653     0.0651     0.0651 
# Year:1999
# age    0          1          2          3          4 
         0     0.7668     0.8338     0.8211     0.8211 
    0.0174     0.1327     0.1443     0.1421     0.1421 
# Year:2000
# age    0          1          2          3          4 
         0     0.6020     0.6546     0.6446     0.6446 
    0.0163     0.1244     0.1352     0.1332     0.1332 
# Year:2001
# age    0          1          2          3          4 
         0     0.7830     0.8514     0.8384     0.8384 
    0.0507     0.3861     0.4198     0.4134     0.4134 
# Year:2002
# age    0          1          2          3          4 
         0     0.7737     0.8413     0.8284     0.8284 
    0.0037     0.0285     0.0310     0.0305     0.0305 
# Year:2003
# age    0          1          2          3          4 
         0     0.5752     0.6255     0.6159     0.6159 
    0.0153     0.1164     0.1265     0.1246     0.1246 
# Year:2004
# age    0          1          2          3          4 
         0     0.6425     0.6986     0.6879     0.6879 
    0.0078     0.0591     0.0643     0.0633     0.0633 
# Year:2005
# age    0          1          2          3          4 
         0     0.6920     1.0651     1.0730     1.0730 
    0.0004     0.0481     0.0740     0.0746     0.0746 
# Year:2006
# age    0          1          2          3          4 
         0     0.8369     1.2882     1.2978     1.2978 
    0.0006     0.0691     0.1063     0.1071     0.1071 
# Year:2007
# age    0          1          2          3          4 
         0     0.3279     0.5048     0.5085     0.5085 
    0.0000     0.0000     0.0000     0.0000     0.0000 
# Year:2008
# age    0          1          2          3          4 
         0     0.5872     0.9038     0.9105     0.9105 
    0.0003     0.0330     0.0507     0.0511     0.0511 
# Year:2009
# age    0          1          2          3          4 
         0     0.7095     1.0921     1.1002     1.1002 
    0.0006     0.0675     0.1038     0.1046     0.1046 
# Year:2010
# age    0          1          2          3          4 
         0     0.1257     0.4756     0.7488     0.7488 
    0.0002     0.0045     0.0170     0.0268     0.0268 
# Year:2011
# age    0          1          2          3          4 
         0     0.1418     0.5365     0.8447     0.8447 
    0.0001     0.0032     0.0119     0.0188     0.0188 
# Year:2012
# age    0          1          2          3          4 
         0     0.0271     0.1025     0.1614     0.1614 
    0.0000     0.0000     0.0000     0.0000     0.0000 
# Year:2013
# age    0          1          2          3          4 
         0     0.1706     0.6453     1.0160     1.0160 
    0.0000     0.0000     0.0000     0.0000     0.0000 

Total Mortality (Z)
# Species: Area-1r      ################################################################
# Year:1983
# age    0          1          2          3          4 
         0     0.5789     1.0538     1.3299     1.3039 
    0.5241     0.5427     0.6254     0.7053     0.7010 
# Year:1984
# age    0          1          2          3          4 
         0     0.6098     1.1602     1.4558     1.4374 
    0.5149     0.5338     0.6452     0.7187     0.7304 
# Year:1985
# age    0          1          2          3          4 
         0     0.6081     1.2006     1.5512     1.5253 
    0.5302     0.5408     0.6625     0.7736     0.7546 
# Year:1986
# age    0          1          2          3          4 
         0     0.5492     1.0071     1.2634     1.2485 
    0.5359     0.5018     0.5045     0.5160     0.4969 
# Year:1987
# age    0          1          2          3          4 
         0     0.5008     0.7834     0.9276     0.9119 
    0.5458     0.5184     0.5782     0.6175     0.6021 
# Year:1988
# age    0          1          2          3          4 
         0     0.5837     1.0861     1.3694     1.3646 
    0.5507     0.4993     0.5114     0.5098     0.5032 
# Year:1989
# age    0          1          2          3          4 
         0     1.0718     1.2751     1.2093     1.1815 
    0.5242     0.4753     0.4294     0.4016     0.3928 
# Year:1990
# age    0          1          2          3          4 
         0     1.0391     1.2111     1.1572     1.1506 
    0.5454     0.5197     0.4640     0.4272     0.4280 
# Year:1991
# age    0          1          2          3          4 
         0     0.7593     0.8271     0.7421     0.7414 
    0.5550     0.5704     0.5471     0.5100     0.5156 
# Year:1992
# age    0          1          2          3          4 
         0     1.0225     1.1718     1.0902     1.0919 
    0.5364     0.4986     0.4666     0.4286     0.4363 
# Year:1993
# age    0          1          2          3          4 
         0     0.6780     0.7193     0.6301     0.6116 
    0.5135     0.4258     0.3704     0.3607     0.3577 
# Year:1994
# age    0          1          2          3          4 
         0     0.6054     0.6330     0.5616     0.5368 
    0.5127     0.4602     0.3889     0.3615     0.3545 
# Year:1995
# age    0          1          2          3          4 
         0     0.7922     0.9036     0.8230     0.7994 
    0.5119     0.5142     0.4428     0.4097     0.4001 
# Year:1996
# age    0          1          2          3          4 
         0     0.7169     0.8199     0.7654     0.7380 
    0.5410     0.5410     0.4647     0.4289     0.4222 
# Year:1997
# age    0          1          2          3          4 
         0     0.6824     0.7496     0.6990     0.6609 
    0.5576     0.6124     0.5375     0.5029     0.4967 
# Year:1998
# age    0          1          2          3          4 
         0     0.8939     1.0041     0.9572     0.9029 
    0.5931     0.5727     0.4420     0.4085     0.4013 
# Year:1999
# age    0          1          2          3          4 
         0     1.2113     1.2027     1.1271     1.0754 
    0.6117     0.6749     0.5276     0.4836     0.4753 
# Year:2000
# age    0          1          2          3          4 
         0     1.0603     1.0354     0.9582     0.8920 
    0.5979     0.6516     0.4914     0.4601     0.4394 
# Year:2001
# age    0          1          2          3          4 
         0     1.1865     1.2106     1.1315     1.0709 
    0.6402     0.8979     0.7767     0.7365     0.7145 
# Year:2002
# age    0          1          2          3          4 
         0     1.2187     1.2570     1.1758     1.1058 
    0.6490     0.5773     0.4757     0.3838     0.3630 
# Year:2003
# age    0          1          2          3          4 
         0     1.0403     1.0588     0.9962     0.9379 
    0.6784     0.6824     0.5828     0.4930     0.4880 
# Year:2004
# age    0          1          2          3          4 
         0     1.1676     1.1547     1.0909     1.0338 
    0.6865     0.6601     0.5222     0.4296     0.4232 
# Year:2005
# age    0          1          2          3          4 
         0     1.2100     1.4717     1.4506     1.3786 
    0.6629     0.5748     0.4537     0.4335     0.4171 
# Year:2006
# age    0          1          2          3          4 
         0     1.3799     1.7054     1.6269     1.5743 
    0.6954     0.6201     0.5049     0.4618     0.4454 
# Year:2007
# age    0          1          2          3          4 
         0     0.8535     0.8919     0.8079     0.7729 
    0.7309     0.5358     0.4107     0.3787     0.3617 
# Year:2008
# age    0          1          2          3          4 
         0     1.1106     1.3002     1.1998     1.1763 
    0.6940     0.6153     0.4878     0.4224     0.4154 
# Year:2009
# age    0          1          2          3          4 
         0     1.1544     1.4242     1.3714     1.3470 
    0.6699     0.6339     0.5358     0.4912     0.4725 
# Year:2010
# age    0          1          2          3          4 
         0     0.5767     0.8199     1.0295     0.9951 
    0.6747     0.6288     0.4704     0.4396     0.4104 
# Year:2011
# age    0          1          2          3          4 
         0     0.6295     0.8724     1.1384     1.0996 
    0.7235     0.6680     0.4540     0.4450     0.4068 
# Year:2012
# age    0          1          2          3          4 
         0     0.5708     0.5162     0.4945     0.4567 
    0.7164     0.6379     0.4343     0.4071     0.3807 
# Year:2013
# age    0          1          2          3          4 
         0     0.7120     1.0974     1.3511     1.3124 
    0.6531     0.5806     0.3897     0.3646     0.3484 
