Year Quarter Species.n Age M1 M2 M F Z N N.bar C.hat C.obs west weca Yield CWsum prop.landed propmat BIO SSB Lsea ration
1983 1 1 1 0 0 0.395819 0.185454 0.581273 1.40617e+07 1.06638e+07 1.97765e+06 1.84599e+06 0.0048618 0.0048618 8974.82 8974.82 1 0.021 68365 1435.66 0 0 
1983 1 1 2 0 0 0.352847 0.698157 1.051 5.20253e+07 3.21958e+07 2.24777e+07 2.89709e+07 0.00973705 0.00973705 282091 282091 1 0.801 506573 405765 0 0 
1983 1 1 3 0 0 0.295101 1.03114 1.32624 2.98271e+06 1.65195e+06 1.70339e+06 772469 0.0171762 0.0171762 13268.1 13268.1 1 0.988 51231.6 50616.8 0 0 
1983 1 1 4 0 0 0.269117 1.03114 1.30026 240084 134335 138518 320070 0.0205468 0.0205468 6576.43 6576.43 1 1 4932.96 4932.96 0 0 
1983 2 1 0 0 0 0.511974 0.012168 0.524142 3.00356e+08 2.33766e+08 2.84446e+06 1.02226e+07 0.00330879 0.00330879 33824.4 33824.4 1 0 993815 0 0 0 
1983 2 1 1 0 0 0.480756 0.0623413 0.543098 7.86308e+06 6.06715e+06 378234 263866 0.00401463 0.00401463 1059.32 1059.32 1 0.021 31567.3 662.914 0 0 
1983 2 1 2 0 0 0.388363 0.234688 0.623051 1.81873e+07 1.35356e+07 3.17665e+06 3.08503e+06 0.00828264 0.00828264 25552.2 25552.2 1 0.801 150639 120662 0 0 
1983 2 1 3 0 0 0.355307 0.346623 0.70193 791828 568968 197217 564013 0.0131614 0.0131614 7423.22 7423.22 1 0.988 10421.6 10296.5 0 0 
1983 2 1 4 0 0 0.351067 0.346623 0.69769 65413.5 47091.1 16322.9 2198.88 0.0115649 0.0115649 25.4297 25.4297 1 1 756.498 756.498 0 0 
1984 1 1 1 0 0 0.400692 0.211793 0.612485 1.7783e+08 1.32976e+08 2.81634e+07 4.71171e+07 0.00546153 0.00546153 257331 257331 1 0.021 971223 20395.7 0 0 
1984 1 1 2 0 0 0.359702 0.797311 1.15701 4.56802e+06 2.70674e+06 2.15811e+06 1.70111e+06 0.0101074 0.0101074 17193.7 17193.7 1 0.801 46170.7 36982.7 0 0 
1984 1 1 3 0 0 0.274046 1.17759 1.45163 9.75397e+06 5.14573e+06 6.05955e+06 1.00025e+07 0.0140566 0.0140566 140600 140600 1 0.988 137107 135462 0 0 
1984 1 1 4 0 0 0.255654 1.17759 1.43324 425010 225803 265903 333197 0.0134165 0.0134165 4470.32 4470.32 1 1 5702.13 5702.13 0 0 
1984 2 1 0 0 0 0.501684 0.013291 0.514975 7.79163e+07 6.08964e+07 809375 0 0.00368394 0.00368394 0 0 1 0 287039 0 0 0 
1984 2 1 1 0 0 0.466168 0.0680949 0.534263 9.63842e+07 7.46698e+07 5.08464e+06 9.24129e+06 0.00732208 0.00732208 67665.4 67665.4 1 0.021 705733 14820.4 0 0 
1984 2 1 2 0 0 0.386275 0.256348 0.642623 1.4363e+06 1.05961e+06 271630 89838.4 0.0128095 0.0128095 1150.78 1150.78 1 0.801 18398.2 14737 0 0 
1984 2 1 3 0 0 0.336395 0.378614 0.715009 2.28426e+06 1.63191e+06 617862 566198 0.0168425 0.0168425 9536.16 9536.16 1 0.988 38472.5 38010.9 0 0 
1984 2 1 4 0 0 0.34811 0.378614 0.726723 101380 72054.3 27280.7 42957.7 0.0157961 0.0157961 678.564 678.564 1 1 1601.4 1601.4 0 0 
1985 1 1 1 0 0 0.384902 0.226021 0.610923 4.65562e+07 3.48378e+07 7.87407e+06 6.21684e+06 0.00507786 0.00507786 31568.3 31568.3 1 0.021 236406 4964.53 0 0 
1985 1 1 2 0 0 0.346352 0.850873 1.19723 5.64909e+07 3.29336e+07 2.80223e+07 3.13643e+07 0.00915445 0.00915445 287123 287123 1 0.801 517143 414231 0 0 
1985 1 1 3 0 0 0.29004 1.2567 1.54674 755364 384368 483034 1.98716e+06 0.0163999 0.0163999 32589.2 32589.2 1 0.988 12387.9 12239.3 0 0 
1985 1 1 4 0 0 0.264157 1.2567 1.52085 1.16645e+06 599367 753223 211484 0.0178896 0.0178896 3783.37 3783.37 1 1 20867.3 20867.3 0 0 
1985 2 1 0 0 0 0.515995 0.0142601 0.530255 5.22609e+08 4.05611e+08 5.78404e+06 8.52406e+06 0.0029841 0.0029841 25436.7 25436.7 1 0 1.55952e+06 0 0 0 
1985 2 1 1 0 0 0.468187 0.0730598 0.541247 2.5273e+07 1.95171e+07 1.42592e+06 1.35357e+06 0.00584444 0.00584444 7910.86 7910.86 1 0.021 147707 3101.84 0 0 
1985 2 1 2 0 0 0.384666 0.275039 0.659705 1.7062e+07 1.24918e+07 3.43573e+06 2.30521e+06 0.0106746 0.0106746 24607.2 24607.2 1 0.801 182131 145887 0 0 
1985 2 1 3 0 0 0.363462 0.406219 0.769681 160849 112189 45573.3 1.59487e+06 0.0128942 0.0128942 20564.6 20564.6 1 0.988 2074.01 2049.13 0 0 
1985 2 1 4 0 0 0.344414 0.406219 0.750633 254898 179274 72824.6 212744 0.0165975 0.0165975 3531.02 3531.02 1 1 4230.67 4230.67 0 0 
1986 1 1 1 0 0 0.375586 0.175887 0.551473 3.07532e+08 2.3639e+08 4.15778e+07 4.49397e+07 0.00529385 0.00529385 237904 237904 1 0.021 1.62803e+06 34188.6 0 0 
1986 1 1 2 0 0 0.342321 0.662139 1.00446 1.47095e+07 9.28084e+06 6.14521e+06 7.55329e+06 0.0117065 0.0117065 88422.5 88422.5 1 0.801 172196 137929 0 0 
1986 1 1 3 0 0 0.282014 0.977946 1.25996 8.82112e+06 5.01514e+06 4.90454e+06 1.65219e+06 0.0116861 0.0116861 19307.6 19307.6 1 0.988 103084 101847 0 0 
1986 1 1 4 0 0 0.267111 0.977946 1.24506 194828 111426 108969 30901.2 0.0135576 0.0135576 418.948 418.948 1 1 2641.41 2641.41 0 0 
1986 2 1 0 0 0 0.531211 0.00473896 0.53595 7.79544e+07 6.03456e+07 285976 87141.1 0.00298063 0.00298063 259.735 259.735 1 0 232353 0 0 0 
1986 2 1 1 0 0 0.477662 0.0242795 0.501941 1.77169e+08 1.39297e+08 3.38207e+06 4.16254e+06 0.00745594 0.00745594 31035.7 31035.7 1 0.021 1.32096e+06 27740.2 0 0 
1986 2 1 2 0 0 0.412134 0.0914021 0.503536 5.38722e+06 4.23255e+06 386864 227967 0.0126971 0.0126971 2894.52 2894.52 1 0.801 68402 54790 0 0 
1986 2 1 3 0 0 0.379668 0.134996 0.514664 2.50225e+06 1.95594e+06 264044 187509 0.0127752 0.0127752 2395.47 2395.47 1 0.988 31966.7 31583.1 0 0 
1986 2 1 4 0 0 0.360619 0.134996 0.495615 56095.8 44232.8 5971.26 14004.8 0.0146781 0.0146781 205.564 205.564 1 1 823.378 823.378 0 0 
1987 1 1 1 0 0 0.387399 0.114825 0.502224 4.56121e+07 3.58574e+07 4.11732e+06 4.504e+06 0.00715293 0.00715293 32216.8 32216.8 1 0.021 326260 6851.47 0 0 
1987 1 1 2 0 0 0.349411 0.432267 0.781679 1.0725e+08 7.44148e+07 3.21671e+07 2.35717e+07 0.0106181 0.0106181 250288 250288 1 0.801 1.1388e+06 912176 0 0 
1987 1 1 3 0 0 0.286902 0.638437 0.925339 3.25598e+06 2.12389e+06 1.35597e+06 1.19872e+06 0.0184988 0.0184988 22174.9 22174.9 1 0.988 60231.8 59509.1 0 0 
1987 1 1 4 0 0 0.271239 0.638437 0.909676 1.52977e+06 1.00453e+06 641332 170802 0.0147187 0.0147187 2513.99 2513.99 1 1 22516.2 22516.2 0 0 
1987 2 1 0 0 0 0.537637 0.00820886 0.545846 4.77284e+07 3.67813e+07 301932 186628 0.00402264 0.00402264 750.735 750.735 1 0 191994 0 0 0 
1987 2 1 1 0 0 0.47658 0.0420571 0.518637 2.76037e+07 2.15379e+07 905822 1.9383e+06 0.00784818 0.00784818 15212.1 15212.1 1 0.021 216639 4549.41 0 0 
1987 2 1 2 0 0 0.418229 0.158327 0.576556 4.90816e+07 3.7301e+07 5.90576e+06 4.17345e+06 0.0112314 0.0112314 46873.8 46873.8 1 0.801 551258 441557 0 0 
1987 2 1 3 0 0 0.381382 0.233841 0.615223 1.29066e+06 963932 225407 122748 0.0201833 0.0201833 2477.46 2477.46 1 0.988 26049.8 25737.2 0 0 
1987 2 1 4 0 0 0.366019 0.233841 0.59986 615969 463226 108321 31939.6 0.0160738 0.0160738 513.391 513.391 1 1 9900.95 9900.95 0 0 
1988 1 1 1 0 0 0.394122 0.192065 0.586187 2.76516e+07 2.09233e+07 4.01864e+06 1.99696e+06 0.0061208 0.0061208 12223 12223 1 0.021 169250 3554.24 0 0 
1988 1 1 2 0 0 0.360197 0.723043 1.08324 1.64334e+07 1.00354e+07 7.256e+06 8.56424e+06 0.0103786 0.0103786 88884.9 88884.9 1 0.801 170555 136615 0 0 
1988 1 1 3 0 0 0.297752 1.0679 1.36565 2.75755e+07 1.50389e+07 1.606e+07 1.52293e+07 0.0159637 0.0159637 243116 243116 1 0.988 440209 434926 0 0 
1988 1 1 4 0 0 0.292881 1.0679 1.36078 1.03573e+06 565929 604354 2.35402e+06 0.017758 0.017758 41802.6 41802.6 1 1 18392.4 18392.4 0 0 
1988 2 1 0 0 0 0.54597 0.00476527 0.550736 2.03957e+08 1.56828e+08 747327 0 0.00393409 0.00393409 0 0 1 0 802387 0 0 0 
1988 2 1 1 0 0 0.475009 0.0244143 0.499423 1.53866e+07 1.21115e+07 295694 0 0.00682887 0.00682887 0 0 1 0.021 105073 2206.53 0 0 
1988 2 1 2 0 0 0.418519 0.0919095 0.510428 5.56264e+06 4.3566e+06 400412 161558 0.0120218 0.0120218 1942.22 1942.22 1 0.801 66872.9 53565.2 0 0 
1988 2 1 3 0 0 0.372786 0.135746 0.508532 7.03769e+06 5.51662e+06 748858 1.43883e+06 0.0170481 0.0170481 24529.5 24529.5 1 0.988 119980 118540 0 0 
1988 2 1 4 0 0 0.366103 0.135746 0.501849 265624 208852 28350.8 46948.5 0.024442 0.024442 1147.51 1147.51 1 1 6492.36 6492.36 0 0 
1989 1 1 1 0 0 0.415694 0.663841 1.07954 1.17587e+08 7.19162e+07 4.77409e+07 6.25027e+07 0.00498354 0.00498354 311485 311485 1 0.021 585997 12305.9 0 0 
1989 1 1 2 0 0 0.381899 0.886084 1.26798 9.33781e+06 5.292e+06 4.68915e+06 6.36362e+06 0.00862559 0.00862559 54890 54890 1 0.801 80544.2 64515.9 0 0 
1989 1 1 3 0 0 0.31859 0.889826 1.20842 3.33891e+06 1.93781e+06 1.72431e+06 1.34585e+06 0.00905536 0.00905536 12187.2 12187.2 1 0.988 30235.1 29872.2 0 0 
1989 1 1 4 0 0 0.290792 0.889826 1.18062 4.39312e+06 2.57835e+06 2.29428e+06 4.7365e+06 0.0120466 0.0120466 57058.6 57058.6 1 1 52922 52922 0 0 
1989 2 1 0 0 0 0.523023 0.00117121 0.524194 9.47448e+07 7.37376e+07 86362.2 467.877 0.00621381 0.00621381 2.9073 2.9073 1 0 588726 0 0 0 
1989 2 1 1 0 0 0.448891 0.0267636 0.475655 3.99504e+07 3.17922e+07 850874 757493 0.0096339 0.0096339 7297.62 7297.62 1 0.021 384878 8082.45 0 0 
1989 2 1 2 0 0 0.393401 0.0357236 0.429125 2.62765e+06 2.13654e+06 76325 77199.8 0.0155247 0.0155247 1198.51 1198.51 1 0.801 40793.5 32675.6 0 0 
1989 2 1 3 0 0 0.365748 0.0358745 0.401623 997233 821297 29463.6 16375.7 0.0171969 0.0171969 281.612 281.612 1 0.988 17149.3 16943.5 0 0 
1989 2 1 4 0 0 0.356954 0.0358745 0.392828 1.34908e+06 1.11564e+06 40023.1 57548.9 0.0282663 0.0282663 1626.69 1626.69 1 1 38133.4 38133.4 0 0 
1990 1 1 1 0 0 0.40157 0.644989 1.04656 5.6092e+07 3.47765e+07 2.24304e+07 1.68463e+07 0.00661143 0.00661143 111378 111378 1 0.021 370848 7787.82 0 0 
1990 1 1 2 0 0 0.343173 0.860921 1.20409 2.48283e+07 1.44347e+07 1.24271e+07 1.39168e+07 0.00962998 0.00962998 134019 134019 1 0.801 239096 191516 0 0 
1990 1 1 3 0 0 0.29181 0.864557 1.15637 1.71081e+06 1.01399e+06 876648 2.05955e+06 0.0142239 0.0142239 29294.9 29294.9 1 0.988 24334.3 24042.3 0 0 
1990 1 1 4 0 0 0.285141 0.864557 1.1497 1.5782e+06 937930 810893 621957 0.0169916 0.0169916 10568 10568 1 1 26816.2 26816.2 0 0 
1990 2 1 0 0 0 0.543411 0.00194864 0.54536 1.31724e+08 1.01534e+08 197853 521856 0.00500976 0.00500976 2614.37 2614.37 1 0 659907 0 0 0 
1990 2 1 1 0 0 0.475775 0.0445288 0.520304 1.96964e+07 1.53565e+07 683805 1.257e+06 0.00897962 0.00897962 11287.4 11287.4 1 0.021 176866 3714.18 0 0 
1990 2 1 2 0 0 0.404175 0.0594363 0.463611 7.44759e+06 5.95973e+06 354224 416960 0.0130851 0.0130851 5455.98 5455.98 1 0.801 97452.8 78059.7 0 0 
1990 2 1 3 0 0 0.367537 0.0596873 0.427225 538266 438050 26146 62063.2 0.0193258 0.0193258 1199.42 1199.42 1 0.988 10402.4 10277.6 0 0 
1990 2 1 4 0 0 0.368295 0.0596873 0.427983 499869 406659 24272.4 18356.7 0.0230855 0.0230855 423.773 423.773 1 1 11539.7 11539.7 0 0 
1991 1 1 1 0 0 0.394066 0.369571 0.763637 7.63519e+07 5.33949e+07 1.97332e+07 1.49386e+07 0.00779886 0.00779886 116504 116504 1 0.021 595457 12504.6 0 0 
1991 1 1 2 0 0 0.329801 0.493298 0.823099 1.17063e+07 7.97772e+06 3.93539e+06 6.86977e+06 0.0141629 0.0141629 97295.7 97295.7 1 0.801 165795 132802 0 0 
1991 1 1 3 0 0 0.2462 0.495381 0.741581 4.6846e+06 3.30785e+06 1.63865e+06 983098 0.0378024 0.0378024 37163.4 37163.4 1 0.988 177089 174964 0 0 
1991 1 1 4 0 0 0.245573 0.495381 0.740955 676946 478131 236857 338126 0.0196013 0.0196013 6627.71 6627.71 1 1 13269 13269 0 0 
1991 2 1 0 0 0 0.549777 0.00525542 0.555033 1.58324e+08 1.21502e+08 638543 7.34359e+06 0.00375643 0.00375643 27585.7 27585.7 1 0 594732 0 0 0 
1991 2 1 1 0 0 0.451794 0.120093 0.571886 3.55776e+07 2.70954e+07 3.25396e+06 6.91686e+06 0.00613177 0.00613177 42412.6 42412.6 1 0.021 218153 4581.22 0 0 
1991 2 1 2 0 0 0.385651 0.160298 0.545948 5.13989e+06 3.9608e+06 634908 208518 0.01181 0.01181 2462.6 2462.6 1 0.801 60702.1 48622.4 0 0 
1991 2 1 3 0 0 0.349013 0.160975 0.509988 2.23155e+06 1.74808e+06 281397 67283.4 0.0319872 0.0319872 2152.21 2152.21 1 0.988 71381.2 70524.6 0 0 
1991 2 1 4 0 0 0.354593 0.160975 0.515568 322672 252120 40584.9 0 0.0171578 0.0171578 0 0 1 1 5536.33 5536.33 0 0 
1992 1 1 1 0 0 0.39139 0.638499 1.02989 9.08864e+07 5.67398e+07 3.62283e+07 5.08834e+07 0.00778906 0.00778906 396334 396334 1 0.021 707920 14866.3 0 0 
1992 1 1 2 0 0 0.31261 0.852257 1.16487 2.00821e+07 1.18616e+07 1.01091e+07 8.45091e+06 0.011872 0.011872 100329 100329 1 0.801 238414 190970 0 0 
1992 1 1 3 0 0 0.233517 0.855857 1.08937 2.9775e+06 1.81369e+06 1.55226e+06 845007 0.017682 0.017682 14941.4 14941.4 1 0.988 52648.1 52016.4 0 0 
1992 1 1 4 0 0 0.235205 0.855857 1.09106 1.53274e+06 932995 798510 523702 0.0190325 0.0190325 9967.37 9967.37 1 1 29171.9 29171.9 0 0 
1992 2 1 0 0 0 0.533079 0.00329161 0.536371 3.58983e+07 2.77841e+07 91454.4 104413 0.00493269 0.00493269 515.036 515.036 1 0 177075 0 0 0 
1992 2 1 1 0 0 0.424299 0.0752174 0.499516 3.24507e+07 2.55424e+07 1.92123e+06 3.04121e+06 0.00953331 0.00953331 28992.8 28992.8 1 0.021 309363 6496.62 0 0 
1992 2 1 2 0 0 0.365457 0.100399 0.465856 6.26489e+06 5.00811e+06 502809 297654 0.0152849 0.0152849 4549.61 4549.61 1 0.801 95758.1 76702.3 0 0 
1992 2 1 3 0 0 0.327794 0.100823 0.428617 1.00171e+06 814683 82138.7 122334 0.0196919 0.0196919 2408.99 2408.99 1 0.988 19725.5 19488.8 0 0 
1992 2 1 4 0 0 0.335485 0.100823 0.436308 514786 417180 42061.3 26492.8 0.0211753 0.0211753 560.992 560.992 1 1 10900.7 10900.7 0 0 
1993 1 1 1 0 0 0.399754 0.281506 0.681261 2.09957e+07 1.52252e+07 4.286e+06 2.18091e+06 0.007334 0.007334 15994.8 15994.8 1 0.021 153983 3233.64 0 0 
1993 1 1 2 0 0 0.340489 0.37575 0.716239 1.96919e+07 1.40605e+07 5.28324e+06 5.88223e+06 0.0114754 0.0114754 67500.7 67500.7 1 0.801 225971 181003 0 0 
1993 1 1 3 0 0 0.2524 0.377337 0.629737 3.93183e+06 2.91744e+06 1.10086e+06 1.63838e+06 0.0144173 0.0144173 23621 23621 1 0.988 56686.5 56006.3 0 0 
1993 1 1 4 0 0 0.233913 0.377337 0.61125 985291 737179 278165 491024 0.0202074 0.0202074 9922.31 9922.31 1 1 19910.2 19910.2 0 0 
1993 2 1 0 0 0 0.511967 0.00148911 0.513456 1.48232e+08 1.15933e+08 172637 1.6241e+06 0.00401517 0.00401517 6521.03 6521.03 1 0 595177 0 0 0 
1993 2 1 1 0 0 0.392222 0.0340281 0.42625 1.06234e+07 8.64942e+06 294323 362388 0.00750659 0.00750659 2720.3 2720.3 1 0.021 79745.5 1674.66 0 0 
1993 2 1 2 0 0 0.324686 0.0454201 0.370107 9.62117e+06 8.04148e+06 365245 271130 0.0104751 0.0104751 2840.11 2840.11 1 0.801 100783 80726.8 0 0 
1993 2 1 3 0 0 0.315059 0.0456119 0.360671 2.09461e+06 1.75847e+06 80207.4 156038 0.0136024 0.0136024 2122.49 2122.49 1 0.988 28491.7 28149.8 0 0 
1993 2 1 4 0 0 0.312085 0.0456119 0.357697 534690 449512 20503.1 42948.5 0.0182007 0.0182007 781.695 781.695 1 1 9731.74 9731.74 0 0 
1994 1 1 1 0 0 0.378328 0.229703 0.608031 8.87058e+07 6.64644e+07 1.52671e+07 2.21725e+07 0.00549797 0.00549797 121904 121904 1 0.021 487701 10241.7 0 0 
1994 1 1 2 0 0 0.323887 0.306604 0.630491 6.93658e+06 5.14524e+06 1.57755e+06 2.66874e+06 0.00865172 0.00865172 23089.2 23089.2 1 0.801 60013.3 48070.7 0 0 
1994 1 1 3 0 0 0.253442 0.307899 0.561341 6.64496e+06 5.08494e+06 1.56565e+06 1.1951e+06 0.01274 0.01274 15225.6 15225.6 1 0.988 84656.9 83641 0 0 
1994 1 1 4 0 0 0.228605 0.307899 0.536504 1.83428e+06 1.41959e+06 437089 881749 0.0198085 0.0198085 17466.1 17466.1 1 1 36334.4 36334.4 0 0 
1994 2 1 0 0 0 0.511619 0.00111301 0.512732 2.14521e+08 1.67833e+08 186799 0 0.00437711 0.00437711 0 0 1 0 938982 0 0 0 
1994 2 1 1 0 0 0.435043 0.0254336 0.460477 4.82933e+07 3.87013e+07 984314 1.53319e+06 0.00759787 0.00759787 11649 11649 1 0.021 366927 7705.46 0 0 
1994 2 1 2 0 0 0.354719 0.0339483 0.388667 3.69255e+06 3.05956e+06 103867 125736 0.012261 0.012261 1541.65 1541.65 1 0.801 45274.4 36264.8 0 0 
1994 2 1 3 0 0 0.327442 0.0340917 0.361533 3.79058e+06 3.18099e+06 108445 54805.4 0.0163352 0.0163352 895.258 895.258 1 0.988 61919.9 61176.8 0 0 
1994 2 1 4 0 0 0.320421 0.0340917 0.354512 1.07267e+06 903141 30789.6 78355.7 0.0187683 0.0187683 1470.61 1470.61 1 1 20132.2 20132.2 0 0 
1995 1 1 1 0 0 0.370428 0.426684 0.797112 1.28467e+08 8.854e+07 3.77786e+07 3.66773e+07 0.00761039 0.00761039 279128 279128 1 0.021 977686 20531.4 0 0 
1995 1 1 2 0 0 0.329489 0.569531 0.89902 3.04722e+07 2.01008e+07 1.1448e+07 6.23617e+06 0.011309 0.011309 70524.7 70524.7 1 0.801 344610 276033 0 0 
1995 1 1 3 0 0 0.250474 0.571936 0.82241 2.5034e+06 1.70654e+06 976034 737271 0.0140643 0.0140643 10369.2 10369.2 1 0.988 35208.6 34786.1 0 0 
1995 1 1 4 0 0 0.226946 0.571936 0.798882 3.39304e+06 2.33669e+06 1.33644e+06 288655 0.019011 0.019011 5487.62 5487.62 1 1 64505.1 64505.1 0 0 
1995 2 1 0 0 0 0.50965 0.00225225 0.511903 5.59087e+07 4.37575e+07 98552.9 75643.5 0.00382878 0.00382878 289.623 289.623 1 0 214062 0 0 0 
1995 2 1 1 0 0 0.463373 0.0514667 0.51484 5.7891e+07 4.52482e+07 2.32878e+06 3.43966e+06 0.00679562 0.00679562 23374.6 23374.6 1 0.021 393405 8261.51 0 0 
1995 2 1 2 0 0 0.373617 0.068697 0.442314 1.24012e+07 1.0022e+07 688478 940195 0.00994214 0.00994214 9347.55 9347.55 1 0.801 123295 98759.2 0 0 
1995 2 1 3 0 0 0.340753 0.0689871 0.40974 1.09992e+06 902448 62257.3 108547 0.0141028 0.0141028 1530.82 1530.82 1 0.988 15512 15325.8 0 0 
1995 2 1 4 0 0 0.331086 0.0689871 0.400073 1.5263e+06 1.25793e+06 86780.9 28180.4 0.0189865 0.0189865 535.048 535.048 1 1 28979 28979 0 0 
1996 1 1 1 0 0 0.334434 0.387008 0.721443 3.35091e+07 2.38716e+07 9.23851e+06 1.04023e+07 0.00557897 0.00557897 58034 58034 1 0.021 186947 3925.88 0 0 
1996 1 1 2 0 0 0.299167 0.516572 0.81574 3.45955e+07 2.36515e+07 1.22177e+07 1.2301e+07 0.00838117 0.00838117 103097 103097 1 0.801 289950 232250 0 0 
1996 1 1 3 0 0 0.246104 0.518754 0.764858 7.96839e+06 5.56953e+06 2.88922e+06 4.52684e+06 0.012211 0.012211 55277.2 55277.2 1 0.988 97301.9 96134.3 0 0 
1996 1 1 4 0 0 0.218691 0.518754 0.737445 1.75319e+06 1.2402e+06 643357 860500 0.0177327 0.0177327 15259 15259 1 1 31088.7 31088.7 0 0 
1996 2 1 0 0 0 0.538404 0.00258895 0.540993 3.87561e+08 2.99328e+08 774948 6.4702e+06 0.00286687 0.00286687 18549.2 18549.2 1 0 1.11109e+06 0 0 0 
1996 2 1 1 0 0 0.482626 0.0591609 0.541787 1.62871e+07 1.25746e+07 743927 1.06433e+06 0.00463624 0.00463624 4934.49 4934.49 1 0.021 75511.1 1585.73 0 0 
1996 2 1 2 0 0 0.385202 0.078967 0.464169 1.5302e+07 1.22418e+07 966701 1.02659e+06 0.00758058 0.00758058 7782.15 7782.15 1 0.801 115998 92914.3 0 0 
1996 2 1 3 0 0 0.349554 0.0793004 0.428854 3.70849e+06 3.01575e+06 239150 210861 0.00954845 0.00954845 2013.39 2013.39 1 0.988 35410.3 34985.4 0 0 
1996 2 1 4 0 0 0.342861 0.0793004 0.422161 838610 684083 54248.1 65068.1 0.0141776 0.0141776 922.512 922.512 1 1 11889.5 11889.5 0 0 
1997 1 1 1 0 0 0.364195 0.321897 0.686092 2.25626e+08 1.63264e+08 5.25543e+07 3.86671e+07 0.00725091 0.00725091 280372 280372 1 0.021 1.636e+06 34355.9 0 0 
1997 1 1 2 0 0 0.316464 0.429662 0.746126 9.47435e+06 6.67664e+06 2.8687e+06 2.33175e+06 0.00825643 0.00825643 19252 19252 1 0.801 78224.3 62657.7 0 0 
1997 1 1 3 0 0 0.267127 0.431477 0.698604 9.61971e+06 6.92242e+06 2.98686e+06 3.52152e+06 0.00992747 0.00992747 34959.8 34959.8 1 0.988 95499.3 94353.4 0 0 
1997 1 1 4 0 0 0.229033 0.431477 0.66051 2.96499e+06 2.17001e+06 936308 713371 0.014425 0.014425 10290.4 10290.4 1 1 42769.8 42769.8 0 0 
1997 2 1 0 0 0 0.55249 0.0051266 0.557617 6.14443e+07 4.70987e+07 241456 18648.6 0.00370051 0.00370051 69.0094 69.0094 1 0 227375 0 0 0 
1997 2 1 1 0 0 0.496684 0.117149 0.613834 1.13612e+08 8.4904e+07 9.94645e+06 8.8991e+06 0.00845048 0.00845048 75201.6 75201.6 1 0.021 960075 20161.6 0 0 
1997 2 1 2 0 0 0.37997 0.156369 0.536339 4.49274e+06 3.47728e+06 543739 176552 0.0141876 0.0141876 2504.84 2504.84 1 0.801 63740.9 51056.5 0 0 
1997 2 1 3 0 0 0.345815 0.157029 0.502845 4.78368e+06 3.75956e+06 590361 164393 0.0154685 0.0154685 2542.91 2542.91 1 0.988 73996.5 73108.6 0 0 
1997 2 1 4 0 0 0.339628 0.157029 0.496657 1.53168e+06 1.20719e+06 189564 55769.7 0.0160852 0.0160852 897.068 897.068 1 1 24637.4 24637.4 0 0 
1998 1 1 1 0 0 0.408801 0.490849 0.89965 3.51813e+07 2.32008e+07 1.13881e+07 9.38718e+06 0.00631255 0.00631255 59257 59257 1 0.021 222084 4663.75 0 0 
1998 1 1 2 0 0 0.343595 0.655177 0.998772 6.14949e+07 3.88921e+07 2.54812e+07 2.83637e+07 0.00889349 0.00889349 252253 252253 1 0.801 546905 438071 0 0 
1998 1 1 3 0 0 0.2986 0.657944 0.956544 2.62774e+06 1.69162e+06 1.11299e+06 2.1644e+06 0.0115379 0.0115379 24972.7 24972.7 1 0.988 30318.7 29954.8 0 0 
1998 1 1 4 0 0 0.244308 0.657944 0.902252 3.82533e+06 2.51988e+06 1.65794e+06 1.50458e+06 0.0134787 0.0134787 20279.9 20279.9 1 1 51560.6 51560.6 0 0 
1998 2 1 0 0 0 0.591014 0.00212473 0.593138 1.15553e+08 8.71623e+07 185197 211225 0.00322968 0.00322968 682.189 682.189 1 0 373198 0 0 0 
1998 2 1 1 0 0 0.524745 0.0485529 0.573298 1.43087e+07 1.08903e+07 528756 438058 0.00669453 0.00669453 2932.6 2932.6 1 0.021 95789.8 2011.59 0 0 
1998 2 1 2 0 0 0.376775 0.0648076 0.441582 2.26505e+07 1.8311e+07 1.18669e+06 1.38355e+06 0.00995526 0.00995526 13773.6 13773.6 1 0.801 225492 180619 0 0 
1998 2 1 3 0 0 0.343408 0.0650812 0.408489 1.00963e+06 828845 53942.3 136051 0.0118944 0.0118944 1618.24 1618.24 1 0.988 12008.9 11864.8 0 0 
1998 2 1 4 0 0 0.33624 0.0650812 0.401321 1.55176e+06 1.27818e+06 83185.2 89798 0.0145223 0.0145223 1304.08 1304.08 1 1 22535.2 22535.2 0 0 
1999 1 1 1 0 0 0.444463 0.75996 1.20442 6.38532e+07 3.71181e+07 2.82082e+07 4.46207e+07 0.00533871 0.00533871 238217 238217 1 0.021 340894 7158.77 0 0 
1999 1 1 2 0 0 0.368846 0.829391 1.19824 8.06527e+06 4.70005e+06 3.89818e+06 5.4328e+06 0.00750406 0.00750406 40768.1 40768.1 1 0.801 60522.3 48478.3 0 0 
1999 1 1 3 0 0 0.306067 0.821179 1.12725 1.45647e+07 8.7353e+06 7.17324e+06 1.01584e+07 0.0103302 0.0103302 104938 104938 1 0.988 150456 148650 0 0 
1999 1 1 4 0 0 0.254354 0.821179 1.07553 1.70986e+06 1.04748e+06 860167 698833 0.0130668 0.0130668 9131.52 9131.52 1 1 22342.4 22342.4 0 0 
1999 2 1 0 0 0 0.59425 0.0172523 0.611502 1.54542e+08 1.15613e+08 1.99459e+06 440365 0.0034233 0.0034233 1507.5 1507.5 1 0 529044 0 0 0 
1999 2 1 1 0 0 0.542169 0.131776 0.673944 1.91473e+07 1.393e+07 1.83564e+06 2.49827e+06 0.00594223 0.00594223 14845.3 14845.3 1 0.021 113778 2389.33 0 0 
1999 2 1 2 0 0 0.383259 0.143815 0.527074 2.4335e+06 1.89145e+06 272018 205055 0.00958922 0.00958922 1966.31 1966.31 1 0.801 23335.4 18691.6 0 0 
1999 2 1 3 0 0 0.341452 0.142391 0.483843 4.71785e+06 3.7403e+06 532586 717189 0.0127756 0.0127756 9162.53 9162.53 1 0.988 60273.4 59550.1 0 0 
1999 2 1 4 0 0 0.333115 0.142391 0.475506 583259 464184 66095.7 148612 0.0146785 0.0146785 2181.4 2181.4 1 1 8561.38 8561.38 0 0 
2000 1 1 1 0 0 0.458266 0.596649 1.05491 8.38446e+07 5.18033e+07 3.09083e+07 3.2625e+07 0.00628743 0.00628743 205127 205127 1 0.021 527166 11070.5 0 0 
2000 1 1 2 0 0 0.380795 0.651159 1.03195 9.75929e+06 6.08744e+06 3.96389e+06 3.35527e+06 0.00872596 0.00872596 29277.9 29277.9 1 0.801 85159.2 68212.5 0 0 
2000 1 1 3 0 0 0.313523 0.644712 0.958235 1.43657e+06 924141 595805 629743 0.0119047 0.0119047 7496.91 7496.91 1 0.988 17101.9 16896.7 0 0 
2000 1 1 4 0 0 0.247384 0.644712 0.892096 3.27067e+06 2.16385e+06 1.39506e+06 1.07647e+06 0.0144788 0.0144788 15586 15586 1 1 47355.5 47355.5 0 0 
2000 2 1 0 0 0 0.581549 0.0161626 0.597711 2.48523e+08 1.87077e+08 3.02365e+06 7.8868e+06 0.00311918 0.00311918 24600.4 24600.4 1 0 775189 0 0 0 
2000 2 1 1 0 0 0.52722 0.123452 0.650672 2.91965e+07 2.14622e+07 2.64955e+06 2.7595e+06 0.00483975 0.00483975 13355.3 13355.3 1 0.021 141304 2967.38 0 0 
2000 2 1 2 0 0 0.356125 0.134731 0.490856 3.47733e+06 2.74795e+06 370234 170466 0.0078752 0.0078752 1342.45 1342.45 1 0.801 27384.7 21935.1 0 0 
2000 2 1 3 0 0 0.326928 0.133397 0.460325 551023 441610 58909.5 84239.6 0.0106172 0.0106172 894.386 894.386 1 0.988 5850.31 5780.1 0 0 
2000 2 1 4 0 0 0.306281 0.133397 0.439678 1.34031e+06 1.08448e+06 144666 121701 0.0122191 0.0122191 1487.08 1487.08 1 1 16377.3 16377.3 0 0 
2001 1 1 1 0 0 0.403479 0.775964 1.17944 1.36705e+08 8.02709e+07 6.22874e+07 5.67804e+07 0.00452018 0.00452018 256658 256658 1 0.021 617931 12976.6 0 0 
2001 1 1 2 0 0 0.359245 0.846858 1.2061 1.52317e+07 8.84825e+06 7.49321e+06 8.54941e+06 0.00869118 0.00869118 74304.5 74304.5 1 0.801 132381 106037 0 0 
2001 1 1 3 0 0 0.293175 0.838473 1.13165 2.12848e+06 1.27429e+06 1.06845e+06 1.0982e+06 0.0115285 0.0115285 12660.6 12660.6 1 0.988 24538.2 24243.8 0 0 
2001 1 1 4 0 0 0.232513 0.838473 1.07099 1.21122e+06 743401 623322 972050 0.0166412 0.0166412 16176.1 16176.1 1 1 20156.2 20156.2 0 0 
2001 2 1 0 0 0 0.589463 0.0501802 0.639643 3.94984e+08 2.91784e+08 1.46418e+07 4.70803e+07 0.00311949 0.00311949 146867 146867 1 0 1.23215e+06 0 0 0 
2001 2 1 1 0 0 0.511828 0.383284 0.895112 4.20299e+07 2.77709e+07 1.06441e+07 3.12687e+06 0.00502922 0.00502922 15725.7 15725.7 1 0.021 211378 4438.93 0 0 
2001 2 1 2 0 0 0.356847 0.418301 0.775148 4.55978e+06 3.17279e+06 1.32718e+06 473865 0.0121224 0.0121224 5744.38 5744.38 1 0.801 55275.5 44275.7 0 0 
2001 2 1 3 0 0 0.323054 0.41416 0.737214 686438 485633 201130 49244.4 0.0165276 0.0165276 813.891 813.891 1 0.988 11345.2 11209 0 0 
2001 2 1 4 0 0 0.301057 0.41416 0.715217 415050 296490 122794 98136.5 0.0235893 0.0235893 2314.97 2314.97 1 1 9790.73 9790.73 0 0 
2002 1 1 1 0 0 0.445075 0.766734 1.21181 2.08347e+08 1.20754e+08 9.2586e+07 8.48784e+07 0.00595887 0.00595887 505780 505780 1 0.021 1.24151e+06 26071.7 0 0 
2002 1 1 2 0 0 0.415779 0.836784 1.25256 1.71718e+07 9.7916e+06 8.19345e+06 1.07722e+07 0.00743556 0.00743556 80097.4 80097.4 1 0.801 127682 102273 0 0 
2002 1 1 3 0 0 0.347434 0.828499 1.17593 2.1004e+06 1.23507e+06 1.02326e+06 1.2125e+06 0.00981692 0.00981692 11903 11903 1 0.988 20619.5 20372 0 0 
2002 1 1 4 0 0 0.277373 0.828499 1.10587 531418 321520 266379 225121 0.0138159 0.0138159 3110.25 3110.25 1 1 7342.01 7342.01 0 0 
2002 2 1 0 0 0 0.645268 0.0037013 0.64897 2.50881e+07 1.84561e+07 68311.6 16032.9 0.00384856 0.00384856 61.7036 61.7036 1 0 96553.2 0 0 0 
2002 2 1 1 0 0 0.54882 0.0282711 0.577091 6.20161e+07 4.71195e+07 1.33212e+06 604815 0.00668041 0.00668041 4040.41 4040.41 1 0.021 414293 8700.15 0 0 
2002 2 1 2 0 0 0.444703 0.030854 0.475557 4.90721e+06 3.90529e+06 120494 107905 0.0107805 0.0107805 1163.27 1163.27 1 0.801 52902 42374.5 0 0 
2002 2 1 3 0 0 0.353299 0.0305485 0.383848 648038 538160 16440 15217.4 0.0143627 0.0143627 218.563 218.563 1 0.988 9307.56 9195.87 0 0 
2002 2 1 4 0 0 0.332471 0.0305485 0.363019 175858 147474 4505.12 5587.97 0.016502 0.016502 92.2126 92.2126 1 1 2902.01 2902.01 0 0 
2003 1 1 1 0 0 0.465118 0.570054 1.03517 1.31106e+07 8.16695e+06 4.6556e+06 3.84291e+06 0.00364495 0.00364495 14007.2 14007.2 1 0.021 47787.6 1003.54 0 0 
2003 1 1 2 0 0 0.433309 0.622135 1.05544 3.48239e+07 2.15112e+07 1.33829e+07 1.33022e+07 0.00720947 0.00720947 95902.2 95902.2 1 0.801 251062 201100 0 0 
2003 1 1 3 0 0 0.380325 0.615975 0.996301 3.05002e+06 1.93097e+06 1.18943e+06 1.11744e+06 0.00949516 0.00949516 10610.3 10610.3 1 0.988 28960.5 28612.9 0 0 
2003 1 1 4 0 0 0.322034 0.615975 0.93801 563788 365794 225320 302389 0.0128458 0.0128458 3884.44 3884.44 1 1 7242.33 7242.33 0 0 
2003 2 1 0 0 0 0.663083 0.0151218 0.678205 1.52224e+08 1.10536e+08 1.6715e+06 2.47352e+06 0.0021662 0.0021662 5358.14 5358.14 1 0 329747 0 0 0 
2003 2 1 1 0 0 0.566066 0.115502 0.681568 4.65644e+06 3.37619e+06 389959 386042 0.00271216 0.00271216 1047.01 1047.01 1 0.021 12629 265.21 0 0 
2003 2 1 2 0 0 0.456306 0.126055 0.582361 1.212e+07 9.18682e+06 1.15804e+06 4.39007e+06 0.00359061 0.00359061 15763 15763 1 0.801 43518.2 34858.1 0 0 
2003 2 1 3 0 0 0.368449 0.124807 0.493256 1.1262e+06 888996 110953 140974 0.00839994 0.00839994 1184.18 1184.18 1 0.988 9460.01 9346.49 0 0 
2003 2 1 4 0 0 0.363442 0.124807 0.488249 220670 174593 21790.4 31173.7 0.00907227 0.00907227 282.816 282.816 1 1 2001.98 2001.98 0 0 
2004 1 1 1 0 0 0.525117 0.636745 1.16186 7.72576e+07 4.56883e+07 2.90918e+07 3.06536e+07 0.00506054 0.00506054 155124 155124 1 0.021 390965 8210.27 0 0 
2004 1 1 2 0 0 0.456027 0.694919 1.15095 2.35534e+06 1.39907e+06 972242 785501 0.00829117 0.00829117 6512.72 6512.72 1 0.801 19528.5 15642.3 0 0 
2004 1 1 3 0 0 0.40293 0.688039 1.09097 6.76998e+06 4.12111e+06 2.83549e+06 2.36427e+06 0.00895199 0.00895199 21164.9 21164.9 1 0.988 60604.8 59877.5 0 0 
2004 1 1 4 0 0 0.345889 0.688039 1.03393 823122 513008 352970 479839 0.0103704 0.0103704 4976.14 4976.14 1 1 8536.13 8536.13 0 0 
2004 2 1 0 0 0 0.678731 0.00768282 0.686414 6.68261e+07 4.83488e+07 371455 565737 0.00351016 0.00351016 1985.83 1985.83 1 0 234570 0 0 0 
2004 2 1 1 0 0 0.600988 0.0586826 0.65967 2.41741e+07 1.76991e+07 1.03863e+06 2.47912e+06 0.00452028 0.00452028 11206.3 11206.3 1 0.021 109274 2294.75 0 0 
2004 2 1 2 0 0 0.457937 0.0640439 0.521981 745081 580465 37175.3 110000 0.00663683 0.00663683 730.05 730.05 1 0.801 4944.98 3960.93 0 0 
2004 2 1 3 0 0 0.366294 0.0634099 0.429704 2.27397e+06 1.84847e+06 117211 229911 0.00667307 0.00667307 1534.21 1534.21 1 0.988 15174.4 14992.3 0 0 
2004 2 1 4 0 0 0.359899 0.0634099 0.423309 292708 238645 15132.4 47092.4 0.00875601 0.00875601 412.342 412.342 1 1 2562.96 2562.96 0 0 
2005 1 1 1 0 0 0.518059 0.708337 1.2264 3.36388e+07 1.93827e+07 1.37295e+07 1.11055e+07 0.00650114 0.00650114 72198.3 72198.3 1 0.021 218691 4592.5 0 0 
2005 1 1 2 0 0 0.406568 1.07285 1.47942 1.24986e+07 6.52401e+06 6.99932e+06 4.435e+06 0.00874342 0.00874342 38777 38777 1 0.801 109280 87533.4 0 0 
2005 1 1 3 0 0 0.377609 1.1046 1.48221 442090 230517 254630 262670 0.0103178 0.0103178 2710.18 2710.18 1 0.988 4561.39 4506.66 0 0 
2005 1 1 4 0 0 0.305588 1.1046 1.41019 1.67137e+06 895901 989614 434852 0.0121192 0.0121192 5270.08 5270.08 1 1 20255.7 20255.7 0 0 
2005 2 1 0 0 0 0.662479 0.000470328 0.66295 1.502e+08 1.09808e+08 51645.9 43821 0.00303922 0.00303922 133.182 133.182 1 0 456490 0 0 0 
2005 2 1 1 0 0 0.526723 0.0492044 0.575927 9.86786e+06 7.50149e+06 369107 383088 0.00527553 0.00527553 2020.99 2020.99 1 0.021 52058.2 1093.22 0 0 
2005 2 1 2 0 0 0.379626 0.0745255 0.454152 2.84679e+06 2.28804e+06 170517 211421 0.00851335 0.00851335 1799.9 1799.9 1 0.801 24235.7 19412.8 0 0 
2005 2 1 3 0 0 0.358943 0.0767309 0.435674 100414 81398.7 6245.8 13595.8 0.0113422 0.0113422 154.206 154.206 1 0.988 1138.92 1125.25 0 0 
2005 2 1 4 0 0 0.342496 0.0767309 0.419226 407975 333254 25570.9 27445.6 0.0130316 0.0130316 357.661 357.661 1 1 5316.58 5316.58 0 0 
2006 1 1 1 0 0 0.542972 0.856716 1.39969 7.74023e+07 4.16587e+07 3.56897e+07 3.36e+07 0.00588713 0.00588713 197808 197808 1 0.021 455677 9569.22 0 0 
2006 1 1 2 0 0 0.41723 1.29759 1.71482 5.54755e+06 2.65276e+06 3.4422e+06 2.59043e+06 0.00967212 0.00967212 25055 25055 1 0.801 53656.6 42978.9 0 0 
2006 1 1 3 0 0 0.329124 1.33599 1.66511 1.80767e+06 880249 1.176e+06 816673 0.0116368 0.0116368 9503.44 9503.44 1 0.988 21035.5 20783 0 0 
2006 1 1 4 0 0 0.276517 1.33599 1.61251 333216 165443 221030 162611 0.0130066 0.0130066 2115.01 2115.01 1 1 4334.02 4334.02 0 0 
2006 2 1 0 0 0 0.694809 0.000675326 0.695485 7.99673e+07 5.76246e+07 38915.4 37198.8 0.00318698 0.00318698 118.552 118.552 1 0 254854 0 0 0 
2006 2 1 1 0 0 0.551003 0.0706508 0.621654 1.90931e+07 1.42186e+07 1.00456e+06 799907 0.00553201 0.00553201 4425.09 4425.09 1 0.021 105623 2218.09 0 0 
2006 2 1 2 0 0 0.398628 0.107009 0.505637 998535 783759 83868.8 93858.5 0.00892724 0.00892724 837.897 837.897 1 0.801 8914.16 7140.24 0 0 
2006 2 1 3 0 0 0.354705 0.110175 0.46488 341955 273480 30130.7 43488.2 0.0118937 0.0118937 517.234 517.234 1 0.988 4067.1 4018.29 0 0 
2006 2 1 4 0 0 0.338286 0.110175 0.448461 66439.1 53539.5 5898.73 19492.3 0.0136652 0.0136652 266.366 266.366 1 1 907.904 907.904 0 0 
2007 1 1 1 0 0 0.525538 0.335691 0.861229 3.98903e+07 2.6742e+07 8.97704e+06 1.05806e+07 0.00555428 0.00555428 58767.8 58767.8 1 0.021 221562 4652.8 0 0 
2007 1 1 2 0 0 0.387092 0.508441 0.895533 1.02541e+07 6.77407e+06 3.44422e+06 4.67424e+06 0.00943141 0.00943141 44084.7 44084.7 1 0.801 96710.3 77464.9 0 0 
2007 1 1 3 0 0 0.299414 0.523487 0.822901 602238 410452 214867 315238 0.0134636 0.0134636 4244.24 4244.24 1 0.988 8108.28 8010.98 0 0 
2007 1 1 4 0 0 0.264352 0.523487 0.787839 257248 178012 93187.1 171663 0.0147248 0.0147248 2527.69 2527.69 1 1 3787.92 3787.92 0 0 
2007 2 1 0 0 0 0.730896 0 0.730896 2.10864e+08 1.49594e+08 0 0 0.00410617 0.00410617 0 0 1 0 865844 0 0 0 
2007 2 1 1 0 0 0.535841 0 0.535841 1.68593e+07 1.30517e+07 0 0 0.0070049 0.0070049 0 0 1 0.021 118098 2480.06 0 0 
2007 2 1 2 0 0 0.410703 0 0.410703 4.18765e+06 3.43428e+06 0 0 0.0113106 0.0113106 0 0 1 0.801 47364.7 37939.2 0 0 
2007 2 1 3 0 0 0.378673 0 0.378673 264476 220166 0 0 0.0150758 0.0150758 0 0 1 0.988 3987.2 3939.36 0 0 
2007 2 1 4 0 0 0.3617 0 0.3617 117003 98179.5 0 0 0.01734 0.01734 0 0 1 1 2028.84 2028.84 0 0 
2008 1 1 1 0 0 0.523393 0.601047 1.12444 1.01526e+08 6.09611e+07 3.66405e+07 2.67348e+07 0.00627378 0.00627378 167728 167728 1 0.021 636954 13376 0 0 
2008 1 1 2 0 0 0.396475 0.910352 1.30683 9.86569e+06 5.50591e+06 5.01231e+06 4.00909e+06 0.0108517 0.0108517 43505.3 43505.3 1 0.801 107059 85754.5 0 0 
2008 1 1 3 0 0 0.289375 0.937291 1.22667 2.77718e+06 1.60005e+06 1.49971e+06 1.20489e+06 0.0132873 0.0132873 16009.6 16009.6 1 0.988 36901.2 36458.4 0 0 
2008 1 1 4 0 0 0.265795 0.937291 1.20309 262597 152731 143153 214392 0.0157877 0.0157877 3384.75 3384.75 1 1 4145.79 4145.79 0 0 
2008 2 1 0 0 0 0.693712 0.000322315 0.694034 8.17304e+07 5.89329e+07 18994.9 6294.87 0.00449592 0.00449592 28.3012 28.3012 1 0 367454 0 0 0 
2008 2 1 1 0 0 0.582327 0.0337197 0.616046 3.29792e+07 2.46215e+07 830228 280589 0.00780411 0.00780411 2189.74 2189.74 1 0.021 257373 5404.84 0 0 
2008 2 1 2 0 0 0.437032 0.0510722 0.488104 2.67042e+06 2.11296e+06 107914 74658 0.0125938 0.0125938 940.229 940.229 1 0.801 33630.8 26938.3 0 0 
2008 2 1 3 0 0 0.371266 0.0525836 0.42385 814461 663863 34908.3 32806.5 0.0167786 0.0167786 550.447 550.447 1 0.988 13665.5 13501.5 0 0 
2008 2 1 4 0 0 0.364322 0.0525836 0.416906 78849 64477.3 3390.45 5707.17 0.0192778 0.0192778 110.021 110.021 1 1 1520.03 1520.03 0 0 
2009 1 1 1 0 0 0.444855 0.726307 1.17116 4.0829e+07 2.40545e+07 1.7471e+07 1.8898e+07 0.00617048 0.00617048 116610 116610 1 0.021 251935 5290.62 0 0 
2009 1 1 2 0 0 0.332107 1.10007 1.43218 1.78113e+07 9.4668e+06 1.04142e+07 1.42652e+07 0.00940682 0.00940682 134190 134190 1 0.801 167547 134205 0 0 
2009 1 1 3 0 0 0.271229 1.13263 1.40385 1.63907e+06 880745 997555 1.55625e+06 0.0121023 0.0121023 18834.1 18834.1 1 0.988 19836.5 19598.5 0 0 
2009 1 1 4 0 0 0.246817 1.13263 1.37944 585050 317362 359452 392316 0.0132195 0.0132195 5186.2 5186.2 1 1 7734.06 7734.06 0 0 
2009 2 1 0 0 0 0.669338 0.00065948 0.669997 5.47099e+08 3.98722e+08 262950 978566 0.00282302 0.00282302 2762.51 2762.51 1 0 1.54447e+06 0 0 0 
2009 2 1 1 0 0 0.566456 0.0689931 0.635449 1.26573e+07 9.36777e+06 646311 2.2541e+06 0.00490024 0.00490024 11045.6 11045.6 1 0.021 62023.6 1302.5 0 0 
2009 2 1 2 0 0 0.431943 0.104498 0.536441 4.25312e+06 3.29166e+06 343971 278061 0.00790773 0.00790773 2198.83 2198.83 1 0.801 33632.5 26939.6 0 0 
2009 2 1 3 0 0 0.38661 0.10759 0.4942 402636 317694 34180.7 11997.4 0.0105354 0.0105354 126.397 126.397 1 0.988 4241.92 4191.01 0 0 
2009 2 1 4 0 0 0.367908 0.10759 0.475498 147268 117203 12609.9 3447.23 0.0121046 0.0121046 41.7274 41.7274 1 1 1782.62 1782.62 0 0 
2010 1 1 1 0 0 0.450948 0.180354 0.631303 2.79956e+08 2.07583e+08 3.74385e+07 3.9951e+07 0.00629966 0.00629966 251677 251677 1 0.021 1.76363e+06 37036.2 0 0 
2010 1 1 2 0 0 0.344339 0.567499 0.911838 6.70452e+06 4.39853e+06 2.49616e+06 2.13023e+06 0.0123727 0.0123727 26356.7 26356.7 1 0.801 82953.2 66445.5 0 0 
2010 1 1 3 0 0 0.280679 0.930953 1.21163 2.48733e+06 1.44171e+06 1.34217e+06 941995 0.0138827 0.0138827 13077.4 13077.4 1 0.988 34530.8 34116.5 0 0 
2010 1 1 4 0 0 0.246314 0.930953 1.17727 337170 198155 184473 108212 0.0171797 0.0171797 1859.05 1859.05 1 1 5792.46 5792.46 0 0 
2010 2 1 0 0 0 0.674501 0.000855709 0.675357 3.68115e+07 2.67642e+07 22902.4 9754.08 0.00337498 0.00337498 32.9198 32.9198 1 0 124238 0 0 0 
2010 2 1 1 0 0 0.624328 0.00775767 0.632086 1.48908e+08 1.10374e+08 856248 1.1843e+06 0.00585835 0.00585835 6938.03 6938.03 1 0.021 872357 18319.5 0 0 
2010 2 1 2 0 0 0.453414 0.0244101 0.477824 2.69378e+06 2.14154e+06 52275.3 35268.1 0.00945387 0.00945387 333.42 333.42 1 0.801 25466.6 20398.8 0 0 
2010 2 1 3 0 0 0.412842 0.0400436 0.452886 740507 595513 23846.5 15734.9 0.0125953 0.0125953 198.186 198.186 1 0.988 9326.89 9214.97 0 0 
2010 2 1 4 0 0 0.383625 0.0400436 0.423669 103889 84686.1 3391.13 2409.68 0.0144713 0.0144713 34.8713 34.8713 1 1 1503.41 1503.41 0 0 
2011 1 1 1 0 0 0.487689 0.203462 0.691151 1.87361e+07 1.35272e+07 2.75227e+06 1.89405e+06 0.00529715 0.00529715 10033 10033 1 0.021 99248.1 2084.21 0 0 
2011 1 1 2 0 0 0.335809 0.640209 0.976018 7.9142e+07 5.05325e+07 3.23514e+07 3.26917e+07 0.00873028 0.00873028 285407 285407 1 0.801 690932 553436 0 0 
2011 1 1 3 0 0 0.293636 1.05023 1.34387 1.67049e+06 918819 964972 1.30518e+06 0.012692 0.012692 16565.4 16565.4 1 0.988 21202 20947.6 0 0 
2011 1 1 4 0 0 0.254828 1.05023 1.30506 538817 300916 316031 265602 0.0147748 0.0147748 3924.2 3924.2 1 1 7960.89 7960.89 0 0 
2011 2 1 0 0 0 0.723393 0.000599462 0.723992 4.71628e+07 3.35606e+07 20118.3 4500.97 0.00279966 0.00279966 12.6012 12.6012 1 0 132039 0 0 0 
2011 2 1 1 0 0 0.664835 0.00543459 0.670269 9.38678e+06 6.8402e+06 37173.7 38621.5 0.00485969 0.00485969 187.688 187.688 1 0.021 45616.9 957.954 0 0 
2011 2 1 2 0 0 0.442114 0.0171004 0.459214 2.98214e+07 2.39122e+07 408908 325110 0.00784229 0.00784229 2549.61 2549.61 1 0.801 233868 187328 0 0 
2011 2 1 3 0 0 0.4262 0.0280523 0.454252 435723 350186 9823.51 13950.9 0.0104482 0.0104482 145.762 145.762 1 0.988 4552.52 4497.89 0 0 
2011 2 1 4 0 0 0.388043 0.0280523 0.416095 146104 119519 3352.77 1216.73 0.0120044 0.0120044 14.6061 14.6061 1 1 1753.89 1753.89 0 0 
2012 1 1 1 0 0 0.54368 0.0388847 0.582565 2.28651e+07 1.73299e+07 673867 383090 0.00639396 0.00639396 2449.46 2449.46 1 0.021 146199 3070.17 0 0 
2012 1 1 2 0 0 0.4137 0.122354 0.536054 4.802e+06 3.71713e+06 454805 419086 0.00950165 0.00950165 3982.01 3982.01 1 0.801 45627 36547.2 0 0 
2012 1 1 3 0 0 0.333056 0.200715 0.533772 1.88406e+07 1.45992e+07 2.93029e+06 3.35394e+06 0.011274 0.011274 37812.3 37812.3 1 0.988 212408 209859 0 0 
2012 1 1 4 0 0 0.295306 0.200715 0.496021 373023 294083 59026.9 128653 0.0144972 0.0144972 1865.11 1865.11 1 1 5407.81 5407.81 0 0 
2012 2 1 0 0 0 0.716407 0 0.716407 1.31956e+08 9.42134e+07 0 5.80579 0.00378879 0.00378879 0.021997 0.021997 1 0 499956 0 0 0 
2012 2 1 1 0 0 0.637897 0 0.637897 1.27693e+07 9.44038e+06 0 169.054 0.00657665 0.00657665 1.11181 1.11181 1 0.021 83979.6 1763.57 0 0 
2012 2 1 2 0 0 0.434298 0 0.434298 2.80942e+06 2.27886e+06 0 115.983 0.010613 0.010613 1.23093 1.23093 1 0.801 29816.5 23883 0 0 
2012 2 1 3 0 0 0.407071 0 0.407071 1.10479e+07 9.07569e+06 0 373.403 0.0141396 0.0141396 5.27977 5.27977 1 0.988 156213 154338 0 0 
2012 2 1 4 0 0 0.380673 0 0.380673 227152 188918 0 20.9336 0.0162457 0.0162457 0.34008 0.34008 1 1 3690.24 3690.24 0 0 
2013 1 1 1 0 0 0.541468 0.244714 0.786182 6.44613e+07 4.46385e+07 1.09237e+07 1.80902e+07 0.00468059 0.00468059 84673 84673 1 0.021 301717 6336.06 0 0 
2013 1 1 2 0 0 0.452085 0.770012 1.2221 6.74735e+06 3.89454e+06 2.99884e+06 7.91636e+06 0.00650886 0.00650886 51526.5 51526.5 1 0.801 43917.6 35178 0 0 
2013 1 1 3 0 0 0.335123 1.26317 1.59829 1.81972e+06 908280 1.14731e+06 2.18164e+06 0.0100728 0.0100728 21975.3 21975.3 1 0.988 18329.7 18109.7 0 0 
2013 1 1 4 0 0 0.296363 1.26317 1.55953 7.50868e+06 3.80249e+06 4.80318e+06 4.30112e+06 0.0113217 0.0113217 48695.8 48695.8 1 1 85010.7 85010.7 0 0 
2013 2 1 0 0 0 0.653095 0 0.653095 1.18268e+08 8.68443e+07 0 3061.56 0.00376404 0.00376404 11.5238 11.5238 1 0 445166 0 0 0 
2013 2 1 1 0 0 0.580585 0 0.580585 2.93673e+07 2.22779e+07 0 598300 0.00653368 0.00653368 3909.1 3909.1 1 0.021 191877 4029.41 0 0 
2013 2 1 2 0 0 0.389672 0 0.389672 1.98785e+06 1.64631e+06 0 131429 0.0105437 0.0105437 1385.75 1385.75 1 0.801 20959.2 16788.3 0 0 
2013 2 1 3 0 0 0.364612 0 0.364612 368024 308393 0 99528.5 0.0140472 0.0140472 1398.1 1398.1 1 0.988 5169.71 5107.67 0 0 
2013 2 1 4 0 0 0.348432 0 0.348432 1.57859e+06 1.33292e+06 0 48585.2 0.0161395 0.0161395 784.142 784.142 1 1 25477.7 25477.7 0 0 
2014 1 1 1 0 0 0.473238 0.140486 0.613724 6.15506e+07 4.6e+07 6.46238e+06 8.93e+06 0.0047311 0.0047311 42248.7 42248.7 1 0.021 291202 6115.24 0 0 
2014 1 1 2 0 0 0.439206 0.442052 0.881257 1.64331e+07 1.09225e+07 4.82829e+06 3.35361e+06 0.00705648 0.00705648 23664.7 23664.7 1 0.801 115960 92883.8 0 0 
2014 1 1 3 0 0 0.29694 0.725164 1.0221 1.34633e+06 843231 611480 401389 0.00948051 0.00948051 3805.37 3805.37 1 0.988 12763.9 12610.7 0 0 
2014 1 1 4 0 0 0.277897 0.725164 1.00306 1.36974e+06 864733 627073 359563 0.0117233 0.0117233 4215.27 4215.27 1 1 16057.9 16057.9 0 0 
2014 2 1 0 0 0 0.634841 0.000525013 0.635366 2.26904e+08 1.6794e+08 88170.9 924941 0.0030237 0.0030237 2796.75 2796.75 1 0 686091 0 0 0 
2014 2 1 1 0 0 0.523679 0.00475965 0.528439 3.33192e+07 2.58814e+07 123186 131242 0.0052486 0.0052486 688.836 688.836 1 0.021 174879 3672.47 0 0 
2014 2 1 2 0 0 0.347514 0.0149766 0.36249 6.8076e+06 5.71026e+06 85520.3 98187.1 0.00846989 0.00846989 831.633 831.633 1 0.801 57659.6 46185.4 0 0 
2014 2 1 3 0 0 0.326506 0.0245684 0.351075 484459 408554 10037.5 23065.2 0.0112843 0.0112843 260.275 260.275 1 0.988 5466.79 5401.19 0 0 
2014 2 1 4 0 0 0.319289 0.0245684 0.343857 502359 425093 10443.8 24526.9 0.0129651 0.0129651 317.994 317.994 1 1 6513.15 6513.15 0 0 
2015 1 1 1 0 0  -1 -1 -1 1.20201e+08  -1  -1  -1 0.00548385  -1 -1 -1 -1 0.021 659162 13842.4 0 0 
2015 1 1 2 0 0  -1 -1 -1 1.96425e+07  -1  -1  -1 0.0083179  -1 -1 -1 -1 0.801 163384 130871 0 0 
2015 1 1 3 0 0  -1 -1 -1 4.73769e+06  -1  -1  -1 0.0105941  -1 -1 -1 -1 0.988 50191.6 49589.3 0 0 
2015 1 1 4 0 0  -1 -1 -1 697213  -1  -1  -1 0.014  -1 -1 -1 -1 1 9761.01 9761.01 0 0 
