Year Quarter Species.n Age M1 M2 M F Z N N.bar C.hat C.obs west weca Yield CWsum prop.landed propmat BIO SSB Lsea ration
1983 1 1 1 0 0 0.395819 0.188056 0.583875 1.39914e+07 1.0598e+07 1.99302e+06 1.84599e+06 0.0048618 0.0048618 8974.82 8974.82 1 0.021 68023.2 1428.49 0 0 
1983 1 1 2 0 0 0.352847 0.68907 1.04192 5.30356e+07 3.29449e+07 2.27013e+07 2.89709e+07 0.00973705 0.00973705 282091 282091 1 0.801 516410 413645 0 0 
1983 1 1 3 0 0 0.295101 1.00822 1.30332 3.17245e+06 1.77295e+06 1.78752e+06 772469 0.0171762 0.0171762 13268.1 13268.1 1 0.988 54490.5 53836.7 0 0 
1983 1 1 4 0 0 0.269117 1.00822 1.27733 206199 116426 117383 320070 0.0205468 0.0205468 6576.43 6576.43 1 1 4236.74 4236.74 0 0 
1983 2 1 0 0 0 0.511974 0.0121849 0.524159 3.04327e+08 2.36854e+08 2.88604e+06 1.02226e+07 0.00330879 0.00330879 33824.4 33824.4 1 0 1.00695e+06 0 0 0 
1983 2 1 1 0 0 0.480756 0.0622425 0.542999 7.80344e+06 6.0214e+06 374787 263866 0.00401463 0.00401463 1059.32 1059.32 1 0.021 31327.9 657.886 0 0 
1983 2 1 2 0 0 0.388363 0.228067 0.61643 1.87098e+07 1.39658e+07 3.18515e+06 3.08503e+06 0.00828264 0.00828264 25552.2 25552.2 1 0.801 154966 124128 0 0 
1983 2 1 3 0 0 0.355307 0.333698 0.689005 861729 622747 207809 564013 0.0131614 0.0131614 7423.22 7423.22 1 0.988 11341.6 11205.5 0 0 
1983 2 1 4 0 0 0.351067 0.333698 0.684764 57484.1 41620.3 13888.6 2198.88 0.0115649 0.0115649 25.4297 25.4297 1 1 664.795 664.795 0 0 
1984 1 1 1 0 0 0.400692 0.214764 0.615456 1.80177e+08 1.34552e+08 2.88969e+07 4.71171e+07 0.00546153 0.00546153 257331 257331 1 0.021 984044 20664.9 0 0 
1984 1 1 2 0 0 0.359702 0.786934 1.14664 4.53382e+06 2.69781e+06 2.123e+06 1.70111e+06 0.0101074 0.0101074 17193.7 17193.7 1 0.801 45825.1 36705.9 0 0 
1984 1 1 3 0 0 0.274046 1.15141 1.42545 1.01008e+07 5.38256e+06 6.19751e+06 1.00025e+07 0.0140566 0.0140566 140600 140600 1 0.988 141983 140279 0 0 
1984 1 1 4 0 0 0.255654 1.15141 1.40706 461637 247750 285261 333197 0.0134165 0.0134165 4470.32 4470.32 1 1 6193.53 6193.53 0 0 
1984 2 1 0 0 0 0.501684 0.0133095 0.514993 7.66184e+07 5.98815e+07 796991 0 0.00368394 0.00368394 0 0 1 0 282258 0 0 0 
1984 2 1 1 0 0 0.466168 0.067987 0.534155 9.73669e+07 7.54348e+07 5.12859e+06 9.24129e+06 0.00732208 0.00732208 67665.4 67665.4 1 0.021 712928 14971.5 0 0 
1984 2 1 2 0 0 0.386275 0.249116 0.635391 1.44041e+06 1.06609e+06 265581 89838.4 0.0128095 0.0128095 1150.78 1150.78 1 0.801 18450.9 14779.2 0 0 
1984 2 1 3 0 0 0.336395 0.364496 0.700891 2.42823e+06 1.74561e+06 636267 566198 0.0168425 0.0168425 9536.16 9536.16 1 0.988 40897.4 40406.6 0 0 
1984 2 1 4 0 0 0.34811 0.364496 0.712605 113037 80841.1 29466.2 42957.7 0.0157961 0.0157961 678.564 678.564 1 1 1785.55 1785.55 0 0 
1985 1 1 1 0 0 0.384902 0.229192 0.614094 4.57799e+07 3.42081e+07 7.84022e+06 6.21684e+06 0.00507786 0.00507786 31568.3 31568.3 1 0.021 232464 4881.74 0 0 
1985 1 1 2 0 0 0.346352 0.8398 1.18615 5.7073e+07 3.34217e+07 2.80675e+07 3.13643e+07 0.00915445 0.00915445 287123 287123 1 0.801 522471 418500 0 0 
1985 1 1 3 0 0 0.29004 1.22876 1.5188 763027 392379 482138 1.98716e+06 0.0163999 0.0163999 32589.2 32589.2 1 0.988 12513.6 12363.4 0 0 
1985 1 1 4 0 0 0.264157 1.22876 1.49291 1.26018e+06 654423 804126 211484 0.0178896 0.0178896 3783.37 3783.37 1 1 22544.1 22544.1 0 0 
1985 2 1 0 0 0 0.515995 0.0142799 0.530275 5.20781e+08 4.04189e+08 5.77177e+06 8.52406e+06 0.0029841 0.0029841 25436.7 25436.7 1 0 1.55407e+06 0 0 0 
1985 2 1 1 0 0 0.468187 0.072944 0.541131 2.47729e+07 1.91319e+07 1.39556e+06 1.35357e+06 0.00584444 0.00584444 7910.86 7910.86 1 0.021 144784 3040.46 0 0 
1985 2 1 2 0 0 0.384666 0.26728 0.651945 1.74298e+07 1.28052e+07 3.42258e+06 2.30521e+06 0.0106746 0.0106746 24607.2 24607.2 1 0.801 186056 149031 0 0 
1985 2 1 3 0 0 0.363462 0.391071 0.754534 167084 117312 45877.5 1.59487e+06 0.0128942 0.0128942 20564.6 20564.6 1 0.988 2154.42 2128.56 0 0 
1985 2 1 4 0 0 0.344414 0.391071 0.735485 283184 200496 78408.1 212744 0.0165975 0.0165975 3531.02 3531.02 1 1 4700.14 4700.14 0 0 
1986 1 1 1 0 0 0.375586 0.178355 0.553941 3.0645e+08 2.35295e+08 4.19658e+07 4.49397e+07 0.00529385 0.00529385 237904 237904 1 0.021 1.6223e+06 34068.4 0 0 
1986 1 1 2 0 0 0.342321 0.653522 0.995843 1.442e+07 9.13107e+06 5.96735e+06 7.55329e+06 0.0117065 0.0117065 88422.5 88422.5 1 0.801 168808 135215 0 0 
1986 1 1 3 0 0 0.282014 0.956204 1.23822 9.08145e+06 5.20808e+06 4.97998e+06 1.65219e+06 0.0116861 0.0116861 19307.6 19307.6 1 0.988 106126 104853 0 0 
1986 1 1 4 0 0 0.267111 0.956204 1.22331 214290 123627 118213 30901.2 0.0135576 0.0135576 418.948 418.948 1 1 2905.27 2905.27 0 0 
1986 2 1 0 0 0 0.531211 0.00474555 0.535957 7.74872e+07 5.99838e+07 284656 87141.1 0.00298063 0.00298063 259.735 259.735 1 0 230960 0 0 0 
1986 2 1 1 0 0 0.477662 0.024241 0.501903 1.76111e+08 1.38468e+08 3.3566e+06 4.16254e+06 0.00745594 0.00745594 31035.7 31035.7 1 0.021 1.31307e+06 27574.5 0 0 
1986 2 1 2 0 0 0.412134 0.0888234 0.500957 5.32694e+06 4.19013e+06 372182 227967 0.0126971 0.0126971 2894.52 2894.52 1 0.801 67636.5 54176.8 0 0 
1986 2 1 3 0 0 0.379668 0.129962 0.50963 2.63272e+06 2.06267e+06 268069 187509 0.0127752 0.0127752 2395.47 2395.47 1 0.988 33633.5 33229.9 0 0 
1986 2 1 4 0 0 0.360619 0.129962 0.490582 63055.6 49835.8 6476.78 14004.8 0.0146781 0.0146781 205.564 205.564 1 1 925.535 925.535 0 0 
1987 1 1 1 0 0 0.387399 0.116436 0.503835 4.53385e+07 3.56159e+07 4.14697e+06 4.504e+06 0.00715293 0.00715293 32216.8 32216.8 1 0.021 324303 6810.36 0 0 
1987 1 1 2 0 0 0.349411 0.426642 0.776053 1.06614e+08 7.41548e+07 3.16375e+07 2.35717e+07 0.0106181 0.0106181 250288 250288 1 0.801 1.13204e+06 906763 0 0 
1987 1 1 3 0 0 0.286902 0.624243 0.911144 3.22786e+06 2.11827e+06 1.32232e+06 1.19872e+06 0.0184988 0.0184988 22174.9 22174.9 1 0.988 59711.6 58995 0 0 
1987 1 1 4 0 0 0.271239 0.624243 0.895482 1.62013e+06 1.07032e+06 668138 170802 0.0147187 0.0147187 2513.99 2513.99 1 1 23846.1 23846.1 0 0 
1987 2 1 0 0 0 0.537637 0.00822026 0.545857 4.72817e+07 3.64368e+07 299520 186628 0.00402264 0.00402264 750.735 750.735 1 0 190197 0 0 0 
1987 2 1 1 0 0 0.47658 0.0419905 0.51857 2.73939e+07 2.13749e+07 897540 1.9383e+06 0.00784818 0.00784818 15212.1 15212.1 1 0.021 214992 4514.84 0 0 
1987 2 1 2 0 0 0.418229 0.15386 0.572089 4.90657e+07 3.73643e+07 5.74888e+06 4.17345e+06 0.0112314 0.0112314 46873.8 46873.8 1 0.801 551078 441413 0 0 
1987 2 1 3 0 0 0.381382 0.225122 0.606504 1.29781e+06 973073 219060 122748 0.0201833 0.0201833 2477.46 2477.46 1 0.988 26193.9 25879.6 0 0 
1987 2 1 4 0 0 0.366019 0.225122 0.59114 661677 499559 112462 31939.6 0.0160738 0.0160738 513.391 513.391 1 1 10635.7 10635.7 0 0 
1988 1 1 1 0 0 0.394122 0.19476 0.588881 2.73924e+07 2.07021e+07 4.03193e+06 1.99696e+06 0.0061208 0.0061208 12223 12223 1 0.021 167664 3520.94 0 0 
1988 1 1 2 0 0 0.360197 0.713633 1.07383 1.63095e+07 9.99843e+06 7.13521e+06 8.56424e+06 0.0103786 0.0103786 88884.9 88884.9 1 0.801 169270 135586 0 0 
1988 1 1 3 0 0 0.297752 1.04416 1.34191 2.769e+07 1.5242e+07 1.5915e+07 1.52293e+07 0.0159637 0.0159637 243116 243116 1 0.988 442036 436731 0 0 
1988 1 1 4 0 0 0.292881 1.04416 1.33704 1.074e+06 592313 618467 2.35402e+06 0.017758 0.017758 41802.6 41802.6 1 1 19072.1 19072.1 0 0 
1988 2 1 0 0 0 0.54597 0.00477189 0.550742 2.04038e+08 1.56889e+08 748659 0 0.00393409 0.00393409 0 0 1 0 802704 0 0 0 
1988 2 1 1 0 0 0.475009 0.0243756 0.499385 1.52014e+07 1.19659e+07 291677 0 0.00682887 0.00682887 0 0 1 0.021 103808 2179.97 0 0 
1988 2 1 2 0 0 0.418519 0.0893165 0.507835 5.57293e+06 4.36984e+06 390299 161558 0.0120218 0.0120218 1942.22 1942.22 1 0.801 66996.6 53664.2 0 0 
1988 2 1 3 0 0 0.372786 0.130684 0.50347 7.23668e+06 5.68578e+06 743039 1.43883e+06 0.0170481 0.0170481 24529.5 24529.5 1 0.988 123372 121892 0 0 
1988 2 1 4 0 0 0.366103 0.130684 0.496787 282057 222289 29049.6 46948.5 0.024442 0.024442 1147.51 1147.51 1 1 6894.03 6894.03 0 0 
1989 1 1 1 0 0 0.415694 0.668365 1.08406 1.17632e+08 7.18104e+07 4.79956e+07 6.25027e+07 0.00498354 0.00498354 311485 311485 1 0.021 586226 12310.7 0 0 
1989 1 1 2 0 0 0.381899 0.884833 1.26673 9.22577e+06 5.2311e+06 4.62865e+06 6.36362e+06 0.00862559 0.00862559 54890 54890 1 0.801 79577.8 63741.8 0 0 
1989 1 1 3 0 0 0.31859 0.875226 1.19382 3.35377e+06 1.9579e+06 1.7136e+06 1.34585e+06 0.00905536 0.00905536 12187.2 12187.2 1 0.988 30369.6 30005.2 0 0 
1989 1 1 4 0 0 0.290792 0.875226 1.16602 4.54569e+06 2.68369e+06 2.34884e+06 4.7365e+06 0.0120466 0.0120466 57058.6 57058.6 1 1 54760 54760 0 0 
1989 2 1 0 0 0 0.523023 0.00117182 0.524195 9.40735e+07 7.32151e+07 85795.2 467.877 0.00621381 0.00621381 2.9073 2.9073 1 0 584554 0 0 0 
1989 2 1 1 0 0 0.448891 0.0269084 0.475799 3.97856e+07 3.16589e+07 851891 757493 0.0096339 0.0096339 7297.62 7297.62 1 0.021 383290 8049.1 0 0 
1989 2 1 2 0 0 0.393401 0.0356234 0.429024 2.59937e+06 2.11365e+06 75295.2 77199.8 0.0155247 0.0155247 1198.51 1198.51 1 0.801 40354.5 32324 0 0 
1989 2 1 3 0 0 0.365748 0.0352366 0.400985 1.0164e+06 837334 29504.8 16375.7 0.0171969 0.0171969 281.612 281.612 1 0.988 17479 17269.3 0 0 
1989 2 1 4 0 0 0.356954 0.0352366 0.39219 1.41646e+06 1.17171e+06 41287.2 57548.9 0.0282663 0.0282663 1626.69 1626.69 1 1 40038.1 40038.1 0 0 
1990 1 1 1 0 0 0.40157 0.649385 1.05095 5.56945e+07 3.44672e+07 2.23825e+07 1.68463e+07 0.00661143 0.00661143 111378 111378 1 0.021 368220 7732.63 0 0 
1990 1 1 2 0 0 0.343173 0.859705 1.20288 2.47223e+07 1.43801e+07 1.23626e+07 1.39168e+07 0.00962998 0.00962998 134019 134019 1 0.801 238075 190698 0 0 
1990 1 1 3 0 0 0.29181 0.850371 1.14218 1.69256e+06 1.00897e+06 858001 2.05955e+06 0.0142239 0.0142239 29294.9 29294.9 1 0.988 24074.9 23786 0 0 
1990 1 1 4 0 0 0.285141 0.850371 1.13551 1.63757e+06 978844 832380 621957 0.0169916 0.0169916 10568 10568 1 1 27824.9 27824.9 0 0 
1990 2 1 0 0 0 0.543411 0.00194966 0.545361 1.32495e+08 1.02128e+08 199115 521856 0.00500976 0.00500976 2614.37 2614.37 1 0 663769 0 0 0 
1990 2 1 1 0 0 0.475775 0.0447697 0.520544 1.9471e+07 1.51791e+07 679563 1.257e+06 0.00897962 0.00897962 11287.4 11287.4 1 0.021 174842 3671.69 0 0 
1990 2 1 2 0 0 0.404175 0.0592695 0.463444 7.42481e+06 5.94195e+06 352177 416960 0.0130851 0.0130851 5455.98 5455.98 1 0.801 97154.7 77820.9 0 0 
1990 2 1 3 0 0 0.367537 0.058626 0.426163 540135 439788 25783 62063.2 0.0193258 0.0193258 1199.42 1199.42 1 0.988 10438.5 10313.2 0 0 
1990 2 1 4 0 0 0.368295 0.058626 0.426921 526082 428195 25103.4 18356.7 0.0230855 0.0230855 423.773 423.773 1 1 12144.8 12144.8 0 0 
1991 1 1 1 0 0 0.394066 0.37209 0.766156 7.67986e+07 5.36482e+07 1.9962e+07 1.49386e+07 0.00779886 0.00779886 116504 116504 1 0.021 598942 12577.8 0 0 
1991 1 1 2 0 0 0.329801 0.492601 0.822402 1.15696e+07 7.88692e+06 3.8851e+06 6.86977e+06 0.0141629 0.0141629 97295.7 97295.7 1 0.801 163859 131251 0 0 
1991 1 1 3 0 0 0.2462 0.487253 0.733453 4.67104e+06 3.31008e+06 1.61284e+06 983098 0.0378024 0.0378024 37163.4 37163.4 1 0.988 176577 174458 0 0 
1991 1 1 4 0 0 0.245573 0.487253 0.732827 695989 493340 240381 338126 0.0196013 0.0196013 6627.71 6627.71 1 1 13642.3 13642.3 0 0 
1991 2 1 0 0 0 0.549777 0.00525817 0.555036 1.60296e+08 1.23015e+08 646837 7.34359e+06 0.00375643 0.00375643 27585.7 27585.7 1 0 602142 0 0 0 
1991 2 1 1 0 0 0.451794 0.120743 0.572536 3.56957e+07 2.71774e+07 3.28146e+06 6.91686e+06 0.00613177 0.00613177 42412.6 42412.6 1 0.021 218878 4596.44 0 0 
1991 2 1 2 0 0 0.385651 0.159848 0.545499 5.0834e+06 3.91807e+06 626296 208518 0.01181 0.01181 2462.6 2462.6 1 0.801 60034.9 48088 0 0 
1991 2 1 3 0 0 0.349013 0.158113 0.507126 2.24326e+06 1.75955e+06 278207 67283.4 0.0319872 0.0319872 2152.21 2152.21 1 0.988 71755.5 70894.5 0 0 
1991 2 1 4 0 0 0.354593 0.158113 0.512706 334457 261670 41373.3 0 0.0171578 0.0171578 0 0 1 1 5738.53 5738.53 0 0 
1992 1 1 1 0 0 0.39139 0.64285 1.03424 9.20185e+07 5.73428e+07 3.68628e+07 5.08834e+07 0.00778906 0.00778906 396334 396334 1 0.021 716738 15051.5 0 0 
1992 1 1 2 0 0 0.31261 0.851054 1.16366 2.01357e+07 1.18991e+07 1.01268e+07 8.45091e+06 0.011872 0.011872 100329 100329 1 0.801 239050 191479 0 0 
1992 1 1 3 0 0 0.233517 0.841814 1.07533 2.9461e+06 1.80496e+06 1.51944e+06 845007 0.017682 0.017682 14941.4 14941.4 1 0.988 52092.9 51467.8 0 0 
1992 1 1 4 0 0 0.235205 0.841814 1.07702 1.55124e+06 949726 799493 523702 0.0190325 0.0190325 9967.37 9967.37 1 1 29524 29524 0 0 
1992 2 1 0 0 0 0.533079 0.00329334 0.536372 3.624e+07 2.80485e+07 92373.1 104413 0.00493269 0.00493269 515.036 515.036 1 0 178761 0 0 0 
1992 2 1 1 0 0 0.424299 0.0756243 0.499923 3.27122e+07 2.57434e+07 1.94683e+06 3.04121e+06 0.00953331 0.00953331 28992.8 28992.8 1 0.021 311856 6548.98 0 0 
1992 2 1 2 0 0 0.365457 0.100117 0.465575 6.28918e+06 5.02818e+06 503408 297654 0.0152849 0.0152849 4549.61 4549.61 1 0.801 96129.4 76999.7 0 0 
1992 2 1 3 0 0 0.327794 0.0990303 0.426824 1.00516e+06 818172 81023.8 122334 0.0196919 0.0196919 2408.99 2408.99 1 0.988 19793.5 19556 0 0 
1992 2 1 4 0 0 0.335485 0.0990303 0.434515 528367 428542 42438.6 26492.8 0.0211753 0.0211753 560.992 560.992 1 1 11188.3 11188.3 0 0 
1993 1 1 1 0 0 0.399754 0.283425 0.683179 2.11955e+07 1.5357e+07 4.35256e+06 2.18091e+06 0.007334 0.007334 15994.8 15994.8 1 0.021 155448 3264.41 0 0 
1993 1 1 2 0 0 0.340489 0.37522 0.715709 1.98425e+07 1.41714e+07 5.31738e+06 5.88223e+06 0.0114754 0.0114754 67500.7 67500.7 1 0.801 227700 182388 0 0 
1993 1 1 3 0 0 0.2524 0.371146 0.623545 3.94818e+06 2.93771e+06 1.09032e+06 1.63838e+06 0.0144173 0.0144173 23621 23621 1 0.988 56922.3 56239.3 0 0 
1993 1 1 4 0 0 0.233913 0.371146 0.605059 998107 748850 277932 491024 0.0202074 0.0202074 9922.31 9922.31 1 1 20169.1 20169.1 0 0 
1993 2 1 0 0 0 0.511967 0.00148989 0.513457 1.48985e+08 1.16522e+08 173605 1.6241e+06 0.00401517 0.00401517 6521.03 6521.03 1 0 598200 0 0 0 
1993 2 1 1 0 0 0.392222 0.0342122 0.426434 1.07039e+07 8.71425e+06 298133 362388 0.00750659 0.00750659 2720.3 2720.3 1 0.021 80350 1687.35 0 0 
1993 2 1 2 0 0 0.324686 0.0452927 0.369979 9.69992e+06 8.10779e+06 367223 271130 0.0104751 0.0104751 2840.11 2840.11 1 0.801 101607 81387.6 0 0 
1993 2 1 3 0 0 0.315059 0.0448009 0.35986 2.11639e+06 1.77743e+06 79630.6 156038 0.0136024 0.0136024 2122.49 2122.49 1 0.988 28788 28442.5 0 0 
1993 2 1 4 0 0 0.312085 0.0448009 0.356886 545008 458362 20535 42948.5 0.0182007 0.0182007 781.695 781.695 1 1 9919.55 9919.55 0 0 
1994 1 1 1 0 0 0.378328 0.231269 0.609597 8.91561e+07 6.67548e+07 1.54383e+07 2.21725e+07 0.00549797 0.00549797 121904 121904 1 0.021 490178 10293.7 0 0 
1994 1 1 2 0 0 0.323887 0.306171 0.630058 6.98788e+06 5.18429e+06 1.58728e+06 2.66874e+06 0.00865172 0.00865172 23089.2 23089.2 1 0.801 60457.1 48426.2 0 0 
1994 1 1 3 0 0 0.253442 0.302847 0.556289 6.70021e+06 5.13898e+06 1.55633e+06 1.1951e+06 0.01274 0.01274 15225.6 15225.6 1 0.988 85360.7 84336.3 0 0 
1994 1 1 4 0 0 0.228605 0.302847 0.531452 1.85818e+06 1.4414e+06 436524 881749 0.0198085 0.0198085 17466.1 17466.1 1 1 36807.9 36807.9 0 0 
1994 2 1 0 0 0 0.511619 0.00111359 0.512732 2.14672e+08 1.67951e+08 187029 0 0.00437711 0.00437711 0 0 1 0 939644 0 0 0 
1994 2 1 1 0 0 0.435043 0.0255712 0.460615 4.84626e+07 3.88345e+07 993044 1.53319e+06 0.00759787 0.00759787 11649 11649 1 0.021 368213 7732.47 0 0 
1994 2 1 2 0 0 0.354719 0.0338531 0.388572 3.72147e+06 3.08366e+06 104391 125736 0.012261 0.012261 1541.65 1541.65 1 0.801 45629 36548.8 0 0 
1994 2 1 3 0 0 0.327442 0.0334855 0.360927 3.84145e+06 3.2246e+06 107977 54805.4 0.0163352 0.0163352 895.258 895.258 1 0.988 62750.9 61997.8 0 0 
1994 2 1 4 0 0 0.320421 0.0334855 0.353906 1.09215e+06 919807 30800.2 78355.7 0.0187683 0.0187683 1470.61 1470.61 1 1 20497.8 20497.8 0 0 
1995 1 1 1 0 0 0.370428 0.429592 0.80002 1.28558e+08 8.84906e+07 3.80148e+07 3.66773e+07 0.00761039 0.00761039 279128 279128 1 0.021 978375 20545.9 0 0 
1995 1 1 2 0 0 0.329489 0.568727 0.898216 3.05748e+07 2.01754e+07 1.14743e+07 6.23617e+06 0.011309 0.011309 70524.7 70524.7 1 0.801 345770 276962 0 0 
1995 1 1 3 0 0 0.250474 0.562552 0.813026 2.52325e+06 1.72707e+06 971566 737271 0.0140643 0.0140643 10369.2 10369.2 1 0.988 35487.7 35061.8 0 0 
1995 1 1 4 0 0 0.226946 0.562552 0.789498 3.44423e+06 2.38164e+06 1.3398e+06 288655 0.019011 0.019011 5487.62 5487.62 1 1 65478.3 65478.3 0 0 
1995 2 1 0 0 0 0.50965 0.00225343 0.511904 5.54721e+07 4.34158e+07 97834.4 75643.5 0.00382878 0.00382878 289.623 289.623 1 0 212390 0 0 0 
1995 2 1 1 0 0 0.463373 0.0517452 0.515118 5.77636e+07 4.51428e+07 2.33592e+06 3.43966e+06 0.00679562 0.00679562 23374.6 23374.6 1 0.021 392539 8243.33 0 0 
1995 2 1 2 0 0 0.373617 0.0685042 0.442121 1.2453e+07 1.00647e+07 689473 940195 0.00994214 0.00994214 9347.55 9347.55 1 0.801 123810 99171.4 0 0 
1995 2 1 3 0 0 0.340753 0.0677604 0.408514 1.1191e+06 918703 62251.8 108547 0.0141028 0.0141028 1530.82 1530.82 1 0.988 15782.4 15593 0 0 
1995 2 1 4 0 0 0.331086 0.0677604 0.398846 1.56393e+06 1.28969e+06 87389.7 28180.4 0.0189865 0.0189865 535.048 535.048 1 1 29693.5 29693.5 0 0 
1996 1 1 1 0 0 0.334434 0.389646 0.72408 3.32474e+07 2.36576e+07 9.21811e+06 1.04023e+07 0.00557897 0.00557897 58034 58034 1 0.021 185486 3895.21 0 0 
1996 1 1 2 0 0 0.299167 0.515843 0.81501 3.45097e+07 2.36003e+07 1.21741e+07 1.2301e+07 0.00838117 0.00838117 103097 103097 1 0.801 289232 231675 0 0 
1996 1 1 3 0 0 0.246104 0.510243 0.756347 8.0032e+06 5.61472e+06 2.86487e+06 4.52684e+06 0.012211 0.012211 55277.2 55277.2 1 0.988 97727 96554.2 0 0 
1996 1 1 4 0 0 0.218691 0.510243 0.728933 1.79334e+06 1.27335e+06 649719 860500 0.0177327 0.0177327 15259 15259 1 1 31800.6 31800.6 0 0 
1996 2 1 0 0 0 0.538404 0.00259031 0.540994 3.87667e+08 2.9941e+08 775566 6.4702e+06 0.00286687 0.00286687 18549.2 18549.2 1 0 1.11139e+06 0 0 0 
1996 2 1 1 0 0 0.482626 0.0594809 0.542107 1.61173e+07 1.24417e+07 740046 1.06433e+06 0.00463624 0.00463624 4934.49 4934.49 1 0.021 74723.9 1569.2 0 0 
1996 2 1 2 0 0 0.385202 0.0787454 0.463947 1.52752e+07 1.22216e+07 962398 1.02659e+06 0.00758058 0.00758058 7782.15 7782.15 1 0.801 115795 92751.6 0 0 
1996 2 1 3 0 0 0.349554 0.0778904 0.427444 3.75653e+06 3.05682e+06 238097 210861 0.00954845 0.00954845 2013.39 2013.39 1 0.988 35869 35438.6 0 0 
1996 2 1 4 0 0 0.342861 0.0778904 0.420751 865148 706194 55005.8 65068.1 0.0141776 0.0141776 922.512 922.512 1 1 12265.7 12265.7 0 0 
1997 1 1 1 0 0 0.364195 0.32409 0.688286 2.25688e+08 1.6315e+08 5.28754e+07 3.86671e+07 0.00725091 0.00725091 280372 280372 1 0.021 1.63644e+06 34365.3 0 0 
1997 1 1 2 0 0 0.316464 0.429056 0.74552 9.37258e+06 6.60668e+06 2.83463e+06 2.33175e+06 0.00825643 0.00825643 19252 19252 1 0.801 77384.1 61984.6 0 0 
1997 1 1 3 0 0 0.267127 0.424397 0.691524 9.60499e+06 6.93351e+06 2.94257e+06 3.52152e+06 0.00992747 0.00992747 34959.8 34959.8 1 0.988 95353.2 94209 0 0 
1997 1 1 4 0 0 0.229033 0.424397 0.65343 3.01792e+06 2.21573e+06 940350 713371 0.014425 0.014425 10290.4 10290.4 1 1 43533.4 43533.4 0 0 
1997 2 1 0 0 0 0.55249 0.00512929 0.557619 6.08025e+07 4.66067e+07 239059 18648.6 0.00370051 0.00370051 69.0094 69.0094 1 0 225000 0 0 0 
1997 2 1 1 0 0 0.496684 0.117783 0.614467 1.13394e+08 8.4717e+07 9.97823e+06 8.8991e+06 0.00845048 0.00845048 75201.6 75201.6 1 0.021 958232 20122.9 0 0 
1997 2 1 2 0 0 0.37997 0.15593 0.5359 4.44718e+06 3.4427e+06 536822 176552 0.0141876 0.0141876 2504.84 2504.84 1 0.801 63094.5 50538.7 0 0 
1997 2 1 3 0 0 0.345815 0.154237 0.500052 4.81029e+06 3.78532e+06 583837 164393 0.0154685 0.0154685 2542.91 2542.91 1 0.988 74408.2 73515.3 0 0 
1997 2 1 4 0 0 0.339628 0.154237 0.493865 1.5701e+06 1.23905e+06 191108 55769.7 0.0160852 0.0160852 897.068 897.068 1 1 25255.4 25255.4 0 0 
1998 1 1 1 0 0 0.408801 0.494194 0.902995 3.48137e+07 2.29258e+07 1.13298e+07 9.38718e+06 0.00631255 0.00631255 59257 59257 1 0.021 219763 4615.03 0 0 
1998 1 1 2 0 0 0.343595 0.654252 0.997847 6.1338e+07 3.88079e+07 2.53901e+07 2.83637e+07 0.00889349 0.00889349 252253 252253 1 0.801 545509 436953 0 0 
1998 1 1 3 0 0 0.2986 0.647148 0.945748 2.60223e+06 1.68285e+06 1.08905e+06 2.1644e+06 0.0115379 0.0115379 24972.7 24972.7 1 0.988 30024.4 29664.1 0 0 
1998 1 1 4 0 0 0.244308 0.647148 0.891456 3.87561e+06 2.56478e+06 1.65979e+06 1.50458e+06 0.0134787 0.0134787 20279.9 20279.9 1 1 52238.4 52238.4 0 0 
1998 2 1 0 0 0 0.591014 0.00212585 0.59314 1.14052e+08 8.60307e+07 182888 211225 0.00322968 0.00322968 682.189 682.189 1 0 368353 0 0 0 
1998 2 1 1 0 0 0.524745 0.0488155 0.57356 1.41119e+07 1.07393e+07 524243 438058 0.00669453 0.00669453 2932.6 2932.6 1 0.021 94472.5 1983.92 0 0 
1998 2 1 2 0 0 0.376775 0.0646257 0.441401 2.26136e+07 1.82827e+07 1.18153e+06 1.38355e+06 0.00995526 0.00995526 13773.6 13773.6 1 0.801 225124 180325 0 0 
1998 2 1 3 0 0 0.343408 0.0639241 0.407332 1.01068e+06 830156 53067 136051 0.0118944 0.0118944 1618.24 1618.24 1 0.988 12021.4 11877.1 0 0 
1998 2 1 4 0 0 0.33624 0.0639241 0.400164 1.58923e+06 1.30974e+06 83723.9 89798 0.0145223 0.0145223 1304.08 1304.08 1 1 23079.3 23079.3 0 0 
1999 1 1 1 0 0 0.444463 0.757443 1.20191 6.30242e+07 3.66732e+07 2.77779e+07 4.46207e+07 0.00533871 0.00533871 238217 238217 1 0.021 336468 7065.82 0 0 
1999 1 1 2 0 0 0.368846 0.825272 1.19412 7.95227e+06 4.64189e+06 3.83082e+06 5.4328e+06 0.00750406 0.00750406 40768.1 40768.1 1 0.801 59674.3 47799.1 0 0 
1999 1 1 3 0 0 0.306067 0.812372 1.11844 1.45436e+07 8.75409e+06 7.11158e+06 1.01584e+07 0.0103302 0.0103302 104938 104938 1 0.988 150238 148435 0 0 
1999 1 1 4 0 0 0.254354 0.812372 1.06673 1.73764e+06 1.06837e+06 867918 698833 0.0130668 0.0130668 9131.52 9131.52 1 1 22705.5 22705.5 0 0 
1999 2 1 0 0 0 0.59425 0.0172086 0.611459 1.51943e+08 1.13671e+08 1.95612e+06 440365 0.0034233 0.0034233 1507.5 1507.5 1 0 520147 0 0 0 
1999 2 1 1 0 0 0.542169 0.132024 0.674193 1.89464e+07 1.37823e+07 1.81959e+06 2.49827e+06 0.00594223 0.00594223 14845.3 14845.3 1 0.021 112584 2364.25 0 0 
1999 2 1 2 0 0 0.383259 0.143847 0.527106 2.40931e+06 1.87262e+06 269370 205055 0.00958922 0.00958922 1966.31 1966.31 1 0.801 23103.4 18505.8 0 0 
1999 2 1 3 0 0 0.341452 0.141598 0.48305 4.7527e+06 3.76931e+06 533727 717189 0.0127756 0.0127756 9162.53 9162.53 1 0.988 60718.6 59990 0 0 
1999 2 1 4 0 0 0.333115 0.141598 0.474714 597981 476075 67411.3 148612 0.0146785 0.0146785 2181.4 2181.4 1 1 8777.48 8777.48 0 0 
2000 1 1 1 0 0 0.458266 0.594673 1.05294 8.24381e+07 5.09759e+07 3.0314e+07 3.2625e+07 0.00628743 0.00628743 205127 205127 1 0.021 518323 10884.8 0 0 
2000 1 1 2 0 0 0.380795 0.647926 1.02872 9.65445e+06 6.03014e+06 3.90709e+06 3.35527e+06 0.00872596 0.00872596 29277.9 29277.9 1 0.801 84244.4 67479.7 0 0 
2000 1 1 3 0 0 0.313523 0.637798 0.951321 1.42224e+06 917595 585240 629743 0.0119047 0.0119047 7496.91 7496.91 1 0.988 16931.4 16728.2 0 0 
2000 1 1 4 0 0 0.247384 0.637798 0.885182 3.30391e+06 2.19231e+06 1.39825e+06 1.07647e+06 0.0144788 0.0144788 15586 15586 1 1 47836.9 47836.9 0 0 
2000 2 1 0 0 0 0.581549 0.0161217 0.59767 2.46474e+08 1.85538e+08 2.99118e+06 7.8868e+06 0.00311918 0.00311918 24600.4 24600.4 1 0 768796 0 0 0 
2000 2 1 1 0 0 0.52722 0.123685 0.650905 2.87635e+07 2.11417e+07 2.61491e+06 2.7595e+06 0.00483975 0.00483975 13355.3 13355.3 1 0.021 139208 2923.38 0 0 
2000 2 1 2 0 0 0.356125 0.134761 0.490886 3.45112e+06 2.7272e+06 367520 170466 0.0078752 0.0078752 1342.45 1342.45 1 0.801 27178.2 21769.8 0 0 
2000 2 1 3 0 0 0.326928 0.132654 0.459582 549312 440390 58419.7 84239.6 0.0106172 0.0106172 894.386 894.386 1 0.988 5832.15 5762.16 0 0 
2000 2 1 4 0 0 0.306281 0.132654 0.438935 1.36332e+06 1.10349e+06 146382 121701 0.0122191 0.0122191 1487.08 1487.08 1 1 16658.6 16658.6 0 0 
2001 1 1 1 0 0 0.403479 0.773394 1.17687 1.35583e+08 7.96949e+07 6.16356e+07 5.67804e+07 0.00452018 0.00452018 256658 256658 1 0.021 612860 12870.1 0 0 
2001 1 1 2 0 0 0.359245 0.842652 1.2019 1.50023e+07 8.72975e+06 7.35614e+06 8.54941e+06 0.00869118 0.00869118 74304.5 74304.5 1 0.801 130388 104441 0 0 
2001 1 1 3 0 0 0.293175 0.829481 1.12266 2.11237e+06 1.26929e+06 1.05285e+06 1.0982e+06 0.0115285 0.0115285 12660.6 12660.6 1 0.988 24352.5 24060.3 0 0 
2001 1 1 4 0 0 0.232513 0.829481 1.06199 1.22588e+06 755197 626421 972050 0.0166412 0.0166412 16176.1 16176.1 1 1 20400.2 20400.2 0 0 
2001 2 1 0 0 0 0.589463 0.0500532 0.639516 4.03235e+08 2.97896e+08 1.49107e+07 4.70803e+07 0.00311949 0.00311949 146867 146867 1 0 1.25789e+06 0 0 0 
2001 2 1 1 0 0 0.511828 0.384006 0.895835 4.17922e+07 2.76054e+07 1.06006e+07 3.12687e+06 0.00502922 0.00502922 15725.7 15725.7 1 0.021 210182 4413.83 0 0 
2001 2 1 2 0 0 0.356847 0.418394 0.775241 4.51004e+06 3.13806e+06 1.31294e+06 473865 0.0121224 0.0121224 5744.38 5744.38 1 0.801 54672.5 43792.7 0 0 
2001 2 1 3 0 0 0.323054 0.411854 0.734908 687397 486803 200492 49244.4 0.0165276 0.0165276 813.891 813.891 1 0.988 11361 11224.7 0 0 
2001 2 1 4 0 0 0.301057 0.411854 0.712911 423868 303098 124832 98136.5 0.0235893 0.0235893 2314.97 2314.97 1 1 9998.74 9998.74 0 0 
2002 1 1 1 0 0 0.445075 0.764195 1.20927 2.12726e+08 1.23418e+08 9.43151e+07 8.48784e+07 0.00595887 0.00595887 505780 505780 1 0.021 1.26761e+06 26619.7 0 0 
2002 1 1 2 0 0 0.415779 0.832629 1.24841 1.70624e+07 9.74532e+06 8.11423e+06 1.07722e+07 0.00743556 0.00743556 80097.4 80097.4 1 0.801 126868 101622 0 0 
2002 1 1 3 0 0 0.347434 0.819614 1.16705 2.07729e+06 1.22588e+06 1.00475e+06 1.2125e+06 0.00981692 0.00981692 11903 11903 1 0.988 20392.6 20147.9 0 0 
2002 1 1 4 0 0 0.277373 0.819614 1.09699 537427 326343 267475 225121 0.0138159 0.0138159 3110.25 3110.25 1 1 7425.03 7425.03 0 0 
2002 2 1 0 0 0 0.645268 0.00369194 0.64896 2.54333e+07 1.87101e+07 69076.6 16032.9 0.00384856 0.00384856 61.7036 61.7036 1 0 97881.6 0 0 0 
2002 2 1 1 0 0 0.54882 0.0283244 0.577144 6.34805e+07 4.8231e+07 1.36611e+06 604815 0.00668041 0.00668041 4040.41 4040.41 1 0.021 424076 8905.59 0 0 
2002 2 1 2 0 0 0.444703 0.0308609 0.475563 4.89624e+06 3.89655e+06 120251 107905 0.0107805 0.0107805 1163.27 1163.27 1 0.801 52783.7 42279.7 0 0 
2002 2 1 3 0 0 0.353299 0.0303785 0.383678 646629 537033 16314.2 15217.4 0.0143627 0.0143627 218.563 218.563 1 0.988 9287.33 9175.88 0 0 
2002 2 1 4 0 0 0.332471 0.0303785 0.362849 179434 150485 4571.5 5587.97 0.016502 0.016502 92.2126 92.2126 1 1 2961.02 2961.02 0 0 
2003 1 1 1 0 0 0.465118 0.568166 1.03328 1.32912e+07 8.28589e+06 4.70776e+06 3.84291e+06 0.00364495 0.00364495 14007.2 14007.2 1 0.021 48445.5 1017.36 0 0 
2003 1 1 2 0 0 0.433309 0.619046 1.05235 3.56443e+07 2.20461e+07 1.36476e+07 1.33022e+07 0.00720947 0.00720947 95902.2 95902.2 1 0.801 256976 205838 0 0 
2003 1 1 3 0 0 0.380325 0.609369 0.989695 3.04318e+06 1.93197e+06 1.17728e+06 1.11744e+06 0.00949516 0.00949516 10610.3 10610.3 1 0.988 28895.5 28548.8 0 0 
2003 1 1 4 0 0 0.322034 0.609369 0.931403 565412 367874 224171 302389 0.0128458 0.0128458 3884.44 3884.44 1 1 7263.18 7263.18 0 0 
2003 2 1 0 0 0 0.663083 0.0150835 0.678167 1.51094e+08 1.09718e+08 1.65493e+06 2.47352e+06 0.0021662 0.0021662 5358.14 5358.14 1 0 327301 0 0 0 
2003 2 1 1 0 0 0.566066 0.11572 0.681786 4.72948e+06 3.42882e+06 396783 386042 0.00271216 0.00271216 1047.01 1047.01 1 0.021 12827.1 269.37 0 0 
2003 2 1 2 0 0 0.456306 0.126083 0.582389 1.24439e+07 9.43223e+06 1.18924e+06 4.39007e+06 0.00359061 0.00359061 15763 15763 1 0.801 44681.3 35789.7 0 0 
2003 2 1 3 0 0 0.368449 0.124112 0.492561 1.13112e+06 893166 110853 140974 0.00839994 0.00839994 1184.18 1184.18 1 0.988 9501.35 9387.34 0 0 
2003 2 1 4 0 0 0.363442 0.124112 0.487555 222772 176313 21882.5 31173.7 0.00907227 0.00907227 282.816 282.816 1 1 2021.05 2021.05 0 0 
2004 1 1 1 0 0 0.525117 0.634636 1.15975 7.66874e+07 4.53898e+07 2.8806e+07 3.06536e+07 0.00506054 0.00506054 155124 155124 1 0.021 388079 8149.67 0 0 
2004 1 1 2 0 0 0.456027 0.691469 1.1475 2.39176e+06 1.4227e+06 983752 785501 0.00829117 0.00829117 6512.72 6512.72 1 0.801 19830.5 15884.2 0 0 
2004 1 1 3 0 0 0.40293 0.68066 1.08359 6.95072e+06 4.24399e+06 2.88872e+06 2.36427e+06 0.00895199 0.00895199 21164.9 21164.9 1 0.988 62222.8 61476.1 0 0 
2004 1 1 4 0 0 0.345889 0.68066 1.02655 827993 517629 352329 479839 0.0103704 0.0103704 4976.14 4976.14 1 1 8586.65 8586.65 0 0 
2004 2 1 0 0 0 0.678731 0.00766339 0.686394 6.78569e+07 4.90951e+07 376234 565737 0.00351016 0.00351016 1985.83 1985.83 1 0 238189 0 0 0 
2004 2 1 1 0 0 0.600988 0.0587932 0.659781 2.40464e+07 1.76047e+07 1.03504e+06 2.47912e+06 0.00452028 0.00452028 11206.3 11206.3 1 0.021 108696 2282.62 0 0 
2004 2 1 2 0 0 0.457937 0.0640582 0.521995 759218 591475 37888.8 110000 0.00663683 0.00663683 730.05 730.05 1 0.801 5038.8 4036.08 0 0 
2004 2 1 3 0 0 0.366294 0.0630569 0.429351 2.35198e+06 1.91219e+06 120577 229911 0.00667307 0.00667307 1534.21 1534.21 1 0.988 15694.9 15506.6 0 0 
2004 2 1 4 0 0 0.359899 0.0630569 0.422956 296621 241875 15251.9 47092.4 0.00875601 0.00875601 412.342 412.342 1 1 2597.22 2597.22 0 0 
2005 1 1 1 0 0 0.518059 0.7383 1.25636 3.41583e+07 1.94481e+07 1.43586e+07 1.11055e+07 0.00650114 0.00650114 72198.3 72198.3 1 0.021 222068 4663.43 0 0 
2005 1 1 2 0 0 0.406568 1.09317 1.49974 1.24311e+07 6.43888e+06 7.03879e+06 4.435e+06 0.00874342 0.00874342 38777 38777 1 0.801 108690 87061.1 0 0 
2005 1 1 3 0 0 0.377609 1.08989 1.4675 450471 236209 257443 262670 0.0103178 0.0103178 2710.18 2710.18 1 0.988 4647.87 4592.1 0 0 
2005 1 1 4 0 0 0.305588 1.08989 1.39548 1.72529e+06 930083 1.01369e+06 434852 0.0121192 0.0121192 5270.08 5270.08 1 1 20909.2 20909.2 0 0 
2005 2 1 0 0 0 0.662479 0.00050542 0.662985 1.51408e+08 1.1069e+08 55944.7 43821 0.00303922 0.00303922 133.182 133.182 1 0 460161 0 0 0 
2005 2 1 1 0 0 0.526723 0.0524009 0.579124 9.72449e+06 7.38183e+06 386815 383088 0.00527553 0.00527553 2020.99 2020.99 1 0.021 51301.8 1077.34 0 0 
2005 2 1 2 0 0 0.379626 0.0775878 0.457214 2.77449e+06 2.22677e+06 172771 211421 0.00851335 0.00851335 1799.9 1799.9 1 0.801 23620.2 18919.8 0 0 
2005 2 1 3 0 0 0.358943 0.0773554 0.436299 103834 84146.5 6509.19 13595.8 0.0113422 0.0113422 154.206 154.206 1 0.988 1177.71 1163.57 0 0 
2005 2 1 4 0 0 0.342496 0.0773554 0.419851 427378 349002 26997.2 27445.6 0.0130316 0.0130316 357.661 357.661 1 1 5569.44 5569.44 0 0 
2006 1 1 1 0 0 0.542972 0.892956 1.43593 7.8022e+07 4.14094e+07 3.69768e+07 3.36e+07 0.00588713 0.00588713 197808 197808 1 0.021 459325 9645.83 0 0 
2006 1 1 2 0 0 0.41723 1.32216 1.73939 5.4495e+06 2.58275e+06 3.41482e+06 2.59043e+06 0.00967212 0.00967212 25055 25055 1 0.801 52708.2 42219.3 0 0 
2006 1 1 3 0 0 0.329124 1.3182 1.64733 1.75637e+06 860886 1.13482e+06 816673 0.0116368 0.0116368 9503.44 9503.44 1 0.988 20438.5 20193.3 0 0 
2006 1 1 4 0 0 0.276517 1.3182 1.59472 347970 173914 229254 162611 0.0130066 0.0130066 2115.01 2115.01 1 1 4525.91 4525.91 0 0 
2006 2 1 0 0 0 0.694809 0.000725714 0.695535 7.66908e+07 5.52623e+07 40104.6 37198.8 0.00318698 0.00318698 118.552 118.552 1 0 244412 0 0 0 
2006 2 1 1 0 0 0.551003 0.0752406 0.626244 1.8561e+07 1.37939e+07 1.03786e+06 799907 0.00553201 0.00553201 4425.09 4425.09 1 0.021 102680 2156.27 0 0 
2006 2 1 2 0 0 0.398628 0.111406 0.510034 957080 749709 83521.8 93858.5 0.00892724 0.00892724 837.897 837.897 1 0.801 8544.08 6843.81 0 0 
2006 2 1 3 0 0 0.354705 0.111072 0.465777 338215 270377 30031.2 43488.2 0.0118937 0.0118937 517.234 517.234 1 0.988 4022.61 3974.34 0 0 
2006 2 1 4 0 0 0.338286 0.111072 0.449358 70626 56890 6318.87 19492.3 0.0136652 0.0136652 266.366 266.366 1 1 965.119 965.119 0 0 
2007 1 1 1 0 0 0.525538 0.349891 0.875429 3.82539e+07 2.54894e+07 8.91852e+06 1.05806e+07 0.00555428 0.00555428 58767.8 58767.8 1 0.021 212473 4461.94 0 0 
2007 1 1 2 0 0 0.387092 0.518069 0.90516 9.92263e+06 6.5283e+06 3.38211e+06 4.67424e+06 0.00943141 0.00943141 44084.7 44084.7 1 0.801 93584.4 74961.1 0 0 
2007 1 1 3 0 0 0.299414 0.516517 0.81593 574703 392869 202923 315238 0.0134636 0.0134636 4244.24 4244.24 1 0.988 7737.56 7644.71 0 0 
2007 1 1 4 0 0 0.264352 0.516517 0.780869 257342 178618 92259.1 171663 0.0147248 0.0147248 2527.69 2527.69 1 1 3789.3 3789.3 0 0 
2007 2 1 0 0 0 0.730896 0 0.730896 2.0869e+08 1.48051e+08 0 0 0.00410617 0.00410617 0 0 1 0 856915 0 0 0 
2007 2 1 1 0 0 0.535841 0 0.535841 1.59398e+07 1.23398e+07 0 0 0.0070049 0.0070049 0 0 1 0.021 111657 2344.79 0 0 
2007 2 1 2 0 0 0.410703 0 0.410703 4.01348e+06 3.29144e+06 0 0 0.0113106 0.0113106 0 0 1 0.801 45394.7 36361.2 0 0 
2007 2 1 3 0 0 0.378673 0 0.378673 254150 211570 0 0 0.0150758 0.0150758 0 0 1 0.988 3831.52 3785.54 0 0 
2007 2 1 4 0 0 0.3617 0 0.3617 117865 98902.2 0 0 0.01734 0.01734 0 0 1 1 2043.77 2043.77 0 0 
2008 1 1 1 0 0 0.523393 0.626472 1.14986 1.00479e+08 5.9711e+07 3.74072e+07 2.67348e+07 0.00627378 0.00627378 167728 167728 1 0.021 630385 13238.1 0 0 
2008 1 1 2 0 0 0.396475 0.927589 1.32406 9.32759e+06 5.17042e+06 4.79603e+06 4.00909e+06 0.0108517 0.0108517 43505.3 43505.3 1 0.801 101220 81077.2 0 0 
2008 1 1 3 0 0 0.289375 0.924811 1.21419 2.66167e+06 1.54118e+06 1.4253e+06 1.20489e+06 0.0132873 0.0132873 16009.6 16009.6 1 0.988 35366.3 34941.9 0 0 
2008 1 1 4 0 0 0.265795 0.924811 1.19061 256126 149717 138460 214392 0.0157877 0.0157877 3384.75 3384.75 1 1 4043.62 4043.62 0 0 
2008 2 1 0 0 0 0.693712 0.000346363 0.694058 6.98617e+07 5.03743e+07 17447.8 6294.87 0.00449592 0.00449592 28.3012 28.3012 1 0 314093 0 0 0 
2008 2 1 1 0 0 0.582327 0.0359103 0.618237 3.18198e+07 2.37325e+07 852240 280589 0.00780411 0.00780411 2189.74 2189.74 1 0.021 248325 5214.82 0 0 
2008 2 1 2 0 0 0.437032 0.0531708 0.490203 2.48162e+06 1.96168e+06 104304 74658 0.0125938 0.0125938 940.229 940.229 1 0.801 31253.1 25033.7 0 0 
2008 2 1 3 0 0 0.371266 0.0530115 0.424278 790388 644113 34145.4 32806.5 0.0167786 0.0167786 550.447 550.447 1 0.988 13261.6 13102.5 0 0 
2008 2 1 4 0 0 0.364322 0.0530115 0.417334 77871.6 63665.4 3375 5707.17 0.0192778 0.0192778 110.021 110.021 1 1 1501.19 1501.19 0 0 
2009 1 1 1 0 0 0.444855 0.75703 1.20188 3.48991e+07 2.03077e+07 1.53735e+07 1.8898e+07 0.00617048 0.00617048 116610 116610 1 0.021 215344 4522.22 0 0 
2009 1 1 2 0 0 0.332107 1.1209 1.45301 1.71475e+07 9.04142e+06 1.01345e+07 1.42652e+07 0.00940682 0.00940682 134190 134190 1 0.801 161303 129204 0 0 
2009 1 1 3 0 0 0.271229 1.11754 1.38877 1.52e+06 821545 918113 1.55625e+06 0.0121023 0.0121023 18834.1 18834.1 1 0.988 18395.4 18174.7 0 0 
2009 1 1 4 0 0 0.246817 1.11754 1.36436 568407 310148 346604 392316 0.0132195 0.0132195 5186.2 5186.2 1 1 7514.04 7514.04 0 0 
2009 2 1 0 0 0 0.669338 0.000708686 0.670046 4.96402e+08 3.61767e+08 256379 978566 0.00282302 0.00282302 2762.51 2762.51 1 0 1.40135e+06 0 0 0 
2009 2 1 1 0 0 0.566456 0.0734752 0.639931 1.04916e+07 7.74939e+06 569388 2.2541e+06 0.00490024 0.00490024 11045.6 11045.6 1 0.021 51411.4 1079.64 0 0 
2009 2 1 2 0 0 0.431943 0.108792 0.540735 4.0102e+06 3.0976e+06 336993 278061 0.00790773 0.00790773 2198.83 2198.83 1 0.801 31711.6 25401 0 0 
2009 2 1 3 0 0 0.38661 0.108466 0.495076 379059 298971 32428 11997.4 0.0105354 0.0105354 126.397 126.397 1 0.988 3993.53 3945.61 0 0 
2009 2 1 4 0 0 0.367908 0.108466 0.476373 145253 115553 12533.5 3447.23 0.0121046 0.0121046 41.7274 41.7274 1 1 1758.23 1758.23 0 0 
2010 1 1 1 0 0 0.450948 0.279785 0.730733 2.54002e+08 1.8021e+08 5.04201e+07 3.9951e+07 0.00629966 0.00629966 251677 251677 1 0.021 1.60012e+06 33602.6 0 0 
2010 1 1 2 0 0 0.344339 0.727112 1.07145 5.53252e+06 3.395e+06 2.46854e+06 2.13023e+06 0.0123727 0.0123727 26356.7 26356.7 1 0.801 68452.4 54830.4 0 0 
2010 1 1 3 0 0 0.280679 0.820502 1.10118 2.33522e+06 1.41558e+06 1.16149e+06 941995 0.0138827 0.0138827 13077.4 13077.4 1 0.988 32419.1 32030.1 0 0 
2010 1 1 4 0 0 0.246314 0.820502 1.06682 321252 197512 162059 108212 0.0171797 0.0171797 1859.05 1859.05 1 1 5519.01 5519.01 0 0 
2010 2 1 0 0 0 0.674501 0.000740134 0.675241 3.29851e+07 2.39834e+07 17750.9 9754.08 0.00337498 0.00337498 32.9198 32.9198 1 0 111324 0 0 0 
2010 2 1 1 0 0 0.624328 0.0138955 0.638224 1.22316e+08 9.0415e+07 1.25636e+06 1.1843e+06 0.00585835 0.00585835 6938.03 6938.03 1 0.021 716570 15048 0 0 
2010 2 1 2 0 0 0.453414 0.036112 0.489526 1.89495e+06 1.4984e+06 54110.1 35268.1 0.00945387 0.00945387 333.42 333.42 1 0.801 17914.6 14349.6 0 0 
2010 2 1 3 0 0 0.412842 0.0407502 0.453592 776410 624183 25435.6 15734.9 0.0125953 0.0125953 198.186 198.186 1 0.988 9779.11 9661.76 0 0 
2010 2 1 4 0 0 0.383625 0.0407502 0.424375 110544 90081.6 3670.84 2409.68 0.0144713 0.0144713 34.8713 34.8713 1 1 1599.72 1599.72 0 0 
2011 1 1 1 0 0 0.487689 0.315632 0.803321 1.67905e+07 1.15409e+07 3.64268e+06 1.89405e+06 0.00529715 0.00529715 10033 10033 1 0.021 88941.8 1867.78 0 0 
2011 1 1 2 0 0 0.335809 0.820272 1.15608 6.46109e+07 3.8299e+07 3.14156e+07 3.26917e+07 0.00873028 0.00873028 285407 285407 1 0.801 564071 451821 0 0 
2011 1 1 3 0 0 0.293636 0.925628 1.21926 1.16145e+06 671143 621229 1.30518e+06 0.012692 0.012692 16565.4 16565.4 1 0.988 14741.1 14564.2 0 0 
2011 1 1 4 0 0 0.254828 0.925628 1.18046 565601 331976 307286 265602 0.0147748 0.0147748 3924.2 3924.2 1 1 8356.62 8356.62 0 0 
2011 2 1 0 0 0 0.723393 0.000518496 0.723911 4.2102e+07 2.99605e+07 15534.4 4500.97 0.00279966 0.00279966 12.6012 12.6012 1 0 117871 0 0 0 
2011 2 1 1 0 0 0.664835 0.00973442 0.674569 7.51944e+06 5.469e+06 53237.6 38621.5 0.00485969 0.00485969 187.688 187.688 1 0.021 36542.2 767.386 0 0 
2011 2 1 2 0 0 0.442114 0.025298 0.467412 2.03342e+07 1.62433e+07 410925 325110 0.00784229 0.00784229 2549.61 2549.61 1 0.801 159466 127733 0 0 
2011 2 1 3 0 0 0.4262 0.0285473 0.454747 343147 275720 7871.07 13950.9 0.0104482 0.0104482 145.762 145.762 1 0.988 3585.26 3542.24 0 0 
2011 2 1 4 0 0 0.388043 0.0285473 0.41659 173718 142075 4055.87 1216.73 0.0120044 0.0120044 14.6061 14.6061 1 1 2085.39 2085.39 0 0 
2012 1 1 1 0 0 0.54368 0.0603222 0.604002 2.04133e+07 1.53227e+07 924301 383090 0.00639396 0.00639396 2449.46 2449.46 1 0.021 130521 2740.95 0 0 
2012 1 1 2 0 0 0.4137 0.156767 0.570467 3.83022e+06 2.91892e+06 457589 419086 0.00950165 0.00950165 3982.01 3982.01 1 0.801 36393.4 29151.1 0 0 
2012 1 1 3 0 0 0.333056 0.176902 0.509958 1.27418e+07 9.9814e+06 1.76573e+06 3.35394e+06 0.011274 0.011274 37812.3 37812.3 1 0.988 143651 141927 0 0 
2012 1 1 4 0 0 0.295306 0.176902 0.472207 332294 264857 46853.8 128653 0.0144972 0.0144972 1865.11 1865.11 1 1 4817.35 4817.35 0 0 
2012 2 1 0 0 0 0.716407 0 0.716407 9.52546e+07 6.80092e+07 0 5.80579 0.00378879 0.00378879 0.021997 0.021997 1 0 360900 0 0 0 
2012 2 1 1 0 0 0.637897 0 0.637897 1.11583e+07 8.24932e+06 0 169.054 0.00657665 0.00657665 1.11181 1.11181 1 0.021 73384.2 1541.07 0 0 
2012 2 1 2 0 0 0.434298 0 0.434298 2.16508e+06 1.7562e+06 0 115.983 0.010613 0.010613 1.23093 1.23093 1 0.801 22978 18405.4 0 0 
2012 2 1 3 0 0 0.407071 0 0.407071 7.65173e+06 6.28579e+06 0 373.403 0.0141396 0.0141396 5.27977 5.27977 1 0.988 108193 106894 0 0 
2012 2 1 4 0 0 0.380673 0 0.380673 207227 172347 0 20.9336 0.0162457 0.0162457 0.34008 0.34008 1 1 3366.54 3366.54 0 0 
2013 1 1 1 0 0 0.541468 0.379627 0.921095 4.65322e+07 3.04079e+07 1.15436e+07 1.80902e+07 0.00468059 0.00468059 84673 84673 1 0.021 217798 4573.77 0 0 
2013 1 1 2 0 0 0.452085 0.986583 1.43867 5.89606e+06 3.12599e+06 3.08405e+06 7.91636e+06 0.00650886 0.00650886 51526.5 51526.5 1 0.801 38376.6 30739.7 0 0 
2013 1 1 3 0 0 0.335123 1.1133 1.44842 1.40236e+06 740730 824655 2.18164e+06 0.0100728 0.0100728 21975.3 21975.3 1 0.988 14125.8 13956.2 0 0 
2013 1 1 4 0 0 0.296363 1.1133 1.40966 5.23459e+06 2.80647e+06 3.12444e+06 4.30112e+06 0.0113217 0.0113217 48695.8 48695.8 1 1 59264.2 59264.2 0 0 
2013 2 1 0 0 0 0.653095 0 0.653095 5.46434e+07 4.01246e+07 0 3061.56 0.00376404 0.00376404 11.5238 11.5238 1 0 205680 0 0 0 
2013 2 1 1 0 0 0.580585 0 0.580585 1.85237e+07 1.4052e+07 0 598300 0.00653368 0.00653368 3909.1 3909.1 1 0.021 121028 2541.58 0 0 
2013 2 1 2 0 0 0.389672 0 0.389672 1.3988e+06 1.15847e+06 0 131429 0.0105437 0.0105437 1385.75 1385.75 1 0.801 14748.5 11813.6 0 0 
2013 2 1 3 0 0 0.364612 0 0.364612 329472 276088 0 99528.5 0.0140472 0.0140472 1398.1 1398.1 1 0.988 4628.16 4572.62 0 0 
2013 2 1 4 0 0 0.348432 0 0.348432 1.27842e+06 1.07946e+06 0 48585.2 0.0161395 0.0161395 784.142 784.142 1 1 20633.1 20633.1 0 0 
2014 1 1 1 0 0 0.473238 0.217938 0.691176 2.84382e+07 2.05317e+07 4.47464e+06 8.93e+06 0.0047311 0.0047311 42248.7 42248.7 1 0.021 134544 2825.42 0 0 
2014 1 1 2 0 0 0.439206 0.566382 1.00559 1.03653e+07 6.53685e+06 3.70236e+06 3.35361e+06 0.00705648 0.00705648 23664.7 23664.7 1 0.801 73142.6 58587.3 0 0 
2014 1 1 3 0 0 0.29694 0.639128 0.936068 947380 615178 393177 401389 0.00948051 0.00948051 3805.37 3805.37 1 0.988 8981.64 8873.86 0 0 
2014 1 1 4 0 0 0.277897 0.639128 0.917025 1.13111e+06 740435 473233 359563 0.0117233 0.0117233 4215.27 4215.27 1 1 13260.3 13260.3 0 0 
2014 2 1 0 0 0 0.634841 0.000454103 0.635295 2.24648e+08 1.66276e+08 75506.2 924941 0.0030237 0.0030237 2796.75 2796.75 1 0 679269 0 0 0 
2014 2 1 1 0 0 0.523679 0.00852547 0.532204 1.42472e+07 1.10478e+07 94187.5 131242 0.0052486 0.0052486 688.836 688.836 1 0.021 74777.6 1570.33 0 0 
2014 2 1 2 0 0 0.347514 0.0221562 0.36967 3.79194e+06 3.17e+06 70235.1 98187.1 0.00846989 0.00846989 831.633 831.633 1 0.801 32117.3 25726 0 0 
2014 2 1 3 0 0 0.326506 0.0250019 0.351508 371531 313256 7832 23065.2 0.0112843 0.0112843 260.275 260.275 1 0.988 4192.48 4142.17 0 0 
2014 2 1 4 0 0 0.319289 0.0250019 0.344291 452112 382496 9563.14 24526.9 0.0129651 0.0129651 317.994 317.994 1 1 5861.69 5861.69 0 0 
2015 1 1 1 0 0 0.514166 0.212638 0.726803 1.19014e+08 8.45845e+07 1.79858e+07 2.53264e+07 0.00548385 0.00548385 138886 138886 1 0.021 652653 13705.7 0 0 
2015 1 1 2 0 0 0.390459 0.552608 0.943067 8.36748e+06 5.41735e+06 2.99367e+06 1.91822e+06 0.0083179 0.0083179 15955.6 15955.6 1 0.801 69599.9 55749.5 0 0 
2015 1 1 3 0 0 0.27124 0.623584 0.894824 2.62009e+06 1.73142e+06 1.07968e+06 579249 0.0105941 0.0105941 6136.62 6136.62 1 0.988 27757.5 27424.4 0 0 
2015 1 1 4 0 0 0.250925 0.623584 0.874509 581841 387845 241854 171513 0.014 0.014 2401.19 2401.19 1 1 8145.79 8145.79 0 0 
2015 2 1 0 0 0 0.605735 0 0.605735 3.02274e+07 2.26718e+07 0 0.312266 0.00402323 0.00402323 0.00125632 0.00125632 1 0 121612 0 0 0 
2015 2 1 1 0 0 0.515667 0 0.515667 5.75374e+07 4.49548e+07 0 111.945 0.0068634 0.0068634 0.768322 0.768322 1 0.021 394903 8292.95 0 0 
2015 2 1 2 0 0 0.330908 0 0.330908 3.25856e+06 2.77428e+06 0 19.3067 0.0110821 0.0110821 0.213959 0.213959 1 0.801 36111.7 28925.5 0 0 
2015 2 1 3 0 0 0.322548 0 0.322548 1.07078e+06 915249 0 11.422 0.0147713 0.0147713 0.168718 0.168718 1 0.988 15816.8 15627 0 0 
2015 2 1 4 0 0 0.304218 0 0.304218 242666 209230 0 4.26596 0.0169897 0.0169897 0.0724775 0.0724775 1 1 4122.83 4122.83 0 0 
2016 1 1 1 0 0 0.514166 0.014886 0.529052 1.64943e+07 1.28087e+07 190670 207811 0.00519196 0.00519196 1078.95 1078.95 1 0.021 85637.6 1798.39 0 0 
2016 1 1 2 0 0 0.390459 0.0386861 0.429145 3.43557e+07 2.79344e+07 1.08067e+06 1.19324e+06 0.010116 0.010116 12070.8 12070.8 1 0.801 347543 278382 0 0 
2016 1 1 3 0 0 0.27124 0.0436549 0.314895 2.34053e+06 2.00784e+06 87652.1 97377.9 0.0124981 0.0124981 1217.04 1217.04 1 0.988 29252.3 28901.2 0 0 
2016 1 1 4 0 0 0.250925 0.0436549 0.29458 954580 826826 36095 16759.6 0.0146557 0.0146557 245.624 245.624 1 1 13990 13990 0 0 
2016 2 1 0 0 0 0.605735 0 0.605735 2.56787e+08 1.92601e+08 0 17.1357 0.00315042 0.00315042 0.0539846 0.0539846 1 0 808987 0 0 0 
2016 2 1 1 0 0 0.515667 0 0.515667 9.71783e+06 7.59267e+06 0 7.69189 0.00540135 0.00540135 0.0415465 0.0415465 1 0.021 52489.3 1102.28 0 0 
2016 2 1 2 0 0 0.330908 0 0.330908 2.23678e+07 1.90435e+07 0 14.6339 0.00869115 0.00869115 0.127185 0.127185 1 0.801 194402 155716 0 0 
2016 2 1 3 0 0 0.322548 0 0.322548 1.70827e+06 1.46015e+06 0 2.31683 0.0115716 0.0115716 0.0268094 0.0268094 1 0.988 19767.4 19530.2 0 0 
2016 2 1 4 0 0 0.304218 0 0.304218 711013 613043 0 1.10822 0.0133094 0.0133094 0.0147497 0.0147497 1 1 9463.17 9463.17 0 0 
2017 1 1 1 0 0 0.514166 0.2836 0.797766 1.40122e+08 9.65447e+07 2.73801e+07 3.30379e+07 0.00528506 0.00528506 174607 174607 1 0.021 740551 15551.6 0 0 
2017 1 1 2 0 0 0.390459 0.737027 1.12749 5.80253e+06 3.47978e+06 2.56469e+06 3.01541e+06 0.00710092 0.00710092 21412.2 21412.2 1 0.801 41203.3 33003.9 0 0 
2017 1 1 3 0 0 0.27124 0.83169 1.10293 1.60662e+07 9.73212e+06 8.09411e+06 4.60363e+06 0.00922437 0.00922437 42465.6 42465.6 1 0.988 148200 146422 0 0 
2017 1 1 4 0 0 0.250925 0.83169 1.08262 1.76182e+06 1.07617e+06 895039 103491 0.0106601 0.0106601 1103.22 1103.22 1 1 18781.1 18781.1 0 0 
2017 2 1 0 0 0 0.605735 0.000282443 0.606018 2.31549e+07 1.7365e+07 4904.62 2513.16 0.00288973 0.00288973 7.26235 7.26235 1 0 66911.5 0 0 0 
2017 2 1 1 0 0 0.515667 0.00530268 0.52097 6.31015e+07 4.91828e+07 260800 253383 0.00595615 0.00595615 1509.19 1509.19 1 0.021 375842 7892.68 0 0 
2017 2 1 2 0 0 0.330908 0.0137807 0.344689 1.87913e+06 1.58948e+06 21904.3 39606.5 0.00821346 0.00821346 325.306 325.306 1 0.801 15434.2 12362.8 0 0 
2017 2 1 3 0 0 0.322548 0.0155507 0.338098 5.33231e+06 4.52444e+06 70358.3 38166.9 0.0105095 0.0105095 401.114 401.114 1 0.988 56039.8 55367.3 0 0 
2017 2 1 4 0 0 0.304218 0.0155507 0.319768 596743 510740 7942.37 6786.24 0.0124141 0.0124141 84.2452 84.2452 1 1 7408.05 7408.05 0 0 
2018 1 1 1 0 0  -1 -1 -1 1.26315e+07  -1  -1  -1 0.00469505  -1 -1 -1 -1 0.021 59305.4 1245.41 0 0 
2018 1 1 2 0 0  -1 -1 -1 3.74788e+07  -1  -1  -1 0.00704563  -1 -1 -1 -1 0.801 264062 211513 0 0 
2018 1 1 3 0 0  -1 -1 -1 1.33125e+06  -1  -1  -1 0.0094891  -1 -1 -1 -1 0.988 12632.4 12480.8 0 0 
2018 1 1 4 0 0  -1 -1 -1 4.23603e+06  -1  -1  -1 0.0115139  -1 -1 -1 -1 1 48773.2 48773.2 0 0 
