Year Quarter Species.n Age M1 M2 M F Z N N.bar C.hat C.obs west weca Yield CWsum prop.landed propmat BIO SSB Lsea ration
1983 1 1 1 0 0 0.395819 0.187005 0.582824 1.42525e+07 1.08009e+07 2.01983e+06 1.84599e+06 0.0048618 0.0048618 8974.82 8974.82 1 0.021 69292.8 1455.15 0 0 
1983 1 1 2 0 0 0.352847 0.694287 1.04713 5.11628e+07 3.17128e+07 2.20178e+07 2.89709e+07 0.00973705 0.00973705 282091 282091 1 0.801 498175 399038 0 0 
1983 1 1 3 0 0 0.295101 1.02861 1.32371 2.98922e+06 1.6572e+06 1.70461e+06 772469 0.0171762 0.0171762 13268.1 13268.1 1 0.988 51343.5 50727.3 0 0 
1983 1 1 4 0 0 0.269117 1.02861 1.29773 238368 133508 137328 320070 0.0205468 0.0205468 6576.43 6576.43 1 1 4897.71 4897.71 0 0 
1983 2 1 0 0 0 0.511974 0.0122186 0.524193 2.91842e+08 2.27134e+08 2.77525e+06 1.02226e+07 0.00330879 0.00330879 33824.4 33824.4 1 0 965643 0 0 0 
1983 2 1 1 0 0 0.480756 0.0629952 0.543751 7.95745e+06 6.13814e+06 386673 263866 0.00401463 0.00401463 1059.32 1059.32 1 0.021 31946.2 670.87 0 0 
1983 2 1 2 0 0 0.388363 0.23388 0.622243 1.79552e+07 1.33676e+07 3.12642e+06 3.08503e+06 0.00828264 0.00828264 25552.2 25552.2 1 0.801 148716 119122 0 0 
1983 2 1 3 0 0 0.355307 0.346501 0.701808 795569 571687 198090 564013 0.0131614 0.0131614 7423.22 7423.22 1 0.988 10470.8 10345.2 0 0 
1983 2 1 4 0 0 0.351067 0.346501 0.697568 65110.8 46875.7 16242.5 2198.88 0.0115649 0.0115649 25.4297 25.4297 1 1 752.996 752.996 0 0 
1984 1 1 1 0 0 0.400692 0.213564 0.614256 1.7278e+08 1.29097e+08 2.75705e+07 4.71171e+07 0.00546153 0.00546153 257331 257331 1 0.021 943643 19816.5 0 0 
1984 1 1 2 0 0 0.359702 0.792892 1.15259 4.61982e+06 2.74234e+06 2.17438e+06 1.70111e+06 0.0101074 0.0101074 17193.7 17193.7 1 0.801 46694.3 37402.1 0 0 
1984 1 1 3 0 0 0.274046 1.1747 1.44874 9.63724e+06 5.08978e+06 5.97895e+06 1.00025e+07 0.0140566 0.0140566 140600 140600 1 0.988 135466 133841 0 0 
1984 1 1 4 0 0 0.255654 1.1747 1.43035 426766 226988 266642 333197 0.0134165 0.0134165 4470.32 4470.32 1 1 5725.68 5725.68 0 0 
1984 2 1 0 0 0 0.501684 0.0133463 0.51503 7.79944e+07 6.09558e+07 813534 0 0.00368394 0.00368394 0 0 1 0 287327 0 0 0 
1984 2 1 1 0 0 0.466168 0.0688092 0.534978 9.34815e+07 7.23975e+07 4.98161e+06 9.24129e+06 0.00732208 0.00732208 67665.4 67665.4 1 0.021 684479 14374.1 0 0 
1984 2 1 2 0 0 0.386275 0.255465 0.64174 1.45902e+06 1.0768e+06 275085 89838.4 0.0128095 0.0128095 1150.78 1150.78 1 0.801 18689.2 14970.1 0 0 
1984 2 1 3 0 0 0.336395 0.378481 0.714876 2.26346e+06 1.61714e+06 612056 566198 0.0168425 0.0168425 9536.16 9536.16 1 0.988 38122.1 37664.7 0 0 
1984 2 1 4 0 0 0.34811 0.378481 0.72659 102093 72565.6 27464.7 42957.7 0.0157961 0.0157961 678.564 678.564 1 1 1612.67 1612.67 0 0 
1985 1 1 1 0 0 0.384902 0.227911 0.612813 4.66003e+07 3.48411e+07 7.94069e+06 6.21684e+06 0.00507786 0.00507786 31568.3 31568.3 1 0.021 236630 4969.22 0 0 
1985 1 1 2 0 0 0.346352 0.846158 1.19251 5.47505e+07 3.19796e+07 2.70598e+07 3.13643e+07 0.00915445 0.00915445 287123 287123 1 0.801 501210 401469 0 0 
1985 1 1 3 0 0 0.29004 1.25361 1.54365 767991 391247 490472 1.98716e+06 0.0163999 0.0163999 32589.2 32589.2 1 0.988 12595 12443.9 0 0 
1985 1 1 4 0 0 0.264157 1.25361 1.51777 1.15677e+06 595088 746009 211484 0.0178896 0.0178896 3783.37 3783.37 1 1 20694.2 20694.2 0 0 
1985 2 1 0 0 0 0.515995 0.0143194 0.530314 5.27054e+08 4.09049e+08 5.85733e+06 8.52406e+06 0.0029841 0.0029841 25436.7 25436.7 1 0 1.57278e+06 0 0 0 
1985 2 1 1 0 0 0.468187 0.0738261 0.542013 2.52492e+07 1.94919e+07 1.43901e+06 1.35357e+06 0.00584444 0.00584444 7910.86 7910.86 1 0.021 147567 3098.91 0 0 
1985 2 1 2 0 0 0.384666 0.274091 0.658757 1.66145e+07 1.21693e+07 3.3355e+06 2.30521e+06 0.0106746 0.0106746 24607.2 24607.2 1 0.801 177354 142060 0 0 
1985 2 1 3 0 0 0.363462 0.406076 0.769538 164043 114424 46464.9 1.59487e+06 0.0128942 0.0128942 20564.6 20564.6 1 0.988 2115.2 2089.82 0 0 
1985 2 1 4 0 0 0.344414 0.406076 0.75049 253564 178347 72422.5 212744 0.0165975 0.0165975 3531.02 3531.02 1 1 4208.53 4208.53 0 0 
1986 1 1 1 0 0 0.375586 0.177358 0.552944 3.10129e+08 2.38227e+08 4.22514e+07 4.49397e+07 0.00529385 0.00529385 237904 237904 1 0.021 1.64178e+06 34477.3 0 0 
1986 1 1 2 0 0 0.342321 0.658469 1.00079 1.46843e+07 9.27919e+06 6.11007e+06 7.55329e+06 0.0117065 0.0117065 88422.5 88422.5 1 0.801 171902 137693 0 0 
1986 1 1 3 0 0 0.282014 0.975546 1.25756 8.59792e+06 4.89291e+06 4.77325e+06 1.65219e+06 0.0116861 0.0116861 19307.6 19307.6 1 0.988 100476 99270.2 0 0 
1986 1 1 4 0 0 0.267111 0.975546 1.24266 195706 112036 109296 30901.2 0.0135576 0.0135576 418.948 418.948 1 1 2653.31 2653.31 0 0 
1986 2 1 0 0 0 0.531211 0.00475867 0.53597 7.67226e+07 5.93916e+07 282625 87141.1 0.00298063 0.00298063 259.735 259.735 1 0 228681 0 0 0 
1986 2 1 1 0 0 0.477662 0.0245342 0.502196 1.78403e+08 1.40251e+08 3.44094e+06 4.16254e+06 0.00745594 0.00745594 31035.7 31035.7 1 0.021 1.33016e+06 27933.4 0 0 
1986 2 1 2 0 0 0.412134 0.0910871 0.503221 5.39779e+06 4.24146e+06 386343 227967 0.0126971 0.0126971 2894.52 2894.52 1 0.801 68536.1 54897.4 0 0 
1986 2 1 3 0 0 0.379668 0.134949 0.514616 2.44479e+06 1.91107e+06 257896 187509 0.0127752 0.0127752 2395.47 2395.47 1 0.988 31232.7 30858 0 0 
1986 2 1 4 0 0 0.360619 0.134949 0.495568 56483.9 44539.8 6010.6 14004.8 0.0146781 0.0146781 205.564 205.564 1 1 829.075 829.075 0 0 
1987 1 1 1 0 0 0.387399 0.115785 0.503184 4.48905e+07 3.52746e+07 4.08427e+06 4.504e+06 0.00715293 0.00715293 32216.8 32216.8 1 0.021 321099 6743.07 0 0 
1987 1 1 2 0 0 0.349411 0.429871 0.779283 1.07969e+08 7.49921e+07 3.2237e+07 2.35717e+07 0.0106181 0.0106181 250288 250288 1 0.801 1.14643e+06 918294 0 0 
1987 1 1 3 0 0 0.286902 0.63687 0.923771 3.2634e+06 2.13015e+06 1.35662e+06 1.19872e+06 0.0184988 0.0184988 22174.9 22174.9 1 0.988 60369 59644.6 0 0 
1987 1 1 4 0 0 0.271239 0.63687 0.908109 1.49574e+06 982841 625942 170802 0.0147187 0.0147187 2513.99 2513.99 1 1 22015.3 22015.3 0 0 
1987 2 1 0 0 0 0.537637 0.00824299 0.54588 4.86724e+07 3.75082e+07 309179 186628 0.00402264 0.00402264 750.735 750.735 1 0 195791 0 0 0 
1987 2 1 1 0 0 0.47658 0.0424983 0.519078 2.71409e+07 2.11725e+07 899796 1.9383e+06 0.00784818 0.00784818 15212.1 15212.1 1 0.021 213007 4473.14 0 0 
1987 2 1 2 0 0 0.418229 0.157782 0.57601 4.95293e+07 3.76505e+07 5.94056e+06 4.17345e+06 0.0112314 0.0112314 46873.8 46873.8 1 0.801 556286 445585 0 0 
1987 2 1 3 0 0 0.381382 0.233759 0.615141 1.29563e+06 967678 226203 122748 0.0201833 0.0201833 2477.46 2477.46 1 0.988 26150 25836.2 0 0 
1987 2 1 4 0 0 0.366019 0.233759 0.599778 603210 453648 106044 31939.6 0.0160738 0.0160738 513.391 513.391 1 1 9695.86 9695.86 0 0 
1988 1 1 1 0 0 0.394122 0.193671 0.587793 2.81975e+07 2.1321e+07 4.12926e+06 1.99696e+06 0.0061208 0.0061208 12223 12223 1 0.021 172591 3624.42 0 0 
1988 1 1 2 0 0 0.360197 0.719036 1.07923 1.61507e+07 9.87905e+06 7.10339e+06 8.56424e+06 0.0103786 0.0103786 88884.9 88884.9 1 0.801 167622 134265 0 0 
1988 1 1 3 0 0 0.297752 1.06528 1.36303 2.78423e+07 1.51999e+07 1.61921e+07 1.52293e+07 0.0159637 0.0159637 243116 243116 1 0.988 444467 439133 0 0 
1988 1 1 4 0 0 0.292881 1.06528 1.35816 1.03149e+06 564192 601021 2.35402e+06 0.017758 0.017758 41802.6 41802.6 1 1 18317.2 18317.2 0 0 
1988 2 1 0 0 0 0.54597 0.00478509 0.550755 2.00872e+08 1.54454e+08 739075 0 0.00393409 0.00393409 0 0 1 0 790248 0 0 0 
1988 2 1 1 0 0 0.475009 0.0246704 0.499679 1.56652e+07 1.23293e+07 304170 0 0.00682887 0.00682887 0 0 1 0.021 106975 2246.48 0 0 
1988 2 1 2 0 0 0.418519 0.0915928 0.510112 5.48892e+06 4.29948e+06 393802 161558 0.0120218 0.0120218 1942.22 1942.22 1 0.801 65986.6 52855.3 0 0 
1988 2 1 3 0 0 0.372786 0.135698 0.508484 7.12441e+06 5.58472e+06 757836 1.43883e+06 0.0170481 0.0170481 24529.5 24529.5 1 0.988 121458 120000 0 0 
1988 2 1 4 0 0 0.366103 0.135698 0.501801 265232 208549 28299.7 46948.5 0.024442 0.024442 1147.51 1147.51 1 1 6482.8 6482.8 0 0 
1989 1 1 1 0 0 0.415694 0.670619 1.08631 1.15805e+08 7.06296e+07 4.73656e+07 6.25027e+07 0.00498354 0.00498354 311485 311485 1 0.021 577121 12119.5 0 0 
1989 1 1 2 0 0 0.381899 0.879141 1.26104 9.50446e+06 5.40132e+06 4.74852e+06 6.36362e+06 0.00862559 0.00862559 54890 54890 1 0.801 81981.6 65667.3 0 0 
1989 1 1 3 0 0 0.31859 0.889139 1.20773 3.2957e+06 1.91326e+06 1.70115e+06 1.34585e+06 0.00905536 0.00905536 12187.2 12187.2 1 0.988 29843.8 29485.7 0 0 
1989 1 1 4 0 0 0.290792 0.889139 1.17993 4.44525e+06 2.60966e+06 2.32035e+06 4.7365e+06 0.0120466 0.0120466 57058.6 57058.6 1 1 53550 53550 0 0 
1989 2 1 0 0 0 0.523023 0.00117079 0.524194 9.36303e+07 7.28702e+07 85315.6 467.877 0.00621381 0.00621381 2.9073 2.9073 1 0 581800 0 0 0 
1989 2 1 1 0 0 0.448891 0.0270225 0.475913 3.90795e+07 3.10954e+07 840276 757493 0.0096339 0.0096339 7297.62 7297.62 1 0.021 376488 7906.24 0 0 
1989 2 1 2 0 0 0.393401 0.0354249 0.428826 2.69318e+06 2.19013e+06 77584.9 77199.8 0.0155247 0.0155247 1198.51 1198.51 1 0.801 41810.8 33490.5 0 0 
1989 2 1 3 0 0 0.365748 0.0358277 0.401576 985005 811244 29065 16375.7 0.0171969 0.0171969 281.612 281.612 1 0.988 16939.1 16735.8 0 0 
1989 2 1 4 0 0 0.356954 0.0358277 0.392781 1.36602e+06 1.12968e+06 40473.8 57548.9 0.0282663 0.0282663 1626.69 1626.69 1 1 38612.4 38612.4 0 0 
1990 1 1 1 0 0 0.40157 0.651575 1.05314 5.54321e+07 3.42738e+07 2.23319e+07 1.68463e+07 0.00661143 0.00661143 111378 111378 1 0.021 366486 7696.21 0 0 
1990 1 1 2 0 0 0.343173 0.854175 1.19735 2.42807e+07 1.41547e+07 1.20906e+07 1.39168e+07 0.00962998 0.00962998 134019 134019 1 0.801 233823 187292 0 0 
1990 1 1 3 0 0 0.29181 0.863889 1.1557 1.75399e+06 1.03986e+06 898328 2.05955e+06 0.0142239 0.0142239 29294.9 29294.9 1 0.988 24948.7 24649.3 0 0 
1990 1 1 4 0 0 0.285141 0.863889 1.14903 1.58154e+06 940165 812198 621957 0.0169916 0.0169916 10568 10568 1 1 26872.8 26872.8 0 0 
1990 2 1 0 0 0 0.543411 0.00194794 0.545359 1.34532e+08 1.03698e+08 201998 521856 0.00500976 0.00500976 2614.37 2614.37 1 0 673973 0 0 0 
1990 2 1 1 0 0 0.475775 0.0449595 0.520734 1.93369e+07 1.50732e+07 677686 1.257e+06 0.00897962 0.00897962 11287.4 11287.4 1 0.021 173638 3646.4 0 0 
1990 2 1 2 0 0 0.404175 0.0589392 0.463114 7.33264e+06 5.86909e+06 345919 416960 0.0130851 0.0130851 5455.98 5455.98 1 0.801 95948.6 76854.9 0 0 
1990 2 1 3 0 0 0.367537 0.0596095 0.427147 552223 449425 26790 62063.2 0.0193258 0.0193258 1199.42 1199.42 1 0.988 10672.1 10544.1 0 0 
1990 2 1 4 0 0 0.368295 0.0596095 0.427905 501258 407804 24309 18356.7 0.0230855 0.0230855 423.773 423.773 1 1 11571.8 11571.8 0 0 
1991 1 1 1 0 0 0.394066 0.373345 0.767411 7.79793e+07 5.44432e+07 2.03261e+07 1.49386e+07 0.00779886 0.00779886 116504 116504 1 0.021 608150 12771.1 0 0 
1991 1 1 2 0 0 0.329801 0.489433 0.819233 1.14877e+07 7.84184e+06 3.83805e+06 6.86977e+06 0.0141629 0.0141629 97295.7 97295.7 1 0.801 162699 130322 0 0 
1991 1 1 3 0 0 0.2462 0.494999 0.741199 4.61459e+06 3.25896e+06 1.61318e+06 983098 0.0378024 0.0378024 37163.4 37163.4 1 0.988 174442 172349 0 0 
1991 1 1 4 0 0 0.245573 0.494999 0.740572 687009 485321 240233 338126 0.0196013 0.0196013 6627.71 6627.71 1 1 13466.3 13466.3 0 0 
1991 2 1 0 0 0 0.549777 0.00525353 0.555031 1.55997e+08 1.19716e+08 628933 7.34359e+06 0.00375643 0.00375643 27585.7 27585.7 1 0 585991 0 0 0 
1991 2 1 1 0 0 0.451794 0.121255 0.573048 3.6199e+07 2.75542e+07 3.34107e+06 6.91686e+06 0.00613177 0.00613177 42412.6 42412.6 1 0.021 221964 4661.25 0 0 
1991 2 1 2 0 0 0.385651 0.158957 0.544608 5.06345e+06 3.90427e+06 620612 208518 0.01181 0.01181 2462.6 2462.6 1 0.801 59799.3 47899.2 0 0 
1991 2 1 3 0 0 0.349013 0.160765 0.509778 2.19904e+06 1.72278e+06 276963 67283.4 0.0319872 0.0319872 2152.21 2152.21 1 0.988 70341.3 69497.2 0 0 
1991 2 1 4 0 0 0.354593 0.160765 0.515358 327594 255990 41154.3 0 0.0171578 0.0171578 0 0 1 1 5620.79 5620.79 0 0 
1992 1 1 1 0 0 0.39139 0.645018 1.03641 8.95508e+07 5.57548e+07 3.59629e+07 5.08834e+07 0.00778906 0.00778906 396334 396334 1 0.021 697517 14647.8 0 0 
1992 1 1 2 0 0 0.31261 0.845579 1.15819 2.04092e+07 1.20875e+07 1.02209e+07 8.45091e+06 0.011872 0.011872 100329 100329 1 0.801 242297 194080 0 0 
1992 1 1 3 0 0 0.233517 0.855196 1.08871 2.93715e+06 1.7896e+06 1.53046e+06 845007 0.017682 0.017682 14941.4 14941.4 1 0.988 51934.7 51311.5 0 0 
1992 1 1 4 0 0 0.235205 0.855196 1.0904 1.51648e+06 923345 789641 523702 0.0190325 0.0190325 9967.37 9967.37 1 1 28862.4 28862.4 0 0 
1992 2 1 0 0 0 0.533079 0.00329043 0.536369 3.61927e+07 2.8012e+07 92171.3 104413 0.00493269 0.00493269 515.036 515.036 1 0 178528 0 0 0 
1992 2 1 1 0 0 0.424299 0.075945 0.500244 3.1766e+07 2.49951e+07 1.89826e+06 3.04121e+06 0.00953331 0.00953331 28992.8 28992.8 1 0.021 302836 6359.55 0 0 
1992 2 1 2 0 0 0.365457 0.0995593 0.465017 6.40959e+06 5.12577e+06 510318 297654 0.0152849 0.0152849 4549.61 4549.61 1 0.801 97969.8 78473.8 0 0 
1992 2 1 3 0 0 0.327794 0.100692 0.428486 988790 804223 80978.5 122334 0.0196919 0.0196919 2408.99 2408.99 1 0.988 19471.1 19237.5 0 0 
1992 2 1 4 0 0 0.335485 0.100692 0.436177 509660 413051 41590.7 26492.8 0.0211753 0.0211753 560.992 560.992 1 1 10792.2 10792.2 0 0 
1993 1 1 1 0 0 0.399754 0.284381 0.684135 2.1168e+07 1.53305e+07 4.35971e+06 2.18091e+06 0.007334 0.007334 15994.8 15994.8 1 0.021 155246 3260.16 0 0 
1993 1 1 2 0 0 0.340489 0.372806 0.713295 1.92624e+07 1.37717e+07 5.13417e+06 5.88223e+06 0.0114754 0.0114754 67500.7 67500.7 1 0.801 221043 177055 0 0 
1993 1 1 3 0 0 0.2524 0.377046 0.629445 4.02602e+06 2.98772e+06 1.12651e+06 1.63838e+06 0.0144173 0.0144173 23621 23621 1 0.988 58044.5 57348 0 0 
1993 1 1 4 0 0 0.233913 0.377046 0.610959 973689 728594 274713 491024 0.0202074 0.0202074 9922.31 9922.31 1 1 19675.7 19675.7 0 0 
1993 2 1 0 0 0 0.511967 0.00148858 0.513456 1.4971e+08 1.17089e+08 174296 1.6241e+06 0.00401517 0.00401517 6521.03 6521.03 1 0 601110 0 0 0 
1993 2 1 1 0 0 0.392222 0.0343572 0.426579 1.06798e+07 8.69401e+06 298702 362388 0.00750659 0.00750659 2720.3 2720.3 1 0.021 80168.8 1683.55 0 0 
1993 2 1 2 0 0 0.324686 0.0450402 0.369727 9.43908e+06 7.8907e+06 355399 271130 0.0104751 0.0104751 2840.11 2840.11 1 0.801 98875.2 79199 0 0 
1993 2 1 3 0 0 0.315059 0.0455525 0.360612 2.14541e+06 1.80117e+06 82048 156038 0.0136024 0.0136024 2122.49 2122.49 1 0.988 29182.8 28832.6 0 0 
1993 2 1 4 0 0 0.312085 0.0455525 0.357638 528547 444361 20241.7 42948.5 0.0182007 0.0182007 781.695 781.695 1 1 9619.95 9619.95 0 0 
1994 1 1 1 0 0 0.378328 0.232049 0.610377 8.95901e+07 6.70562e+07 1.55603e+07 2.21725e+07 0.00549797 0.00549797 121904 121904 1 0.021 492563 10343.8 0 0 
1994 1 1 2 0 0 0.323887 0.304202 0.628089 6.97111e+06 5.17642e+06 1.57467e+06 2.66874e+06 0.00865172 0.00865172 23089.2 23089.2 1 0.801 60312.1 48310 0 0 
1994 1 1 3 0 0 0.253442 0.307661 0.561103 6.52168e+06 4.99114e+06 1.53558e+06 1.1951e+06 0.01274 0.01274 15225.6 15225.6 1 0.988 83086.2 82089.2 0 0 
1994 1 1 4 0 0 0.228605 0.307661 0.536266 1.86552e+06 1.44392e+06 444237 881749 0.0198085 0.0198085 17466.1 17466.1 1 1 36953.1 36953.1 0 0 
1994 2 1 0 0 0 0.511619 0.00111261 0.512731 2.14824e+08 1.68071e+08 186997 0 0.00437711 0.00437711 0 0 1 0 940311 0 0 0 
1994 2 1 1 0 0 0.435043 0.0256796 0.460723 4.86605e+07 3.89912e+07 1.00128e+06 1.53319e+06 0.00759787 0.00759787 11649 11649 1 0.021 369716 7764.04 0 0 
1994 2 1 2 0 0 0.354719 0.0336644 0.388383 3.71986e+06 3.08259e+06 103774 125736 0.012261 0.012261 1541.65 1541.65 1 0.801 45609.2 36533 0 0 
1994 2 1 3 0 0 0.327442 0.0340472 0.361489 3.72114e+06 3.12278e+06 106322 54805.4 0.0163352 0.0163352 895.258 895.258 1 0.988 60785.5 60056.1 0 0 
1994 2 1 4 0 0 0.320421 0.0340472 0.354468 1.09119e+06 918758 31281.2 78355.7 0.0187683 0.0187683 1470.61 1470.61 1 1 20479.9 20479.9 0 0 
1995 1 1 1 0 0 0.370428 0.431041 0.801469 1.28649e+08 8.84978e+07 3.81462e+07 3.66773e+07 0.00761039 0.00761039 279128 279128 1 0.021 979070 20560.5 0 0 
1995 1 1 2 0 0 0.329489 0.565068 0.894557 3.06964e+07 2.02872e+07 1.14636e+07 6.23617e+06 0.011309 0.011309 70524.7 70524.7 1 0.801 347145 278063 0 0 
1995 1 1 3 0 0 0.250474 0.571494 0.821968 2.52263e+06 1.71998e+06 982959 737271 0.0140643 0.0140643 10369.2 10369.2 1 0.988 35479 35053.3 0 0 
1995 1 1 4 0 0 0.226946 0.571494 0.79844 3.35781e+06 2.31288e+06 1.3218e+06 288655 0.019011 0.019011 5487.62 5487.62 1 1 63835.4 63835.4 0 0 
1995 2 1 0 0 0 0.50965 0.00225144 0.511902 5.617e+07 4.39621e+07 98978 75643.5 0.00382878 0.00382878 289.623 289.623 1 0 215063 0 0 0 
1995 2 1 1 0 0 0.463373 0.0519646 0.515338 5.7721e+07 4.5105e+07 2.34386e+06 3.43966e+06 0.00679562 0.00679562 23374.6 23374.6 1 0.021 392250 8237.24 0 0 
1995 2 1 2 0 0 0.373617 0.0681224 0.441739 1.25483e+07 1.01435e+07 691001 940195 0.00994214 0.00994214 9347.55 9347.55 1 0.801 124757 99930.5 0 0 
1995 2 1 3 0 0 0.340753 0.0688971 0.40965 1.10886e+06 909820 62684 108547 0.0141028 0.0141028 1530.82 1530.82 1 0.988 15638 15450.4 0 0 
1995 2 1 4 0 0 0.331086 0.0688971 0.399983 1.51112e+06 1.24547e+06 85809.4 28180.4 0.0189865 0.0189865 535.048 535.048 1 1 28690.8 28690.8 0 0 
1996 1 1 1 0 0 0.334434 0.39096 0.725395 3.36658e+07 2.39415e+07 9.36018e+06 1.04023e+07 0.00557897 0.00557897 58034 58034 1 0.021 187820 3944.23 0 0 
1996 1 1 2 0 0 0.299167 0.512525 0.811692 3.44767e+07 2.36116e+07 1.21015e+07 1.2301e+07 0.00838117 0.00838117 103097 103097 1 0.801 288955 231453 0 0 
1996 1 1 3 0 0 0.246104 0.518353 0.764458 8.06753e+06 5.63982e+06 2.92342e+06 4.52684e+06 0.012211 0.012211 55277.2 55277.2 1 0.988 98512.6 97330.4 0 0 
1996 1 1 4 0 0 0.218691 0.518353 0.737044 1.7491e+06 1.23753e+06 641476 860500 0.0177327 0.0177327 15259 15259 1 1 31016.2 31016.2 0 0 
1996 2 1 0 0 0 0.538404 0.00258803 0.540992 3.91321e+08 3.02233e+08 782186 6.4702e+06 0.00286687 0.00286687 18549.2 18549.2 1 0 1.12187e+06 0 0 0 
1996 2 1 1 0 0 0.482626 0.0597332 0.542359 1.62987e+07 1.25803e+07 751462 1.06433e+06 0.00463624 0.00463624 4934.49 4934.49 1 0.021 75564.8 1586.86 0 0 
1996 2 1 2 0 0 0.385202 0.0783065 0.463508 1.53113e+07 1.2253e+07 959490 1.02659e+06 0.00758058 0.00758058 7782.15 7782.15 1 0.801 116068 92970.8 0 0 
1996 2 1 3 0 0 0.349554 0.0791971 0.428751 3.75613e+06 3.05464e+06 241919 210861 0.00954845 0.00954845 2013.39 2013.39 1 0.988 35865.2 35434.9 0 0 
1996 2 1 4 0 0 0.342861 0.0791971 0.422058 836991 682796 54075.4 65068.1 0.0141776 0.0141776 922.512 922.512 1 1 11866.6 11866.6 0 0 
1997 1 1 1 0 0 0.364195 0.325184 0.689379 2.27816e+08 1.64609e+08 5.3528e+07 3.86671e+07 0.00725091 0.00725091 280372 280372 1 0.021 1.65187e+06 34689.3 0 0 
1997 1 1 2 0 0 0.316464 0.426296 0.74276 9.47568e+06 6.68744e+06 2.85083e+06 2.33175e+06 0.00825643 0.00825643 19252 19252 1 0.801 78235.2 62666.4 0 0 
1997 1 1 3 0 0 0.267127 0.431144 0.698271 9.63191e+06 6.93222e+06 2.98878e+06 3.52152e+06 0.00992747 0.00992747 34959.8 34959.8 1 0.988 95620.5 94473.1 0 0 
1997 1 1 4 0 0 0.229033 0.431144 0.660177 2.99527e+06 2.19249e+06 945279 713371 0.014425 0.014425 10290.4 10290.4 1 1 43206.6 43206.6 0 0 
1997 2 1 0 0 0 0.55249 0.00512476 0.557615 6.09264e+07 4.67017e+07 239335 18648.6 0.00370051 0.00370051 69.0094 69.0094 1 0 225459 0 0 0 
1997 2 1 1 0 0 0.496684 0.118283 0.614967 1.14338e+08 8.54031e+07 1.01017e+07 8.8991e+06 0.00845048 0.00845048 75201.6 75201.6 1 0.021 966210 20290.4 0 0 
1997 2 1 2 0 0 0.37997 0.155061 0.535031 4.50852e+06 3.49157e+06 541407 176552 0.0141876 0.0141876 2504.84 2504.84 1 0.801 63964.8 51235.8 0 0 
1997 2 1 3 0 0 0.345815 0.156825 0.50264 4.79135e+06 3.76593e+06 590591 164393 0.0154685 0.0154685 2542.91 2542.91 1 0.988 74115.1 73225.7 0 0 
1997 2 1 4 0 0 0.339628 0.156825 0.496453 1.54783e+06 1.22003e+06 191331 55769.7 0.0160852 0.0160852 897.068 897.068 1 1 24897.2 24897.2 0 0 
1998 1 1 1 0 0 0.408801 0.495861 0.904662 3.48848e+07 2.29563e+07 1.13831e+07 9.38718e+06 0.00631255 0.00631255 59257 59257 1 0.021 220212 4624.45 0 0 
1998 1 1 2 0 0 0.343595 0.650043 0.993638 6.18178e+07 3.91804e+07 2.54689e+07 2.83637e+07 0.00889349 0.00889349 252253 252253 1 0.801 549776 440371 0 0 
1998 1 1 3 0 0 0.2986 0.657436 0.956036 2.64042e+06 1.70015e+06 1.11774e+06 2.1644e+06 0.0115379 0.0115379 24972.7 24972.7 1 0.988 30465 30099.4 0 0 
1998 1 1 4 0 0 0.244308 0.657436 0.901744 3.84058e+06 2.53047e+06 1.66362e+06 1.50458e+06 0.0134787 0.0134787 20279.9 20279.9 1 1 51766.2 51766.2 0 0 
1998 2 1 0 0 0 0.591014 0.00212397 0.593138 1.13763e+08 8.58126e+07 182263 211225 0.00322968 0.00322968 682.189 682.189 1 0 367418 0 0 0 
1998 2 1 1 0 0 0.524745 0.0490225 0.573767 1.41171e+07 1.07423e+07 526613 438058 0.00669453 0.00669453 2932.6 2932.6 1 0.021 94507.6 1984.66 0 0 
1998 2 1 2 0 0 0.376775 0.0642655 0.44104 2.28866e+07 1.85065e+07 1.18933e+06 1.38355e+06 0.00995526 0.00995526 13773.6 13773.6 1 0.801 227842 182502 0 0 
1998 2 1 3 0 0 0.343408 0.0649964 0.408404 1.01501e+06 833301 54161.6 136051 0.0118944 0.0118944 1618.24 1618.24 1 0.988 12073 11928.1 0 0 
1998 2 1 4 0 0 0.33624 0.0649964 0.401236 1.55874e+06 1.28398e+06 83453.7 89798 0.0145223 0.0145223 1304.08 1304.08 1 1 22636.6 22636.6 0 0 
1999 1 1 1 0 0 0.444463 0.756193 1.20066 6.28644e+07 3.65987e+07 2.76757e+07 4.46207e+07 0.00533871 0.00533871 238217 238217 1 0.021 335615 7047.91 0 0 
1999 1 1 2 0 0 0.368846 0.824724 1.19357 7.95358e+06 4.64368e+06 3.82975e+06 5.4328e+06 0.00750406 0.00750406 40768.1 40768.1 1 0.801 59684.2 47807 0 0 
1999 1 1 3 0 0 0.306067 0.82243 1.1285 1.47245e+07 8.82664e+06 7.25929e+06 1.01584e+07 0.0103302 0.0103302 104938 104938 1 0.988 152107 150281 0 0 
1999 1 1 4 0 0 0.254354 0.82243 1.07678 1.71826e+06 1.05208e+06 865263 698833 0.0130668 0.0130668 9131.52 9131.52 1 1 22452.1 22452.1 0 0 
1999 2 1 0 0 0 0.59425 0.0171407 0.611391 1.52882e+08 1.14377e+08 1.9605e+06 440365 0.0034233 0.0034233 1507.5 1507.5 1 0 523362 0 0 0 
1999 2 1 1 0 0 0.542169 0.131593 0.673762 1.8922e+07 1.37672e+07 1.81166e+06 2.49827e+06 0.00594223 0.00594223 14845.3 14845.3 1 0.021 112439 2361.21 0 0 
1999 2 1 2 0 0 0.383259 0.143519 0.526778 2.41103e+06 1.87423e+06 268988 205055 0.00958922 0.00958922 1966.31 1966.31 1 0.801 23119.9 18519 0 0 
1999 2 1 3 0 0 0.341452 0.14312 0.484572 4.76365e+06 3.77535e+06 540327 717189 0.0127756 0.0127756 9162.53 9162.53 1 0.988 60858.6 60128.2 0 0 
1999 2 1 4 0 0 0.333115 0.14312 0.476235 585391 465725 66654.4 148612 0.0146785 0.0146785 2181.4 2181.4 1 1 8592.68 8592.68 0 0 
2000 1 1 1 0 0 0.458266 0.593691 1.05196 8.29533e+07 5.13154e+07 3.04655e+07 3.2625e+07 0.00628743 0.00628743 205127 205127 1 0.021 521563 10952.8 0 0 
2000 1 1 2 0 0 0.380795 0.647496 1.02829 9.64618e+06 6.02606e+06 3.90184e+06 3.35527e+06 0.00872596 0.00872596 29277.9 29277.9 1 0.801 84172.2 67421.9 0 0 
2000 1 1 3 0 0 0.313523 0.645695 0.959218 1.42372e+06 915498 591132 629743 0.0119047 0.0119047 7496.91 7496.91 1 0.988 16949 16745.6 0 0 
2000 1 1 4 0 0 0.247384 0.645695 0.893078 3.29782e+06 2.1809e+06 1.40819e+06 1.07647e+06 0.0144788 0.0144788 15586 15586 1 1 47748.6 47748.6 0 0 
2000 2 1 0 0 0 0.581549 0.016058 0.597607 2.46029e+08 1.85209e+08 2.97408e+06 7.8868e+06 0.00311918 0.00311918 24600.4 24600.4 1 0 767409 0 0 0 
2000 2 1 1 0 0 0.52722 0.123281 0.650501 2.89717e+07 2.12986e+07 2.62571e+06 2.7595e+06 0.00483975 0.00483975 13355.3 13355.3 1 0.021 140216 2944.54 0 0 
2000 2 1 2 0 0 0.356125 0.134454 0.490579 3.44965e+06 2.72642e+06 366577 170466 0.0078752 0.0078752 1342.45 1342.45 1 0.801 27166.7 21760.5 0 0 
2000 2 1 3 0 0 0.326928 0.13408 0.461008 545559 437094 58605.4 84239.6 0.0106172 0.0106172 894.386 894.386 1 0.988 5792.3 5722.79 0 0 
2000 2 1 4 0 0 0.306281 0.13408 0.440361 1.35011e+06 1.09206e+06 146424 121701 0.0122191 0.0122191 1487.08 1487.08 1 1 16497.1 16497.1 0 0 
2001 1 1 1 0 0 0.403479 0.772119 1.1756 1.35347e+08 7.95972e+07 6.14585e+07 5.67804e+07 0.00452018 0.00452018 256658 256658 1 0.021 611794 12847.7 0 0 
2001 1 1 2 0 0 0.359245 0.842093 1.20134 1.5117e+07 8.79846e+06 7.40912e+06 8.54941e+06 0.00869118 0.00869118 74304.5 74304.5 1 0.801 131384 105239 0 0 
2001 1 1 3 0 0 0.293175 0.839751 1.13293 2.11212e+06 1.26383e+06 1.0613e+06 1.0982e+06 0.0115285 0.0115285 12660.6 12660.6 1 0.988 24349.6 24057.4 0 0 
2001 1 1 4 0 0 0.232513 0.839751 1.07226 1.21326e+06 744259 624992 972050 0.0166412 0.0166412 16176.1 16176.1 1 1 20190.1 20190.1 0 0 
2001 2 1 0 0 0 0.589463 0.0498555 0.639318 3.96001e+08 2.92578e+08 1.45866e+07 4.70803e+07 0.00311949 0.00311949 146867 146867 1 0 1.23532e+06 0 0 0 
2001 2 1 1 0 0 0.511828 0.382753 0.894581 4.17728e+07 2.76073e+07 1.05668e+07 3.12687e+06 0.00502922 0.00502922 15725.7 15725.7 1 0.021 210085 4411.78 0 0 
2001 2 1 2 0 0 0.356847 0.417441 0.774287 4.54706e+06 3.16513e+06 1.32125e+06 473865 0.0121224 0.0121224 5744.38 5744.38 1 0.801 55121.3 44152.2 0 0 
2001 2 1 3 0 0 0.323054 0.41628 0.739334 680292 480837 200163 49244.4 0.0165276 0.0165276 813.891 813.891 1 0.988 11243.6 11108.7 0 0 
2001 2 1 4 0 0 0.301057 0.41628 0.717336 415218 296333 123357 98136.5 0.0235893 0.0235893 2314.97 2314.97 1 1 9794.68 9794.68 0 0 
2002 1 1 1 0 0 0.445075 0.762934 1.20801 2.08951e+08 1.21289e+08 9.25353e+07 8.48784e+07 0.00595887 0.00595887 505780 505780 1 0.021 1.24511e+06 26147.3 0 0 
2002 1 1 2 0 0 0.415779 0.832076 1.24785 1.70758e+07 9.75515e+06 8.11702e+06 1.07722e+07 0.00743556 0.00743556 80097.4 80097.4 1 0.801 126968 101702 0 0 
2002 1 1 3 0 0 0.347434 0.829762 1.1772 2.09634e+06 1.23206e+06 1.02231e+06 1.2125e+06 0.00981692 0.00981692 11903 11903 1 0.988 20579.6 20332.7 0 0 
2002 1 1 4 0 0 0.277373 0.829762 1.10713 527440 318948 264651 225121 0.0138159 0.0138159 3110.25 3110.25 1 1 7287.05 7287.05 0 0 
2002 2 1 0 0 0 0.645268 0.00367736 0.648946 2.55604e+07 1.88037e+07 69148 16032.9 0.00384856 0.00384856 61.7036 61.7036 1 0 98370.7 0 0 0 
2002 2 1 1 0 0 0.54882 0.028232 0.577052 6.24327e+07 4.74368e+07 1.33923e+06 604815 0.00668041 0.00668041 4040.41 4040.41 1 0.021 417076 8758.59 0 0 
2002 2 1 2 0 0 0.444703 0.0307905 0.475493 4.90281e+06 3.9019e+06 120142 107905 0.0107805 0.0107805 1163.27 1163.27 1 0.801 52854.5 42336.5 0 0 
2002 2 1 3 0 0 0.353299 0.0307049 0.384004 645970 536404 16470.2 15217.4 0.0143627 0.0143627 218.563 218.563 1 0.988 9277.87 9166.53 0 0 
2002 2 1 4 0 0 0.332471 0.0307049 0.363176 174322 146175 4488.28 5587.97 0.016502 0.016502 92.2126 92.2126 1 1 2876.65 2876.65 0 0 
2003 1 1 1 0 0 0.465118 0.567229 1.03235 1.33578e+07 8.33065e+06 4.72539e+06 3.84291e+06 0.00364495 0.00364495 14007.2 14007.2 1 0.021 48688.3 1022.45 0 0 
2003 1 1 2 0 0 0.433309 0.618635 1.05194 3.50592e+07 2.16879e+07 1.34169e+07 1.33022e+07 0.00720947 0.00720947 95902.2 95902.2 1 0.801 252758 202459 0 0 
2003 1 1 3 0 0 0.380325 0.616914 0.997239 3.04748e+06 1.9286e+06 1.18978e+06 1.11744e+06 0.00949516 0.00949516 10610.3 10610.3 1 0.988 28936.3 28589.1 0 0 
2003 1 1 4 0 0 0.322034 0.616914 0.938948 561223 363985 224547 302389 0.0128458 0.0128458 3884.44 3884.44 1 1 7209.38 7209.38 0 0 
2003 2 1 0 0 0 0.663083 0.0150239 0.678107 1.53339e+08 1.11351e+08 1.67293e+06 2.47352e+06 0.0021662 0.0021662 5358.14 5358.14 1 0 332165 0 0 0 
2003 2 1 1 0 0 0.566066 0.115342 0.681408 4.75763e+06 3.44981e+06 397909 386042 0.00271216 0.00271216 1047.01 1047.01 1 0.021 12903.5 270.973 0 0 
2003 2 1 2 0 0 0.456306 0.125796 0.582101 1.22447e+07 9.28241e+06 1.16769e+06 4.39007e+06 0.00359061 0.00359061 15763 15763 1 0.801 43965.9 35216.7 0 0 
2003 2 1 3 0 0 0.368449 0.125446 0.493895 1.12421e+06 887162 111291 140974 0.00839994 0.00839994 1184.18 1184.18 1 0.988 9443.25 9329.94 0 0 
2003 2 1 4 0 0 0.363442 0.125446 0.488888 219460 173585 21775.4 31173.7 0.00907227 0.00907227 282.816 282.816 1 1 1991 1991 0 0 
2004 1 1 1 0 0 0.525117 0.633589 1.15871 7.78316e+07 4.60866e+07 2.92e+07 3.06536e+07 0.00506054 0.00506054 155124 155124 1 0.021 393870 8271.26 0 0 
2004 1 1 2 0 0 0.456027 0.691009 1.14704 2.40691e+06 1.43198e+06 989510 785501 0.00829117 0.00829117 6512.72 6512.72 1 0.801 19956.1 15984.8 0 0 
2004 1 1 3 0 0 0.40293 0.689087 1.09202 6.8414e+06 4.16279e+06 2.86853e+06 2.36427e+06 0.00895199 0.00895199 21164.9 21164.9 1 0.988 61244.1 60509.2 0 0 
2004 1 1 4 0 0 0.345889 0.689087 1.03498 820637 511237 352287 479839 0.0103704 0.0103704 4976.14 4976.14 1 1 8510.36 8510.36 0 0 
2004 2 1 0 0 0 0.678731 0.00763312 0.686364 6.90592e+07 4.99656e+07 381394 565737 0.00351016 0.00351016 1985.83 1985.83 1 0 242409 0 0 0 
2004 2 1 1 0 0 0.600988 0.0586013 0.659589 2.44307e+07 1.78876e+07 1.04824e+06 2.47912e+06 0.00452028 0.00452028 11206.3 11206.3 1 0.021 110434 2319.11 0 0 
2004 2 1 2 0 0 0.457937 0.0639122 0.521849 764378 595534 38061.9 110000 0.00663683 0.00663683 730.05 730.05 1 0.801 5073.05 4063.51 0 0 
2004 2 1 3 0 0 0.366294 0.0637344 0.430029 2.29555e+06 1.86573e+06 118911 229911 0.00667307 0.00667307 1534.21 1534.21 1 0.988 15318.4 15134.6 0 0 
2004 2 1 4 0 0 0.359899 0.0637344 0.423633 291519 237639 15145.8 47092.4 0.00875601 0.00875601 412.342 412.342 1 1 2552.54 2552.54 0 0 
2005 1 1 1 0 0 0.518059 0.722023 1.24008 3.47646e+07 1.99222e+07 1.43843e+07 1.11055e+07 0.00650114 0.00650114 72198.3 72198.3 1 0.021 226010 4746.21 0 0 
2005 1 1 2 0 0 0.406568 1.07981 1.48638 1.26322e+07 6.57635e+06 7.1012e+06 4.435e+06 0.00874342 0.00874342 38777 38777 1 0.801 110449 88469.6 0 0 
2005 1 1 3 0 0 0.377609 1.10223 1.47984 453599 236732 260934 262670 0.0103178 0.0103178 2710.18 2710.18 1 0.988 4680.14 4623.98 0 0 
2005 1 1 4 0 0 0.305588 1.10223 1.40782 1.68408e+06 903544 995916 434852 0.0121192 0.0121192 5270.08 5270.08 1 1 20409.8 20409.8 0 0 
2005 2 1 0 0 0 0.662479 0.000494943 0.662974 1.50788e+08 1.10237e+08 54561.2 43821 0.00303922 0.00303922 133.182 133.182 1 0 458278 0 0 0 
2005 2 1 1 0 0 0.526723 0.0503809 0.577104 1.00595e+07 7.64311e+06 385067 383088 0.00527553 0.00527553 2020.99 2020.99 1 0.021 53069.2 1114.45 0 0 
2005 2 1 2 0 0 0.379626 0.0753463 0.454972 2.8573e+06 2.29561e+06 172966 211421 0.00851335 0.00851335 1799.9 1799.9 1 0.801 24325.1 19484.4 0 0 
2005 2 1 3 0 0 0.358943 0.076911 0.435854 103272 83709 6438.14 13595.8 0.0113422 0.0113422 154.206 154.206 1 0.988 1171.34 1157.28 0 0 
2005 2 1 4 0 0 0.342496 0.076911 0.419407 412054 336558 25885 27445.6 0.0130316 0.0130316 357.661 357.661 1 1 5369.75 5369.75 0 0 
2006 1 1 1 0 0 0.542972 0.87327 1.41624 7.77036e+07 4.15542e+07 3.6288e+07 3.36e+07 0.00588713 0.00588713 197808 197808 1 0.021 457451 9606.47 0 0 
2006 1 1 2 0 0 0.41723 1.306 1.72323 5.64864e+06 2.69286e+06 3.51688e+06 2.59043e+06 0.00967212 0.00967212 25055 25055 1 0.801 54634.3 43762.1 0 0 
2006 1 1 3 0 0 0.329124 1.33312 1.66225 1.81286e+06 883704 1.17809e+06 816673 0.0116368 0.0116368 9503.44 9503.44 1 0.988 21095.8 20842.6 0 0 
2006 1 1 4 0 0 0.276517 1.33312 1.60964 337687 167841 223753 162611 0.0130066 0.0130066 2115.01 2115.01 1 1 4392.17 4392.17 0 0 
2006 2 1 0 0 0 0.694809 0.000710671 0.69552 7.83969e+07 5.64921e+07 40147.3 37198.8 0.00318698 0.00318698 118.552 118.552 1 0 249849 0 0 0 
2006 2 1 1 0 0 0.551003 0.0723402 0.623343 1.88528e+07 1.4029e+07 1.01486e+06 799907 0.00553201 0.00553201 4425.09 4425.09 1 0.021 104294 2190.17 0 0 
2006 2 1 2 0 0 0.398628 0.108187 0.506815 1.00822e+06 790930 85568.4 93858.5 0.00892724 0.00892724 837.897 837.897 1 0.801 9000.58 7209.47 0 0 
2006 2 1 3 0 0 0.354705 0.110434 0.465139 343920 275019 30371.4 43488.2 0.0118937 0.0118937 517.234 517.234 1 0.988 4090.47 4041.39 0 0 
2006 2 1 4 0 0 0.338286 0.110434 0.44872 67523.7 54407.1 6008.38 19492.3 0.0136652 0.0136652 266.366 266.366 1 1 922.726 922.726 0 0 
2007 1 1 1 0 0 0.525538 0.342177 0.867715 3.91056e+07 2.61431e+07 8.94557e+06 1.05806e+07 0.00555428 0.00555428 58767.8 58767.8 1 0.021 217203 4561.27 0 0 
2007 1 1 2 0 0 0.387092 0.511737 0.898828 1.01079e+07 6.66814e+06 3.41233e+06 4.67424e+06 0.00943141 0.00943141 44084.7 44084.7 1 0.801 95331.7 76360.7 0 0 
2007 1 1 3 0 0 0.299414 0.522364 0.821778 607360 414145 216334 315238 0.0134636 0.0134636 4244.24 4244.24 1 0.988 8177.25 8079.13 0 0 
2007 1 1 4 0 0 0.264352 0.522364 0.786716 259109 179387 93705.3 171663 0.0147248 0.0147248 2527.69 2527.69 1 1 3815.31 3815.31 0 0 
2007 2 1 0 0 0 0.730896 0 0.730896 2.10303e+08 1.49196e+08 0 0 0.00410617 0.00410617 0 0 1 0 863539 0 0 0 
2007 2 1 1 0 0 0.535841 0 0.535841 1.64208e+07 1.27122e+07 0 0 0.0070049 0.0070049 0 0 1 0.021 115026 2415.55 0 0 
2007 2 1 2 0 0 0.410703 0 0.410703 4.11438e+06 3.37419e+06 0 0 0.0113106 0.0113106 0 0 1 0.801 46536 37275.3 0 0 
2007 2 1 3 0 0 0.378673 0 0.378673 267026 222288 0 0 0.0150758 0.0150758 0 0 1 0.988 4025.64 3977.33 0 0 
2007 2 1 4 0 0 0.3617 0 0.3617 117982 99000.6 0 0 0.01734 0.01734 0 0 1 1 2045.8 2045.8 0 0 
2008 1 1 1 0 0 0.523393 0.61266 1.13605 1.01256e+08 6.05115e+07 3.7073e+07 2.67348e+07 0.00627378 0.00627378 167728 167728 1 0.021 635258 13340.4 0 0 
2008 1 1 2 0 0 0.396475 0.916252 1.31273 9.60908e+06 5.35025e+06 4.90218e+06 4.00909e+06 0.0108517 0.0108517 43505.3 43505.3 1 0.801 104275 83524 0 0 
2008 1 1 3 0 0 0.289375 0.93528 1.22466 2.72859e+06 1.57332e+06 1.47149e+06 1.20489e+06 0.0132873 0.0132873 16009.6 16009.6 1 0.988 36255.5 35820.4 0 0 
2008 1 1 4 0 0 0.265795 0.93528 1.20108 265024 154267 144283 214392 0.0157877 0.0157877 3384.75 3384.75 1 1 4184.11 4184.11 0 0 
2008 2 1 0 0 0 0.693712 0.000339184 0.694051 7.33572e+07 5.28949e+07 17941.1 6294.87 0.00449592 0.00449592 28.3012 28.3012 1 0 329808 0 0 0 
2008 2 1 1 0 0 0.582327 0.034526 0.616853 3.25117e+07 2.42636e+07 837725 280589 0.00780411 0.00780411 2189.74 2189.74 1 0.021 253724 5328.21 0 0 
2008 2 1 2 0 0 0.437032 0.0516347 0.488667 2.58566e+06 2.04537e+06 105612 74658 0.0125938 0.0125938 940.229 940.229 1 0.801 32563.4 26083.2 0 0 
2008 2 1 3 0 0 0.371266 0.052707 0.423973 801820 653522 34445.2 32806.5 0.0167786 0.0167786 550.447 550.447 1 0.988 13453.4 13292 0 0 
2008 2 1 4 0 0 0.364322 0.052707 0.417029 79738 65200.5 3436.52 5707.17 0.0192778 0.0192778 110.021 110.021 1 1 1537.17 1537.17 0 0 
2009 1 1 1 0 0 0.444855 0.74034 1.1852 3.66455e+07 2.14677e+07 1.58934e+07 1.8898e+07 0.00617048 0.00617048 116610 116610 1 0.021 226120 4748.52 0 0 
2009 1 1 2 0 0 0.332107 1.1072 1.43931 1.75446e+07 9.29955e+06 1.02965e+07 1.42652e+07 0.00940682 0.00940682 134190 134190 1 0.801 165039 132196 0 0 
2009 1 1 3 0 0 0.271229 1.1302 1.40142 1.58616e+06 853113 964184 1.55625e+06 0.0121023 0.0121023 18834.1 18834.1 1 0.988 19196.1 18965.7 0 0 
2009 1 1 4 0 0 0.246817 1.1302 1.37701 577292 313449 354259 392316 0.0132195 0.0132195 5186.2 5186.2 1 1 7631.49 7631.49 0 0 
2009 2 1 0 0 0 0.669338 0.000693995 0.670032 5.04912e+08 3.67971e+08 255370 978566 0.00282302 0.00282302 2762.51 2762.51 1 0 1.42538e+06 0 0 0 
2009 2 1 1 0 0 0.566456 0.0706428 0.637098 1.1202e+07 8.28462e+06 585249 2.2541e+06 0.00490024 0.00490024 11045.6 11045.6 1 0.021 54892.6 1152.75 0 0 
2009 2 1 2 0 0 0.431943 0.105648 0.537592 4.15967e+06 3.21766e+06 339941 278061 0.00790773 0.00790773 2198.83 2198.83 1 0.801 32893.6 26347.8 0 0 
2009 2 1 3 0 0 0.38661 0.107843 0.494453 390585 308149 33231.6 11997.4 0.0105354 0.0105354 126.397 126.397 1 0.988 4114.96 4065.58 0 0 
2009 2 1 4 0 0 0.367908 0.107843 0.47575 145669 115917 12500.8 3447.23 0.0121046 0.0121046 41.7274 41.7274 1 1 1763.26 1763.26 0 0 
2010 1 1 1 0 0 0.450948 0.263968 0.714917 2.5836e+08 1.84583e+08 4.87241e+07 3.9951e+07 0.00629966 0.00629966 251677 251677 1 0.021 1.62758e+06 34179.1 0 0 
2010 1 1 2 0 0 0.344339 0.651076 0.995415 5.92391e+06 3.75181e+06 2.44271e+06 2.13023e+06 0.0123727 0.0123727 26356.7 26356.7 1 0.801 73294.8 58709.2 0 0 
2010 1 1 3 0 0 0.280679 0.909249 1.18993 2.42989e+06 1.42077e+06 1.29183e+06 941995 0.0138827 0.0138827 13077.4 13077.4 1 0.988 33733.3 33328.5 0 0 
2010 1 1 4 0 0 0.246314 0.909249 1.15556 328741 194906 177219 108212 0.0171797 0.0171797 1859.05 1859.05 1 1 5647.65 5647.65 0 0 
2010 2 1 0 0 0 0.674501 0.000867501 0.675369 3.43202e+07 2.49527e+07 21646.5 9754.08 0.00337498 0.00337498 32.9198 32.9198 1 0 115830 0 0 0 
2010 2 1 1 0 0 0.624328 0.0123781 0.636706 1.26398e+08 9.34959e+07 1.1573e+06 1.1843e+06 0.00585835 0.00585835 6938.03 6938.03 1 0.021 740484 15550.2 0 0 
2010 2 1 2 0 0 0.453414 0.0305305 0.483945 2.1893e+06 1.73559e+06 52988.4 35268.1 0.00945387 0.00945387 333.42 333.42 1 0.801 20697.3 16578.6 0 0 
2010 2 1 3 0 0 0.412842 0.0426368 0.455479 739277 593811 25318.2 15734.9 0.0125953 0.0125953 198.186 198.186 1 0.988 9311.4 9199.66 0 0 
2010 2 1 4 0 0 0.383625 0.0426368 0.426262 103514 84279.1 3593.39 2409.68 0.0144713 0.0144713 34.8713 34.8713 1 1 1497.98 1497.98 0 0 
2011 1 1 1 0 0 0.487689 0.297789 0.785478 1.74679e+07 1.21e+07 3.60324e+06 1.89405e+06 0.00529715 0.00529715 10033 10033 1 0.021 92530.1 1943.13 0 0 
2011 1 1 2 0 0 0.335809 0.734495 1.0703 6.68686e+07 4.10529e+07 3.01531e+07 3.26917e+07 0.00873028 0.00873028 285407 285407 1 0.801 583782 467609 0 0 
2011 1 1 3 0 0 0.293636 1.02575 1.31938 1.34937e+06 749351 768644 1.30518e+06 0.012692 0.012692 16565.4 16565.4 1 0.988 17126.2 16920.7 0 0 
2011 1 1 4 0 0 0.254828 1.02575 1.28057 536397 302477 310264 265602 0.0147748 0.0147748 3924.2 3924.2 1 1 7925.13 7925.13 0 0 
2011 2 1 0 0 0 0.723393 0.000607723 0.724 4.25446e+07 3.02743e+07 18398.4 4500.97 0.00279966 0.00279966 12.6012 12.6012 1 0 119110 0 0 0 
2011 2 1 1 0 0 0.664835 0.00867139 0.673506 7.96365e+06 5.79481e+06 50249.1 38621.5 0.00485969 0.00485969 187.688 187.688 1 0.021 38700.9 812.718 0 0 
2011 2 1 2 0 0 0.442114 0.0213879 0.463502 2.29295e+07 1.83497e+07 392461 325110 0.00784229 0.00784229 2549.61 2549.61 1 0.801 179820 144036 0 0 
2011 2 1 3 0 0 0.4262 0.029869 0.456069 360686 289636 8651.13 13950.9 0.0104482 0.0104482 145.762 145.762 1 0.988 3768.52 3723.3 0 0 
2011 2 1 4 0 0 0.388043 0.029869 0.417912 149053 121828 3638.88 1216.73 0.0120044 0.0120044 14.6061 14.6061 1 1 1789.29 1789.29 0 0 
2012 1 1 1 0 0 0.54368 0.0569121 0.600592 2.0626e+07 1.55062e+07 882491 383090 0.00639396 0.00639396 2449.46 2449.46 1 0.021 131882 2769.52 0 0 
2012 1 1 2 0 0 0.4137 0.140373 0.554073 4.0608e+06 3.11772e+06 437645 419086 0.00950165 0.00950165 3982.01 3982.01 1 0.801 38584.3 30906 0 0 
2012 1 1 3 0 0 0.333056 0.196036 0.529092 1.44244e+07 1.12011e+07 2.19583e+06 3.35394e+06 0.011274 0.011274 37812.3 37812.3 1 0.988 162621 160670 0 0 
2012 1 1 4 0 0 0.295306 0.196036 0.491342 326732 258141 50605 128653 0.0144972 0.0144972 1865.11 1865.11 1 1 4736.71 4736.71 0 0 
2012 2 1 0 0 0 0.716407 0 0.716407 9.8207e+07 7.01172e+07 0 5.80579 0.00378879 0.00378879 0.021997 0.021997 1 0 372086 0 0 0 
2012 2 1 1 0 0 0.637897 0 0.637897 1.13131e+07 8.36377e+06 0 169.054 0.00657665 0.00657665 1.11181 1.11181 1 0.021 74402.2 1562.45 0 0 
2012 2 1 2 0 0 0.434298 0 0.434298 2.33336e+06 1.8927e+06 0 115.983 0.010613 0.010613 1.23093 1.23093 1 0.801 24764 19835.9 0 0 
2012 2 1 3 0 0 0.407071 0 0.407071 8.49801e+06 6.981e+06 0 373.403 0.0141396 0.0141396 5.27977 5.27977 1 0.988 120159 118717 0 0 
2012 2 1 4 0 0 0.380673 0 0.380673 199896 166250 0 20.9336 0.0162457 0.0162457 0.34008 0.34008 1 1 3247.45 3247.45 0 0 
2013 1 1 1 0 0 0.541468 0.358166 0.899634 4.79745e+07 3.16377e+07 1.13316e+07 1.80902e+07 0.00468059 0.00468059 84673 84673 1 0.021 224549 4715.53 0 0 
2013 1 1 2 0 0 0.452085 0.883414 1.3355 5.97786e+06 3.29878e+06 2.91419e+06 7.91636e+06 0.00650886 0.00650886 51526.5 51526.5 1 0.801 38909.1 31166.2 0 0 
2013 1 1 3 0 0 0.335123 1.23372 1.56884 1.51136e+06 762706 940963 2.18164e+06 0.0100728 0.0100728 21975.3 21975.3 1 0.988 15223.7 15041 0 0 
2013 1 1 4 0 0 0.296363 1.23372 1.53008 5.79286e+06 2.96625e+06 3.65951e+06 4.30112e+06 0.0113217 0.0113217 48695.8 48695.8 1 1 65584.8 65584.8 0 0 
2013 2 1 0 0 0 0.653095 0 0.653095 6.27408e+07 4.60705e+07 0 3061.56 0.00376404 0.00376404 11.5238 11.5238 1 0 236159 0 0 0 
2013 2 1 1 0 0 0.580585 0 0.580585 1.95121e+07 1.48018e+07 0 598300 0.00653368 0.00653368 3909.1 3909.1 1 0.021 127486 2677.2 0 0 
2013 2 1 2 0 0 0.389672 0 0.389672 1.57234e+06 1.30219e+06 0 131429 0.0105437 0.0105437 1385.75 1385.75 1 0.801 16578.2 13279.2 0 0 
2013 2 1 3 0 0 0.364612 0 0.364612 314796 263790 0 99528.5 0.0140472 0.0140472 1398.1 1398.1 1 0.988 4422.01 4368.94 0 0 
2013 2 1 4 0 0 0.348432 0 0.348432 1.25426e+06 1.05906e+06 0 48585.2 0.0161395 0.0161395 784.142 784.142 1 1 20243.2 20243.2 0 0 
2014 1 1 1 0 0 0.473238 0.205617 0.678855 3.26523e+07 2.37034e+07 4.87383e+06 8.93e+06 0.0047311 0.0047311 42248.7 42248.7 1 0.021 154481 3244.11 0 0 
2014 1 1 2 0 0 0.439206 0.507154 0.94636 1.09184e+07 7.05907e+06 3.58003e+06 3.35361e+06 0.00705648 0.00705648 23664.7 23664.7 1 0.801 77045.6 61713.5 0 0 
2014 1 1 3 0 0 0.29694 0.708257 1.0052 1.06491e+06 671692 475731 401389 0.00948051 0.00948051 3805.37 3805.37 1 0.988 10095.9 9974.75 0 0 
2014 1 1 4 0 0 0.277897 0.708257 0.986154 1.10387e+06 701831 497077 359563 0.0117233 0.0117233 4215.27 4215.27 1 1 12941 12941 0 0 
2014 2 1 0 0 0 0.634841 0.000532248 0.635373 2.58912e+08 1.9163e+08 101995 924941 0.0030237 0.0030237 2796.75 2796.75 1 0 782873 0 0 0 
2014 2 1 1 0 0 0.523679 0.00759446 0.531273 1.65612e+07 1.28476e+07 97570.7 131242 0.0052486 0.0052486 688.836 688.836 1 0.021 86923 1825.38 0 0 
2014 2 1 2 0 0 0.347514 0.0187317 0.366245 4.238e+06 3.54859e+06 66471.2 98187.1 0.00846989 0.00846989 831.633 831.633 1 0.801 35895.4 28752.2 0 0 
2014 2 1 3 0 0 0.326506 0.0261594 0.352666 389728 328420 8591.28 23065.2 0.0112843 0.0112843 260.275 260.275 1 0.988 4397.82 4345.05 0 0 
2014 2 1 4 0 0 0.319289 0.0261594 0.345448 411751 348160 9107.67 24526.9 0.0129651 0.0129651 317.994 317.994 1 1 5338.4 5338.4 0 0 
2015 1 1 1 0 0 0.514166 0.200617 0.714782 1.37155e+08 9.79955e+07 1.96596e+07 2.53264e+07 0.00548385 0.00548385 138886 138886 1 0.021 752139 15794.9 0 0 
2015 1 1 2 0 0 0.390459 0.49482 0.885279 9.73559e+06 6.45976e+06 3.19642e+06 1.91822e+06 0.0083179 0.0083179 15955.6 15955.6 1 0.801 80979.6 64864.7 0 0 
2015 1 1 3 0 0 0.27124 0.691033 0.962273 2.93834e+06 1.88702e+06 1.30399e+06 579249 0.0105941 0.0105941 6136.62 6136.62 1 0.988 31129.1 30755.6 0 0 
2015 1 1 4 0 0 0.250925 0.691033 0.941958 565385 366218 253069 171513 0.014 0.014 2401.19 2401.19 1 1 7915.41 7915.41 0 0 
2015 2 1 0 0 0 0.605735 0 0.605735 2.40773e+07 1.8059e+07 0 0.312266 0.00402323 0.00402323 0.00125632 0.00125632 1 0 96868.7 0 0 0 
2015 2 1 1 0 0 0.515667 0 0.515667 6.71099e+07 5.24339e+07 0 111.945 0.0068634 0.0068634 0.768322 0.768322 1 0.021 460603 9672.65 0 0 
2015 2 1 2 0 0 0.330908 0 0.330908 4.01689e+06 3.41991e+06 0 19.3067 0.0110821 0.0110821 0.213959 0.213959 1 0.801 44515.6 35657 0 0 
2015 2 1 3 0 0 0.322548 0 0.322548 1.12252e+06 959474 0 11.422 0.0147713 0.0147713 0.168718 0.168718 1 0.988 16581 16382.1 0 0 
2015 2 1 4 0 0 0.304218 0 0.304218 220423 190051 0 4.26596 0.0169897 0.0169897 0.0724775 0.0724775 1 1 3744.93 3744.93 0 0 
2016 1 1 1 0 0 0.514166 0.0140445 0.52821 1.31384e+07 1.02065e+07 143346 207811 0.00519196 0.00519196 1078.95 1078.95 1 0.021 68213.8 1432.49 0 0 
2016 1 1 2 0 0 0.390459 0.0346406 0.4251 4.00715e+07 3.26431e+07 1.13078e+06 1.19324e+06 0.010116 0.010116 12070.8 12070.8 1 0.801 405363 324696 0 0 
2016 1 1 3 0 0 0.27124 0.0483768 0.319617 2.88522e+06 2.46957e+06 119470 97377.9 0.0124981 0.0124981 1217.04 1217.04 1 0.988 36059.8 35627.1 0 0 
2016 1 1 4 0 0 0.250925 0.0483768 0.299302 975647 843179 40790.3 16759.6 0.0146557 0.0146557 245.624 245.624 1 1 14298.8 14298.8 0 0 
2016 2 1 0 0 0 0.605735 0 0.605735 2.21075e+08 1.65816e+08 0 17.1357 0.00315042 0.00315042 0.0539846 0.0539846 1 0 696481 0 0 0 
2016 2 1 1 0 0 0.515667 0 0.515667 7.74716e+06 6.05296e+06 0 7.69189 0.00540135 0.00540135 0.0415465 0.0415465 1 0.021 41845.1 878.747 0 0 
2016 2 1 2 0 0 0.330908 0 0.330908 2.61949e+07 2.23018e+07 0 14.6339 0.00869115 0.00869115 0.127185 0.127185 1 0.801 227664 182359 0 0 
2016 2 1 3 0 0 0.322548 0 0.322548 2.0959e+06 1.79148e+06 0 2.31683 0.0115716 0.0115716 0.0268094 0.0268094 1 0.988 24252.8 23961.8 0 0 
2016 2 1 4 0 0 0.304218 0 0.304218 723281 623621 0 1.10822 0.0133094 0.0133094 0.0147497 0.0147497 1 1 9626.45 9626.45 0 0 
2017 1 1 1 0 0  -1 -1 -1 1.20635e+08  -1  -1  -1 0.00528506  -1 -1 -1 -1 0.021 637562 13388.8 0 0 
2017 1 1 2 0 0  -1 -1 -1 4.62584e+06  -1  -1  -1 0.00710092  -1 -1 -1 -1 0.801 32847.8 26311.1 0 0 
2017 1 1 3 0 0  -1 -1 -1 1.88151e+07  -1  -1  -1 0.00922437  -1 -1 -1 -1 0.988 173557 171474 0 0 
2017 1 1 4 0 0  -1 -1 -1 2.05163e+06  -1  -1  -1 0.0106601  -1 -1 -1 -1 1 21870.5 21870.5 0 0 
