Year Quarter Species.n Age M1 M2 M F Z N N.bar C.hat C.obs west weca Yield CWsum prop.landed propmat BIO SSB Lsea ration
1983 1 1 1 0 0 0.395819 0.187229 0.583048 1.42704e+07 1.08134e+07 2.02458e+06 1.84599e+06 0.0048618 0.0048618 8974.82 8974.82 1 0.021 69379.8 1456.98 0 0 
1983 1 1 2 0 0 0.352847 0.693692 1.04654 5.1087e+07 3.16737e+07 2.19718e+07 2.89709e+07 0.00973705 0.00973705 282091 282091 1 0.801 497437 398447 0 0 
1983 1 1 3 0 0 0.295101 1.0281 1.3232 2.99226e+06 1.65921e+06 1.70584e+06 772469 0.0171762 0.0171762 13268.1 13268.1 1 0.988 51395.5 50778.8 0 0 
1983 1 1 4 0 0 0.269117 1.0281 1.29722 237704 133163 136906 320070 0.0205468 0.0205468 6576.43 6576.43 1 1 4884.07 4884.07 0 0 
1983 2 1 0 0 0 0.511974 0.0122244 0.524198 2.9096e+08 2.26447e+08 2.76818e+06 1.02226e+07 0.00330879 0.00330879 33824.4 33824.4 1 0 962724 0 0 0 
1983 2 1 1 0 0 0.480756 0.0630703 0.543827 7.96566e+06 6.14426e+06 387520 263866 0.00401463 0.00401463 1059.32 1059.32 1 0.021 31979.2 671.562 0 0 
1983 2 1 2 0 0 0.388363 0.233679 0.622042 1.79392e+07 1.3357e+07 3.12125e+06 3.08503e+06 0.00828264 0.00828264 25552.2 25552.2 1 0.801 148584 119016 0 0 
1983 2 1 3 0 0 0.355307 0.346329 0.701637 796780 572601 198308 564013 0.0131614 0.0131614 7423.22 7423.22 1 0.988 10486.8 10360.9 0 0 
1983 2 1 4 0 0 0.351067 0.346329 0.697396 64962.4 46772.4 16198.7 2198.88 0.0115649 0.0115649 25.4297 25.4297 1 1 751.28 751.28 0 0 
1984 1 1 1 0 0 0.400692 0.213819 0.614511 1.72257e+08 1.28691e+08 2.75167e+07 4.71171e+07 0.00546153 0.00546153 257331 257331 1 0.021 940786 19756.5 0 0 
1984 1 1 2 0 0 0.359702 0.792212 1.15191 4.62424e+06 2.74572e+06 2.1752e+06 1.70111e+06 0.0101074 0.0101074 17193.7 17193.7 1 0.801 46739 37437.9 0 0 
1984 1 1 3 0 0 0.274046 1.17412 1.44816 9.63063e+06 5.08742e+06 5.97323e+06 1.00025e+07 0.0140566 0.0140566 140600 140600 1 0.988 135373 133749 0 0 
1984 1 1 4 0 0 0.255654 1.17412 1.42977 427366 227358 266945 333197 0.0134165 0.0134165 4470.32 4470.32 1 1 5733.73 5733.73 0 0 
1984 2 1 0 0 0 0.501684 0.0133527 0.515037 7.79735e+07 6.09393e+07 813702 0 0.00368394 0.00368394 0 0 1 0 287250 0 0 0 
1984 2 1 1 0 0 0.466168 0.0688912 0.53506 9.31747e+07 7.21572e+07 4.971e+06 9.24129e+06 0.00732208 0.00732208 67665.4 67665.4 1 0.021 682232 14326.9 0 0 
1984 2 1 2 0 0 0.386275 0.255246 0.64152 1.46141e+06 1.07867e+06 275326 89838.4 0.0128095 0.0128095 1150.78 1150.78 1 0.801 18719.8 14994.6 0 0 
1984 2 1 3 0 0 0.336395 0.378293 0.714688 2.26321e+06 1.6171e+06 611738 566198 0.0168425 0.0168425 9536.16 9536.16 1 0.988 38118.1 37660.7 0 0 
1984 2 1 4 0 0 0.34811 0.378293 0.726403 102296 72715.7 27507.9 42957.7 0.0157961 0.0157961 678.564 678.564 1 1 1615.88 1615.88 0 0 
1985 1 1 1 0 0 0.384902 0.228184 0.613085 4.65875e+07 3.48273e+07 7.94702e+06 6.21684e+06 0.00507786 0.00507786 31568.3 31568.3 1 0.021 236565 4967.86 0 0 
1985 1 1 2 0 0 0.346352 0.845432 1.19178 5.45663e+07 3.18813e+07 2.69535e+07 3.13643e+07 0.00915445 0.00915445 287123 287123 1 0.801 499524 400119 0 0 
1985 1 1 3 0 0 0.29004 1.25299 1.54303 769417 392064 491254 1.98716e+06 0.0163999 0.0163999 32589.2 32589.2 1 0.988 12618.4 12467 0 0 
1985 1 1 4 0 0 0.264157 1.25299 1.51715 1.15697e+06 595328 745942 211484 0.0178896 0.0178896 3783.37 3783.37 1 1 20697.7 20697.7 0 0 
1985 2 1 0 0 0 0.515995 0.0143262 0.530321 5.27474e+08 4.09375e+08 5.86479e+06 8.52406e+06 0.0029841 0.0029841 25436.7 25436.7 1 0 1.57404e+06 0 0 0 
1985 2 1 1 0 0 0.468187 0.0739142 0.542101 2.52354e+07 1.94804e+07 1.43988e+06 1.35357e+06 0.00584444 0.00584444 7910.86 7910.86 1 0.021 147487 3097.22 0 0 
1985 2 1 2 0 0 0.384666 0.273856 0.658522 1.65706e+07 1.21384e+07 3.32418e+06 2.30521e+06 0.0106746 0.0106746 24607.2 24607.2 1 0.801 176885 141685 0 0 
1985 2 1 3 0 0 0.363462 0.405875 0.769337 164449 114718 46561 1.59487e+06 0.0128942 0.0128942 20564.6 20564.6 1 0.988 2120.44 2094.99 0 0 
1985 2 1 4 0 0 0.344414 0.405875 0.750289 253765 178504 72450.2 212744 0.0165975 0.0165975 3531.02 3531.02 1 1 4211.85 4211.85 0 0 
1986 1 1 1 0 0 0.375586 0.17757 0.553156 3.10374e+08 2.38392e+08 4.23312e+07 4.49397e+07 0.00529385 0.00529385 237904 237904 1 0.021 1.64308e+06 34504.6 0 0 
1986 1 1 2 0 0 0.342321 0.657905 1.00023 1.4675e+07 9.2755e+06 6.1024e+06 7.55329e+06 0.0117065 0.0117065 88422.5 88422.5 1 0.801 171793 137606 0 0 
1986 1 1 3 0 0 0.282014 0.975064 1.25708 8.57722e+06 4.88207e+06 4.76033e+06 1.65219e+06 0.0116861 0.0116861 19307.6 19307.6 1 0.988 100234 99031.3 0 0 
1986 1 1 4 0 0 0.267111 0.975064 1.24217 196028 112242 109443 30901.2 0.0135576 0.0135576 418.948 418.948 1 1 2657.67 2657.67 0 0 
1986 2 1 0 0 0 0.531211 0.00476094 0.535972 7.65935e+07 5.92916e+07 282284 87141.1 0.00298063 0.00298063 259.735 259.735 1 0 228297 0 0 0 
1986 2 1 1 0 0 0.477662 0.0245634 0.502225 1.78506e+08 1.4033e+08 3.44699e+06 4.16254e+06 0.00745594 0.00745594 31035.7 31035.7 1 0.021 1.33093e+06 27949.6 0 0 
1986 2 1 2 0 0 0.412134 0.0910089 0.503143 5.39741e+06 4.24132e+06 385998 227967 0.0126971 0.0126971 2894.52 2894.52 1 0.801 68531.3 54893.6 0 0 
1986 2 1 3 0 0 0.379668 0.134882 0.51455 2.44008e+06 1.90745e+06 257280 187509 0.0127752 0.0127752 2395.47 2395.47 1 0.988 31172.6 30798.5 0 0 
1986 2 1 4 0 0 0.360619 0.134882 0.495501 56604.1 44636 6020.59 14004.8 0.0146781 0.0146781 205.564 205.564 1 1 830.839 830.839 0 0 
1987 1 1 1 0 0 0.387399 0.115924 0.503322 4.48149e+07 3.52129e+07 4.082e+06 4.504e+06 0.00715293 0.00715293 32216.8 32216.8 1 0.021 320557 6731.71 0 0 
1987 1 1 2 0 0 0.349411 0.429503 0.778914 1.08029e+08 7.50454e+07 3.22322e+07 2.35717e+07 0.0106181 0.0106181 250288 250288 1 0.801 1.14706e+06 918799 0 0 
1987 1 1 3 0 0 0.286902 0.636555 0.923457 3.26342e+06 2.13045e+06 1.35615e+06 1.19872e+06 0.0184988 0.0184988 22174.9 22174.9 1 0.988 60369.5 59645 0 0 
1987 1 1 4 0 0 0.271239 0.636555 0.907794 1.49309e+06 981237 624612 170802 0.0147187 0.0147187 2513.99 2513.99 1 1 21976.4 21976.4 0 0 
1987 2 1 0 0 0 0.537637 0.00824693 0.545884 4.8763e+07 3.75779e+07 309902 186628 0.00402264 0.00402264 750.735 750.735 1 0 196156 0 0 0 
1987 2 1 1 0 0 0.47658 0.0425489 0.519129 2.70914e+07 2.11334e+07 899205 1.9383e+06 0.00784818 0.00784818 15212.1 15212.1 1 0.021 212618 4464.98 0 0 
1987 2 1 2 0 0 0.418229 0.157646 0.575875 4.95748e+07 3.76874e+07 5.94127e+06 4.17345e+06 0.0112314 0.0112314 46873.8 46873.8 1 0.801 556797 445994 0 0 
1987 2 1 3 0 0 0.381382 0.233643 0.615025 1.29605e+06 968040 226176 122748 0.0201833 0.0201833 2477.46 2477.46 1 0.988 26158.5 25844.6 0 0 
1987 2 1 4 0 0 0.366019 0.233643 0.599662 602334 453012 105843 31939.6 0.0160738 0.0160738 513.391 513.391 1 1 9681.78 9681.78 0 0 
1988 1 1 1 0 0 0.394122 0.193903 0.588024 2.82498e+07 2.13583e+07 4.14143e+06 1.99696e+06 0.0061208 0.0061208 12223 12223 1 0.021 172912 3631.15 0 0 
1988 1 1 2 0 0 0.360197 0.71842 1.07862 1.61205e+07 9.86304e+06 7.0858e+06 8.56424e+06 0.0103786 0.0103786 88884.9 88884.9 1 0.801 167308 134014 0 0 
1988 1 1 3 0 0 0.297752 1.06475 1.3625 2.78716e+07 1.5219e+07 1.62045e+07 1.52293e+07 0.0159637 0.0159637 243116 243116 1 0.988 444935 439596 0 0 
1988 1 1 4 0 0 0.292881 1.06475 1.35763 1.03136e+06 564234 600768 2.35402e+06 0.017758 0.017758 41802.6 41802.6 1 1 18314.8 18314.8 0 0 
1988 2 1 0 0 0 0.54597 0.00478737 0.550758 2.00549e+08 1.54205e+08 738239 0 0.00393409 0.00393409 0 0 1 0 788978 0 0 0 
1988 2 1 1 0 0 0.475009 0.0246998 0.499709 1.56906e+07 1.23492e+07 305023 0 0.00682887 0.00682887 0 0 1 0.021 107149 2250.13 0 0 
1988 2 1 2 0 0 0.418519 0.0915141 0.510033 5.48201e+06 4.29423e+06 392982 161558 0.0120218 0.0120218 1942.22 1942.22 1 0.801 65903.6 52788.8 0 0 
1988 2 1 3 0 0 0.372786 0.135631 0.508417 7.13567e+06 5.59372e+06 758681 1.43883e+06 0.0170481 0.0170481 24529.5 24529.5 1 0.988 121650 120190 0 0 
1988 2 1 4 0 0 0.366103 0.135631 0.501734 265337 208638 28297.7 46948.5 0.024442 0.024442 1147.51 1147.51 1 1 6485.35 6485.35 0 0 
1989 1 1 1 0 0 0.415694 0.671481 1.08717 1.15619e+08 7.04909e+07 4.73333e+07 6.25027e+07 0.00498354 0.00498354 311485 311485 1 0.021 576192 12100 0 0 
1989 1 1 2 0 0 0.381899 0.878453 1.26035 9.51962e+06 5.41142e+06 4.75368e+06 6.36362e+06 0.00862559 0.00862559 54890 54890 1 0.801 82112.4 65772 0 0 
1989 1 1 3 0 0 0.31859 0.888992 1.20758 3.29182e+06 1.91112e+06 1.69897e+06 1.34585e+06 0.00905536 0.00905536 12187.2 12187.2 1 0.988 29808.6 29450.9 0 0 
1989 1 1 4 0 0 0.290792 0.888992 1.17978 4.45238e+06 2.61401e+06 2.32383e+06 4.7365e+06 0.0120466 0.0120466 57058.6 57058.6 1 1 53635.9 53635.9 0 0 
1989 2 1 0 0 0 0.523023 0.00117086 0.524194 9.3588e+07 7.28373e+07 85282 467.877 0.00621381 0.00621381 2.9073 2.9073 1 0 581538 0 0 0 
1989 2 1 1 0 0 0.448891 0.0270562 0.475947 3.8983e+07 3.10181e+07 839232 757493 0.0096339 0.0096339 7297.62 7297.62 1 0.021 375558 7886.72 0 0 
1989 2 1 2 0 0 0.393401 0.0353958 0.428797 2.69933e+06 2.19516e+06 77699.3 77199.8 0.0155247 0.0155247 1198.51 1198.51 1 0.801 41906.3 33567 0 0 
1989 2 1 3 0 0 0.365748 0.0358204 0.401569 983987 810409 29029.2 16375.7 0.0171969 0.0171969 281.612 281.612 1 0.988 16921.6 16718.5 0 0 
1989 2 1 4 0 0 0.356954 0.0358204 0.392774 1.36842e+06 1.13166e+06 40536.6 57548.9 0.0282663 0.0282663 1626.69 1626.69 1 1 38680.1 38680.1 0 0 
1990 1 1 1 0 0 0.40157 0.652412 1.05398 5.54071e+07 3.42465e+07 2.23428e+07 1.68463e+07 0.00661143 0.00661143 111378 111378 1 0.021 366321 7692.73 0 0 
1990 1 1 2 0 0 0.343173 0.853506 1.19668 2.422e+07 1.41231e+07 1.20541e+07 1.39168e+07 0.00962998 0.00962998 134019 134019 1 0.801 233238 186824 0 0 
1990 1 1 3 0 0 0.29181 0.863746 1.15556 1.75805e+06 1.04233e+06 900309 2.05955e+06 0.0142239 0.0142239 29294.9 29294.9 1 0.988 25006.4 24706.3 0 0 
1990 1 1 4 0 0 0.285141 0.863746 1.14889 1.58248e+06 940782 812597 621957 0.0169916 0.0169916 10568 10568 1 1 26888.9 26888.9 0 0 
1990 2 1 0 0 0 0.543411 0.00194805 0.545359 1.34808e+08 1.03911e+08 202424 521856 0.00500976 0.00500976 2614.37 2614.37 1 0 675357 0 0 0 
1990 2 1 1 0 0 0.475775 0.0450155 0.52079 1.9312e+07 1.50534e+07 677639 1.257e+06 0.00897962 0.00897962 11287.4 11287.4 1 0.021 173414 3641.7 0 0 
1990 2 1 2 0 0 0.404175 0.0588908 0.463065 7.31918e+06 5.85845e+06 345009 416960 0.0130851 0.0130851 5455.98 5455.98 1 0.801 95772.5 76713.8 0 0 
1990 2 1 3 0 0 0.367537 0.0595973 0.427135 553579 450532 26850.5 62063.2 0.0193258 0.0193258 1199.42 1199.42 1 0.988 10698.3 10570 0 0 
1990 2 1 4 0 0 0.368295 0.0595973 0.427893 501630 408109 24322.2 18356.7 0.0230855 0.0230855 423.773 423.773 1 1 11580.4 11580.4 0 0 
1991 1 1 1 0 0 0.394066 0.373825 0.76789 7.81395e+07 5.45436e+07 2.03897e+07 1.49386e+07 0.00779886 0.00779886 116504 116504 1 0.021 609399 12797.4 0 0 
1991 1 1 2 0 0 0.329801 0.489049 0.81885 1.14723e+07 7.8326e+06 3.83053e+06 6.86977e+06 0.0141629 0.0141629 97295.7 97295.7 1 0.801 162481 130147 0 0 
1991 1 1 3 0 0 0.2462 0.494917 0.741117 4.60634e+06 3.25326e+06 1.61009e+06 983098 0.0378024 0.0378024 37163.4 37163.4 1 0.988 174130 172041 0 0 
1991 1 1 4 0 0 0.245573 0.494917 0.74049 688145 486141 240599 338126 0.0196013 0.0196013 6627.71 6627.71 1 1 13488.5 13488.5 0 0 
1991 2 1 0 0 0 0.549777 0.00525383 0.555031 1.55721e+08 1.19504e+08 627854 7.34359e+06 0.00375643 0.00375643 27585.7 27585.7 1 0 584953 0 0 0 
1991 2 1 1 0 0 0.451794 0.121406 0.573199 3.6256e+07 2.75957e+07 3.35027e+06 6.91686e+06 0.00613177 0.00613177 42412.6 42412.6 1 0.021 222313 4668.58 0 0 
1991 2 1 2 0 0 0.385651 0.158827 0.544477 5.05858e+06 3.90075e+06 619544 208518 0.01181 0.01181 2462.6 2462.6 1 0.801 59741.8 47853.2 0 0 
1991 2 1 3 0 0 0.349013 0.160732 0.509746 2.19529e+06 1.71987e+06 276438 67283.4 0.0319872 0.0319872 2152.21 2152.21 1 0.988 70221.3 69378.7 0 0 
1991 2 1 4 0 0 0.354593 0.160732 0.515325 328163 256438 41217.9 0 0.0171578 0.0171578 0 0 1 1 5630.54 5630.54 0 0 
1992 1 1 1 0 0 0.39139 0.645847 1.03724 8.93921e+07 5.56369e+07 3.59329e+07 5.08834e+07 0.00778906 0.00778906 396334 396334 1 0.021 696281 14621.9 0 0 
1992 1 1 2 0 0 0.31261 0.844917 1.15753 2.04382e+07 1.21079e+07 1.02302e+07 8.45091e+06 0.011872 0.011872 100329 100329 1 0.801 242642 194356 0 0 
1992 1 1 3 0 0 0.233517 0.855054 1.08857 2.93471e+06 1.78822e+06 1.52902e+06 845007 0.017682 0.017682 14941.4 14941.4 1 0.988 51891.6 51268.9 0 0 
1992 1 1 4 0 0 0.235205 0.855054 1.09026 1.51461e+06 922265 788586 523702 0.0190325 0.0190325 9967.37 9967.37 1 1 28826.9 28826.9 0 0 
1992 2 1 0 0 0 0.533079 0.00329062 0.53637 3.62219e+07 2.80345e+07 92250.9 104413 0.00493269 0.00493269 515.036 515.036 1 0 178671 0 0 0 
1992 2 1 1 0 0 0.424299 0.0760396 0.500339 3.16835e+07 2.49291e+07 1.8956e+06 3.04121e+06 0.00953331 0.00953331 28992.8 28992.8 1 0.021 302049 6343.02 0 0 
1992 2 1 2 0 0 0.365457 0.0994775 0.464935 6.42296e+06 5.13665e+06 510981 297654 0.0152849 0.0152849 4549.61 4549.61 1 0.801 98174.2 78637.5 0 0 
1992 2 1 3 0 0 0.327794 0.100671 0.428465 988109 803677 80907 122334 0.0196919 0.0196919 2408.99 2408.99 1 0.988 19457.7 19224.2 0 0 
1992 2 1 4 0 0 0.335485 0.100671 0.436156 509106 412606 41537.4 26492.8 0.0211753 0.0211753 560.992 560.992 1 1 10780.5 10780.5 0 0 
1993 1 1 1 0 0 0.399754 0.284746 0.6845 2.1185e+07 1.53404e+07 4.36812e+06 2.18091e+06 0.007334 0.007334 15994.8 15994.8 1 0.021 155371 3262.79 0 0 
1993 1 1 2 0 0 0.340489 0.372514 0.713003 1.92105e+07 1.37364e+07 5.117e+06 5.88223e+06 0.0114754 0.0114754 67500.7 67500.7 1 0.801 220447 176578 0 0 
1993 1 1 3 0 0 0.2524 0.376983 0.629383 4.03475e+06 2.99428e+06 1.12879e+06 1.63838e+06 0.0144173 0.0144173 23621 23621 1 0.988 58170.3 57472.3 0 0 
1993 1 1 4 0 0 0.233913 0.376983 0.610897 972907 728030 274455 491024 0.0202074 0.0202074 9922.31 9922.31 1 1 19659.9 19659.9 0 0 
1993 2 1 0 0 0 0.511967 0.00148866 0.513456 1.49811e+08 1.17168e+08 174423 1.6241e+06 0.00401517 0.00401517 6521.03 6521.03 1 0 601516 0 0 0 
1993 2 1 1 0 0 0.392222 0.0344 0.426622 1.06845e+07 8.69767e+06 299200 362388 0.00750659 0.00750659 2720.3 2720.3 1 0.021 80204.1 1684.29 0 0 
1993 2 1 2 0 0 0.324686 0.0450033 0.36969 9.41641e+06 7.87188e+06 354260 271130 0.0104751 0.0104751 2840.11 2840.11 1 0.801 98637.7 79008.8 0 0 
1993 2 1 3 0 0 0.315059 0.0455432 0.360603 2.1502e+06 1.8052e+06 82214.5 156038 0.0136024 0.0136024 2122.49 2122.49 1 0.988 29247.9 28896.9 0 0 
1993 2 1 4 0 0 0.312085 0.0455432 0.357628 528156 444034 20222.7 42948.5 0.0182007 0.0182007 781.695 781.695 1 1 9612.82 9612.82 0 0 
1994 1 1 1 0 0 0.378328 0.232347 0.610675 8.96505e+07 6.70924e+07 1.55887e+07 2.21725e+07 0.00549797 0.00549797 121904 121904 1 0.021 492895 10350.8 0 0 
1994 1 1 2 0 0 0.323887 0.303964 0.627851 6.97388e+06 5.17903e+06 1.57424e+06 2.66874e+06 0.00865172 0.00865172 23089.2 23089.2 1 0.801 60336 48329.2 0 0 
1994 1 1 3 0 0 0.253442 0.30761 0.561052 6.50626e+06 4.97945e+06 1.53173e+06 1.1951e+06 0.01274 0.01274 15225.6 15225.6 1 0.988 82889.7 81895.1 0 0 
1994 1 1 4 0 0 0.228605 0.30761 0.536215 1.8686e+06 1.44633e+06 444907 881749 0.0198085 0.0198085 17466.1 17466.1 1 1 37014.1 37014.1 0 0 
1994 2 1 0 0 0 0.511619 0.00111267 0.512731 2.14864e+08 1.68102e+08 187042 0 0.00437711 0.00437711 0 0 1 0 940484 0 0 0 
1994 2 1 1 0 0 0.435043 0.0257116 0.460755 4.86788e+07 3.90052e+07 1.00289e+06 1.53319e+06 0.00759787 0.00759787 11649 11649 1 0.021 369855 7766.96 0 0 
1994 2 1 2 0 0 0.354719 0.0336367 0.388355 3.72222e+06 3.08459e+06 103756 125736 0.012261 0.012261 1541.65 1541.65 1 0.801 45638.2 36556.2 0 0 
1994 2 1 3 0 0 0.327442 0.0340403 0.361482 3.71252e+06 3.11556e+06 106055 54805.4 0.0163352 0.0163352 895.258 895.258 1 0.988 60644.9 59917.1 0 0 
1994 2 1 4 0 0 0.320421 0.0340403 0.354461 1.09305e+06 920325 31328.1 78355.7 0.0187683 0.0187683 1470.61 1470.61 1 1 20514.7 20514.7 0 0 
1995 1 1 1 0 0 0.370428 0.431594 0.802023 1.28673e+08 8.84929e+07 3.8193e+07 3.66773e+07 0.00761039 0.00761039 279128 279128 1 0.021 979251 20564.3 0 0 
1995 1 1 2 0 0 0.329489 0.564626 0.894115 3.07069e+07 2.0298e+07 1.14608e+07 6.23617e+06 0.011309 0.011309 70524.7 70524.7 1 0.801 347264 278159 0 0 
1995 1 1 3 0 0 0.250474 0.5714 0.821874 2.5243e+06 1.72119e+06 983489 737271 0.0140643 0.0140643 10369.2 10369.2 1 0.988 35502.6 35076.5 0 0 
1995 1 1 4 0 0 0.226946 0.5714 0.798346 3.35314e+06 2.30975e+06 1.31979e+06 288655 0.019011 0.019011 5487.62 5487.62 1 1 63746.6 63746.6 0 0 
1995 2 1 0 0 0 0.50965 0.00225157 0.511902 5.61849e+07 4.39737e+07 99009.9 75643.5 0.00382878 0.00382878 289.623 289.623 1 0 215120 0 0 0 
1995 2 1 1 0 0 0.463373 0.0520293 0.515403 5.76997e+07 4.5087e+07 2.34585e+06 3.43966e+06 0.00679562 0.00679562 23374.6 23374.6 1 0.021 392105 8234.2 0 0 
1995 2 1 2 0 0 0.373617 0.0680665 0.441683 1.25582e+07 1.01518e+07 690994 940195 0.00994214 0.00994214 9347.55 9347.55 1 0.801 124855 100009 0 0 
1995 2 1 3 0 0 0.340753 0.0688831 0.409636 1.1097e+06 910516 62719.1 108547 0.0141028 0.0141028 1530.82 1530.82 1 0.988 15649.9 15462.1 0 0 
1995 2 1 4 0 0 0.331086 0.0688831 0.399969 1.50916e+06 1.24386e+06 85681.2 28180.4 0.0189865 0.0189865 535.048 535.048 1 1 28653.6 28653.6 0 0 
1996 1 1 1 0 0 0.334434 0.391462 0.725897 3.36747e+07 2.39425e+07 9.3726e+06 1.04023e+07 0.00557897 0.00557897 58034 58034 1 0.021 187870 3945.27 0 0 
1996 1 1 2 0 0 0.299167 0.512124 0.811291 3.44617e+07 2.36055e+07 1.20889e+07 1.2301e+07 0.00838117 0.00838117 103097 103097 1 0.801 288829 231352 0 0 
1996 1 1 3 0 0 0.246104 0.518268 0.764372 8.07433e+06 5.64478e+06 2.92551e+06 4.52684e+06 0.012211 0.012211 55277.2 55277.2 1 0.988 98595.6 97412.4 0 0 
1996 1 1 4 0 0 0.218691 0.518268 0.736958 1.74837e+06 1.23705e+06 641126 860500 0.0177327 0.0177327 15259 15259 1 1 31003.3 31003.3 0 0 
1996 2 1 0 0 0 0.538404 0.00258817 0.540992 3.91579e+08 3.02432e+08 782747 6.4702e+06 0.00286687 0.00286687 18549.2 18549.2 1 0 1.12261e+06 0 0 0 
1996 2 1 1 0 0 0.482626 0.0598076 0.542433 1.62949e+07 1.25769e+07 752194 1.06433e+06 0.00463624 0.00463624 4934.49 4934.49 1 0.021 75546.9 1586.48 0 0 
1996 2 1 2 0 0 0.385202 0.0782422 0.463444 1.53108e+07 1.2253e+07 958700 1.02659e+06 0.00758058 0.00758058 7782.15 7782.15 1 0.801 116065 92967.8 0 0 
1996 2 1 3 0 0 0.349554 0.0791809 0.428735 3.75962e+06 3.0575e+06 242096 210861 0.00954845 0.00954845 2013.39 2013.39 1 0.988 35898.5 35467.8 0 0 
1996 2 1 4 0 0 0.342861 0.0791809 0.422041 836713 682574 54046.8 65068.1 0.0141776 0.0141776 922.512 922.512 1 1 11862.6 11862.6 0 0 
1997 1 1 1 0 0 0.364195 0.325601 0.689796 2.27966e+08 1.64687e+08 5.36222e+07 3.86671e+07 0.00725091 0.00725091 280372 280372 1 0.021 1.65296e+06 34712.2 0 0 
1997 1 1 2 0 0 0.316464 0.425962 0.742426 9.47272e+06 6.68633e+06 2.84812e+06 2.33175e+06 0.00825643 0.00825643 19252 19252 1 0.801 78210.8 62646.9 0 0 
1997 1 1 3 0 0 0.267127 0.431072 0.698199 9.63222e+06 6.93266e+06 2.98848e+06 3.52152e+06 0.00992747 0.00992747 34959.8 34959.8 1 0.988 95623.5 94476.1 0 0 
1997 1 1 4 0 0 0.229033 0.431072 0.660105 2.9974e+06 2.19413e+06 945827 713371 0.014425 0.014425 10290.4 10290.4 1 1 43237.4 43237.4 0 0 
1997 2 1 0 0 0 0.55249 0.00512506 0.557615 6.08874e+07 4.66718e+07 239196 18648.6 0.00370051 0.00370051 69.0094 69.0094 1 0 225314 0 0 0 
1997 2 1 1 0 0 0.496684 0.11843 0.615114 1.14366e+08 8.54181e+07 1.01161e+07 8.8991e+06 0.00845048 0.00845048 75201.6 75201.6 1 0.021 966444 20295.3 0 0 
1997 2 1 2 0 0 0.37997 0.154934 0.534904 4.50862e+06 3.49185e+06 541006 176552 0.0141876 0.0141876 2504.84 2504.84 1 0.801 63966.2 51236.9 0 0 
1997 2 1 3 0 0 0.345815 0.156793 0.502608 4.79184e+06 3.76638e+06 590540 164393 0.0154685 0.0154685 2542.91 2542.91 1 0.988 74122.8 73233.3 0 0 
1997 2 1 4 0 0 0.339628 0.156793 0.496421 1.54905e+06 1.22101e+06 191445 55769.7 0.0160852 0.0160852 897.068 897.068 1 1 24916.8 24916.8 0 0 
1998 1 1 1 0 0 0.408801 0.496497 0.905298 3.48625e+07 2.29354e+07 1.13874e+07 9.38718e+06 0.00631255 0.00631255 59257 59257 1 0.021 220071 4621.49 0 0 
1998 1 1 2 0 0 0.343595 0.649534 0.99313 6.18236e+07 3.91925e+07 2.54568e+07 2.83637e+07 0.00889349 0.00889349 252253 252253 1 0.801 549828 440412 0 0 
1998 1 1 3 0 0 0.2986 0.657327 0.955927 2.64081e+06 1.70048e+06 1.11777e+06 2.1644e+06 0.0115379 0.0115379 24972.7 24972.7 1 0.988 30469.5 30103.9 0 0 
1998 1 1 4 0 0 0.244308 0.657327 0.901635 3.84174e+06 2.53136e+06 1.66393e+06 1.50458e+06 0.0134787 0.0134787 20279.9 20279.9 1 1 51781.9 51781.9 0 0 
1998 2 1 0 0 0 0.591014 0.00212409 0.593138 1.13505e+08 8.56176e+07 181860 211225 0.00322968 0.00322968 682.189 682.189 1 0 366584 0 0 0 
1998 2 1 1 0 0 0.524745 0.0490836 0.573828 1.40991e+07 1.07283e+07 526581 438058 0.00669453 0.00669453 2932.6 2932.6 1 0.021 94387.1 1982.13 0 0 
1998 2 1 2 0 0 0.376775 0.0642127 0.440988 2.29004e+07 1.85182e+07 1.1891e+06 1.38355e+06 0.00995526 0.00995526 13773.6 13773.6 1 0.801 227980 182612 0 0 
1998 2 1 3 0 0 0.343408 0.0649831 0.408391 1.01528e+06 833521 54164.8 136051 0.0118944 0.0118944 1618.24 1618.24 1 0.988 12076.1 11931.2 0 0 
1998 2 1 4 0 0 0.33624 0.0649831 0.401223 1.55938e+06 1.28451e+06 83471.6 89798 0.0145223 0.0145223 1304.08 1304.08 1 1 22645.9 22645.9 0 0 
1999 1 1 1 0 0 0.444463 0.754925 1.19939 6.27216e+07 3.65342e+07 2.75806e+07 4.46207e+07 0.00533871 0.00533871 238217 238217 1 0.021 334852 7031.9 0 0 
1999 1 1 2 0 0 0.368846 0.824032 1.19288 7.94295e+06 4.63876e+06 3.82249e+06 5.4328e+06 0.00750406 0.00750406 40768.1 40768.1 1 0.801 59604.4 47743.1 0 0 
1999 1 1 3 0 0 0.306067 0.82227 1.12834 1.47342e+07 8.83301e+06 7.26312e+06 1.01584e+07 0.0103302 0.0103302 104938 104938 1 0.988 152206 150380 0 0 
1999 1 1 4 0 0 0.254354 0.82227 1.07662 1.71888e+06 1.05253e+06 865467 698833 0.0130668 0.0130668 9131.52 9131.52 1 1 22460.3 22460.3 0 0 
1999 2 1 0 0 0 0.59425 0.0171247 0.611375 1.52664e+08 1.14214e+08 1.95588e+06 440365 0.0034233 0.0034233 1507.5 1507.5 1 0 522613 0 0 0 
1999 2 1 1 0 0 0.542169 0.131389 0.673558 1.89029e+07 1.37546e+07 1.8072e+06 2.49827e+06 0.00594223 0.00594223 14845.3 14845.3 1 0.021 112326 2358.84 0 0 
1999 2 1 2 0 0 0.383259 0.143417 0.526676 2.40947e+06 1.87311e+06 268635 205055 0.00958922 0.00958922 1966.31 1966.31 1 0.801 23104.9 18507.1 0 0 
1999 2 1 3 0 0 0.341452 0.14311 0.484562 4.76754e+06 3.77845e+06 540734 717189 0.0127756 0.0127756 9162.53 9162.53 1 0.988 60908.3 60177.4 0 0 
1999 2 1 4 0 0 0.333115 0.14311 0.476225 585699 465972 66685.1 148612 0.0146785 0.0146785 2181.4 2181.4 1 1 8597.2 8597.2 0 0 
2000 1 1 1 0 0 0.458266 0.592696 1.05096 8.28359e+07 5.12639e+07 3.03839e+07 3.2625e+07 0.00628743 0.00628743 205127 205127 1 0.021 520825 10937.3 0 0 
2000 1 1 2 0 0 0.380795 0.646952 1.02775 9.63844e+06 6.02258e+06 3.89632e+06 3.35527e+06 0.00872596 0.00872596 29277.9 29277.9 1 0.801 84104.6 67367.8 0 0 
2000 1 1 3 0 0 0.313523 0.645569 0.959091 1.42295e+06 915050 590727 629743 0.0119047 0.0119047 7496.91 7496.91 1 0.988 16939.8 16736.5 0 0 
2000 1 1 4 0 0 0.247384 0.645569 0.892952 3.30044e+06 2.18275e+06 1.40911e+06 1.07647e+06 0.0144788 0.0144788 15586 15586 1 1 47786.6 47786.6 0 0 
2000 2 1 0 0 0 0.581549 0.016043 0.597592 2.45546e+08 1.84846e+08 2.96549e+06 7.8868e+06 0.00311918 0.00311918 24600.4 24600.4 1 0 765902 0 0 0 
2000 2 1 1 0 0 0.52722 0.12309 0.65031 2.89595e+07 2.12914e+07 2.62076e+06 2.7595e+06 0.00483975 0.00483975 13355.3 13355.3 1 0.021 140157 2943.3 0 0 
2000 2 1 2 0 0 0.356125 0.134358 0.490483 3.44875e+06 2.72584e+06 366237 170466 0.0078752 0.0078752 1342.45 1342.45 1 0.801 27159.6 21754.8 0 0 
2000 2 1 3 0 0 0.326928 0.13407 0.460998 545332 436913 58577.2 84239.6 0.0106172 0.0106172 894.386 894.386 1 0.988 5789.88 5720.4 0 0 
2000 2 1 4 0 0 0.306281 0.13407 0.440352 1.35135e+06 1.09307e+06 146549 121701 0.0122191 0.0122191 1487.08 1487.08 1 1 16512.3 16512.3 0 0 
2001 1 1 1 0 0 0.403479 0.770824 1.1743 1.35083e+08 7.94837e+07 6.12679e+07 5.67804e+07 0.00452018 0.00452018 256658 256658 1 0.021 610601 12822.6 0 0 
2001 1 1 2 0 0 0.359245 0.841386 1.20063 1.51135e+07 8.79894e+06 7.40331e+06 8.54941e+06 0.00869118 0.00869118 74304.5 74304.5 1 0.801 131354 105215 0 0 
2001 1 1 3 0 0 0.293175 0.839587 1.13276 2.11178e+06 1.26371e+06 1.06099e+06 1.0982e+06 0.0115285 0.0115285 12660.6 12660.6 1 0.988 24345.6 24053.5 0 0 
2001 1 1 4 0 0 0.232513 0.839587 1.0721 1.21393e+06 744720 625257 972050 0.0166412 0.0166412 16176.1 16176.1 1 1 20201.2 20201.2 0 0 
2001 2 1 0 0 0 0.589463 0.049809 0.639272 3.96183e+08 2.92718e+08 1.458e+07 4.70803e+07 0.00311949 0.00311949 146867 146867 1 0 1.23589e+06 0 0 0 
2001 2 1 1 0 0 0.511828 0.38216 0.893988 4.17453e+07 2.75961e+07 1.05461e+07 3.12687e+06 0.00502922 0.00502922 15725.7 15725.7 1 0.021 209947 4408.88 0 0 
2001 2 1 2 0 0 0.356847 0.417143 0.77399 4.54923e+06 3.16705e+06 1.32111e+06 473865 0.0121224 0.0121224 5744.38 5744.38 1 0.801 55147.6 44173.2 0 0 
2001 2 1 3 0 0 0.323054 0.416251 0.739305 680292 480843 200151 49244.4 0.0165276 0.0165276 813.891 813.891 1 0.988 11243.6 11108.7 0 0 
2001 2 1 4 0 0 0.301057 0.416251 0.717308 415514 296549 123439 98136.5 0.0235893 0.0235893 2314.97 2314.97 1 1 9801.68 9801.68 0 0 
2002 1 1 1 0 0 0.445075 0.761655 1.20673 2.09056e+08 1.21413e+08 9.24745e+07 8.48784e+07 0.00595887 0.00595887 505780 505780 1 0.021 1.24574e+06 26160.5 0 0 
2002 1 1 2 0 0 0.415779 0.831378 1.24716 1.70747e+07 9.75725e+06 8.11195e+06 1.07722e+07 0.00743556 0.00743556 80097.4 80097.4 1 0.801 126960 101695 0 0 
2002 1 1 3 0 0 0.347434 0.8296 1.17703 2.09797e+06 1.23309e+06 1.02297e+06 1.2125e+06 0.00981692 0.00981692 11903 11903 1 0.988 20595.6 20348.4 0 0 
2002 1 1 4 0 0 0.277373 0.8296 1.10697 527600 319066 264697 225121 0.0138159 0.0138159 3110.25 3110.25 1 1 7289.27 7289.27 0 0 
2002 2 1 0 0 0 0.645268 0.00367392 0.648942 2.56192e+07 1.88471e+07 69242.7 16032.9 0.00384856 0.00384856 61.7036 61.7036 1 0 98597.3 0 0 0 
2002 2 1 1 0 0 0.54882 0.0281882 0.577008 6.25442e+07 4.75225e+07 1.33957e+06 604815 0.00668041 0.00668041 4040.41 4040.41 1 0.021 417821 8774.24 0 0 
2002 2 1 2 0 0 0.444703 0.0307686 0.475471 4.90592e+06 3.90442e+06 120133 107905 0.0107805 0.0107805 1163.27 1163.27 1 0.801 52888.1 42363.4 0 0 
2002 2 1 3 0 0 0.353299 0.0307028 0.384002 646576 536908 16484.5 15217.4 0.0143627 0.0143627 218.563 218.563 1 0.988 9286.56 9175.12 0 0 
2002 2 1 4 0 0 0.332471 0.0307028 0.363174 174403 146243 4490.06 5587.97 0.016502 0.016502 92.2126 92.2126 1 1 2877.99 2877.99 0 0 
2003 1 1 1 0 0 0.465118 0.566278 1.0314 1.33886e+07 8.35317e+06 4.73021e+06 3.84291e+06 0.00364495 0.00364495 14007.2 14007.2 1 0.021 48800.6 1024.81 0 0 
2003 1 1 2 0 0 0.433309 0.618115 1.05142 3.51233e+07 2.17323e+07 1.34331e+07 1.33022e+07 0.00720947 0.00720947 95902.2 95902.2 1 0.801 253221 202830 0 0 
2003 1 1 3 0 0 0.380325 0.616793 0.997119 3.04948e+06 1.92997e+06 1.19039e+06 1.11744e+06 0.00949516 0.00949516 10610.3 10610.3 1 0.988 28955.3 28607.9 0 0 
2003 1 1 4 0 0 0.322034 0.616793 0.938828 561693 364309 224703 302389 0.0128458 0.0128458 3884.44 3884.44 1 1 7215.42 7215.42 0 0 
2003 2 1 0 0 0 0.663083 0.0150099 0.678093 1.54314e+08 1.12059e+08 1.682e+06 2.47352e+06 0.0021662 0.0021662 5358.14 5358.14 1 0 334276 0 0 0 
2003 2 1 1 0 0 0.566066 0.115164 0.681229 4.77314e+06 3.46133e+06 398619 386042 0.00271216 0.00271216 1047.01 1047.01 1 0.021 12945.6 271.857 0 0 
2003 2 1 2 0 0 0.456306 0.125706 0.582012 1.22735e+07 9.30461e+06 1.16964e+06 4.39007e+06 0.00359061 0.00359061 15763 15763 1 0.801 44069.3 35299.5 0 0 
2003 2 1 3 0 0 0.368449 0.125437 0.493886 1.12508e+06 887855 111370 140974 0.00839994 0.00839994 1184.18 1184.18 1 0.988 9450.6 9337.19 0 0 
2003 2 1 4 0 0 0.363442 0.125437 0.488879 219670 173752 21794.9 31173.7 0.00907227 0.00907227 282.816 282.816 1 1 1992.91 1992.91 0 0 
2004 1 1 1 0 0 0.525117 0.632527 1.15764 7.83274e+07 4.64002e+07 2.93494e+07 3.06536e+07 0.00506054 0.00506054 155124 155124 1 0.021 396379 8323.95 0 0 
2004 1 1 2 0 0 0.456027 0.690429 1.14646 2.41519e+06 1.43724e+06 992313 785501 0.00829117 0.00829117 6512.72 6512.72 1 0.801 20024.7 16039.8 0 0 
2004 1 1 3 0 0 0.40293 0.688953 1.09188 6.85809e+06 4.17318e+06 2.87513e+06 2.36427e+06 0.00895199 0.00895199 21164.9 21164.9 1 0.988 61393.6 60656.8 0 0 
2004 1 1 4 0 0 0.345889 0.688953 1.03484 821307 511683 352525 479839 0.0103704 0.0103704 4976.14 4976.14 1 1 8517.31 8517.31 0 0 
2004 2 1 0 0 0 0.678731 0.007626 0.686357 6.90319e+07 4.9946e+07 380888 565737 0.00351016 0.00351016 1985.83 1985.83 1 0 242313 0 0 0 
2004 2 1 1 0 0 0.600988 0.0585105 0.659498 2.46125e+07 1.80214e+07 1.05444e+06 2.47912e+06 0.00452028 0.00452028 11206.3 11206.3 1 0.021 111255 2336.36 0 0 
2004 2 1 2 0 0 0.457937 0.0638666 0.521803 767452 597941 38188.5 110000 0.00663683 0.00663683 730.05 730.05 1 0.801 5093.45 4079.85 0 0 
2004 2 1 3 0 0 0.366294 0.06373 0.430024 2.30147e+06 1.87054e+06 119210 229911 0.00667307 0.00667307 1534.21 1534.21 1 0.988 15357.9 15173.6 0 0 
2004 2 1 4 0 0 0.359899 0.06373 0.423629 291796 237866 15159.2 47092.4 0.00875601 0.00875601 412.342 412.342 1 1 2554.97 2554.97 0 0 
2005 1 1 1 0 0 0.518059 0.709127 1.22719 3.47511e+07 2.00173e+07 1.41948e+07 1.11055e+07 0.00650114 0.00650114 72198.3 72198.3 1 0.021 225922 4744.36 0 0 
2005 1 1 2 0 0 0.406568 1.07496 1.48153 1.27274e+07 6.63813e+06 7.13571e+06 4.435e+06 0.00874342 0.00874342 38777 38777 1 0.801 111281 89135.9 0 0 
2005 1 1 3 0 0 0.377609 1.10847 1.48608 455444 237131 262853 262670 0.0103178 0.0103178 2710.18 2710.18 1 0.988 4699.18 4642.79 0 0 
2005 1 1 4 0 0 0.305588 1.10847 1.41406 1.68812e+06 903530 1.00154e+06 434852 0.0121192 0.0121192 5270.08 5270.08 1 1 20458.7 20458.7 0 0 
2005 2 1 0 0 0 0.662479 0.000491932 0.662971 1.51467e+08 1.10734e+08 54473.7 43821 0.00303922 0.00303922 133.182 133.182 1 0 460342 0 0 0 
2005 2 1 1 0 0 0.526723 0.0491626 0.575885 1.01861e+07 7.74357e+06 380694 383088 0.00527553 0.00527553 2020.99 2020.99 1 0.021 53737.1 1128.48 0 0 
2005 2 1 2 0 0 0.379626 0.074525 0.454151 2.89281e+06 2.32503e+06 173273 211421 0.00851335 0.00851335 1799.9 1799.9 1 0.801 24627.5 19726.6 0 0 
2005 2 1 3 0 0 0.358943 0.0768483 0.435792 103048 83529.3 6419.09 13595.8 0.0113422 0.0113422 154.206 154.206 1 0.988 1168.79 1154.77 0 0 
2005 2 1 4 0 0 0.342496 0.0768483 0.419344 410473 335277 25765.4 27445.6 0.0130316 0.0130316 357.661 357.661 1 1 5349.15 5349.15 0 0 
2006 1 1 1 0 0 0.542972 0.857673 1.40064 7.80538e+07 4.19938e+07 3.60169e+07 3.36e+07 0.00588713 0.00588713 197808 197808 1 0.021 459513 9649.77 0 0 
2006 1 1 2 0 0 0.41723 1.30014 1.71737 5.7267e+06 2.7359e+06 3.55704e+06 2.59043e+06 0.00967212 0.00967212 25055 25055 1 0.801 55389.3 44366.8 0 0 
2006 1 1 3 0 0 0.329124 1.34067 1.66979 1.8369e+06 892947 1.19714e+06 816673 0.0116368 0.0116368 9503.44 9503.44 1 0.988 21375.6 21119.1 0 0 
2006 1 1 4 0 0 0.276517 1.34067 1.61718 336524 166795 223617 162611 0.0130066 0.0130066 2115.01 2115.01 1 1 4377.03 4377.03 0 0 
2006 2 1 0 0 0 0.694809 0.000706348 0.695516 7.85945e+07 5.66345e+07 40003.7 37198.8 0.00318698 0.00318698 118.552 118.552 1 0 250479 0 0 0 
2006 2 1 1 0 0 0.551003 0.0705908 0.621594 1.92354e+07 1.4325e+07 1.01121e+06 799907 0.00553201 0.00553201 4425.09 4425.09 1 0.021 106411 2234.62 0 0 
2006 2 1 2 0 0 0.398628 0.107008 0.505636 1.02816e+06 807014 86356.7 93858.5 0.00892724 0.00892724 837.897 837.897 1 0.801 9178.65 7352.1 0 0 
2006 2 1 3 0 0 0.354705 0.110344 0.465049 345863 276583 30519.2 43488.2 0.0118937 0.0118937 517.234 517.234 1 0.988 4113.57 4064.21 0 0 
2006 2 1 4 0 0 0.338286 0.110344 0.44863 66785.4 53814.4 5938.08 19492.3 0.0136652 0.0136652 266.366 266.366 1 1 912.636 912.636 0 0 
2007 1 1 1 0 0 0.525538 0.336066 0.861603 3.92043e+07 2.62779e+07 8.83108e+06 1.05806e+07 0.00555428 0.00555428 58767.8 58767.8 1 0.021 217752 4572.78 0 0 
2007 1 1 2 0 0 0.387092 0.509438 0.896529 1.03311e+07 6.82208e+06 3.47542e+06 4.67424e+06 0.00943141 0.00943141 44084.7 44084.7 1 0.801 97437 78047 0 0 
2007 1 1 3 0 0 0.299414 0.52532 0.824733 620107 422297 221841 315238 0.0134636 0.0134636 4244.24 4244.24 1 0.988 8348.87 8248.69 0 0 
2007 1 1 4 0 0 0.264352 0.52532 0.789672 259880 179690 94394.8 171663 0.0147248 0.0147248 2527.69 2527.69 1 1 3826.68 3826.68 0 0 
2007 2 1 0 0 0 0.730896 0 0.730896 2.09884e+08 1.48899e+08 0 0 0.00410617 0.00410617 0 0 1 0 861818 0 0 0 
2007 2 1 1 0 0 0.535841 0 0.535841 1.65632e+07 1.28224e+07 0 0 0.0070049 0.0070049 0 0 1 0.021 116023 2436.49 0 0 
2007 2 1 2 0 0 0.410703 0 0.410703 4.21492e+06 3.45664e+06 0 0 0.0113106 0.0113106 0 0 1 0.801 47673.1 38186.2 0 0 
2007 2 1 3 0 0 0.378673 0 0.378673 271825 226284 0 0 0.0150758 0.0150758 0 0 1 0.988 4097.99 4048.82 0 0 
2007 2 1 4 0 0 0.3617 0 0.3617 117984 99002.4 0 0 0.01734 0.01734 0 0 1 1 2045.84 2045.84 0 0 
2008 1 1 1 0 0 0.523393 0.601718 1.12511 1.01054e+08 6.0661e+07 3.65008e+07 2.67348e+07 0.00627378 0.00627378 167728 167728 1 0.021 633992 13313.8 0 0 
2008 1 1 2 0 0 0.396475 0.912136 1.30861 9.69239e+06 5.40539e+06 4.93045e+06 4.00909e+06 0.0108517 0.0108517 43505.3 43505.3 1 0.801 105179 84248.1 0 0 
2008 1 1 3 0 0 0.289375 0.940573 1.22995 2.79527e+06 1.60835e+06 1.51277e+06 1.20489e+06 0.0132873 0.0132873 16009.6 16009.6 1 0.988 37141.4 36695.7 0 0 
2008 1 1 4 0 0 0.265795 0.940573 1.20637 268312 155849 146587 214392 0.0157877 0.0157877 3384.75 3384.75 1 1 4236.02 4236.02 0 0 
2008 2 1 0 0 0 0.693712 0.000337121 0.694049 7.44646e+07 5.36934e+07 18101.2 6294.87 0.00449592 0.00449592 28.3012 28.3012 1 0 334787 0 0 0 
2008 2 1 1 0 0 0.582327 0.0336911 0.616018 3.28039e+07 2.44909e+07 825123 280589 0.00780411 0.00780411 2189.74 2189.74 1 0.021 256005 5376.1 0 0 
2008 2 1 2 0 0 0.437032 0.0510719 0.488104 2.61884e+06 2.07215e+06 105828 74658 0.0125938 0.0125938 940.229 940.229 1 0.801 32981.1 26417.9 0 0 
2008 2 1 3 0 0 0.371266 0.0526641 0.423931 817078 665971 35072.8 32806.5 0.0167786 0.0167786 550.447 550.447 1 0.988 13709.4 13544.9 0 0 
2008 2 1 4 0 0 0.364322 0.0526641 0.416986 80301.2 65662.3 3458.04 5707.17 0.0192778 0.0192778 110.021 110.021 1 1 1548.03 1548.03 0 0 
2009 1 1 1 0 0 0.444855 0.727118 1.17197 3.71988e+07 2.19086e+07 1.59301e+07 1.8898e+07 0.00617048 0.00617048 116610 116610 1 0.021 229534 4820.22 0 0 
2009 1 1 2 0 0 0.332107 1.10223 1.43434 1.77171e+07 9.40893e+06 1.03708e+07 1.42652e+07 0.00940682 0.00940682 134190 134190 1 0.801 166661 133496 0 0 
2009 1 1 3 0 0 0.271229 1.13659 1.40782 1.60741e+06 862409 980207 1.55625e+06 0.0121023 0.0121023 18834.1 18834.1 1 0.988 19453.3 19219.9 0 0 
2009 1 1 4 0 0 0.246817 1.13659 1.38341 587674 318294 361770 392316 0.0132195 0.0132195 5186.2 5186.2 1 1 7768.73 7768.73 0 0 
2009 2 1 0 0 0 0.669338 0.000689774 0.670027 5.06075e+08 3.6882e+08 254402 978566 0.00282302 0.00282302 2762.51 2762.51 1 0 1.42866e+06 0 0 0 
2009 2 1 1 0 0 0.566456 0.0689345 0.63539 1.15225e+07 8.52816e+06 587884 2.2541e+06 0.00490024 0.00490024 11045.6 11045.6 1 0.021 56463.1 1185.73 0 0 
2009 2 1 2 0 0 0.431943 0.104497 0.53644 4.22151e+06 3.2672e+06 341413 278061 0.00790773 0.00790773 2198.83 2198.83 1 0.801 33382.6 26739.4 0 0 
2009 2 1 3 0 0 0.38661 0.107755 0.494365 393295 310300 33436.3 11997.4 0.0105354 0.0105354 126.397 126.397 1 0.988 4143.51 4093.79 0 0 
2009 2 1 4 0 0 0.367908 0.107755 0.475662 147343 117254 12634.7 3447.23 0.0121046 0.0121046 41.7274 41.7274 1 1 1783.53 1783.53 0 0 
2010 1 1 1 0 0 0.450948 0.240432 0.69138 2.58956e+08 1.86943e+08 4.49472e+07 3.9951e+07 0.00629966 0.00629966 251677 251677 1 0.021 1.63133e+06 34258 0 0 
2010 1 1 2 0 0 0.344339 0.602559 0.946898 6.10381e+06 3.94539e+06 2.37733e+06 2.13023e+06 0.0123727 0.0123727 26356.7 26356.7 1 0.801 75520.7 60492.1 0 0 
2010 1 1 3 0 0 0.280679 0.919937 1.20062 2.46885e+06 1.43735e+06 1.32227e+06 941995 0.0138827 0.0138827 13077.4 13077.4 1 0.988 34274.2 33863 0 0 
2010 1 1 4 0 0 0.246314 0.919937 1.16625 331464 195671 180005 108212 0.0171797 0.0171797 1859.05 1859.05 1 1 5694.43 5694.43 0 0 
2010 2 1 0 0 0 0.674501 0.000864681 0.675366 3.5031e+07 2.54695e+07 22023 9754.08 0.00337498 0.00337498 32.9198 32.9198 1 0 118229 0 0 0 
2010 2 1 1 0 0 0.624328 0.011207 0.635535 1.29707e+08 9.59937e+07 1.0758e+06 1.1843e+06 0.00585835 0.00585835 6938.03 6938.03 1 0.021 759869 15957.2 0 0 
2010 2 1 2 0 0 0.453414 0.0280865 0.481501 2.36793e+06 1.87931e+06 52783.4 35268.1 0.00945387 0.00945387 333.42 333.42 1 0.801 22386.1 17931.3 0 0 
2010 2 1 3 0 0 0.412842 0.0428802 0.455722 743146 596852 25593.1 15734.9 0.0125953 0.0125953 198.186 198.186 1 0.988 9360.13 9247.81 0 0 
2010 2 1 4 0 0 0.383625 0.0428802 0.426505 103262 84064.2 3604.69 2409.68 0.0144713 0.0144713 34.8713 34.8713 1 1 1494.33 1494.33 0 0 
2011 1 1 1 0 0 0.487689 0.271237 0.758926 1.78297e+07 1.24945e+07 3.38897e+06 1.89405e+06 0.00529715 0.00529715 10033 10033 1 0.021 94446.7 1983.38 0 0 
2011 1 1 2 0 0 0.335809 0.679761 1.01557 6.86995e+07 4.31451e+07 2.93283e+07 3.26917e+07 0.00873028 0.00873028 285407 285407 1 0.801 599766 480412 0 0 
2011 1 1 3 0 0 0.293636 1.0378 1.33144 1.46304e+06 808639 839208 1.30518e+06 0.012692 0.012692 16565.4 16565.4 1 0.988 18568.9 18346.1 0 0 
2011 1 1 4 0 0 0.254828 1.0378 1.29263 538555 302248 313674 265602 0.0147748 0.0147748 3924.2 3924.2 1 1 7957.02 7957.02 0 0 
2011 2 1 0 0 0 0.723393 0.000605747 0.723998 4.37206e+07 3.11111e+07 18845.5 4500.97 0.00279966 0.00279966 12.6012 12.6012 1 0 122403 0 0 0 
2011 2 1 1 0 0 0.664835 0.00785102 0.672686 8.34732e+06 6.07621e+06 47704.4 38621.5 0.00485969 0.00485969 187.688 187.688 1 0.021 40565.4 851.873 0 0 
2011 2 1 2 0 0 0.442114 0.0196758 0.46179 2.48827e+07 1.99284e+07 392108 325110 0.00784229 0.00784229 2549.61 2549.61 1 0.801 195137 156305 0 0 
2011 2 1 3 0 0 0.4262 0.0300395 0.456239 386383 310247 9319.65 13950.9 0.0104482 0.0104482 145.762 145.762 1 0.988 4037.01 3988.56 0 0 
2011 2 1 4 0 0 0.388043 0.0300395 0.418083 147859 120843 3630.04 1216.73 0.0120044 0.0120044 14.6061 14.6061 1 1 1774.96 1774.96 0 0 
2012 1 1 1 0 0 0.54368 0.0518376 0.595518 2.11962e+07 1.59713e+07 827915 383090 0.00639396 0.00639396 2449.46 2449.46 1 0.021 135527 2846.07 0 0 
2012 1 1 2 0 0 0.4137 0.129913 0.543613 4.25994e+06 3.2862e+06 426919 419086 0.00950165 0.00950165 3982.01 3982.01 1 0.801 40476.4 32421.6 0 0 
2012 1 1 3 0 0 0.333056 0.19834 0.531397 1.568e+07 1.21633e+07 2.41247e+06 3.35394e+06 0.011274 0.011274 37812.3 37812.3 1 0.988 176776 174654 0 0 
2012 1 1 4 0 0 0.295306 0.19834 0.493646 342173 270055 53562.9 128653 0.0144972 0.0144972 1865.11 1865.11 1 1 4960.57 4960.57 0 0 
2012 2 1 0 0 0 0.716407 0 0.716407 1.05609e+08 7.54018e+07 0 5.80579 0.00378879 0.00378879 0.021997 0.021997 1 0 400130 0 0 0 
2012 2 1 1 0 0 0.637897 0 0.637897 1.1685e+07 8.63869e+06 0 169.054 0.00657665 0.00657665 1.11181 1.11181 1 0.021 76847.9 1613.81 0 0 
2012 2 1 2 0 0 0.434298 0 0.434298 2.47352e+06 2.0064e+06 0 115.983 0.010613 0.010613 1.23093 1.23093 1 0.801 26251.5 21027.5 0 0 
2012 2 1 3 0 0 0.407071 0 0.407071 9.21641e+06 7.57116e+06 0 373.403 0.0141396 0.0141396 5.27977 5.27977 1 0.988 130317 128753 0 0 
2012 2 1 4 0 0 0.380673 0 0.380673 208861 173706 0 20.9336 0.0162457 0.0162457 0.34008 0.34008 1 1 3393.1 3393.1 0 0 
2013 1 1 1 0 0 0.541468 0.32623 0.867699 5.15903e+07 3.44897e+07 1.12516e+07 1.80902e+07 0.00468059 0.00468059 84673 84673 1 0.021 241473 5070.94 0 0 
2013 1 1 2 0 0 0.452085 0.817583 1.26967 6.17436e+06 3.49684e+06 2.85896e+06 7.91636e+06 0.00650886 0.00650886 51526.5 51526.5 1 0.801 40188 32190.6 0 0 
2013 1 1 3 0 0 0.335123 1.24822 1.58334 1.60215e+06 804150 1.00376e+06 2.18164e+06 0.0100728 0.0100728 21975.3 21975.3 1 0.988 16138.1 15944.5 0 0 
2013 1 1 4 0 0 0.296363 1.24822 1.54458 6.27716e+06 3.19673e+06 3.99021e+06 4.30112e+06 0.0113217 0.0113217 48695.8 48695.8 1 1 71067.8 71067.8 0 0 
2013 2 1 0 0 0 0.653095 0 0.653095 6.67879e+07 4.90424e+07 0 3061.56 0.00376404 0.00376404 11.5238 11.5238 1 0 251392 0 0 0 
2013 2 1 1 0 0 0.580585 0 0.580585 2.16636e+07 1.64339e+07 0 598300 0.00653368 0.00653368 3909.1 3909.1 1 0.021 141543 2972.41 0 0 
2013 2 1 2 0 0 0.389672 0 0.389672 1.73453e+06 1.43652e+06 0 131429 0.0105437 0.0105437 1385.75 1385.75 1 0.801 18288.3 14649 0 0 
2013 2 1 3 0 0 0.364612 0 0.364612 328901 275609 0 99528.5 0.0140472 0.0140472 1398.1 1398.1 1 0.988 4620.14 4564.7 0 0 
2013 2 1 4 0 0 0.348432 0 0.348432 1.33955e+06 1.13108e+06 0 48585.2 0.0161395 0.0161395 784.142 784.142 1 1 21619.8 21619.8 0 0 
2014 1 1 1 0 0 0.473238 0.187284 0.660522 3.47586e+07 2.54389e+07 4.76429e+06 8.93e+06 0.0047311 0.0047311 42248.7 42248.7 1 0.021 164446 3453.37 0 0 
2014 1 1 2 0 0 0.439206 0.469361 0.908567 1.21223e+07 7.96398e+06 3.73798e+06 3.35361e+06 0.00705648 0.00705648 23664.7 23664.7 1 0.801 85541 68518.4 0 0 
2014 1 1 3 0 0 0.29694 0.716583 1.01352 1.17476e+06 738410 529132 401389 0.00948051 0.00948051 3805.37 3805.37 1 0.988 11137.3 11003.7 0 0 
2014 1 1 4 0 0 0.277897 0.716583 0.99448 1.17386e+06 743735 532948 359563 0.0117233 0.0117233 4215.27 4215.27 1 1 13761.5 13761.5 0 0 
2014 2 1 0 0 0 0.634841 0.000530518 0.635372 2.49229e+08 1.84464e+08 97861.1 924941 0.0030237 0.0030237 2796.75 2796.75 1 0 753595 0 0 0 
2014 2 1 1 0 0 0.523679 0.00687598 0.530555 1.79557e+07 1.3934e+07 95809.6 131242 0.0052486 0.0052486 688.836 688.836 1 0.021 94242.1 1979.08 0 0 
2014 2 1 2 0 0 0.347514 0.0172322 0.364746 4.88653e+06 4.09451e+06 70557.6 98187.1 0.00846989 0.00846989 831.633 831.633 1 0.801 41388.4 33152.1 0 0 
2014 2 1 3 0 0 0.326506 0.0263088 0.352815 426366 359269 9451.92 23065.2 0.0112843 0.0112843 260.275 260.275 1 0.988 4811.25 4753.52 0 0 
2014 2 1 4 0 0 0.319289 0.0263088 0.345597 434229 367141 9659.02 24526.9 0.0129651 0.0129651 317.994 317.994 1 1 5629.83 5629.83 0 0 
2015 1 1 1 0 0 0.514166 0.182729 0.696895 1.32026e+08 9.50791e+07 1.73737e+07 2.53264e+07 0.00548385 0.00548385 138886 138886 1 0.021 724012 15204.3 0 0 
2015 1 1 2 0 0 0.390459 0.457947 0.848406 1.05629e+07 7.12038e+06 3.26076e+06 1.91822e+06 0.0083179 0.0083179 15955.6 15955.6 1 0.801 87861.4 70377 0 0 
2015 1 1 3 0 0 0.27124 0.699156 0.970396 3.39308e+06 2.17162e+06 1.5183e+06 579249 0.0105941 0.0105941 6136.62 6136.62 1 0.988 35946.6 35515.2 0 0 
2015 1 1 4 0 0 0.250925 0.699156 0.950081 606956 391799 273928 171513 0.014 0.014 2401.19 2401.19 1 1 8497.41 8497.41 0 0 
2015 2 1 0 0 0 0.605735 0 0.605735 1.69304e+07 1.26985e+07 0 0.312266 0.00402323 0.00402323 0.00125632 0.00125632 1 0 68114.7 0 0 0 
2015 2 1 1 0 0 0.515667 0 0.515667 6.57662e+07 5.13841e+07 0 111.945 0.0068634 0.0068634 0.768322 0.768322 1 0.021 451380 9478.98 0 0 
2015 2 1 2 0 0 0.330908 0 0.330908 4.52196e+06 3.84991e+06 0 19.3067 0.0110821 0.0110821 0.213959 0.213959 1 0.801 50112.8 40140.3 0 0 
2015 2 1 3 0 0 0.322548 0 0.322548 1.28575e+06 1.099e+06 0 11.422 0.0147713 0.0147713 0.168718 0.168718 1 0.988 18992.2 18764.3 0 0 
2015 2 1 4 0 0 0.304218 0 0.304218 234716 202375 0 4.26596 0.0169897 0.0169897 0.0724775 0.0724775 1 1 3987.76 3987.76 0 0 
2016 1 1 1 0 0  -1 -1 -1 9.23844e+06  -1  -1  -1 0.00519196  -1 -1 -1 -1 0.021 47965.6 1007.28 0 0 
2016 1 1 2 0 0  -1 -1 -1 3.92692e+07  -1  -1  -1 0.010116  -1 -1 -1 -1 0.801 397247 318195 0 0 
2016 1 1 3 0 0  -1 -1 -1 3.24799e+06  -1  -1  -1 0.0124981  -1 -1 -1 -1 0.988 40593.8 40106.7 0 0 
2016 1 1 4 0 0  -1 -1 -1 1.10442e+06  -1  -1  -1 0.0146557  -1 -1 -1 -1 1 16186 16186 0 0 
