Year Quarter Species.n Age M1 M2 M F Z N N.bar C.hat C.obs west weca Yield CWsum prop.landed propmat BIO SSB Lsea ration
1983 1 1 1 0 0 0.395819 0.1831 0.578919 1.39822e+07 1.06148e+07 1.94357e+06 1.84599e+06 0.0048618 0.0048618 8974.82 8974.82 1 0.021 67978.6 1427.55 0 0 
1983 1 1 2 0 0 0.352847 0.700937 1.05378 5.28264e+07 3.2654e+07 2.28884e+07 2.89709e+07 0.00973705 0.00973705 282091 282091 1 0.801 514374 412013 0 0 
1983 1 1 3 0 0 0.295101 1.03481 1.32991 2.96911e+06 1.64205e+06 1.69921e+06 772469 0.0171762 0.0171762 13268.1 13268.1 1 0.988 50998.1 50386.1 0 0 
1983 1 1 4 0 0 0.269117 1.03481 1.30392 242434 135454 140168 320070 0.0205468 0.0205468 6576.43 6576.43 1 1 4981.24 4981.24 0 0 
1983 2 1 0 0 0 0.511974 0.0121158 0.52409 3.08543e+08 2.40143e+08 2.90953e+06 1.02226e+07 0.00330879 0.00330879 33824.4 33824.4 1 0 1.0209e+06 0 0 0 
1983 2 1 1 0 0 0.480756 0.0619255 0.542682 7.83707e+06 6.04822e+06 374540 263866 0.00401463 0.00401463 1059.32 1059.32 1 0.021 31462.9 660.721 0 0 
1983 2 1 2 0 0 0.388363 0.237061 0.625424 1.84161e+07 1.36913e+07 3.24568e+06 3.08503e+06 0.00828264 0.00828264 25552.2 25552.2 1 0.801 152534 122180 0 0 
1983 2 1 3 0 0 0.355307 0.349978 0.705285 785337 563468 197201 564013 0.0131614 0.0131614 7423.22 7423.22 1 0.988 10336.2 10212.1 0 0 
1983 2 1 4 0 0 0.351067 0.349978 0.701045 65812.2 47307.9 16556.7 2198.88 0.0115649 0.0115649 25.4297 25.4297 1 1 761.109 761.109 0 0 
1984 1 1 1 0 0 0.400692 0.209104 0.609796 1.82686e+08 1.36772e+08 2.85997e+07 4.71171e+07 0.00546153 0.00546153 257331 257331 1 0.021 997747 20952.7 0 0 
1984 1 1 2 0 0 0.359702 0.800486 1.16019 4.5548e+06 2.69543e+06 2.15765e+06 1.70111e+06 0.0101074 0.0101074 17193.7 17193.7 1 0.801 46037.1 36875.7 0 0 
1984 1 1 3 0 0 0.274046 1.18177 1.45582 9.85326e+06 5.18979e+06 6.13315e+06 1.00025e+07 0.0140566 0.0140566 140600 140600 1 0.988 138503 136841 0 0 
1984 1 1 4 0 0 0.255654 1.18177 1.43743 420578 223090 263641 333197 0.0134165 0.0134165 4470.32 4470.32 1 1 5642.67 5642.67 0 0 
1984 2 1 0 0 0 0.501684 0.0132341 0.514918 7.8061e+07 6.1011e+07 807423 0 0.00368394 0.00368394 0 0 1 0 287572 0 0 0 
1984 2 1 1 0 0 0.466168 0.0676408 0.533809 9.9283e+07 7.69315e+07 5.20371e+06 9.24129e+06 0.00732208 0.00732208 67665.4 67665.4 1 0.021 726958 15266.1 0 0 
1984 2 1 2 0 0 0.386275 0.258941 0.645215 1.4276e+06 1.05198e+06 272400 89838.4 0.0128095 0.0128095 1150.78 1150.78 1 0.801 18286.8 14647.7 0 0 
1984 2 1 3 0 0 0.336395 0.382278 0.718673 2.29788e+06 1.63899e+06 626549 566198 0.0168425 0.0168425 9536.16 9536.16 1 0.988 38701.9 38237.5 0 0 
1984 2 1 4 0 0 0.34811 0.382278 0.730388 99903.5 70890.8 27100 42957.7 0.0157961 0.0157961 678.564 678.564 1 1 1578.09 1578.09 0 0 
1985 1 1 1 0 0 0.384902 0.223152 0.608053 4.66453e+07 3.49495e+07 7.79904e+06 6.21684e+06 0.00507786 0.00507786 31568.3 31568.3 1 0.021 236858 4974.03 0 0 
1985 1 1 2 0 0 0.346352 0.854262 1.20061 5.82163e+07 3.38932e+07 2.89537e+07 3.13643e+07 0.00915445 0.00915445 287123 287123 1 0.801 532938 426883 0 0 
1985 1 1 3 0 0 0.29004 1.26116 1.5512 748847 380413 479762 1.98716e+06 0.0163999 0.0163999 32589.2 32589.2 1 0.988 12281 12133.7 0 0 
1985 1 1 4 0 0 0.264157 1.26116 1.52532 1.16811e+06 599208 755699 211484 0.0178896 0.0178896 3783.37 3783.37 1 1 20897 20897 0 0 
1985 2 1 0 0 0 0.515995 0.014199 0.530194 5.1949e+08 4.03201e+08 5.72504e+06 8.52406e+06 0.0029841 0.0029841 25436.7 25436.7 1 0 1.55021e+06 0 0 0 
1985 2 1 1 0 0 0.468187 0.0725726 0.540759 2.53942e+07 1.9615e+07 1.42351e+06 1.35357e+06 0.00584444 0.00584444 7910.86 7910.86 1 0.021 148415 3116.71 0 0 
1985 2 1 2 0 0 0.384666 0.27782 0.662486 1.75237e+07 1.28139e+07 3.55995e+06 2.30521e+06 0.0106746 0.0106746 24607.2 24607.2 1 0.801 187059 149834 0 0 
1985 2 1 3 0 0 0.363462 0.410151 0.773613 158750 110536 45336.4 1.59487e+06 0.0128942 0.0128942 20564.6 20564.6 1 0.988 2046.96 2022.4 0 0 
1985 2 1 4 0 0 0.344414 0.410151 0.754564 254124 178422 73179.9 212744 0.0165975 0.0165975 3531.02 3531.02 1 1 4217.81 4217.81 0 0 
1986 1 1 1 0 0 0.375586 0.173654 0.54924 3.05715e+08 2.35232e+08 4.08489e+07 4.49397e+07 0.00529385 0.00529385 237904 237904 1 0.021 1.61841e+06 33986.6 0 0 
1986 1 1 2 0 0 0.342321 0.664776 1.0071 1.47872e+07 9.3196e+06 6.19545e+06 7.55329e+06 0.0117065 0.0117065 88422.5 88422.5 1 0.801 173106 138658 0 0 
1986 1 1 3 0 0 0.282014 0.981421 1.26343 9.03464e+06 5.12944e+06 5.03414e+06 1.65219e+06 0.0116861 0.0116861 19307.6 19307.6 1 0.988 105579 104312 0 0 
1986 1 1 4 0 0 0.267111 0.981421 1.24853 192731 110075 108030 30901.2 0.0135576 0.0135576 418.948 418.948 1 1 2612.98 2612.98 0 0 
1986 2 1 0 0 0 0.531211 0.00471865 0.53593 7.90449e+07 6.11904e+07 288736 87141.1 0.00298063 0.00298063 259.735 259.735 1 0 235603 0 0 0 
1986 2 1 1 0 0 0.477662 0.0241176 0.501779 1.76516e+08 1.38794e+08 3.34738e+06 4.16254e+06 0.00745594 0.00745594 31035.7 31035.7 1 0.021 1.31609e+06 27638 0 0 
1986 2 1 2 0 0 0.412134 0.0923263 0.50446 5.40142e+06 4.24191e+06 391639 227967 0.0126971 0.0126971 2894.52 2894.52 1 0.801 68582.2 54934.4 0 0 
1986 2 1 3 0 0 0.379668 0.136303 0.51597 2.55392e+06 1.99514e+06 271943 187509 0.0127752 0.0127752 2395.47 2395.47 1 0.988 32626.9 32235.4 0 0 
1986 2 1 4 0 0 0.360619 0.136303 0.496922 55299.6 43578.9 5939.92 14004.8 0.0146781 0.0146781 205.564 205.564 1 1 811.691 811.691 0 0 
1987 1 1 1 0 0 0.387399 0.113367 0.500766 4.62511e+07 3.6384e+07 4.12476e+06 4.504e+06 0.00715293 0.00715293 32216.8 32216.8 1 0.021 330831 6947.45 0 0 
1987 1 1 2 0 0 0.349411 0.433989 0.7834 1.06872e+08 7.4097e+07 3.21573e+07 2.35717e+07 0.0106181 0.0106181 250288 250288 1 0.801 1.13478e+06 908961 0 0 
1987 1 1 3 0 0 0.286902 0.640705 0.927607 3.26155e+06 2.12548e+06 1.36181e+06 1.19872e+06 0.0184988 0.0184988 22174.9 22174.9 1 0.988 60334.8 59610.7 0 0 
1987 1 1 4 0 0 0.271239 0.640705 0.911944 1.55813e+06 1.02217e+06 654913 170802 0.0147187 0.0147187 2513.99 2513.99 1 1 22933.7 22933.7 0 0 
1987 2 1 0 0 0 0.537637 0.00817368 0.54581 4.69099e+07 3.6151e+07 295487 186628 0.00402264 0.00402264 750.735 750.735 1 0 188701 0 0 0 
1987 2 1 1 0 0 0.47658 0.0417767 0.518356 2.80312e+07 2.18743e+07 913835 1.9383e+06 0.00784818 0.00784818 15212.1 15212.1 1 0.021 219994 4619.88 0 0 
1987 2 1 2 0 0 0.418229 0.159928 0.578157 4.88245e+07 3.70788e+07 5.92993e+06 4.17345e+06 0.0112314 0.0112314 46873.8 46873.8 1 0.801 548370 439244 0 0 
1987 2 1 3 0 0 0.381382 0.236105 0.617487 1.28994e+06 962413 227230 122748 0.0201833 0.0201833 2477.46 2477.46 1 0.988 26035.2 25722.7 0 0 
1987 2 1 4 0 0 0.366019 0.236105 0.602123 625969 470267 111032 31939.6 0.0160738 0.0160738 513.391 513.391 1 1 10061.7 10061.7 0 0 
1988 1 1 1 0 0 0.394122 0.189627 0.583748 2.71783e+07 2.05879e+07 3.90401e+06 1.99696e+06 0.0061208 0.0061208 12223 12223 1 0.021 166353 3493.41 0 0 
1988 1 1 2 0 0 0.360197 0.725923 1.08612 1.66926e+07 1.01816e+07 7.39105e+06 8.56424e+06 0.0103786 0.0103786 88884.9 88884.9 1 0.801 173245 138770 0 0 
1988 1 1 3 0 0 0.297752 1.07169 1.36944 2.73872e+07 1.49141e+07 1.59834e+07 1.52293e+07 0.0159637 0.0159637 243116 243116 1 0.988 437203 431956 0 0 
1988 1 1 4 0 0 0.292881 1.07169 1.36457 1.03847e+06 566590 607210 2.35402e+06 0.017758 0.017758 41802.6 41802.6 1 1 18441.2 18441.2 0 0 
1988 2 1 0 0 0 0.54597 0.00474485 0.550715 2.06819e+08 1.5903e+08 754572 0 0.00393409 0.00393409 0 0 1 0 813645 0 0 0 
1988 2 1 1 0 0 0.475009 0.0242515 0.49926 1.51601e+07 1.19341e+07 289421 0 0.00682887 0.00682887 0 0 1 0.021 103527 2174.06 0 0 
1988 2 1 2 0 0 0.418519 0.0928388 0.511358 5.63413e+06 4.41071e+06 409485 161558 0.0120218 0.0120218 1942.22 1942.22 1 0.801 67732.4 54253.6 0 0 
1988 2 1 3 0 0 0.372786 0.13706 0.509846 6.96316e+06 5.45492e+06 747649 1.43883e+06 0.0170481 0.0170481 24529.5 24529.5 1 0.988 118709 117284 0 0 
1988 2 1 4 0 0 0.366103 0.13706 0.503163 265319 208487 28575.2 46948.5 0.024442 0.024442 1147.51 1147.51 1 1 6484.92 6484.92 0 0 
1989 1 1 1 0 0 0.415694 0.656129 1.07182 1.19239e+08 7.31589e+07 4.80016e+07 6.25027e+07 0.00498354 0.00498354 311485 311485 1 0.021 594232 12478.9 0 0 
1989 1 1 2 0 0 0.381899 0.893249 1.27515 9.20189e+06 5.20016e+06 4.64504e+06 6.36362e+06 0.00862559 0.00862559 54890 54890 1 0.801 79371.8 63576.8 0 0 
1989 1 1 3 0 0 0.31859 0.890705 1.20929 3.37868e+06 1.9602e+06 1.74596e+06 1.34585e+06 0.00905536 0.00905536 12187.2 12187.2 1 0.988 30595.2 30228.1 0 0 
1989 1 1 4 0 0 0.290792 0.890705 1.1815 4.34241e+06 2.54768e+06 2.26923e+06 4.7365e+06 0.0120466 0.0120466 57058.6 57058.6 1 1 52311 52311 0 0 
1989 2 1 0 0 0 0.523023 0.00117134 0.524194 9.52712e+07 7.41473e+07 86852 467.877 0.00621381 0.00621381 2.9073 2.9073 1 0 591997 0 0 0 
1989 2 1 1 0 0 0.448891 0.0264291 0.47532 4.08254e+07 3.24935e+07 858776 757493 0.0096339 0.0096339 7297.62 7297.62 1 0.021 393308 8259.47 0 0 
1989 2 1 2 0 0 0.393401 0.0359804 0.429381 2.57091e+06 2.09016e+06 75204.8 77199.8 0.0155247 0.0155247 1198.51 1198.51 1 0.801 39912.7 31970.1 0 0 
1989 2 1 3 0 0 0.365748 0.0358779 0.401626 1.00823e+06 830349 29791.2 16375.7 0.0171969 0.0171969 281.612 281.612 1 0.988 17338.4 17130.3 0 0 
1989 2 1 4 0 0 0.356954 0.0358779 0.392832 1.33233e+06 1.10179e+06 39530 57548.9 0.0282663 0.0282663 1626.69 1626.69 1 1 37660.1 37660.1 0 0 
1990 1 1 1 0 0 0.40157 0.637496 1.03907 5.64036e+07 3.50785e+07 2.23624e+07 1.68463e+07 0.00661143 0.00661143 111378 111378 1 0.021 372909 7831.09 0 0 
1990 1 1 2 0 0 0.343173 0.867883 1.21106 2.53806e+07 1.47146e+07 1.27705e+07 1.39168e+07 0.00962998 0.00962998 134019 134019 1 0.801 244415 195776 0 0 
1990 1 1 3 0 0 0.29181 0.86541 1.15722 1.67344e+06 991494 858049 2.05955e+06 0.0142239 0.0142239 29294.9 29294.9 1 0.988 23802.8 23517.2 0 0 
1990 1 1 4 0 0 0.285141 0.86541 1.15055 1.57425e+06 935255 809380 621957 0.0169916 0.0169916 10568 10568 1 1 26749 26749 0 0 
1990 2 1 0 0 0 0.543411 0.00194886 0.54536 1.29232e+08 9.96131e+07 194132 521856 0.00500976 0.00500976 2614.37 2614.37 1 0 647422 0 0 0 
1990 2 1 1 0 0 0.475775 0.0439723 0.519747 1.99548e+07 1.55619e+07 684292 1.257e+06 0.00897962 0.00897962 11287.4 11287.4 1 0.021 179186 3762.91 0 0 
1990 2 1 2 0 0 0.404175 0.0598635 0.464038 7.56044e+06 6.04884e+06 362105 416960 0.0130851 0.0130851 5455.98 5455.98 1 0.801 98929.4 79242.5 0 0 
1990 2 1 3 0 0 0.367537 0.059693 0.42723 526059 428115 25555.5 62063.2 0.0193258 0.0193258 1199.42 1199.42 1 0.988 10166.5 10044.5 0 0 
1990 2 1 4 0 0 0.368295 0.059693 0.427988 498191 405293 24193.1 18356.7 0.0230855 0.0230855 423.773 423.773 1 1 11501 11501 0 0 
1991 1 1 1 0 0 0.394066 0.365278 0.759344 7.49073e+07 5.24831e+07 1.91709e+07 1.49386e+07 0.00779886 0.00779886 116504 116504 1 0.021 584192 12268 0 0 
1991 1 1 2 0 0 0.329801 0.497287 0.827088 1.18665e+07 8.07295e+06 4.01457e+06 6.86977e+06 0.0141629 0.0141629 97295.7 97295.7 1 0.801 168064 134619 0 0 
1991 1 1 3 0 0 0.2462 0.49587 0.742071 4.75355e+06 3.35582e+06 1.66405e+06 983098 0.0378024 0.0378024 37163.4 37163.4 1 0.988 179695 177539 0 0 
1991 1 1 4 0 0 0.245573 0.49587 0.741444 667886 471631 233868 338126 0.0196013 0.0196013 6627.71 6627.71 1 1 13091.4 13091.4 0 0 
1991 2 1 0 0 0 0.549777 0.00525601 0.555033 1.60808e+08 1.23408e+08 648635 7.34359e+06 0.00375643 0.00375643 27585.7 27585.7 1 0 604063 0 0 0 
1991 2 1 1 0 0 0.451794 0.118592 0.570386 3.50546e+07 2.67152e+07 3.16821e+06 6.91686e+06 0.00613177 0.00613177 42412.6 42412.6 1 0.021 214947 4513.88 0 0 
1991 2 1 2 0 0 0.385651 0.16145 0.547101 5.18948e+06 3.99692e+06 645303 208518 0.01181 0.01181 2462.6 2462.6 1 0.801 61287.7 49091.4 0 0 
1991 2 1 3 0 0 0.349013 0.16099 0.510004 2.26329e+06 1.77293e+06 285424 67283.4 0.0319872 0.0319872 2152.21 2152.21 1 0.988 72396.4 71527.6 0 0 
1991 2 1 4 0 0 0.354593 0.16099 0.515583 318198 248622 40025.7 0 0.0171578 0.0171578 0 0 1 1 5459.56 5459.56 0 0 
1992 1 1 1 0 0 0.39139 0.631081 1.02247 9.23122e+07 5.78081e+07 3.64816e+07 5.08834e+07 0.00778906 0.00778906 396334 396334 1 0.021 719026 15099.5 0 0 
1992 1 1 2 0 0 0.31261 0.859149 1.17176 1.98166e+07 1.16722e+07 1.00282e+07 8.45091e+06 0.011872 0.011872 100329 100329 1 0.801 235263 188445 0 0 
1992 1 1 3 0 0 0.233517 0.856702 1.09022 3.00276e+06 1.82844e+06 1.56643e+06 845007 0.017682 0.017682 14941.4 14941.4 1 0.988 53094.9 52457.7 0 0 
1992 1 1 4 0 0 0.235205 0.856702 1.09191 1.5491e+06 942628 807551 523702 0.0190325 0.0190325 9967.37 9967.37 1 1 29483.4 29483.4 0 0 
1992 2 1 0 0 0 0.533079 0.00329198 0.536371 3.55633e+07 2.75248e+07 90611.3 104413 0.00493269 0.00493269 515.036 515.036 1 0 175423 0 0 0 
1992 2 1 1 0 0 0.424299 0.0742774 0.498576 3.32052e+07 2.61475e+07 1.94217e+06 3.04121e+06 0.00953331 0.00953331 28992.8 28992.8 1 0.021 316555 6647.66 0 0 
1992 2 1 2 0 0 0.365457 0.101121 0.466578 6.13962e+06 4.90634e+06 496132 297654 0.0152849 0.0152849 4549.61 4549.61 1 0.801 93843.4 75168.6 0 0 
1992 2 1 3 0 0 0.327794 0.100833 0.428627 1.00936e+06 820898 82773.3 122334 0.0196919 0.0196919 2408.99 2408.99 1 0.988 19876.1 19637.6 0 0 
1992 2 1 4 0 0 0.335485 0.100833 0.436318 519842 421275 42478.3 26492.8 0.0211753 0.0211753 560.992 560.992 1 1 11007.8 11007.8 0 0 
1993 1 1 1 0 0 0.399754 0.278236 0.67799 2.07998e+07 1.5105e+07 4.20277e+06 2.18091e+06 0.007334 0.007334 15994.8 15994.8 1 0.021 152546 3203.46 0 0 
1993 1 1 2 0 0 0.340489 0.378789 0.719278 2.01687e+07 1.43817e+07 5.44762e+06 5.88223e+06 0.0114754 0.0114754 67500.7 67500.7 1 0.801 231443 185386 0 0 
1993 1 1 3 0 0 0.2524 0.37771 0.630109 3.85043e+06 2.85656e+06 1.07895e+06 1.63838e+06 0.0144173 0.0144173 23621 23621 1 0.988 55513 54846.8 0 0 
1993 1 1 4 0 0 0.233913 0.37771 0.611623 993531 743220 280721 491024 0.0202074 0.0202074 9922.31 9922.31 1 1 20076.7 20076.7 0 0 
1993 2 1 0 0 0 0.511967 0.00148928 0.513456 1.46912e+08 1.149e+08 171119 1.6241e+06 0.00401517 0.00401517 6521.03 6521.03 1 0 589874 0 0 0 
1993 2 1 1 0 0 0.392222 0.0336028 0.425825 1.05587e+07 8.59848e+06 288933 362388 0.00750659 0.00750659 2720.3 2720.3 1 0.021 79260.1 1664.46 0 0 
1993 2 1 2 0 0 0.324686 0.0457466 0.370433 9.82423e+06 8.20995e+06 375577 271130 0.0104751 0.0104751 2840.11 2840.11 1 0.801 102910 82430.6 0 0 
1993 2 1 3 0 0 0.315059 0.0456163 0.360676 2.05048e+06 1.72142e+06 78525 156038 0.0136024 0.0136024 2122.49 2122.49 1 0.988 27891.5 27556.8 0 0 
1993 2 1 4 0 0 0.312085 0.0456163 0.357701 538960 453102 20668.8 42948.5 0.0182007 0.0182007 781.695 781.695 1 1 9809.47 9809.47 0 0 
1994 1 1 1 0 0 0.378328 0.227035 0.605363 8.79154e+07 6.59513e+07 1.49732e+07 2.21725e+07 0.00549797 0.00549797 121904 121904 1 0.021 483356 10150.5 0 0 
1994 1 1 2 0 0 0.323887 0.309083 0.632971 6.89729e+06 5.11042e+06 1.57955e+06 2.66874e+06 0.00865172 0.00865172 23089.2 23089.2 1 0.801 59673.4 47798.4 0 0 
1994 1 1 3 0 0 0.253442 0.308203 0.561645 6.783e+06 5.18985e+06 1.59953e+06 1.1951e+06 0.01274 0.01274 15225.6 15225.6 1 0.988 86415.4 85378.4 0 0 
1994 1 1 4 0 0 0.228605 0.308203 0.536808 1.80649e+06 1.39789e+06 430833 881749 0.0198085 0.0198085 17466.1 17466.1 1 1 35783.9 35783.9 0 0 
1994 2 1 0 0 0 0.511619 0.00111313 0.512732 2.13845e+08 1.67305e+08 186232 0 0.00437711 0.00437711 0 0 1 0 936026 0 0 0 
1994 2 1 1 0 0 0.435043 0.0251157 0.460159 4.79909e+07 3.84646e+07 966067 1.53319e+06 0.00759787 0.00759787 11649 11649 1 0.021 364629 7657.21 0 0 
1994 2 1 2 0 0 0.354719 0.0341924 0.388911 3.66254e+06 3.03435e+06 103752 125736 0.012261 0.012261 1541.65 1541.65 1 0.801 44906.5 35970.1 0 0 
1994 2 1 3 0 0 0.327442 0.0340949 0.361537 3.86814e+06 3.24607e+06 110675 54805.4 0.0163352 0.0163352 895.258 895.258 1 0.988 63186.9 62428.6 0 0 
1994 2 1 4 0 0 0.320421 0.0340949 0.354516 1.0561e+06 889187 30316.8 78355.7 0.0187683 0.0187683 1470.61 1470.61 1 1 19821.2 19821.2 0 0 
1995 1 1 1 0 0 0.370428 0.421727 0.792155 1.28063e+08 8.84515e+07 3.73024e+07 3.66773e+07 0.00761039 0.00761039 279128 279128 1 0.021 974608 20466.8 0 0 
1995 1 1 2 0 0 0.329489 0.574136 0.903626 3.02911e+07 1.99421e+07 1.14495e+07 6.23617e+06 0.011309 0.011309 70524.7 70524.7 1 0.801 342561 274391 0 0 
1995 1 1 3 0 0 0.250474 0.572501 0.822974 2.48245e+06 1.69185e+06 968586 737271 0.0140643 0.0140643 10369.2 10369.2 1 0.988 34913.9 34495 0 0 
1995 1 1 4 0 0 0.226946 0.572501 0.799446 3.43543e+06 2.36531e+06 1.35414e+06 288655 0.019011 0.019011 5487.62 5487.62 1 1 65311.1 65311.1 0 0 
1995 2 1 0 0 0 0.50965 0.00225251 0.511903 5.58244e+07 4.36915e+07 98415.5 75643.5 0.00382878 0.00382878 289.623 289.623 1 0 213740 0 0 0 
1995 2 1 1 0 0 0.463373 0.0508235 0.514197 5.79955e+07 4.53432e+07 2.3045e+06 3.43966e+06 0.00679562 0.00679562 23374.6 23374.6 1 0.021 394116 8276.43 0 0 
1995 2 1 2 0 0 0.373617 0.0691908 0.442807 1.22709e+07 9.91432e+06 685979 940195 0.00994214 0.00994214 9347.55 9347.55 1 0.801 121999 97720.9 0 0 
1995 2 1 3 0 0 0.340753 0.0689937 0.409747 1.0901e+06 894389 61707.1 108547 0.0141028 0.0141028 1530.82 1530.82 1 0.988 15373.5 15189 0 0 
1995 2 1 4 0 0 0.331086 0.0689937 0.400079 1.54449e+06 1.27292e+06 87823.7 28180.4 0.0189865 0.0189865 535.048 535.048 1 1 29324.5 29324.5 0 0 
1996 1 1 1 0 0 0.334434 0.382512 0.716947 3.34586e+07 2.38829e+07 9.13549e+06 1.04023e+07 0.00557897 0.00557897 58034 58034 1 0.021 186665 3919.96 0 0 
1996 1 1 2 0 0 0.299167 0.52075 0.819917 3.46802e+07 2.36666e+07 1.23244e+07 1.2301e+07 0.00838117 0.00838117 103097 103097 1 0.801 290661 232819 0 0 
1996 1 1 3 0 0 0.246104 0.519266 0.76537 7.88072e+06 5.50702e+06 2.85961e+06 4.52684e+06 0.012211 0.012211 55277.2 55277.2 1 0.988 96231.4 95076.6 0 0 
1996 1 1 4 0 0 0.218691 0.519266 0.737957 1.75885e+06 1.24393e+06 645929 860500 0.0177327 0.0177327 15259 15259 1 1 31189.2 31189.2 0 0 
1996 2 1 0 0 0 0.538404 0.00258925 0.540993 3.85197e+08 2.97503e+08 770310 6.4702e+06 0.00286687 0.00286687 18549.2 18549.2 1 0 1.10431e+06 0 0 0 
1996 2 1 1 0 0 0.482626 0.0584215 0.541047 1.63358e+07 1.26165e+07 737075 1.06433e+06 0.00463624 0.00463624 4934.49 4934.49 1 0.021 75736.9 1590.48 0 0 
1996 2 1 2 0 0 0.385202 0.0795346 0.464736 1.52755e+07 1.22175e+07 971711 1.02659e+06 0.00758058 0.00758058 7782.15 7782.15 1 0.801 115797 92753.7 0 0 
1996 2 1 3 0 0 0.349554 0.079308 0.428862 3.66581e+06 2.98103e+06 236420 210861 0.00954845 0.00954845 2013.39 2013.39 1 0.988 35002.8 34582.8 0 0 
1996 2 1 4 0 0 0.342861 0.079308 0.422169 840890 685941 54400.6 65068.1 0.0141776 0.0141776 922.512 922.512 1 1 11921.8 11921.8 0 0 
1997 1 1 1 0 0 0.364195 0.318157 0.682352 2.2425e+08 1.62538e+08 5.17126e+07 3.86671e+07 0.00725091 0.00725091 280372 280372 1 0.021 1.62602e+06 34146.4 0 0 
1997 1 1 2 0 0 0.316464 0.433137 0.749601 9.50972e+06 6.69136e+06 2.89828e+06 2.33175e+06 0.00825643 0.00825643 19252 19252 1 0.801 78516.3 62891.6 0 0 
1997 1 1 3 0 0 0.267127 0.431903 0.69903 9.59762e+06 6.90523e+06 2.98239e+06 3.52152e+06 0.00992747 0.00992747 34959.8 34959.8 1 0.988 95280.1 94136.8 0 0 
1997 1 1 4 0 0 0.229033 0.431903 0.660936 2.93867e+06 2.15033e+06 928736 713371 0.014425 0.014425 10290.4 10290.4 1 1 42390.1 42390.1 0 0 
1997 2 1 0 0 0 0.55249 0.00512719 0.557617 6.17957e+07 4.7368e+07 242865 18648.6 0.00370051 0.00370051 69.0094 69.0094 1 0 228676 0 0 0 
1997 2 1 1 0 0 0.496684 0.115685 0.61237 1.13342e+08 8.47582e+07 9.80527e+06 8.8991e+06 0.00845048 0.00845048 75201.6 75201.6 1 0.021 957795 20113.7 0 0 
1997 2 1 2 0 0 0.37997 0.157493 0.537463 4.49387e+06 3.47637e+06 547505 176552 0.0141876 0.0141876 2504.84 2504.84 1 0.801 63757 51069.3 0 0 
1997 2 1 3 0 0 0.345815 0.157044 0.502859 4.77067e+06 3.7493e+06 588807 164393 0.0154685 0.0154685 2542.91 2542.91 1 0.988 73795.2 72909.7 0 0 
1997 2 1 4 0 0 0.339628 0.157044 0.496672 1.51743e+06 1.19595e+06 187817 55769.7 0.0160852 0.0160852 897.068 897.068 1 1 24408.2 24408.2 0 0 
1998 1 1 1 0 0 0.408801 0.485146 0.893947 3.53825e+07 2.33903e+07 1.13477e+07 9.38718e+06 0.00631255 0.00631255 59257 59257 1 0.021 223353 4690.42 0 0 
1998 1 1 2 0 0 0.343595 0.660475 1.00407 6.14388e+07 3.87707e+07 2.56071e+07 2.83637e+07 0.00889349 0.00889349 252253 252253 1 0.801 546405 437671 0 0 
1998 1 1 3 0 0 0.2986 0.658593 0.957193 2.62545e+06 1.68969e+06 1.11282e+06 2.1644e+06 0.0115379 0.0115379 24972.7 24972.7 1 0.988 30292.2 29928.7 0 0 
1998 1 1 4 0 0 0.244308 0.658593 0.902901 3.80873e+06 2.50825e+06 1.65192e+06 1.50458e+06 0.0134787 0.0134787 20279.9 20279.9 1 1 51336.9 51336.9 0 0 
1998 2 1 0 0 0 0.591014 0.00212498 0.593139 1.17542e+08 8.86633e+07 188407 211225 0.00322968 0.00322968 682.189 682.189 1 0 379624 0 0 0 
1998 2 1 1 0 0 0.524745 0.047946 0.572691 1.44728e+07 1.10182e+07 528281 438058 0.00669453 0.00669453 2932.6 2932.6 1 0.021 96888.4 2034.66 0 0 
1998 2 1 2 0 0 0.376775 0.0652734 0.442048 2.25103e+07 1.81937e+07 1.18757e+06 1.38355e+06 0.00995526 0.00995526 13773.6 13773.6 1 0.801 224095 179500 0 0 
1998 2 1 3 0 0 0.343408 0.0650875 0.408495 1.00809e+06 827582 53865.2 136051 0.0118944 0.0118944 1618.24 1618.24 1 0.988 11990.6 11846.7 0 0 
1998 2 1 4 0 0 0.33624 0.0650875 0.401327 1.54403e+06 1.2718e+06 82778.2 89798 0.0145223 0.0145223 1304.08 1304.08 1 1 22422.9 22422.9 0 0 
1999 1 1 1 0 0 0.444463 0.766824 1.21129 6.49528e+07 3.76533e+07 2.88734e+07 4.46207e+07 0.00533871 0.00533871 238217 238217 1 0.021 346764 7282.04 0 0 
1999 1 1 2 0 0 0.368846 0.833828 1.20267 8.16273e+06 4.74836e+06 3.95931e+06 5.4328e+06 0.00750406 0.00750406 40768.1 40768.1 1 0.801 61253.6 49064.1 0 0 
1999 1 1 3 0 0 0.306067 0.821071 1.12714 1.44678e+07 8.67755e+06 7.12488e+06 1.01584e+07 0.0103302 0.0103302 104938 104938 1 0.988 149454 147661 0 0 
1999 1 1 4 0 0 0.254354 0.821071 1.07542 1.70365e+06 1.04372e+06 856968 698833 0.0130668 0.0130668 9131.52 9131.52 1 1 22261.3 22261.3 0 0 
1999 2 1 0 0 0 0.59425 0.0174388 0.611689 1.56453e+08 1.17033e+08 2.04091e+06 440365 0.0034233 0.0034233 1507.5 1507.5 1 0 535586 0 0 0 
1999 2 1 1 0 0 0.542169 0.132744 0.674913 1.93438e+07 1.40669e+07 1.8673e+06 2.49827e+06 0.00594223 0.00594223 14845.3 14845.3 1 0.021 114945 2413.85 0 0 
1999 2 1 2 0 0 0.383259 0.144343 0.527603 2.452e+06 1.90537e+06 275027 205055 0.00958922 0.00958922 1966.31 1966.31 1 0.801 23512.8 18833.7 0 0 
1999 2 1 3 0 0 0.341452 0.142135 0.483587 4.68696e+06 3.71625e+06 528209 717189 0.0127756 0.0127756 9162.53 9162.53 1 0.988 59878.8 59160.3 0 0 
1999 2 1 4 0 0 0.333115 0.142135 0.47525 581204 462603 65752.1 148612 0.0146785 0.0146785 2181.4 2181.4 1 1 8531.22 8531.22 0 0 
2000 1 1 1 0 0 0.458266 0.602037 1.0603 8.48656e+07 5.23174e+07 3.1497e+07 3.2625e+07 0.00628743 0.00628743 205127 205127 1 0.021 533586 11205.3 0 0 
2000 1 1 2 0 0 0.380795 0.654643 1.03544 9.8499e+06 6.13507e+06 4.01628e+06 3.35527e+06 0.00872596 0.00872596 29277.9 29277.9 1 0.801 85949.8 68845.8 0 0 
2000 1 1 3 0 0 0.313523 0.644627 0.95815 1.44672e+06 930709 599960 629743 0.0119047 0.0119047 7496.91 7496.91 1 0.988 17222.8 17016.2 0 0 
2000 1 1 4 0 0 0.247384 0.644627 0.892011 3.25118e+06 2.15104e+06 1.38662e+06 1.07647e+06 0.0144788 0.0144788 15586 15586 1 1 47073.4 47073.4 0 0 
2000 2 1 0 0 0 0.581549 0.0163373 0.597886 2.52948e+08 1.90393e+08 3.11051e+06 7.8868e+06 0.00311918 0.00311918 24600.4 24600.4 1 0 788992 0 0 0 
2000 2 1 1 0 0 0.52722 0.12436 0.65158 2.93932e+07 2.1598e+07 2.68592e+06 2.7595e+06 0.00483975 0.00483975 13355.3 13355.3 1 0.021 142256 2987.38 0 0 
2000 2 1 2 0 0 0.356125 0.135226 0.491351 3.49741e+06 2.76319e+06 373655 170466 0.0078752 0.0078752 1342.45 1342.45 1 0.801 27542.8 22061.8 0 0 
2000 2 1 3 0 0 0.326928 0.133157 0.460085 554966 444820 59230.9 84239.6 0.0106172 0.0106172 894.386 894.386 1 0.988 5892.17 5821.47 0 0 
2000 2 1 4 0 0 0.306281 0.133157 0.439438 1.33243e+06 1.07823e+06 143574 121701 0.0122191 0.0122191 1487.08 1487.08 1 1 16281.1 16281.1 0 0 
2001 1 1 1 0 0 0.403479 0.782973 1.18645 1.39115e+08 8.14552e+07 6.37772e+07 5.67804e+07 0.00452018 0.00452018 256658 256658 1 0.021 628824 13205.3 0 0 
2001 1 1 2 0 0 0.359245 0.851388 1.21063 1.53204e+07 8.88361e+06 7.56339e+06 8.54941e+06 0.00869118 0.00869118 74304.5 74304.5 1 0.801 133152 106655 0 0 
2001 1 1 3 0 0 0.293175 0.838362 1.13154 2.13971e+06 1.28107e+06 1.074e+06 1.0982e+06 0.0115285 0.0115285 12660.6 12660.6 1 0.988 24667.7 24371.7 0 0 
2001 1 1 4 0 0 0.232513 0.838362 1.07088 1.20893e+06 742028 622088 972050 0.0166412 0.0166412 16176.1 16176.1 1 1 20118.1 20118.1 0 0 
2001 2 1 0 0 0 0.589463 0.0507226 0.640185 3.93636e+08 2.90718e+08 1.47459e+07 4.70803e+07 0.00311949 0.00311949 146867 146867 1 0 1.22795e+06 0 0 0 
2001 2 1 1 0 0 0.511828 0.386101 0.89793 4.24721e+07 2.80294e+07 1.08222e+07 3.12687e+06 0.00502922 0.00502922 15725.7 15725.7 1 0.021 213602 4485.64 0 0 
2001 2 1 2 0 0 0.356847 0.419838 0.776685 4.56561e+06 3.17472e+06 1.33287e+06 473865 0.0121224 0.0121224 5744.38 5744.38 1 0.801 55346.1 44332.3 0 0 
2001 2 1 3 0 0 0.323054 0.413415 0.736469 690137 488409 201916 49244.4 0.0165276 0.0165276 813.891 813.891 1 0.988 11406.3 11269.4 0 0 
2001 2 1 4 0 0 0.301057 0.413415 0.714472 414310 296059 122395 98136.5 0.0235893 0.0235893 2314.97 2314.97 1 1 9773.28 9773.28 0 0 
2002 1 1 1 0 0 0.445075 0.773659 1.21873 2.07523e+08 1.19943e+08 9.27948e+07 8.48784e+07 0.00595887 0.00595887 505780 505780 1 0.021 1.2366e+06 25968.7 0 0 
2002 1 1 2 0 0 0.415779 0.841261 1.25704 1.73037e+07 9.84921e+06 8.28575e+06 1.07722e+07 0.00743556 0.00743556 80097.4 80097.4 1 0.801 128662 103059 0 0 
2002 1 1 3 0 0 0.347434 0.82839 1.17582 2.09985e+06 1.2348e+06 1.0229e+06 1.2125e+06 0.00981692 0.00981692 11903 11903 1 0.988 20614.1 20366.7 0 0 
2002 1 1 4 0 0 0.277373 0.82839 1.10576 533223 322626 267261 225121 0.0138159 0.0138159 3110.25 3110.25 1 1 7366.95 7366.95 0 0 
2002 2 1 0 0 0 0.645268 0.00374131 0.64901 2.44888e+07 1.80149e+07 67399.2 16032.9 0.00384856 0.00384856 61.7036 61.7036 1 0 94246.6 0 0 0 
2002 2 1 1 0 0 0.54882 0.0284789 0.577299 6.13446e+07 4.66049e+07 1.32726e+06 604815 0.00668041 0.00668041 4040.41 4040.41 1 0.021 409807 8605.95 0 0 
2002 2 1 2 0 0 0.444703 0.0309674 0.47567 4.9228e+06 3.9175e+06 121315 107905 0.0107805 0.0107805 1163.27 1163.27 1 0.801 53070.1 42509.1 0 0 
2002 2 1 3 0 0 0.353299 0.0304936 0.383793 647940 538093 16408.4 15217.4 0.0143627 0.0143627 218.563 218.563 1 0.988 9306.16 9194.48 0 0 
2002 2 1 4 0 0 0.332471 0.0304936 0.362964 176475 147995 4512.9 5587.97 0.016502 0.016502 92.2126 92.2126 1 1 2912.18 2912.18 0 0 
2003 1 1 1 0 0 0.465118 0.575203 1.04032 1.27969e+07 7.95451e+06 4.57546e+06 3.84291e+06 0.00364495 0.00364495 14007.2 14007.2 1 0.021 46644.1 979.526 0 0 
2003 1 1 2 0 0 0.433309 0.625463 1.05877 3.44396e+07 2.12446e+07 1.32877e+07 1.33022e+07 0.00720947 0.00720947 95902.2 95902.2 1 0.801 248292 198882 0 0 
2003 1 1 3 0 0 0.380325 0.615894 0.996219 3.05937e+06 1.93695e+06 1.19296e+06 1.11744e+06 0.00949516 0.00949516 10610.3 10610.3 1 0.988 29049.2 28700.6 0 0 
2003 1 1 4 0 0 0.322034 0.615894 0.937928 564182 366062 225455 302389 0.0128458 0.0128458 3884.44 3884.44 1 1 7247.38 7247.38 0 0 
2003 2 1 0 0 0 0.663083 0.0152852 0.678368 1.47864e+08 1.07362e+08 1.64106e+06 2.47352e+06 0.0021662 0.0021662 5358.14 5358.14 1 0 320304 0 0 0 
2003 2 1 1 0 0 0.566066 0.116351 0.682417 4.52168e+06 3.27725e+06 381313 386042 0.00271216 0.00271216 1047.01 1047.01 1 0.021 12263.6 257.535 0 0 
2003 2 1 2 0 0 0.456306 0.126518 0.582824 1.19465e+07 9.05338e+06 1.14542e+06 4.39007e+06 0.00359061 0.00359061 15763 15763 1 0.801 42895.1 34359 0 0 
2003 2 1 3 0 0 0.368449 0.124582 0.493032 1.12974e+06 891884 111113 140974 0.00839994 0.00839994 1184.18 1184.18 1 0.988 9489.76 9375.88 0 0 
2003 2 1 4 0 0 0.363442 0.124582 0.488025 220842 174747 21770.4 31173.7 0.00907227 0.00907227 282.816 282.816 1 1 2003.54 2003.54 0 0 
2004 1 1 1 0 0 0.525117 0.642496 1.16761 7.50328e+07 4.42693e+07 2.84429e+07 3.06536e+07 0.00506054 0.00506054 155124 155124 1 0.021 379706 7973.83 0 0 
2004 1 1 2 0 0 0.456027 0.698637 1.15466 2.28523e+06 1.35538e+06 946919 785501 0.00829117 0.00829117 6512.72 6512.72 1 0.801 18947.2 15176.7 0 0 
2004 1 1 3 0 0 0.40293 0.687948 1.09088 6.66995e+06 4.06037e+06 2.79333e+06 2.36427e+06 0.00895199 0.00895199 21164.9 21164.9 1 0.988 59709.3 58992.8 0 0 
2004 1 1 4 0 0 0.345889 0.687948 1.03384 825576 514557 353989 479839 0.0103704 0.0103704 4976.14 4976.14 1 1 8561.58 8561.58 0 0 
2004 2 1 0 0 0 0.678731 0.00776587 0.686497 6.44301e+07 4.66136e+07 361995 565737 0.00351016 0.00351016 1985.83 1985.83 1 0 226160 0 0 0 
2004 2 1 1 0 0 0.600988 0.059114 0.660102 2.33433e+07 1.70876e+07 1.01011e+06 2.47912e+06 0.00452028 0.00452028 11206.3 11206.3 1 0.021 105519 2215.89 0 0 
2004 2 1 2 0 0 0.457937 0.0642793 0.522216 720222 561038 36063.1 110000 0.00663683 0.00663683 730.05 730.05 1 0.801 4779.99 3828.77 0 0 
2004 2 1 3 0 0 0.366294 0.0632958 0.42959 2.24058e+06 1.82142e+06 115288 229911 0.00667307 0.00667307 1534.21 1534.21 1 0.988 14951.5 14772.1 0 0 
2004 2 1 4 0 0 0.359899 0.0632958 0.423195 293607 239391 15152.4 47092.4 0.00875601 0.00875601 412.342 412.342 1 1 2570.83 2570.83 0 0 
2005 1 1 1 0 0 0.518059 0.691982 1.21004 3.243e+07 1.88092e+07 1.30156e+07 1.11055e+07 0.00650114 0.00650114 72198.3 72198.3 1 0.021 210832 4427.47 0 0 
2005 1 1 2 0 0 0.406568 1.06509 1.47165 1.20638e+07 6.31576e+06 6.72683e+06 4.435e+06 0.00874342 0.00874342 38777 38777 1 0.801 105479 84488.7 0 0 
2005 1 1 3 0 0 0.377609 1.073 1.45061 427239 225480 241939 262670 0.0103178 0.0103178 2710.18 2710.18 1 0.988 4408.17 4355.27 0 0 
2005 1 1 4 0 0 0.305588 1.073 1.37858 1.65041e+06 895568 960941 434852 0.0121192 0.0121192 5270.08 5270.08 1 1 20001.8 20001.8 0 0 
2005 2 1 0 0 0 0.662479 0.000436445 0.662916 1.44786e+08 1.05852e+08 46198.5 43821 0.00303922 0.00303922 133.182 133.182 1 0 440036 0 0 0 
2005 2 1 1 0 0 0.526723 0.0481052 0.574828 9.67014e+06 7.35484e+06 353806 383088 0.00527553 0.00527553 2020.99 2020.99 1 0.021 51015.1 1071.32 0 0 
2005 2 1 2 0 0 0.379626 0.0740427 0.453669 2.76919e+06 2.22617e+06 164832 211421 0.00851335 0.00851335 1799.9 1799.9 1 0.801 23575.1 18883.7 0 0 
2005 2 1 3 0 0 0.358943 0.0745926 0.433536 100157 81271 6062.21 13595.8 0.0113422 0.0113422 154.206 154.206 1 0.988 1136 1122.37 0 0 
2005 2 1 4 0 0 0.342496 0.0745926 0.417088 415797 339981 25360.1 27445.6 0.0130316 0.0130316 357.661 357.661 1 1 5418.52 5418.52 0 0 
2006 1 1 1 0 0 0.542972 0.836935 1.37991 7.46148e+07 4.04676e+07 3.38688e+07 3.36e+07 0.00588713 0.00588713 197808 197808 1 0.021 439267 9224.61 0 0 
2006 1 1 2 0 0 0.41723 1.2882 1.70543 5.44237e+06 2.61138e+06 3.36397e+06 2.59043e+06 0.00967212 0.00967212 25055 25055 1 0.801 52639.3 42164 0 0 
2006 1 1 3 0 0 0.329124 1.29776 1.62689 1.75925e+06 868829 1.12753e+06 816673 0.0116368 0.0116368 9503.44 9503.44 1 0.988 20472 20226.3 0 0 
2006 1 1 4 0 0 0.276517 1.29776 1.57428 338918 170687 221511 162611 0.0130066 0.0130066 2115.01 2115.01 1 1 4408.17 4408.17 0 0 
2006 2 1 0 0 0 0.694809 0.000626675 0.695436 8.43457e+07 6.07809e+07 38089.9 37198.8 0.00318698 0.00318698 118.552 118.552 1 0 268808 0 0 0 
2006 2 1 1 0 0 0.551003 0.0690726 0.620076 1.87732e+07 1.39903e+07 966345 799907 0.00553201 0.00553201 4425.09 4425.09 1 0.021 103854 2180.93 0 0 
2006 2 1 2 0 0 0.398628 0.106315 0.504943 988851 776404 82543.6 93858.5 0.00892724 0.00892724 837.897 837.897 1 0.801 8827.71 7071 0 0 
2006 2 1 3 0 0 0.354705 0.107105 0.46181 345764 276918 29659.3 43488.2 0.0118937 0.0118937 517.234 517.234 1 0.988 4112.4 4063.05 0 0 
2006 2 1 4 0 0 0.338286 0.107105 0.445391 70209.1 56658.1 6068.35 19492.3 0.0136652 0.0136652 266.366 266.366 1 1 959.422 959.422 0 0 
2007 1 1 1 0 0 0.525538 0.32794 0.853478 4.20764e+07 2.83016e+07 9.28122e+06 1.05806e+07 0.00555428 0.00555428 58767.8 58767.8 1 0.021 233704 4907.79 0 0 
2007 1 1 2 0 0 0.387092 0.504759 0.891851 1.00982e+07 6.68158e+06 3.37259e+06 4.67424e+06 0.00943141 0.00943141 44084.7 44084.7 1 0.801 95240.2 76287.4 0 0 
2007 1 1 3 0 0 0.299414 0.508508 0.807922 596811 409399 208183 315238 0.0134636 0.0134636 4244.24 4244.24 1 0.988 8035.22 7938.8 0 0 
2007 1 1 4 0 0 0.264352 0.508508 0.77286 262855 183082 93098.8 171663 0.0147248 0.0147248 2527.69 2527.69 1 1 3870.47 3870.47 0 0 
2007 2 1 0 0 0 0.730896 0 0.730896 2.03964e+08 1.44699e+08 0 0 0.00410617 0.00410617 0 0 1 0 837511 0 0 0 
2007 2 1 1 0 0 0.535841 0 0.535841 1.79216e+07 1.38741e+07 0 0 0.0070049 0.0070049 0 0 1 0.021 125539 2636.33 0 0 
2007 2 1 2 0 0 0.410703 0 0.410703 4.13921e+06 3.39455e+06 0 0 0.0113106 0.0113106 0 0 1 0.801 46816.8 37500.3 0 0 
2007 2 1 3 0 0 0.378673 0 0.378673 266049 221475 0 0 0.0150758 0.0150758 0 0 1 0.988 4010.91 3962.77 0 0 
2007 2 1 4 0 0 0.3617 0 0.3617 121357 101833 0 0 0.01734 0.01734 0 0 1 1 2104.34 2104.34 0 0 
2008 1 1 1 0 0 0.523393 0.587169 1.11056 9.82041e+07 5.93017e+07 3.48201e+07 2.67348e+07 0.00627378 0.00627378 167728 167728 1 0.021 616111 12938.3 0 0 
2008 1 1 2 0 0 0.396475 0.90376 1.30023 1.04873e+07 5.86807e+06 5.30333e+06 4.00909e+06 0.0108517 0.0108517 43505.3 43505.3 1 0.801 113805 91157.9 0 0 
2008 1 1 3 0 0 0.289375 0.910471 1.19985 2.74506e+06 1.59865e+06 1.45552e+06 1.20489e+06 0.0132873 0.0132873 16009.6 16009.6 1 0.988 36474.3 36036.6 0 0 
2008 1 1 4 0 0 0.265795 0.910471 1.17627 266706 156807 142768 214392 0.0157877 0.0157877 3384.75 3384.75 1 1 4210.67 4210.67 0 0 
2008 2 1 0 0 0 0.693712 0.000299095 0.694011 9.0161e+07 6.50125e+07 19444.9 6294.87 0.00449592 0.00449592 28.3012 28.3012 1 0 405357 0 0 0 
2008 2 1 1 0 0 0.582327 0.0329665 0.615293 3.23459e+07 2.41568e+07 796363 280589 0.00780411 0.00780411 2189.74 2189.74 1 0.021 252430 5301.04 0 0 
2008 2 1 2 0 0 0.437032 0.0507414 0.487774 2.85746e+06 2.2613e+06 114742 74658 0.0125938 0.0125938 940.229 940.229 1 0.801 35986.3 28825.1 0 0 
2008 2 1 3 0 0 0.371266 0.0511182 0.422385 826922 674479 34478.2 32806.5 0.0167786 0.0167786 550.447 550.447 1 0.988 13874.6 13708.1 0 0 
2008 2 1 4 0 0 0.364322 0.0511182 0.415441 82259.7 67312.2 3440.88 5707.17 0.0192778 0.0192778 110.021 110.021 1 1 1585.78 1585.78 0 0 
2009 1 1 1 0 0 0.444855 0.709537 1.15439 4.50416e+07 2.67173e+07 1.89569e+07 1.8898e+07 0.00617048 0.00617048 116610 116610 1 0.021 277928 5836.49 0 0 
2009 1 1 2 0 0 0.332107 1.09211 1.42421 1.74824e+07 9.32051e+06 1.0179e+07 1.42652e+07 0.00940682 0.00940682 134190 134190 1 0.801 164453 131727 0 0 
2009 1 1 3 0 0 0.271229 1.10022 1.37145 1.75446e+06 954673 1.05035e+06 1.55625e+06 0.0121023 0.0121023 18834.1 18834.1 1 0.988 21232.9 20978.1 0 0 
2009 1 1 4 0 0 0.246817 1.10022 1.34703 596328 327591 360421 392316 0.0132195 0.0132195 5186.2 5186.2 1 1 7883.14 7883.14 0 0 
2009 2 1 0 0 0 0.669338 0.000611971 0.66995 6.57774e+08 4.79392e+08 293374 978566 0.00282302 0.00282302 2762.51 2762.51 1 0 1.85691e+06 0 0 0 
2009 2 1 1 0 0 0.566456 0.0674519 0.633908 1.41993e+07 1.05163e+07 709345 2.2541e+06 0.00490024 0.00490024 11045.6 11045.6 1 0.021 69580.1 1461.18 0 0 
2009 2 1 2 0 0 0.431943 0.103821 0.535764 4.20796e+06 3.25772e+06 338219 278061 0.00790773 0.00790773 2198.83 2198.83 1 0.801 33275.4 26653.6 0 0 
2009 2 1 3 0 0 0.38661 0.104592 0.491202 445176 351743 36789.4 11997.4 0.0105354 0.0105354 126.397 126.397 1 0.988 4690.1 4633.81 0 0 
2009 2 1 4 0 0 0.367908 0.104592 0.472499 155051 123568 12924.2 3447.23 0.0121046 0.0121046 41.7274 41.7274 1 1 1876.84 1876.84 0 0 
2010 1 1 1 0 0 0.450948 0.125716 0.576665 3.36606e+08 2.558e+08 3.21583e+07 3.9951e+07 0.00629966 0.00629966 251677 251677 1 0.021 2.1205e+06 44530.5 0 0 
2010 1 1 2 0 0 0.344339 0.47561 0.819949 7.53295e+06 5.1406e+06 2.44492e+06 2.13023e+06 0.0123727 0.0123727 26356.7 26356.7 1 0.801 93203.1 74655.7 0 0 
2010 1 1 3 0 0 0.280679 0.748803 1.02948 2.46259e+06 1.53764e+06 1.15139e+06 941995 0.0138827 0.0138827 13077.4 13077.4 1 0.988 34187.4 33777.1 0 0 
2010 1 1 4 0 0 0.246314 0.748803 0.995118 369064 233770 175048 108212 0.0171797 0.0171797 1859.05 1859.05 1 1 6340.4 6340.4 0 0 
2010 2 1 0 0 0 0.674501 0.000205201 0.674707 4.49209e+07 3.26696e+07 6703.84 9754.08 0.00337498 0.00337498 32.9198 32.9198 1 0 151607 0 0 0 
2010 2 1 1 0 0 0.624328 0.00449797 0.628826 1.89095e+08 1.40366e+08 631364 1.1843e+06 0.00585835 0.00585835 6938.03 6938.03 1 0.021 1.10778e+06 23263.4 0 0 
2010 2 1 2 0 0 0.453414 0.0170167 0.470431 3.31792e+06 2.64673e+06 45038.8 35268.1 0.00945387 0.00945387 333.42 333.42 1 0.801 31367.2 25125.1 0 0 
2010 2 1 3 0 0 0.412842 0.0267913 0.439633 879619 711739 19068.4 15734.9 0.0125953 0.0125953 198.186 198.186 1 0.988 11079 10946.1 0 0 
2010 2 1 4 0 0 0.383625 0.0267913 0.410417 136436 111905 2998.09 2409.68 0.0144713 0.0144713 34.8713 34.8713 1 1 1974.41 1974.41 0 0 
2011 1 1 1 0 0 0.487689 0.141823 0.629513 2.28785e+07 1.69776e+07 2.40783e+06 1.89405e+06 0.00529715 0.00529715 10033 10033 1 0.021 121191 2545 0 0 
2011 1 1 2 0 0 0.335809 0.536547 0.872356 1.00829e+08 6.72726e+07 3.60949e+07 3.26917e+07 0.00873028 0.00873028 285407 285407 1 0.801 880261 705089 0 0 
2011 1 1 3 0 0 0.293636 0.844743 1.13838 2.07281e+06 1.23756e+06 1.04542e+06 1.30518e+06 0.012692 0.012692 16565.4 16565.4 1 0.988 26308.2 25992.5 0 0 
2011 1 1 4 0 0 0.254828 0.844743 1.09957 657222 398663 336767 265602 0.0147748 0.0147748 3924.2 3924.2 1 1 9710.3 9710.3 0 0 
2011 2 1 0 0 0 0.723393 0.000143752 0.723536 6.40138e+07 4.55609e+07 6549.48 4500.97 0.00279966 0.00279966 12.6012 12.6012 1 0 179217 0 0 0 
2011 2 1 1 0 0 0.664835 0.00315103 0.667986 1.21908e+07 8.89255e+06 28020.6 38621.5 0.00485969 0.00485969 187.688 187.688 1 0.021 59243.6 1244.12 0 0 
2011 2 1 2 0 0 0.442114 0.011921 0.454035 4.21429e+07 3.38732e+07 403801 325110 0.00784229 0.00784229 2549.61 2549.61 1 0.801 330497 264728 0 0 
2011 2 1 3 0 0 0.4262 0.0187685 0.444968 664000 535947 10058.9 13950.9 0.0104482 0.0104482 145.762 145.762 1 0.988 6937.6 6854.35 0 0 
2011 2 1 4 0 0 0.388043 0.0187685 0.406812 218864 179815 3374.86 1216.73 0.0120044 0.0120044 14.6061 14.6061 1 1 2627.34 2627.34 0 0 
2012 1 1 1 0 0 0.54368 0.0271047 0.570785 3.10489e+07 2.36582e+07 641246 383090 0.00639396 0.00639396 2449.46 2449.46 1 0.021 198525 4169.03 0 0 
2012 1 1 2 0 0 0.4137 0.102543 0.516242 6.25073e+06 4.88249e+06 500663 419086 0.00950165 0.00950165 3982.01 3982.01 1 0.801 59392.2 47573.1 0 0 
2012 1 1 3 0 0 0.333056 0.161443 0.4945 2.67633e+07 2.11143e+07 3.40876e+06 3.35394e+06 0.011274 0.011274 37812.3 37812.3 1 0.988 301729 298108 0 0 
2012 1 1 4 0 0 0.295306 0.161443 0.456749 571234 458565 74032.3 128653 0.0144972 0.0144972 1865.11 1865.11 1 1 8281.32 8281.32 0 0 
2012 2 1 0 0 0 0.716407 0 0.716407 2.10903e+08 1.50579e+08 0 5.80579 0.00378879 0.00378879 0.021997 0.021997 1 0 799069 0 0 0 
2012 2 1 1 0 0 0.637897 0 0.637897 1.75452e+07 1.29711e+07 0 169.054 0.00657665 0.00657665 1.11181 1.11181 1 0.021 115388 2423.16 0 0 
2012 2 1 2 0 0 0.434298 0 0.434298 3.73018e+06 3.02573e+06 0 115.983 0.010613 0.010613 1.23093 1.23093 1 0.801 39588.4 31710.3 0 0 
2012 2 1 3 0 0 0.407071 0 0.407071 1.63223e+07 1.34085e+07 0 373.403 0.0141396 0.0141396 5.27977 5.27977 1 0.988 230791 228021 0 0 
2012 2 1 4 0 0 0.380673 0 0.380673 361785 300890 0 20.9336 0.0162457 0.0162457 0.34008 0.34008 1 1 5877.45 5877.45 0 0 
2013 1 1 1 0 0 0.541468 0.170578 0.712047 1.03027e+08 7.37002e+07 1.25717e+07 1.80902e+07 0.00468059 0.00468059 84673 84673 1 0.021 482228 10126.8 0 0 
2013 1 1 2 0 0 0.452085 0.645333 1.09742 9.2709e+06 5.62858e+06 3.63231e+06 7.91636e+06 0.00650886 0.00650886 51526.5 51526.5 1 0.801 60343 48334.7 0 0 
2013 1 1 3 0 0 0.335123 1.01602 1.35114 2.41611e+06 1.32515e+06 1.34638e+06 2.18164e+06 0.0100728 0.0100728 21975.3 21975.3 1 0.988 24337 24045 0 0 
2013 1 1 4 0 0 0.296363 1.01602 1.31238 1.11113e+07 6.18753e+06 6.28662e+06 4.30112e+06 0.0113217 0.0113217 48695.8 48695.8 1 1 125798 125798 0 0 
2013 2 1 0 0 0 0.653095 0 0.653095 7.00725e+07 5.14542e+07 0 3061.56 0.00376404 0.00376404 11.5238 11.5238 1 0 263755 0 0 0 
2013 2 1 1 0 0 0.580585 0 0.580585 5.05491e+07 3.83463e+07 0 598300 0.00653368 0.00653368 3909.1 3909.1 1 0.021 330272 6935.71 0 0 
2013 2 1 2 0 0 0.389672 0 0.389672 3.094e+06 2.5624e+06 0 131429 0.0105437 0.0105437 1385.75 1385.75 1 0.801 32622.1 26130.3 0 0 
2013 2 1 3 0 0 0.364612 0 0.364612 625639 524267 0 99528.5 0.0140472 0.0140472 1398.1 1398.1 1 0.988 8788.49 8683.03 0 0 
2013 2 1 4 0 0 0.348432 0 0.348432 2.99093e+06 2.52546e+06 0 48585.2 0.0161395 0.0161395 784.142 784.142 1 1 48272.3 48272.3 0 0 
2014 1 1 1 0 0  -1 -1 -1 3.6468e+07  -1  -1  -1 0.0047311  -1 -1 -1 -1 0.021 172534 3623.21 0 0 
2014 1 1 2 0 0  -1 -1 -1 2.82858e+07  -1  -1  -1 0.00705648  -1 -1 -1 -1 0.801 199598 159878 0 0 
2014 1 1 3 0 0  -1 -1 -1 2.0955e+06  -1  -1  -1 0.00948051  -1 -1 -1 -1 0.988 19866.4 19628 0 0 
2014 1 1 4 0 0  -1 -1 -1 2.54547e+06  -1  -1  -1 0.0117233  -1 -1 -1 -1 1 29841.3 29841.3 0 0 
