data Species.n Quarter Year fleet Age observed model residual stand.residual
catch 1 1 1983 -9 1  1.845986e+06 1.978854e+06 -6.950453e-02 -2.038246e-01
catch 1 1 1983 -9 2  2.897089e+07 2.285152e+07 2.372740e-01 6.958146e-01
catch 1 1 1983 -9 3  7.724690e+05 1.802647e+06 -8.474194e-01 -1.226271e+00
catch 1 1 1983 -9 4  3.200701e+05 1.150754e+05 1.022952e+00 1.480279e+00
catch 1 1 1984 -9 1  4.711710e+07 2.949461e+07 4.684283e-01 1.373683e+00
catch 1 1 1984 -9 2  1.701105e+06 2.083291e+06 -2.026706e-01 -5.943390e-01
catch 1 1 1984 -9 3  1.000246e+07 6.258785e+06 4.688454e-01 6.784499e-01
catch 1 1 1984 -9 4  3.331969e+05 2.895086e+05 1.405485e-01 2.033828e-01
catch 1 1 1985 -9 1  6.216843e+06 7.862203e+06 -2.348047e-01 -6.885735e-01
catch 1 1 1985 -9 2  3.136433e+07 2.831019e+07 1.024493e-01 3.004364e-01
catch 1 1 1985 -9 3  1.987155e+06 4.748583e+05 1.431443e+00 2.071391e+00
catch 1 1 1985 -9 4  2.114844e+05 8.195246e+05 -1.354573e+00 -1.960156e+00
catch 1 1 1986 -9 1  4.493966e+07 4.220597e+07 6.275893e-02 1.840429e-01
catch 1 1 1986 -9 2  7.553291e+06 5.912693e+06 2.448819e-01 7.181253e-01
catch 1 1 1986 -9 3  1.652186e+06 5.041852e+06 -1.115674e+00 -1.614454e+00
catch 1 1 1986 -9 4  3.090123e+04 1.200978e+05 -1.357510e+00 -1.964406e+00
catch 1 1 1987 -9 1  4.504002e+06 4.186986e+06 7.298527e-02 2.140320e-01
catch 1 1 1987 -9 2  2.357174e+07 3.144060e+07 -2.880515e-01 -8.447215e-01
catch 1 1 1987 -9 3  1.198721e+06 1.311211e+06 -8.969643e-02 -1.297966e-01
catch 1 1 1987 -9 4  1.708022e+05 6.794202e+05 -1.380734e+00 -1.998012e+00
catch 1 1 1988 -9 1  1.996963e+06 4.034997e+06 -7.033779e-01 -2.062681e+00
catch 1 1 1988 -9 2  8.564243e+06 7.122187e+06 1.843809e-01 5.407037e-01
catch 1 1 1988 -9 3  1.522929e+07 1.584637e+07 -3.971980e-02 -5.747714e-02
catch 1 1 1988 -9 4  2.354019e+06 6.220920e+05 1.330791e+00 1.925742e+00
catch 1 1 1989 -9 1  6.250273e+07 4.834877e+07 2.567694e-01 7.529856e-01
catch 1 1 1989 -9 2  6.363623e+06 4.581300e+06 3.286151e-01 9.636757e-01
catch 1 1 1989 -9 3  1.345853e+06 1.712198e+06 -2.407497e-01 -3.483805e-01
catch 1 1 1989 -9 4  4.736504e+06 2.350600e+06 7.006288e-01 1.013856e+00
catch 1 1 1990 -9 1  1.684627e+07 2.230141e+07 -2.805210e-01 -8.226380e-01
catch 1 1 1990 -9 2  1.391681e+07 1.239260e+07 1.159976e-01 3.401674e-01
catch 1 1 1990 -9 3  2.059554e+06 8.473599e+05 8.881191e-01 1.285166e+00
catch 1 1 1990 -9 4  6.219569e+05 8.344707e+05 -2.939269e-01 -4.253314e-01
catch 1 1 1991 -9 1  1.493862e+07 1.997258e+07 -2.904105e-01 -8.516394e-01
catch 1 1 1991 -9 2  6.869770e+06 3.851916e+06 5.785599e-01 1.696648e+00
catch 1 1 1991 -9 3  9.830980e+05 1.612516e+06 -4.948422e-01 -7.160690e-01
catch 1 1 1991 -9 4  3.381261e+05 2.396466e+05 3.442536e-01 4.981574e-01
catch 1 1 1992 -9 1  5.088340e+07 3.728732e+07 3.108836e-01 9.116775e-01
catch 1 1 1992 -9 2  8.450910e+06 1.008318e+07 -1.765950e-01 -5.178713e-01
catch 1 1 1992 -9 3  8.450067e+05 1.502705e+06 -5.756778e-01 -8.330434e-01
catch 1 1 1992 -9 4  5.237017e+05 8.004276e+05 -4.242237e-01 -6.138795e-01
catch 1 1 1993 -9 1  2.180911e+06 4.371931e+06 -6.954623e-01 -2.039469e+00
catch 1 1 1993 -9 2  5.882232e+06 5.351172e+06 9.462069e-02 2.774787e-01
catch 1 1 1993 -9 3  1.638375e+06 1.082515e+06 4.144176e-01 5.996894e-01
catch 1 1 1993 -9 4  4.910236e+05 2.765422e+05 5.741287e-01 8.308018e-01
catch 1 1 1994 -9 1  2.217248e+07 1.555333e+07 3.545771e-01 1.039810e+00
catch 1 1 1994 -9 2  2.668743e+06 1.587833e+06 5.192373e-01 1.522682e+00
catch 1 1 1994 -9 3  1.195098e+06 1.561925e+06 -2.676913e-01 -3.873668e-01
catch 1 1 1994 -9 4  8.817491e+05 4.340070e+05 7.088470e-01 1.025748e+00
catch 1 1 1995 -9 1  3.667731e+07 3.823208e+07 -4.151687e-02 -1.217498e-01
catch 1 1 1995 -9 2  6.236165e+06 1.151417e+07 -6.132129e-01 -1.798269e+00
catch 1 1 1995 -9 3  7.372715e+05 9.695653e+05 -2.738917e-01 -3.963391e-01
catch 1 1 1995 -9 4  2.886546e+05 1.343355e+06 -1.537695e+00 -2.225145e+00
catch 1 1 1996 -9 1  1.040228e+07 9.161226e+06 1.270450e-01 3.725641e-01
catch 1 1 1996 -9 2  1.230100e+07 1.218848e+07 9.189724e-03 2.694920e-02
catch 1 1 1996 -9 3  4.526841e+06 2.867385e+06 4.566236e-01 6.607642e-01
catch 1 1 1996 -9 4  8.605003e+05 6.511590e+05 2.787601e-01 4.033841e-01
catch 1 1 1997 -9 1  3.866712e+07 5.301068e+07 -3.155036e-01 -9.252259e-01
catch 1 1 1997 -9 2  2.331754e+06 2.804582e+06 -1.846339e-01 -5.414456e-01
catch 1 1 1997 -9 3  3.521518e+06 2.938071e+06 1.811391e-01 2.621201e-01
catch 1 1 1997 -9 4  7.133714e+05 9.426658e+05 -2.787097e-01 -4.033111e-01
catch 1 1 1998 -9 1  9.387182e+06 1.129769e+07 -1.852528e-01 -5.432608e-01
catch 1 1 1998 -9 2  2.836373e+07 2.533548e+07 1.129057e-01 3.311001e-01
catch 1 1 1998 -9 3  2.164396e+06 1.074621e+06 7.001730e-01 1.013196e+00
catch 1 1 1998 -9 4  1.504583e+06 1.661285e+06 -9.907589e-02 -1.433693e-01
catch 1 1 1999 -9 1  4.462070e+07 2.774354e+07 4.751948e-01 1.393526e+00
catch 1 1 1999 -9 2  5.432802e+06 3.808965e+06 3.550976e-01 1.041337e+00
catch 1 1 1999 -9 3  1.015842e+07 7.082766e+06 3.606386e-01 5.218676e-01
catch 1 1 1999 -9 4  6.988328e+05 8.659802e+05 -2.144506e-01 -3.103240e-01
catch 1 1 2000 -9 1  3.262496e+07 3.007303e+07 8.144908e-02 2.388524e-01
catch 1 1 2000 -9 2  3.355268e+06 3.909401e+06 -1.528524e-01 -4.482452e-01
catch 1 1 2000 -9 3  6.297430e+05 5.783190e+05 8.518608e-02 1.232698e-01
catch 1 1 2000 -9 4  1.076467e+06 1.395724e+06 -2.597283e-01 -3.758438e-01
catch 1 1 2001 -9 1  5.678038e+07 6.112846e+07 -7.378663e-02 -2.163820e-01
catch 1 1 2001 -9 2  8.549412e+06 7.309720e+06 1.566576e-01 4.594040e-01
catch 1 1 2001 -9 3  1.098202e+06 1.047513e+06 4.725538e-02 6.838162e-02
catch 1 1 2001 -9 4  9.720503e+05 6.247157e+05 4.421108e-01 6.397632e-01
catch 1 1 2002 -9 1  8.487839e+07 9.491101e+07 -1.117201e-01 -3.276233e-01
catch 1 1 2002 -9 2  1.077221e+07 8.061555e+06 2.898631e-01 8.500342e-01
catch 1 1 2002 -9 3  1.212501e+06 9.917562e+05 2.009632e-01 2.908069e-01
catch 1 1 2002 -9 4  2.251214e+05 2.671510e+05 -1.711741e-01 -2.477001e-01
catch 1 1 2003 -9 1  3.842913e+06 4.723294e+06 -2.062759e-01 -6.049116e-01
catch 1 1 2003 -9 2  1.330225e+07 1.375889e+07 -3.375205e-02 -9.897913e-02
catch 1 1 2003 -9 3  1.117440e+06 1.162675e+06 -3.968296e-02 -5.742383e-02
catch 1 1 2003 -9 4  3.023890e+05 2.222340e+05 3.079834e-01 4.456721e-01
catch 1 1 2004 -9 1  3.065357e+07 2.880803e+07 6.209519e-02 1.820964e-01
catch 1 1 2004 -9 2  7.855009e+05 9.887904e+05 -2.301608e-01 -6.749551e-01
catch 1 1 2004 -9 3  2.364270e+06 2.895609e+06 -2.027262e-01 -2.933581e-01
catch 1 1 2004 -9 4  4.798389e+05 3.487842e+05 3.189970e-01 4.616095e-01
catch 1 1 2005 -9 1  1.110547e+07 1.448520e+07 -2.656891e-01 -7.791432e-01
catch 1 1 2005 -9 2  4.434996e+06 7.074051e+06 -4.669064e-01 -1.369220e+00
catch 1 1 2005 -9 3  2.626702e+05 2.605765e+05 8.002993e-03 1.158085e-02
catch 1 1 2005 -9 4  4.348522e+05 1.029285e+06 -8.616138e-01 -1.246811e+00
catch 1 1 2006 -9 1  3.360000e+07 3.688219e+07 -9.320255e-02 -2.733199e-01
catch 1 1 2006 -9 2  2.590432e+06 3.383263e+06 -2.670161e-01 -7.830346e-01
catch 1 1 2006 -9 3  8.166730e+05 1.132293e+06 -3.267613e-01 -4.728450e-01
catch 1 1 2006 -9 4  1.626106e+05 2.268106e+05 -3.327570e-01 -4.815211e-01
catch 1 1 2007 -9 1  1.058062e+07 8.785766e+06 1.858911e-01 5.451326e-01
catch 1 1 2007 -9 2  4.674236e+06 3.313108e+06 3.441789e-01 1.009317e+00
catch 1 1 2007 -9 3  3.152381e+05 2.001354e+05 4.543342e-01 6.574512e-01
catch 1 1 2007 -9 4  1.716627e+05 8.967859e+04 6.492994e-01 9.395787e-01
catch 1 1 2008 -9 1  2.673481e+07 3.735026e+07 -3.343734e-01 -9.805622e-01
catch 1 1 2008 -9 2  4.009086e+06 4.669359e+06 -1.524585e-01 -4.470903e-01
catch 1 1 2008 -9 3  1.204887e+06 1.396885e+06 -1.478593e-01 -2.139620e-01
catch 1 1 2008 -9 4  2.143922e+05 1.341860e+05 4.685804e-01 6.780664e-01
catch 1 1 2009 -9 1  1.889799e+07 1.469117e+07 2.518086e-01 7.384380e-01
catch 1 1 2009 -9 2  1.426518e+07 9.958203e+06 3.594250e-01 1.054027e+00
catch 1 1 2009 -9 3  1.556248e+06 8.898211e+05 5.590125e-01 8.089276e-01
catch 1 1 2009 -9 4  3.923156e+05 3.322495e+05 1.661805e-01 2.404740e-01
catch 1 1 2010 -9 1  3.995096e+07 5.009129e+07 -2.261944e-01 -6.633234e-01
catch 1 1 2010 -9 2  2.130227e+06 2.379111e+06 -1.104984e-01 -3.240406e-01
catch 1 1 2010 -9 3  9.419948e+05 1.385695e+06 -3.859572e-01 -5.585052e-01
catch 1 1 2010 -9 4  1.082121e+05 1.864560e+05 -5.441021e-01 -7.873513e-01
catch 1 1 2011 -9 1  1.894045e+06 3.553916e+06 -6.293350e-01 -1.845548e+00
catch 1 1 2011 -9 2  3.269167e+07 3.099018e+07 5.344973e-02 1.567433e-01
catch 1 1 2011 -9 3  1.305179e+06 6.810895e+05 6.504015e-01 9.411735e-01
catch 1 1 2011 -9 4  2.656017e+05 2.508889e+05 5.698745e-02 8.246456e-02
catch 1 1 2012 -9 1  3.830901e+05 9.247106e+05 -8.812105e-01 -2.584182e+00
catch 1 1 2012 -9 2  4.190863e+05 4.486112e+05 -6.807974e-02 -1.996463e-01
catch 1 1 2012 -9 3  3.353944e+06 2.219002e+06 4.130794e-01 5.977528e-01
catch 1 1 2012 -9 4  1.286530e+05 3.529884e+04 1.293269e+00 1.871444e+00
catch 1 1 2013 -9 1  1.809024e+07 1.138806e+07 4.628072e-01 1.357199e+00
catch 1 1 2013 -9 2  7.916362e+06 3.072721e+06 9.463683e-01 2.775260e+00
catch 1 1 2013 -9 3  2.181644e+06 9.186770e+05 8.648992e-01 1.251566e+00
catch 1 1 2013 -9 4  4.301116e+06 3.146285e+06 3.126519e-01 4.524277e-01
catch 1 1 2014 -9 1  8.930005e+06 4.318796e+06 7.264403e-01 2.130313e+00
catch 1 1 2014 -9 2  3.353610e+06 3.640162e+06 -8.199086e-02 -2.404412e-01
catch 1 1 2014 -9 3  4.013892e+05 4.610426e+05 -1.385589e-01 -2.005037e-01
catch 1 1 2014 -9 4  3.595634e+05 3.257508e+05 9.875786e-02 1.429091e-01
catch 1 1 2015 -9 1  2.532640e+07 1.561630e+07 4.835320e-01 1.417976e+00
catch 1 1 2015 -9 2  1.918219e+06 2.886931e+06 -4.087968e-01 -1.198812e+00
catch 1 1 2015 -9 3  5.792490e+05 1.265299e+06 -7.813315e-01 -1.130638e+00
catch 1 1 2015 -9 4  1.715133e+05 1.662586e+05 3.111644e-02 4.502752e-02
catch 1 1 2016 -9 1  2.078112e+05 1.884494e+05 9.780057e-02 2.868038e-01
catch 1 1 2016 -9 2  1.193238e+06 9.478051e+05 2.302772e-01 6.752964e-01
catch 1 1 2016 -9 3  9.737795e+04 1.115574e+05 -1.359391e-01 -1.967128e-01
catch 1 1 2016 -9 4  1.675962e+04 3.326174e+04 -6.854354e-01 -9.918698e-01
catch 1 1 2017 -9 1  3.303794e+07 2.561709e+07 2.543969e-01 7.460283e-01
catch 1 1 2017 -9 2  3.015413e+06 2.535663e+06 1.732817e-01 5.081548e-01
catch 1 1 2017 -9 3  4.603626e+06 8.357776e+06 -5.963480e-01 -8.629544e-01
catch 1 1 2017 -9 4  1.034911e+05 9.026407e+05 -2.165839e+00 -3.134111e+00
catch 1 1 2018 -9 1  1.701688e+06 2.407096e+06 -3.468007e-01 -1.017006e+00
catch 1 1 2018 -9 2  1.456686e+07 1.609822e+07 -9.995988e-02 -2.931360e-01
catch 1 1 2018 -9 3  9.746526e+05 7.908666e+05 2.089518e-01 3.023669e-01
catch 1 1 2018 -9 4  3.425194e+05 1.610661e+06 -1.548071e+00 -2.240160e+00
catch 1 2 1983 -9 0  1.022259e+07 2.919374e+06 1.253231e+00 7.785587e-01
catch 1 2 1983 -9 1  2.638656e+05 3.669007e+05 -3.296513e-01 -5.762232e-01
catch 1 2 1983 -9 2  3.085029e+06 3.170259e+06 -2.725238e-02 -4.763656e-02
catch 1 2 1983 -9 3  5.640127e+05 2.076512e+05 9.992172e-01 1.097381e+00
catch 1 2 1983 -9 4  2.198880e+03 1.349101e+04 -1.814075e+00 -1.992292e+00
catch 1 2 1984 -9 0  -99.9 -99.9 -99.9  -99.9
catch 1 2 1984 -9 1  9.241291e+06 5.160453e+06 5.826573e-01 1.018472e+00
catch 1 2 1984 -9 2  8.983840e+04 2.577410e+05 -1.053943e+00 -1.842269e+00
catch 1 2 1984 -9 3  5.661977e+05 6.369813e+05 -1.177970e-01 -1.293695e-01
catch 1 2 1984 -9 4  4.295766e+04 2.964515e+04 3.709166e-01 4.073558e-01
catch 1 2 1985 -9 0  8.524055e+06 5.751943e+06 3.933546e-01 2.443680e-01
catch 1 2 1985 -9 1  1.353569e+06 1.379526e+06 -1.899553e-02 -3.320376e-02
catch 1 2 1985 -9 2  2.305207e+06 3.414623e+06 -3.928964e-01 -6.867743e-01
catch 1 2 1985 -9 3  1.594869e+06 4.480658e+04 3.572192e+00 3.923128e+00
catch 1 2 1985 -9 4  2.127444e+05 7.924085e+04 9.875996e-01 1.084623e+00
catch 1 2 1986 -9 0  8.714105e+04 2.847050e+05 -1.183925e+00 -7.355030e-01
catch 1 2 1986 -9 1  4.162541e+06 3.328459e+06 2.236165e-01 3.908766e-01
catch 1 2 1986 -9 2  2.279672e+05 3.643092e+05 -4.688011e-01 -8.194539e-01
catch 1 2 1986 -9 3  1.875089e+05 2.685166e+05 -3.590865e-01 -3.943636e-01
catch 1 2 1986 -9 4  1.400481e+04 6.510179e+03 7.660341e-01 8.412901e-01
catch 1 2 1987 -9 0  1.866278e+05 2.970395e+05 -4.647492e-01 -2.887213e-01
catch 1 2 1987 -9 1  1.938298e+06 8.938233e+05 7.740576e-01 1.353035e+00
catch 1 2 1987 -9 2  4.173447e+06 5.645400e+06 -3.020986e-01 -5.280617e-01
catch 1 2 1987 -9 3  1.227485e+05 2.149288e+05 -5.601695e-01 -6.152012e-01
catch 1 2 1987 -9 4  3.193965e+04 1.131548e+05 -1.264908e+00 -1.389174e+00
catch 1 2 1988 -9 0  -99.9 -99.9 -99.9  -99.9
catch 1 2 1988 -9 1  -99.9 -99.9 -99.9  -99.9
catch 1 2 1988 -9 2  1.615582e+05 3.848879e+05 -8.680869e-01 -1.517397e+00
catch 1 2 1988 -9 3  1.438834e+06 7.321031e+05 6.756673e-01 7.420456e-01
catch 1 2 1988 -9 4  4.694853e+04 2.891444e+04 4.847109e-01 5.323295e-01
catch 1 2 1989 -9 0  4.678773e+02 8.536535e+04 -5.206489e+00 -3.234485e+00
catch 1 2 1989 -9 1  7.574934e+05 8.591701e+05 -1.259521e-01 -2.201616e-01
catch 1 2 1989 -9 2  7.719976e+04 7.471032e+04 3.277815e-02 5.729549e-02
catch 1 2 1989 -9 3  1.637571e+04 2.960112e+04 -5.920134e-01 -6.501735e-01
catch 1 2 1989 -9 4  5.754891e+04 4.148688e+04 3.272579e-01 3.594081e-01
catch 1 2 1990 -9 0  5.218557e+05 1.988695e+05 9.647420e-01 5.993374e-01
catch 1 2 1990 -9 1  1.256999e+06 6.778959e+05 6.174888e-01 1.079357e+00
catch 1 2 1990 -9 2  4.169601e+05 3.538991e+05 1.639786e-01 2.866309e-01
catch 1 2 1990 -9 3  6.206324e+04 2.556605e+04 8.868884e-01 9.740174e-01
catch 1 2 1990 -9 4  1.835673e+04 2.526799e+04 -3.195420e-01 -3.509341e-01
catch 1 2 1991 -9 0  7.343593e+06 6.533710e+05 2.419438e+00 1.503054e+00
catch 1 2 1991 -9 1  6.916858e+06 3.288332e+06 7.435812e-01 1.299763e+00
catch 1 2 1991 -9 2  2.085180e+05 6.224206e+05 -1.093591e+00 -1.911572e+00
catch 1 2 1991 -9 3  6.728343e+04 2.790968e+05 -1.422644e+00 -1.562407e+00
catch 1 2 1991 -9 4  -99.9 -99.9 -99.9  -99.9
catch 1 2 1992 -9 0  1.044127e+05 9.260870e+04 1.199677e-01 7.452888e-02
catch 1 2 1992 -9 1  3.041213e+06 1.971418e+06 4.335034e-01 7.577544e-01
catch 1 2 1992 -9 2  2.976540e+05 5.024488e+05 -5.235621e-01 -9.151750e-01
catch 1 2 1992 -9 3  1.223342e+05 8.045284e+04 4.190857e-01 4.602571e-01
catch 1 2 1992 -9 4  2.649276e+04 4.265876e+04 -4.763610e-01 -5.231592e-01
catch 1 2 1993 -9 0  1.624101e+06 1.745543e+05 2.230474e+00 1.385662e+00
catch 1 2 1993 -9 1  3.623876e+05 3.000532e+05 1.887544e-01 3.299385e-01
catch 1 2 1993 -9 2  2.711299e+05 3.704930e+05 -3.122366e-01 -5.457827e-01
catch 1 2 1993 -9 3  1.560381e+05 7.931393e+04 6.766866e-01 7.431651e-01
catch 1 2 1993 -9 4  4.294854e+04 2.049775e+04 7.396874e-01 8.123552e-01
catch 1 2 1994 -9 0  -99.9 -99.9 -99.9  -99.9
catch 1 2 1994 -9 1  1.533194e+06 1.002557e+06 4.247990e-01 7.425393e-01
catch 1 2 1994 -9 2  1.257363e+05 1.046944e+05 1.831412e-01 3.201268e-01
catch 1 2 1994 -9 3  5.480543e+04 1.087011e+05 -6.848122e-01 -7.520890e-01
catch 1 2 1994 -9 4  7.835575e+04 3.071731e+04 9.364331e-01 1.028429e+00
catch 1 2 1995 -9 0  7.564353e+04 9.706233e+04 -2.493214e-01 -1.548887e-01
catch 1 2 1995 -9 1  3.439663e+06 2.353111e+06 3.796352e-01 6.635938e-01
catch 1 2 1995 -9 2  9.401948e+05 6.935876e+05 3.042096e-01 5.317516e-01
catch 1 2 1995 -9 3  1.085472e+05 6.234238e+04 5.545433e-01 6.090223e-01
catch 1 2 1995 -9 4  2.818044e+04 8.793026e+04 -1.137916e+00 -1.249706e+00
catch 1 2 1996 -9 0  6.470204e+06 7.761276e+05 2.120646e+00 1.317432e+00
catch 1 2 1996 -9 1  1.064331e+06 7.367308e+05 3.678788e-01 6.430440e-01
catch 1 2 1996 -9 2  1.026591e+06 9.659230e+05 6.091433e-02 1.064769e-01
catch 1 2 1996 -9 3  2.108606e+05 2.391244e+05 -1.257867e-01 -1.381441e-01
catch 1 2 1996 -9 4  6.506815e+04 5.531683e+04 1.623580e-01 1.783082e-01
catch 1 2 1997 -9 0  1.864863e+04 2.380022e+05 -2.546507e+00 -1.581995e+00
catch 1 2 1997 -9 1  8.899097e+06 1.002050e+07 -1.186829e-01 -2.074550e-01
catch 1 2 1997 -9 2  1.765521e+05 5.323983e+05 -1.103776e+00 -1.929375e+00
catch 1 2 1997 -9 3  1.643925e+05 5.848682e+05 -1.269129e+00 -1.393810e+00
catch 1 2 1997 -9 4  5.576972e+04 1.922104e+05 -1.237359e+00 -1.358919e+00
catch 1 2 1998 -9 0  2.112248e+05 1.828474e+05 1.442709e-01 8.962703e-02
catch 1 2 1998 -9 1  4.380584e+05 5.235430e+05 -1.782669e-01 -3.116066e-01
catch 1 2 1998 -9 2  1.383553e+06 1.181911e+06 1.575225e-01 2.753458e-01
catch 1 2 1998 -9 3  1.360507e+05 5.255609e+04 9.511465e-01 1.044588e+00
catch 1 2 1998 -9 4  8.979797e+04 8.410659e+04 6.547748e-02 7.191006e-02
catch 1 2 1999 -9 0  4.403650e+05 1.943025e+06 -1.484398e+00 -9.221687e-01
catch 1 2 1999 -9 1  2.498274e+06 1.816134e+06 3.188898e-01 5.574122e-01
catch 1 2 1999 -9 2  2.050545e+05 2.672590e+05 -2.649421e-01 -4.631129e-01
catch 1 2 1999 -9 3  7.171893e+05 5.319060e+05 2.988732e-01 3.282348e-01
catch 1 2 1999 -9 4  1.486116e+05 6.730355e+04 7.921233e-01 8.699424e-01
catch 1 2 2000 -9 0  7.886804e+06 2.970360e+06 9.765079e-01 6.066468e-01
catch 1 2 2000 -9 1  2.759504e+06 2.592450e+06 6.244748e-02 1.091568e-01
catch 1 2 2000 -9 2  1.704660e+05 3.670721e+05 -7.670226e-01 -1.340738e+00
catch 1 2 2000 -9 3  8.423955e+04 5.775106e+04 3.775229e-01 4.146112e-01
catch 1 2 2000 -9 4  1.217014e+05 1.461731e+05 -1.832211e-01 -2.012209e-01
catch 1 2 2001 -9 0  4.708031e+07 1.502442e+07 1.142178e+00 7.095677e-01
catch 1 2 2001 -9 1  3.126866e+06 1.050685e+07 -1.211997e+00 -2.118543e+00
catch 1 2 2001 -9 2  4.738653e+05 1.301481e+06 -1.010335e+00 -1.766043e+00
catch 1 2 2001 -9 3  4.924443e+04 1.996724e+05 -1.399882e+00 -1.537408e+00
catch 1 2 2001 -9 4  9.813649e+04 1.246143e+05 -2.388643e-01 -2.623306e-01
catch 1 2 2002 -9 0  1.603289e+04 6.939135e+04 -1.465120e+00 -9.101927e-01
catch 1 2 2002 -9 1  6.048154e+05 1.373807e+06 -8.204178e-01 -1.434072e+00
catch 1 2 2002 -9 2  1.079055e+05 1.192253e+05 -9.975964e-02 -1.743776e-01
catch 1 2 2002 -9 3  1.521740e+04 1.611156e+04 -5.709797e-02 -6.270734e-02
catch 1 2 2002 -9 4  5.587971e+03 4.568272e+03 2.014812e-01 2.212750e-01
catch 1 2 2003 -9 0  2.473516e+06 1.657137e+06 4.005493e-01 2.488376e-01
catch 1 2 2003 -9 1  3.860419e+05 3.978368e+05 -3.009598e-02 -5.260710e-02
catch 1 2 2003 -9 2  4.390071e+06 1.196842e+06 1.299659e+00 2.271775e+00
catch 1 2 2003 -9 3  1.409744e+05 1.095146e+05 2.525206e-01 2.773285e-01
catch 1 2 2003 -9 4  3.117368e+04 2.170071e+04 3.622292e-01 3.978150e-01
catch 1 2 2004 -9 0  5.657375e+05 3.762302e+05 4.079289e-01 2.534222e-01
catch 1 2 2004 -9 1  2.479119e+06 1.034423e+06 8.740592e-01 1.527836e+00
catch 1 2 2004 -9 2  1.099997e+05 3.801329e+04 1.062542e+00 1.857300e+00
catch 1 2 2004 -9 3  2.299110e+05 1.209087e+05 6.426561e-01 7.057914e-01
catch 1 2 2004 -9 4  4.709240e+04 1.510383e+04 1.137163e+00 1.248880e+00
catch 1 2 2005 -9 0  4.382104e+04 5.708002e+04 -2.643401e-01 -1.642189e-01
catch 1 2 2005 -9 1  3.830882e+05 3.942884e+05 -2.881746e-02 -5.037227e-02
catch 1 2 2005 -9 2  2.114205e+05 1.754859e+05 1.862903e-01 3.256314e-01
catch 1 2 2005 -9 3  1.359575e+04 6.609549e+03 7.212418e-01 7.920974e-01
catch 1 2 2005 -9 4  2.744558e+04 2.750343e+04 -2.105586e-03 -2.312441e-03
catch 1 2 2006 -9 0  3.719881e+04 4.029930e+04 -8.005724e-02 -4.973484e-02
catch 1 2 2006 -9 1  7.999072e+05 1.044034e+06 -2.663514e-01 -4.655764e-01
catch 1 2 2006 -9 2  9.385850e+04 8.347418e+04 1.172510e-01 2.049522e-01
catch 1 2 2006 -9 3  4.348820e+04 2.995067e+04 3.729380e-01 4.095759e-01
catch 1 2 2006 -9 4  1.949229e+04 6.249255e+03 1.137557e+00 1.249312e+00
catch 1 2 2007 -9 0  -99.9 -99.9 -99.9  -99.9
catch 1 2 2007 -9 1  -99.9 -99.9 -99.9  -99.9
catch 1 2 2007 -9 2  -99.9 -99.9 -99.9  -99.9
catch 1 2 2007 -9 3  -99.9 -99.9 -99.9  -99.9
catch 1 2 2007 -9 4  -99.9 -99.9 -99.9  -99.9
catch 1 2 2008 -9 0  6.294866e+03 1.704575e+04 -9.961667e-01 -6.188596e-01
catch 1 2 2008 -9 1  2.805888e+05 8.609239e+05 -1.121116e+00 -1.959685e+00
catch 1 2 2008 -9 2  7.465799e+04 1.027685e+05 -3.195616e-01 -5.585866e-01
catch 1 2 2008 -9 3  3.280653e+04 3.366436e+04 -2.581233e-02 -2.834816e-02
catch 1 2 2008 -9 4  5.707172e+03 3.290452e+03 5.506987e-01 6.048000e-01
catch 1 2 2009 -9 0  9.785663e+05 2.559061e+05 1.341278e+00 8.332571e-01
catch 1 2 2009 -9 1  2.254097e+06 5.495515e+05 1.411402e+00 2.467100e+00
catch 1 2 2009 -9 2  2.780612e+05 3.344939e+05 -1.847774e-01 -3.229869e-01
catch 1 2 2009 -9 3  1.199736e+04 3.150671e+04 -9.655138e-01 -1.060367e+00
catch 1 2 2009 -9 4  3.447234e+03 1.204463e+04 -1.251047e+00 -1.373951e+00
catch 1 2 2010 -9 0  9.754083e+03 1.645634e+04 -5.230247e-01 -3.249244e-01
catch 1 2 2010 -9 1  1.184298e+06 1.305020e+06 -9.706846e-02 -1.696735e-01
catch 1 2 2010 -9 2  3.526813e+04 5.364102e+04 -4.193342e-01 -7.329868e-01
catch 1 2 2010 -9 3  1.573494e+04 2.574166e+04 -4.922267e-01 -5.405837e-01
catch 1 2 2010 -9 4  2.409683e+03 3.585774e+03 -3.974792e-01 -4.365281e-01
catch 1 2 2011 -9 0  4.500967e+03 1.471630e+04 -1.184663e+00 -7.359614e-01
catch 1 2 2011 -9 1  3.862146e+04 5.427671e+04 -3.402871e-01 -5.948143e-01
catch 1 2 2011 -9 2  3.251100e+05 4.159712e+05 -2.464523e-01 -4.307932e-01
catch 1 2 2011 -9 3  1.395088e+04 7.120490e+03 6.725664e-01 7.386400e-01
catch 1 2 2011 -9 4  1.216727e+03 2.735383e+03 -8.101072e-01 -8.896931e-01
catch 1 2 2012 -9 0  -99.9 -99.9 -99.9  -99.9
catch 1 2 2012 -9 1  -99.9 -99.9 -99.9  -99.9
catch 1 2 2012 -9 2  -99.9 -99.9 -99.9  -99.9
catch 1 2 2012 -9 3  -99.9 -99.9 -99.9  -99.9
catch 1 2 2012 -9 4  -99.9 -99.9 -99.9  -99.9
catch 1 2 2013 -9 0  -99.9 -99.9 -99.9  -99.9
catch 1 2 2013 -9 1  -99.9 -99.9 -99.9  -99.9
catch 1 2 2013 -9 2  -99.9 -99.9 -99.9  -99.9
catch 1 2 2013 -9 3  -99.9 -99.9 -99.9  -99.9
catch 1 2 2013 -9 4  -99.9 -99.9 -99.9  -99.9
catch 1 2 2014 -9 0  9.249410e+05 6.220991e+04 2.699216e+00 1.676864e+00
catch 1 2 2014 -9 1  1.312418e+05 9.517376e+04 3.213375e-01 5.616908e-01
catch 1 2 2014 -9 2  9.818708e+04 7.140288e+04 3.185364e-01 5.567945e-01
catch 1 2 2014 -9 3  2.306520e+04 8.214853e+03 1.032381e+00 1.133803e+00
catch 1 2 2014 -9 4  2.452689e+04 5.890546e+03 1.426421e+00 1.566555e+00
catch 1 2 2015 -9 0  -99.9 -99.9 -99.9  -99.9
catch 1 2 2015 -9 1  -99.9 -99.9 -99.9  -99.9
catch 1 2 2015 -9 2  -99.9 -99.9 -99.9  -99.9
catch 1 2 2015 -9 3  -99.9 -99.9 -99.9  -99.9
catch 1 2 2015 -9 4  -99.9 -99.9 -99.9  -99.9
catch 1 2 2016 -9 0  -99.9 -99.9 -99.9  -99.9
catch 1 2 2016 -9 1  -99.9 -99.9 -99.9  -99.9
catch 1 2 2016 -9 2  -99.9 -99.9 -99.9  -99.9
catch 1 2 2016 -9 3  -99.9 -99.9 -99.9  -99.9
catch 1 2 2016 -9 4  -99.9 -99.9 -99.9  -99.9
catch 1 2 2017 -9 0  2.513162e+03 4.300101e+03 -5.370967e-01 -3.336666e-01
catch 1 2 2017 -9 1  2.533831e+05 2.551736e+05 -7.041571e-03 -1.230851e-02
catch 1 2 2017 -9 2  3.960646e+04 2.228876e+04 5.749100e-01 1.004930e+00
catch 1 2 2017 -9 3  3.816690e+04 6.179394e+04 -4.818366e-01 -5.291727e-01
catch 1 2 2017 -9 4  6.786241e+03 6.816500e+03 -4.448993e-03 -4.886067e-03
catch 1 2 2018 -9 0  9.145871e+04 1.441599e+05 -4.550356e-01 -2.826868e-01
catch 1 2 2018 -9 1  1.588239e+05 1.382476e+05 1.387499e-01 2.425318e-01
catch 1 2 2018 -9 2  7.974795e+05 7.815911e+05 2.012445e-02 3.517709e-02
catch 1 2 2018 -9 3  4.321385e+04 3.112215e+04 3.282410e-01 3.604878e-01
catch 1 2 2018 -9 4  1.137159e+04 6.473393e+04 -1.739168e+00 -1.910025e+00
survey 1 1 2008 1 1  1.390727e+08 8.569193e+07 4.842380e-01 8.462971e-01
survey 1 1 2008 1 2  1.514951e+07 1.518410e+07 -2.280573e-03 -5.527957e-03
survey 1 1 2008 1 3  2.894766e+06 5.497528e+06 -6.413942e-01 -1.089651e+00
survey 1 1 2009 1 1  5.171011e+07 2.850615e+07 5.955334e-01 1.040807e+00
survey 1 1 2009 1 2  4.481842e+07 2.818849e+07 4.637056e-01 1.123992e+00
survey 1 1 2009 1 3  5.805710e+06 3.108365e+06 6.247452e-01 1.061367e+00
survey 1 1 2010 1 1  1.246700e+08 2.119730e+08 -5.307890e-01 -9.276537e-01
survey 1 1 2010 1 2  3.149619e+06 8.683543e+06 -1.014148e+00 -2.458227e+00
survey 1 1 2010 1 3  2.965875e+06 4.806962e+06 -4.828933e-01 -8.203774e-01
survey 1 1 2011 1 1  9.094166e+06 1.376663e+07 -4.146141e-01 -7.246163e-01
survey 1 1 2011 1 2  1.093634e+08 1.039571e+08 5.069784e-02 1.228882e-01
survey 1 1 2011 1 3  5.039454e+06 2.226298e+06 8.169578e-01 1.387913e+00
survey 1 1 2012 1 1  8.800981e+06 1.710273e+07 -6.643749e-01 -1.161120e+00
survey 1 1 2012 1 2  6.957843e+06 6.049915e+06 1.398253e-01 3.389273e-01
survey 1 1 2012 1 3  5.186212e+07 2.495492e+07 7.315178e-01 1.242760e+00
survey 1 1 2013 1 1  4.482197e+07 3.860755e+07 1.492507e-01 2.608436e-01
survey 1 1 2013 1 2  1.140352e+07 9.602134e+06 1.719369e-01 4.167636e-01
survey 1 1 2013 1 3  4.123620e+06 2.789076e+06 3.910211e-01 6.642976e-01
survey 1 1 2014 1 1  6.632732e+07 2.303703e+07 1.057499e+00 1.848178e+00
survey 1 1 2014 1 2  1.695365e+07 1.654762e+07 2.424095e-02 5.875843e-02
survey 1 1 2014 1 3  9.865987e+05 1.868134e+06 -6.384321e-01 -1.084619e+00
survey 1 1 2015 1 1  1.100302e+08 8.672082e+07 2.380609e-01 4.160563e-01
survey 1 1 2015 1 2  8.289135e+06 1.310017e+07 -4.576798e-01 -1.109385e+00
survey 1 1 2015 1 3  2.465019e+06 5.154456e+06 -7.376621e-01 -1.253199e+00
survey 1 1 2016 1 1  6.429090e+06 1.364348e+07 -7.524285e-01 -1.315011e+00
survey 1 1 2016 1 2  6.839123e+07 4.842509e+07 3.452266e-01 8.368063e-01
survey 1 1 2016 1 3  5.607608e+06 4.528600e+06 2.137114e-01 3.630698e-01
survey 1 1 2017 1 1  9.362008e+07 1.101255e+08 -1.623753e-01 -2.837814e-01
survey 1 1 2017 1 2  1.234328e+07 9.343090e+06 2.784751e-01 6.750050e-01
survey 1 1 2017 1 3  2.172347e+07 2.867325e+07 -2.775715e-01 -4.715605e-01
survey 1 2 2004 2 0  1.400619e+08 9.208658e+07 4.193551e-01 1.154515e+00
survey 1 2 2004 2 1  7.077655e+06 1.417809e+07 -6.947554e-01 -8.985434e-01
survey 1 2 2005 2 0  2.772412e+08 2.074893e+08 2.898082e-01 7.978628e-01
survey 1 2 2005 2 1  3.288987e+06 6.068944e+06 -6.126052e-01 -7.922966e-01
survey 1 2 2006 2 0  1.172330e+08 1.006118e+08 1.528937e-01 4.209275e-01
survey 1 2 2006 2 1  1.224460e+07 1.096804e+07 1.100989e-01 1.423935e-01
survey 1 2 2007 2 0  4.023552e+08 2.694874e+08 4.008134e-01 1.103468e+00
survey 1 2 2007 2 1  5.326731e+06 1.013894e+07 -6.436459e-01 -8.324423e-01
survey 1 2 2008 2 0  3.563370e+07 8.922338e+07 -9.178512e-01 -2.526910e+00
survey 1 2 2008 2 1  1.361979e+07 1.902485e+07 -3.342219e-01 -4.322570e-01
survey 1 2 2009 2 0  4.745909e+08 6.614254e+08 -3.319440e-01 -9.138658e-01
survey 1 2 2009 2 1  9.040642e+06 5.877915e+06 4.305281e-01 5.568121e-01
survey 1 2 2010 2 0  4.972200e+07 4.298484e+07 1.456000e-01 4.008473e-01
survey 1 2 2010 2 1  1.253086e+08 7.034246e+07 5.774038e-01 7.467698e-01
survey 1 2 2011 2 0  7.711307e+07 5.373691e+07 3.611728e-01 9.943347e-01
survey 1 2 2011 2 1  2.717853e+07 4.112633e+06 1.888364e+00 2.442265e+00
survey 1 2 2012 2 0  1.365864e+08 1.211883e+08 1.196123e-01 3.293013e-01
survey 1 2 2012 2 1  3.922222e+06 6.496017e+06 -5.045310e-01 -6.525217e-01
survey 1 2 2013 2 0  8.035685e+07 7.172654e+07 1.136165e-01 3.127944e-01
survey 1 2 2013 2 1  1.315638e+07 1.111283e+07 1.688066e-01 2.183215e-01
survey 1 2 2014 2 0  2.359437e+08 2.693915e+08 -1.325723e-01 -3.649810e-01
survey 1 2 2014 2 1  3.413488e+06 8.744178e+06 -9.406533e-01 -1.216569e+00
survey 1 2 2015 2 0  2.303002e+07 4.222212e+07 -6.061454e-01 -1.668762e+00
survey 1 2 2015 2 1  1.359766e+07 3.225187e+07 -8.636782e-01 -1.117015e+00
survey 1 2 2016 2 0  3.046555e+08 3.408024e+08 -1.121213e-01 -3.086779e-01
survey 1 2 2016 2 1  7.277881e+06 6.222645e+06 1.566446e-01 2.025921e-01
survey 1 2 2017 2 0  3.266300e+07 3.031138e+07 7.471960e-02 2.057084e-01
survey 1 2 2017 2 1  3.856100e+07 3.787386e+07 1.798028e-02 2.325432e-02
survey 1 2 2018 2 0  1.650644e+08 1.613044e+08 2.304254e-02 6.343776e-02
survey 1 2 2018 2 1  1.116780e+07 3.218032e+06 1.244265e+00 1.609237e+00
