
Observed catches
# Species: Area-1r      ################################################################
# Year:1983
# age    0          1          2          3          4 
         0    1845986   28970895     772469     320070 
  10222593     263866    3085029     564013       2199 
# Year:1984
# age    0          1          2          3          4 
         0   47117099    1701105   10002463     333197 
         0    9241291      89838     566198      42958 
# Year:1985
# age    0          1          2          3          4 
         0    6216843   31364331    1987155     211484 
   8524055    1353569    2305207    1594869     212744 
# Year:1986
# age    0          1          2          3          4 
         0   44939660    7553291    1652186      30901 
     87141    4162541     227967     187509      14005 
# Year:1987
# age    0          1          2          3          4 
         0    4504002   23571738    1198721     170802 
    186628    1938298    4173447     122748      31940 
# Year:1988
# age    0          1          2          3          4 
         0    1996963    8564243   15229288    2354019 
         0          0     161558    1438834      46949 
# Year:1989
# age    0          1          2          3          4 
         0   62502730    6363623    1345853    4736504 
       468     757493      77200      16376      57549 
# Year:1990
# age    0          1          2          3          4 
         0   16846266   13916807    2059554     621957 
    521856    1256999     416960      62063      18357 
# Year:1991
# age    0          1          2          3          4 
         0   14938621    6869770     983098     338126 
   7343593    6916858     208518      67283          0 
# Year:1992
# age    0          1          2          3          4 
         0   50883401    8450910     845007     523702 
    104413    3041213     297654     122334      26493 
# Year:1993
# age    0          1          2          3          4 
         0    2180911    5882232    1638375     491024 
   1624101     362388     271130     156038      42949 
# Year:1994
# age    0          1          2          3          4 
         0   22172484    2668743    1195098     881749 
         0    1533194     125736      54805      78356 
# Year:1995
# age    0          1          2          3          4 
         0   36677305    6236165     737271     288655 
     75644    3439663     940195     108547      28180 
# Year:1996
# age    0          1          2          3          4 
         0   10402280   12301004    4526841     860500 
   6470204    1064331    1026591     210861      65068 
# Year:1997
# age    0          1          2          3          4 
         0   38667124    2331754    3521518     713371 
     18649    8899097     176552     164393      55770 
# Year:1998
# age    0          1          2          3          4 
         0    9387182   28363734    2164396    1504583 
    211225     438058    1383553     136051      89798 
# Year:1999
# age    0          1          2          3          4 
         0   44620696    5432802   10158422     698833 
    440365    2498274     205055     717189     148612 
# Year:2000
# age    0          1          2          3          4 
         0   32624962    3355268     629743    1076467 
   7886804    2759504     170466      84240     121701 
# Year:2001
# age    0          1          2          3          4 
         0   56780384    8549412    1098202     972050 
  47080308    3126866     473865      49244      98136 
# Year:2002
# age    0          1          2          3          4 
         0   84878394   10772208    1212501     225121 
     16033     604815     107905      15217       5588 
# Year:2003
# age    0          1          2          3          4 
         0    3842913   13302249    1117440     302389 
   2473516     386042    4390071     140974      31174 
# Year:2004
# age    0          1          2          3          4 
         0   30653572     785501    2364270     479839 
    565737    2479119     110000     229911      47092 
# Year:2005
# age    0          1          2          3          4 
         0   11105474    4434996     262670     434852 
     43821     383088     211421      13596      27446 
# Year:2006
# age    0          1          2          3          4 
         0   33600003    2590432     816673     162611 
     37199     799907      93859      43488      19492 
# Year:2007
# age    0          1          2          3          4 
         0   10580620    4674236     315238     171663 
         0          0          0          0          0 
# Year:2008
# age    0          1          2          3          4 
         0   26734810    4009086    1204887     214392 
      6295     280589      74658      32807       5707 
# Year:2009
# age    0          1          2          3          4 
         0   18897985   14265180    1556248     392316 
    978566    2254097     278061      11997       3447 
# Year:2010
# age    0          1          2          3          4 
         0   39950964    2130227     941995     108212 
      9754    1184298      35268      15735       2410 
# Year:2011
# age    0          1          2          3          4 
         0    1894045   32691666    1305179     265602 
      4501      38621     325110      13951       1217 
# Year:2012
# age    0          1          2          3          4 
         0     383090     419086    3353944     128653 
         6        169        116        373         21 
# Year:2013
# age    0          1          2          3          4 
         0   18090238    7916362    2181644    4301116 
      3062     598300     131429      99528      48585 
# Year:2014
# age    0          1          2          3          4 
         0    8930005    3353610     401389     359563 
    924941     131242      98187      23065      24527 
# Year:2015
# age    0          1          2          3          4 
         0   25326402    1918219     579249     171513 
         0        112         19         11          4 
# Year:2016
# age    0          1          2          3          4 
         0     207811    1193238      97378      16760 
        17          8         15          2          1 
# Year:2017
# age    0          1          2          3          4 
         0   33037942    3015413    4603626     103491 
      2513     253383      39606      38167       6786 
# Year:2018
# age    0          1          2          3          4 
         0    1701688   14566859     974653     342519 
     91459     158824     797479      43214      11372 

Natural single species Mortality (M)
# Species: Area-1r      ################################################################
# Year:1983
# age    0          1          2          3          4 
         0     0.3958     0.3528     0.2951     0.2691 
    0.5120     0.4808     0.3884     0.3553     0.3511 
# Year:1984
# age    0          1          2          3          4 
         0     0.4007     0.3597     0.2740     0.2557 
    0.5017     0.4662     0.3863     0.3364     0.3481 
# Year:1985
# age    0          1          2          3          4 
         0     0.3849     0.3464     0.2900     0.2642 
    0.5160     0.4682     0.3847     0.3635     0.3444 
# Year:1986
# age    0          1          2          3          4 
         0     0.3756     0.3423     0.2820     0.2671 
    0.5312     0.4777     0.4121     0.3797     0.3606 
# Year:1987
# age    0          1          2          3          4 
         0     0.3874     0.3494     0.2869     0.2712 
    0.5376     0.4766     0.4182     0.3814     0.3660 
# Year:1988
# age    0          1          2          3          4 
         0     0.3941     0.3602     0.2978     0.2929 
    0.5460     0.4750     0.4185     0.3728     0.3661 
# Year:1989
# age    0          1          2          3          4 
         0     0.4157     0.3819     0.3186     0.2908 
    0.5230     0.4489     0.3934     0.3657     0.3570 
# Year:1990
# age    0          1          2          3          4 
         0     0.4016     0.3432     0.2918     0.2851 
    0.5434     0.4758     0.4042     0.3675     0.3683 
# Year:1991
# age    0          1          2          3          4 
         0     0.3941     0.3298     0.2462     0.2456 
    0.5498     0.4518     0.3857     0.3490     0.3546 
# Year:1992
# age    0          1          2          3          4 
         0     0.3914     0.3126     0.2335     0.2352 
    0.5331     0.4243     0.3655     0.3278     0.3355 
# Year:1993
# age    0          1          2          3          4 
         0     0.3998     0.3405     0.2524     0.2339 
    0.5120     0.3922     0.3247     0.3151     0.3121 
# Year:1994
# age    0          1          2          3          4 
         0     0.3783     0.3239     0.2534     0.2286 
    0.5116     0.4350     0.3547     0.3274     0.3204 
# Year:1995
# age    0          1          2          3          4 
         0     0.3704     0.3295     0.2505     0.2269 
    0.5097     0.4634     0.3736     0.3408     0.3311 
# Year:1996
# age    0          1          2          3          4 
         0     0.3344     0.2992     0.2461     0.2187 
    0.5384     0.4826     0.3852     0.3496     0.3429 
# Year:1997
# age    0          1          2          3          4 
         0     0.3642     0.3165     0.2671     0.2290 
    0.5525     0.4967     0.3800     0.3458     0.3396 
# Year:1998
# age    0          1          2          3          4 
         0     0.4088     0.3436     0.2986     0.2443 
    0.5910     0.5247     0.3768     0.3434     0.3362 
# Year:1999
# age    0          1          2          3          4 
         0     0.4445     0.3688     0.3061     0.2544 
    0.5942     0.5422     0.3833     0.3415     0.3331 
# Year:2000
# age    0          1          2          3          4 
         0     0.4583     0.3808     0.3135     0.2474 
    0.5815     0.5272     0.3561     0.3269     0.3063 
# Year:2001
# age    0          1          2          3          4 
         0     0.4035     0.3592     0.2932     0.2325 
    0.5895     0.5118     0.3568     0.3231     0.3011 
# Year:2002
# age    0          1          2          3          4 
         0     0.4451     0.4158     0.3474     0.2774 
    0.6453     0.5488     0.4447     0.3533     0.3325 
# Year:2003
# age    0          1          2          3          4 
         0     0.4651     0.4333     0.3803     0.3220 
    0.6631     0.5661     0.4563     0.3684     0.3634 
# Year:2004
# age    0          1          2          3          4 
         0     0.5251     0.4560     0.4029     0.3459 
    0.6787     0.6010     0.4579     0.3663     0.3599 
# Year:2005
# age    0          1          2          3          4 
         0     0.5181     0.4066     0.3776     0.3056 
    0.6625     0.5267     0.3796     0.3589     0.3425 
# Year:2006
# age    0          1          2          3          4 
         0     0.5430     0.4172     0.3291     0.2765 
    0.6948     0.5510     0.3986     0.3547     0.3383 
# Year:2007
# age    0          1          2          3          4 
         0     0.5255     0.3871     0.2994     0.2644 
    0.7309     0.5358     0.4107     0.3787     0.3617 
# Year:2008
# age    0          1          2          3          4 
         0     0.5234     0.3965     0.2894     0.2658 
    0.6937     0.5823     0.4370     0.3713     0.3643 
# Year:2009
# age    0          1          2          3          4 
         0     0.4449     0.3321     0.2712     0.2468 
    0.6693     0.5665     0.4319     0.3866     0.3679 
# Year:2010
# age    0          1          2          3          4 
         0     0.4509     0.3443     0.2807     0.2463 
    0.6745     0.6243     0.4534     0.4128     0.3836 
# Year:2011
# age    0          1          2          3          4 
         0     0.4877     0.3358     0.2936     0.2548 
    0.7234     0.6648     0.4421     0.4262     0.3880 
# Year:2012
# age    0          1          2          3          4 
         0     0.5437     0.4137     0.3331     0.2953 
    0.7164     0.6379     0.4343     0.4071     0.3807 
# Year:2013
# age    0          1          2          3          4 
         0     0.5415     0.4521     0.3351     0.2964 
    0.6531     0.5806     0.3897     0.3646     0.3484 
# Year:2014
# age    0          1          2          3          4 
         0     0.4732     0.4392     0.2969     0.2779 
    0.6348     0.5237     0.3475     0.3265     0.3193 
# Year:2015
# age    0          1          2          3          4 
         0     0.5142     0.3905     0.2712     0.2509 
    0.6057     0.5157     0.3309     0.3225     0.3042 
# Year:2016
# age    0          1          2          3          4 
         0     0.5142     0.3905     0.2712     0.2509 
    0.6057     0.5157     0.3309     0.3225     0.3042 
# Year:2017
# age    0          1          2          3          4 
         0     0.5142     0.3905     0.2712     0.2509 
    0.6057     0.5157     0.3309     0.3225     0.3042 
# Year:2018
# age    0          1          2          3          4 
         0     0.5142     0.3905     0.2712     0.2509 
    0.6057     0.5157     0.3309     0.3225     0.3042 

Stock numbers
# Species: Area-1r      ################################################################
# Year:1983
# age    0          1          2          3          4 
         0   13763577   53427909    3204516     202475 
 307788940    7661692   18862259     872813      56600 
# Year:1984
# age    0          1          2          3          4 
         0  182227025    4452304   10216052     469215 
  76137731   98259035    1415722    2463584     115251 
# Year:1985
# age    0          1          2          3          4 
         0   45492532   57607729     752597    1286166 
 518903782   24559954   17609114     165348     289984 
# Year:1986
# age    0          1          2          3          4 
         0  305344648   14299240    9209664     218071 
  77487239  175156800    5286055    2676788      64334 
# Year:1987
# age    0          1          2          3          4 
         0   45338455  106043760    3207116    1650759 
  46882106   27361409   48825950    1291641     675325 
# Year:1988
# age    0          1          2          3          4 
         0   27160880   16292256   27614758    1082026 
 205020569   15042963    5571331    7237405     284967 
# Year:1989
# age    0          1          2          3          4 
         0  118198719    9130307    3357050    4557267 
  93494115   39883844    2572055    1019866    1423515 
# Year:1990
# age    0          1          2          3          4 
         0   55351420   24779257    1674610    1644664 
 132179278   19307191    7440743     535665     529607 
# Year:1991
# age    0          1          2          3          4 
         0   76615259   11469123    4680289     695377 
 161729278   35564210    5038790    2250734     334614 
# Year:1992
# age    0          1          2          3          4 
         0   92840431   20046663    2918930    1555872 
  36290504   32930366    6260387     998219     531182 
# Year:1993
# age    0          1          2          3          4 
         0   21225005   19965539    3929002     995412 
 149626901   10708202    9759390    2108271     544096 
# Year:1994
# age    0          1          2          3          4 
         0   89540072    6989200    6740427    1851895 
 215287200   48631959    3721964    3867753    1089367 
# Year:1995
# age    0          1          2          3          4 
         0  128926105   30676883    2523342    3460626 
  54970811   57842130   12493256    1120883    1573827 
# Year:1996
# age    0          1          2          3          4 
         0   32946860   34545641    8027518    1801185 
 387500177   15949915   15289651    3773271     870163 
# Year:1997
# age    0          1          2          3          4 
         0  225590031    9271841    9611951    3032171 
  60463912  113216374    4399027    4819444    1579367 
# Year:1998
# age    0          1          2          3          4 
         0   34619651   61197760    2572928    3886904 
 113895397   14008988   22559211    1001090    1596716 
# Year:1999
# age    0          1          2          3          4 
         0   62937268    7891919   14505979    1736300 
 150715682   18917310    2385414    4748859     598585 
# Year:2000
# age    0          1          2          3          4 
         0   81770155    9640145    1407680    3303226 
 244416799   28527027    3439655     544450    1364950 
# Year:2001
# age    0          1          2          3          4 
         0  134448599   14879657    2104719    1224313 
 405753839   41435982    4462458     686154     424097 
# Year:2002
# age    0          1          2          3          4 
         0  214039461   16919461    2053441     537560 
  25513347   63862601    4843739     640355     179801 
# Year:2003
# age    0          1          2          3          4 
         0   13332922   35859214    3010343     561441 
 151084872    4743789   12496944    1120413     221504 
# Year:2004
# age    0          1          2          3          4 
         0   76681004    2399104    6978344     820954 
  67761205   24041230     760052    2364852     294539 
# Year:2005
# age    0          1          2          3          4 
         0   34109798   12428750     450901    1732616 
 149596865    9606623    2747021     101761     420222 
# Year:2006
# age    0          1          2          3          4 
         0   77087632    5374252    1735367     340937 
  74627342   18101326     932790     325741      67453 
# Year:2007
# age    0          1          2          3          4 
         0   37223795    9653173     558444     246460 
 206138390   15431553    3886472     244500     111756 
# Year:2008
# age    0          1          2          3          4 
         0   99250975    9030188    2577446     245263 
  66094286   31144782    2382685     751782      73244 
# Year:2009
# age    0          1          2          3          4 
         0   33016683   16764075    1457317     539028 
 479825121    9816672    3881504     355641     134794 
# Year:2010
# age    0          1          2          3          4 
         0  245513569    5164221    2253683     299264 
  31323361  117179358    1709175     533015      73253 
# Year:2011
# age    0          1          2          3          4 
         0   15944920   61824708    1043771     378959 
  40855032    7069315   18718944     209999      79261 
# Year:2012
# age    0          1          2          3          4 
         0   19808896    3597966   11699793     182958 
  91537450   10807142    2018811    6528523     106019 
# Year:2013
# age    0          1          2          3          4 
         0   44716423    5710519    1307622    4417820 
  51269268   17586857    1293191     193526     679670 
# Year:2014
# age    0          1          2          3          4 
         0   26682186    9841094     875851     614104 
 189591428   13274935    3505271     263440     188262 
# Year:2015
# age    0          1          2          3          4 
         0  100442665    7790850    2416601     314925 
  28959260   48231383    2955953     762378     101390 
# Year:2016
# age    0          1          2          3          4 
         0   15802287   28799055    2123176     626987 
 233749166    9305717   18715887    1521805     458621 
# Year:2017
# age    0          1          2          3          4 
         0  127550615    5556462   13443086    1440570 
  20794938   56923763    1737967    3159137     345483 
# Year:2018
# age    0          1          2          3          4 
         0   11344108   33794329    1229536    2484871 
 110802852    4966887   10050883     267572     551857 

Fishing mortality
# Species: Area-1r      ################################################################
# Year:1983
# age    0          1          2          3          4 
         0     0.1900     0.6883     1.0055     1.0055 
    0.0122     0.0621     0.2248     0.3284     0.3284 
# Year:1984
# age    0          1          2          3          4 
         0     0.2170     0.7861     1.1483     1.1483 
    0.0133     0.0678     0.2456     0.3588     0.3588 
# Year:1985
# age    0          1          2          3          4 
         0     0.2315     0.8389     1.2254     1.2254 
    0.0143     0.0727     0.2635     0.3849     0.3849 
# Year:1986
# age    0          1          2          3          4 
         0     0.1802     0.6528     0.9536     0.9536 
    0.0047     0.0242     0.0876     0.1279     0.1279 
# Year:1987
# age    0          1          2          3          4 
         0     0.1176     0.4262     0.6226     0.6226 
    0.0082     0.0419     0.1517     0.2216     0.2216 
# Year:1988
# age    0          1          2          3          4 
         0     0.1967     0.7129     1.0413     1.0413 
    0.0048     0.0243     0.0881     0.1286     0.1286 
# Year:1989
# age    0          1          2          3          4 
         0     0.6707     0.8850     0.8728     0.8728 
    0.0012     0.0271     0.0357     0.0352     0.0352 
# Year:1990
# age    0          1          2          3          4 
         0     0.6517     0.8599     0.8480     0.8480 
    0.0020     0.0450     0.0594     0.0586     0.0586 
# Year:1991
# age    0          1          2          3          4 
         0     0.3734     0.4927     0.4859     0.4859 
    0.0053     0.1215     0.1603     0.1581     0.1581 
# Year:1992
# age    0          1          2          3          4 
         0     0.6451     0.8512     0.8395     0.8395 
    0.0033     0.0761     0.1004     0.0990     0.0990 
# Year:1993
# age    0          1          2          3          4 
         0     0.2844     0.3753     0.3701     0.3701 
    0.0015     0.0344     0.0454     0.0448     0.0448 
# Year:1994
# age    0          1          2          3          4 
         0     0.2321     0.3062     0.3020     0.3020 
    0.0011     0.0257     0.0339     0.0335     0.0335 
# Year:1995
# age    0          1          2          3          4 
         0     0.4311     0.5688     0.5610     0.5610 
    0.0023     0.0521     0.0687     0.0678     0.0678 
# Year:1996
# age    0          1          2          3          4 
         0     0.3910     0.5159     0.5088     0.5088 
    0.0026     0.0598     0.0790     0.0779     0.0779 
# Year:1997
# age    0          1          2          3          4 
         0     0.3252     0.4291     0.4232     0.4232 
    0.0051     0.1185     0.1564     0.1542     0.1542 
# Year:1998
# age    0          1          2          3          4 
         0     0.4959     0.6544     0.6454     0.6454 
    0.0021     0.0491     0.0648     0.0639     0.0639 
# Year:1999
# age    0          1          2          3          4 
         0     0.7576     0.8276     0.8106     0.8106 
    0.0172     0.1320     0.1442     0.1412     0.1412 
# Year:2000
# age    0          1          2          3          4 
         0     0.5948     0.6498     0.6364     0.6364 
    0.0161     0.1236     0.1351     0.1323     0.1323 
# Year:2001
# age    0          1          2          3          4 
         0     0.7736     0.8451     0.8277     0.8277 
    0.0501     0.3839     0.4193     0.4107     0.4107 
# Year:2002
# age    0          1          2          3          4 
         0     0.7644     0.8350     0.8178     0.8178 
    0.0037     0.0283     0.0309     0.0303     0.0303 
# Year:2003
# age    0          1          2          3          4 
         0     0.5683     0.6208     0.6080     0.6080 
    0.0151     0.1157     0.1264     0.1238     0.1238 
# Year:2004
# age    0          1          2          3          4 
         0     0.6348     0.6934     0.6792     0.6792 
    0.0077     0.0588     0.0642     0.0629     0.0629 
# Year:2005
# age    0          1          2          3          4 
         0     0.7491     1.1029     1.1110     1.1110 
    0.0005     0.0541     0.0797     0.0803     0.0803 
# Year:2006
# age    0          1          2          3          4 
         0     0.9060     1.3340     1.3437     1.3437 
    0.0007     0.0777     0.1144     0.1152     0.1152 
# Year:2007
# age    0          1          2          3          4 
         0     0.3550     0.5227     0.5265     0.5265 
    0.0000     0.0000     0.0000     0.0000     0.0000 
# Year:2008
# age    0          1          2          3          4 
         0     0.6356     0.9359     0.9427     0.9427 
    0.0004     0.0371     0.0546     0.0550     0.0550 
# Year:2009
# age    0          1          2          3          4 
         0     0.7681     1.1309     1.1392     1.1392 
    0.0007     0.0759     0.1117     0.1125     0.1125 
# Year:2010
# age    0          1          2          3          4 
         0     0.2887     0.7614     1.1611     1.1611 
    0.0007     0.0151     0.0398     0.0606     0.0606 
# Year:2011
# age    0          1          2          3          4 
         0     0.3257     0.8590     1.3099     1.3099 
    0.0005     0.0106     0.0279     0.0425     0.0425 
# Year:2012
# age    0          1          2          3          4 
         0     0.0622     0.1642     0.2503     0.2503 
    0.0000     0.0000     0.0000     0.0000     0.0000 
# Year:2013
# age    0          1          2          3          4 
         0     0.3917     1.0331     1.5754     1.5754 
    0.0000     0.0000     0.0000     0.0000     0.0000 
# Year:2014
# age    0          1          2          3          4 
         0     0.2249     0.5931     0.9044     0.9044 
    0.0004     0.0092     0.0244     0.0372     0.0372 
# Year:2015
# age    0          1          2          3          4 
         0     0.2194     0.5787     0.8824     0.8824 
    0.0000     0.0000     0.0000     0.0000     0.0000 
# Year:2016
# age    0          1          2          3          4 
         0     0.0154     0.0405     0.0618     0.0618 
    0.0000     0.0000     0.0000     0.0000     0.0000 
# Year:2017
# age    0          1          2          3          4 
         0     0.2926     0.7718     1.1769     1.1769 
    0.0003     0.0058     0.0152     0.0231     0.0231 
# Year:2018
# age    0          1          2          3          4 
         0     0.3117     0.8222     1.2538     1.2538 
    0.0017     0.0362     0.0955     0.1457     0.1457 

Total Mortality (Z)
# Species: Area-1r      ################################################################
# Year:1983
# age    0          1          2          3          4 
         0     0.5858     1.0412     1.3006     1.2746 
    0.5242     0.5428     0.6132     0.6838     0.6795 
# Year:1984
# age    0          1          2          3          4 
         0     0.6176     1.1458     1.4223     1.4040 
    0.5150     0.5340     0.6319     0.6952     0.7069 
# Year:1985
# age    0          1          2          3          4 
         0     0.6164     1.1852     1.5155     1.4896 
    0.5303     0.5409     0.6482     0.7484     0.7293 
# Year:1986
# age    0          1          2          3          4 
         0     0.5558     0.9951     1.2356     1.2207 
    0.5360     0.5018     0.4997     0.5076     0.4885 
# Year:1987
# age    0          1          2          3          4 
         0     0.5050     0.7756     0.9095     0.8938 
    0.5459     0.5184     0.5699     0.6030     0.5876 
# Year:1988
# age    0          1          2          3          4 
         0     0.5909     1.0731     1.3391     1.3342 
    0.5507     0.4993     0.5066     0.5014     0.4947 
# Year:1989
# age    0          1          2          3          4 
         0     1.0864     1.2669     1.1914     1.1636 
    0.5242     0.4760     0.4291     0.4010     0.3922 
# Year:1990
# age    0          1          2          3          4 
         0     1.0532     1.2030     1.1398     1.1332 
    0.5454     0.5208     0.4636     0.4262     0.4269 
# Year:1991
# age    0          1          2          3          4 
         0     0.7675     0.8225     0.7321     0.7315 
    0.5550     0.5733     0.5459     0.5071     0.5127 
# Year:1992
# age    0          1          2          3          4 
         0     1.0365     1.1638     1.0730     1.0747 
    0.5364     0.5004     0.4659     0.4268     0.4345 
# Year:1993
# age    0          1          2          3          4 
         0     0.6842     0.7158     0.6225     0.6040 
    0.5135     0.4266     0.3701     0.3599     0.3569 
# Year:1994
# age    0          1          2          3          4 
         0     0.6104     0.6301     0.5554     0.5306 
    0.5127     0.4608     0.3887     0.3609     0.3539 
# Year:1995
# age    0          1          2          3          4 
         0     0.8015     0.8983     0.8115     0.7879 
    0.5119     0.5154     0.4423     0.4085     0.3988 
# Year:1996
# age    0          1          2          3          4 
         0     0.7254     0.8151     0.7549     0.7275 
    0.5410     0.5425     0.4642     0.4274     0.4207 
# Year:1997
# age    0          1          2          3          4 
         0     0.6894     0.7456     0.6903     0.6523 
    0.5576     0.6152     0.5363     0.5000     0.4938 
# Year:1998
# age    0          1          2          3          4 
         0     0.9047     0.9980     0.9440     0.8897 
    0.5931     0.5739     0.4416     0.4073     0.4002 
# Year:1999
# age    0          1          2          3          4 
         0     1.2021     1.1965     1.1167     1.0649 
    0.6115     0.6741     0.5274     0.4827     0.4743 
# Year:2000
# age    0          1          2          3          4 
         0     1.0531     1.0306     0.9499     0.8838 
    0.5977     0.6509     0.4912     0.4592     0.4386 
# Year:2001
# age    0          1          2          3          4 
         0     1.1770     1.2043     1.1208     1.0602 
    0.6396     0.8957     0.7762     0.7338     0.7118 
# Year:2002
# age    0          1          2          3          4 
         0     1.2094     1.2508     1.1652     1.0952 
    0.6490     0.5771     0.4756     0.3836     0.3628 
# Year:2003
# age    0          1          2          3          4 
         0     1.0334     1.0541     0.9884     0.9301 
    0.6782     0.6817     0.5827     0.4922     0.4872 
# Year:2004
# age    0          1          2          3          4 
         0     1.1599     1.1495     1.0821     1.0251 
    0.6864     0.6598     0.5221     0.4292     0.4228 
# Year:2005
# age    0          1          2          3          4 
         0     1.2671     1.5095     1.4886     1.4166 
    0.6630     0.5808     0.4593     0.4392     0.4228 
# Year:2006
# age    0          1          2          3          4 
         0     1.4490     1.7512     1.6729     1.6203 
    0.6956     0.6287     0.5130     0.4699     0.4535 
# Year:2007
# age    0          1          2          3          4 
         0     0.8805     0.9098     0.8259     0.7909 
    0.7309     0.5358     0.4107     0.3787     0.3617 
# Year:2008
# age    0          1          2          3          4 
         0     1.1590     1.3323     1.2321     1.2085 
    0.6941     0.6194     0.4916     0.4263     0.4193 
# Year:2009
# age    0          1          2          3          4 
         0     1.2129     1.4630     1.4104     1.3860 
    0.6701     0.6423     0.5437     0.4991     0.4804 
# Year:2010
# age    0          1          2          3          4 
         0     0.7396     1.1057     1.4418     1.4074 
    0.6752     0.6394     0.4932     0.4735     0.4443 
# Year:2011
# age    0          1          2          3          4 
         0     0.8134     1.1948     1.6035     1.5647 
    0.7239     0.6754     0.4700     0.4687     0.4305 
# Year:2012
# age    0          1          2          3          4 
         0     0.6059     0.5779     0.5834     0.5456 
    0.7164     0.6379     0.4343     0.4071     0.3807 
# Year:2013
# age    0          1          2          3          4 
         0     0.9332     1.4852     1.9106     1.8718 
    0.6531     0.5806     0.3897     0.3646     0.3484 
# Year:2014
# age    0          1          2          3          4 
         0     0.6981     1.0323     1.2014     1.1823 
    0.6353     0.5329     0.3719     0.3637     0.3565 
# Year:2015
# age    0          1          2          3          4 
         0     0.7336     0.9691     1.1537     1.1334 
    0.6057     0.5157     0.3309     0.3225     0.3042 
# Year:2016
# age    0          1          2          3          4 
         0     0.5295     0.4310     0.3330     0.3127 
    0.6057     0.5157     0.3309     0.3225     0.3042 
# Year:2017
# age    0          1          2          3          4 
         0     0.8068     1.1622     1.4482     1.4279 
    0.6060     0.5214     0.3461     0.3457     0.3274 
# Year:2018
# age    0          1          2          3          4 
         0     0.8259     1.2126     1.5250     1.5047 
    0.6075     0.5519     0.4264     0.4682     0.4499 
