

Observed catches

Species: Area-1r    



Age             1983      1984      1985      1986      1987      1988      1989      1990
         0  10222593         0   8524055     87141    186628         0       468    521856
         1   2109851  56358391   7570411  49102202   6442300   1996963  63260223  18103265
         2  32055923   1790944  33669538   7781258  27745185   8725801   6440823  14333767
         3   1336482  10568661   3582024   1839695   1321469  16668122   1362229   2121617
         4    322269    376155    424229     44906    202742   2400968   4794053    640314

Yield         378795    498626    437114    382844    373021    413646    446028    306240


Age             1991      1992      1993      1994      1995      1996      1997      1998
         0   7343593    104413   1624101         0     75644   6470204     18649    211225
         1  21855480  53924615   2543298  23705678  40116968  11466611  47566221   9825240
         2   7078288   8748564   6153361   2794480   7176360  13327595   2508306  29747287
         3   1050381    967341   1794413   1249903    845819   4737701   3685911   2300446
         4    338126    550195    533972    960105    316835    925568    769141   1594381

Yield         332204    558599    132024    193241    400588    265869    426089    377073


Age             1999      2000      2001      2002      2003      2004      2005      2006
         0    440365   7886804  47080308     16033   2473516    565737     43821     37199
         1  47118969  35384466  59907249  85483210   4228955  33132691  11488562  34399910
         2   5637857   3525734   9023277  10880114  17692320    895501   4646417   2684290
         3  10875611    713983   1147446   1227719   1258414   2594181    276266    860161
         4    847444   1198169   1070187    230709    333563    526931    462298    182103

Yield         422718    299167    531265    606466    148039    203646    123422    240646


Age             2007      2008      2009      2010      2011      2012      2013      2014
         0         0      6295    978566      9754      4501         6      3062    924941
         1  10580620  27015399  21152082  41135262   1932667    383259  18688538   9061247
         2   4674236   4083744  14543241   2165495  33016776    419202   8047791   3451797
         3    315238   1237693   1568245    957730   1319130   3354318   2281172    424454
         4    171663    220099    395763    110622    266818    128674   4349701    384090

Yield         109624    234447    290995    300508    318840     46117    214359     78830


Age             2015      2016      2017      2018
         0         0        17      2513     91459
         1  25326514    207819  33291325   1860512
         2   1918239   1193253   3055019  15364338
         3    579260     97380   4641793   1017866
         4    171518     16761    110277    353891

Yield         163381     14613    241916    130460

Stock numbers

Species: Area-1r    



Age             1983      1984      1985      1986      1987      1988      1989      1990
         0         0         0         0         0         0         0         0         0
         1  13763577 182227025  45492532 305344648  45338455  27160880 118198719  55351420
         2  53427909   4452304  57607729  14299240 106043760  16292256   9130307  24779257
         3   3204516  10216052    752597   9209664   3207116  27614758   3357050   1674610
         4    202475    469215   1286166    218071   1650759   1082026   4557267   1644664

TSB           646348   1190137    793723   1894425   1533915    795387    753101    656341
SSB           476651    205120    462475    277318    991639    593692    160386    250302


Age             1991      1992      1993      1994      1995      1996      1997      1998
         0         0         0         0         0         0         0         0         0
         1  76615259  92840431  21225005  89540072 128926105  32946860 225590031  34619651
         2  11469123  20046663  19965539   6989200  30676883  34545641   9271841  61197760
         3   4680289   2918930   3929002   6740427   2523342   8027518   9611951   2572928
         4    695377   1555872    995412   1851895   3460626   1801185   3032171   3886904

TSB           950504   1042358    461536    675313   1429381    603306   1851447    844877
SSB           331092    286424    262868    180299    399344    364563    233685    522264


Age             1999      2000      2001      2002      2003      2004      2005      2006
         0         0         0         0         0         0         0         0         0
         1  62937268  81770155 134448599 214039461  13332922  76681004  34109798  77087632
         2   7891919   9640145  14879657  16919461  35859214   2399104  12428750   5374252
         3  14505979   1407680   2104719   2053441   3010343   6978344    450901   1735367
         4   1736300   3303226   1224313    537560    561441    820954   1732616    340937

TSB           567762    662828    781692   1428825    342920    478922    356073    530434
SSB           225231    142560    160696    154898    243553     94316    117296     75553


Age             2007      2008      2009      2010      2011      2012      2013      2014
         0         0         0         0         0         0         0         0         0
         1  37223795  99250975  33016683 245513569  15944920  19808896  44716423  26682186
         2   9653173   9030188  16764075   5164221  61824708   3597966   5710519   9841094
         3    558444   2577446   1457317   2253683   1043771  11699793   1307622    875851
         4    246460    245263    539028    299264    378959    182958   4417820    614104

TSB           308942    758791    386188   1646975    643056    295400    309657    211182
SSB            88325    129277    155144    119713    452799    163016     97198     73678


Age             2015      2016      2017      2018
         0         0         0         0         0
         1 100442665  15802287 127550615  11344108
         2   7790850  28799055   5556462  33794329
         3   2416601   2123176  13443086   1229536
         4    314925    626987   1440570   2484871

TSB           645626    409101    852929    331641
SSB            93178    270485    183633    231976

Fishing mortality

Species: Area-1r    



Age             1983      1984      1985      1986      1987      1988      1989      1990
         0    0.0122    0.0133    0.0143    0.0047    0.0082    0.0048    0.0012    0.0020
         1    0.2520    0.2847    0.3043    0.2043    0.1595    0.2210    0.6978    0.6967
         2    0.9132    1.0317    1.1024    0.7404    0.5779    0.8009    0.9207    0.9193
         3    1.3339    1.5071    1.6104    1.0815    0.8441    1.1700    0.9080    0.9066
         4    1.3339    1.5071    1.6104    1.0815    0.8441    1.1700    0.9080    0.9066

Avg. F 1-2     0.583     0.658     0.703     0.472     0.369     0.511     0.809     0.808


Age             1991      1992      1993      1994      1995      1996      1997      1998
         0    0.0053    0.0033    0.0015    0.0011    0.0023    0.0026    0.0051    0.0021
         1    0.4949    0.7212    0.3188    0.2578    0.4832    0.4509    0.4437    0.5450
         2    0.6530    0.9516    0.4207    0.3402    0.6375    0.5949    0.5855    0.7192
         3    0.6440    0.9385    0.4149    0.3355    0.6287    0.5867    0.5774    0.7093
         4    0.6440    0.9385    0.4149    0.3355    0.6287    0.5867    0.5774    0.7093

Avg. F 1-2     0.574     0.836     0.370     0.299     0.560     0.523     0.515     0.632


Age             1999      2000      2001      2002      2003      2004      2005      2006
         0    0.0172    0.0161    0.0501    0.0037    0.0151    0.0077    0.0005    0.0007
         1    0.8896    0.7184    1.1574    0.7927    0.6840    0.6935    0.8032    0.9837
         2    0.9718    0.7848    1.2644    0.8659    0.7472    0.7576    1.1826    1.4484
         3    0.9518    0.7687    1.2384    0.8481    0.7318    0.7420    1.1913    1.4590
         4    0.9518    0.7687    1.2384    0.8481    0.7318    0.7420    1.1913    1.4590

Avg. F 1-2     0.931     0.752     1.211     0.829     0.716     0.726     0.993     1.216


Age             2007      2008      2009      2010      2011      2012      2013      2014
         0    0.0000    0.0004    0.0007    0.0007    0.0005    0.0000    0.0000    0.0004
         1    0.3550    0.6727    0.8439    0.3038    0.3362    0.0622    0.3917    0.2341
         2    0.5227    0.9905    1.2426    0.8012    0.8868    0.1642    1.0331    0.6175
         3    0.5265    0.9977    1.2517    1.2217    1.3523    0.2503    1.5754    0.9416
         4    0.5265    0.9977    1.2517    1.2217    1.3523    0.2503    1.5754    0.9416

Avg. F 1-2     0.439     0.832     1.043     0.552     0.612     0.113     0.712     0.426


Age             2015      2016      2017      2018
         0    0.0000    0.0000    0.0003    0.0017
         1    0.2194    0.0154    0.2984    0.3480
         2    0.5787    0.0405    0.7870    0.9177
         3    0.8824    0.0618    1.2001    1.3994
         4    0.8824    0.0618    1.2001    1.3994

Avg. F 1-2     0.399     0.028     0.543     0.633