Year Quarter Species.n Age M1 M2 M F Z N N.bar C.hat C.obs west weca Yield CWsum prop.landed propmat BIO SSB Lsea ration
1983 1 1 1 0 0 0.395819 0.189974 0.585793 1.37636e+07 1.04165e+07 1.97885e+06 1.84599e+06 0.0048618 0.0048618 8974.82 8974.82 1 0.021 66915.8 1405.23 0 0 
1983 1 1 2 0 0 0.352847 0.688323 1.04117 5.34279e+07 3.31988e+07 2.28515e+07 2.89709e+07 0.00973705 0.00973705 282091 282091 1 0.801 520230 416705 0 0 
1983 1 1 3 0 0 0.295101 1.00549 1.3006 3.20452e+06 1.7928e+06 1.80265e+06 772469 0.0171762 0.0171762 13268.1 13268.1 1 0.988 55041.4 54380.9 0 0 
1983 1 1 4 0 0 0.269117 1.00549 1.27461 202475 114447 115075 320070 0.0205468 0.0205468 6576.43 6576.43 1 1 4160.21 4160.21 0 0 
1983 2 1 0 0 0 0.511974 0.012187 0.524161 3.07789e+08 2.39548e+08 2.91937e+06 1.02226e+07 0.00330879 0.00330879 33824.4 33824.4 1 0 1.01841e+06 0 0 0 
1983 2 1 1 0 0 0.480756 0.0620548 0.542811 7.66169e+06 5.91253e+06 366901 263866 0.00401463 0.00401463 1059.32 1059.32 1 0.021 30758.9 645.936 0 0 
1983 2 1 2 0 0 0.388363 0.22484 0.613203 1.88623e+07 1.41001e+07 3.17026e+06 3.08503e+06 0.00828264 0.00828264 25552.2 25552.2 1 0.801 156229 125140 0 0 
1983 2 1 3 0 0 0.355307 0.328444 0.683751 872813 632228 207651 564013 0.0131614 0.0131614 7423.22 7423.22 1 0.988 11487.5 11349.6 0 0 
1983 2 1 4 0 0 0.351067 0.328444 0.67951 56599.7 41075.6 13491 2198.88 0.0115649 0.0115649 25.4297 25.4297 1 1 654.567 654.567 0 0 
1984 1 1 1 0 0 0.400692 0.216954 0.617646 1.82227e+08 1.35948e+08 2.94946e+07 4.71171e+07 0.00546153 0.00546153 257331 257331 1 0.021 995238 20900 0 0 
1984 1 1 2 0 0 0.359702 0.78608 1.14578 4.4523e+06 2.65023e+06 2.08329e+06 1.70111e+06 0.0101074 0.0101074 17193.7 17193.7 1 0.801 45001.1 36045.9 0 0 
1984 1 1 3 0 0 0.274046 1.1483 1.42234 1.02161e+07 5.45049e+06 6.25878e+06 1.00025e+07 0.0140566 0.0140566 140600 140600 1 0.988 143602 141879 0 0 
1984 1 1 4 0 0 0.255654 1.1483 1.40395 469215 252120 289509 333197 0.0134165 0.0134165 4470.32 4470.32 1 1 6295.2 6295.2 0 0 
1984 2 1 0 0 0 0.501684 0.0133118 0.514996 7.61377e+07 5.95057e+07 792126 0 0.00368394 0.00368394 0 0 1 0 280487 0 0 0 
1984 2 1 1 0 0 0.466168 0.067782 0.53395 9.8259e+07 7.61331e+07 5.16045e+06 9.24129e+06 0.00732208 0.00732208 67665.4 67665.4 1 0.021 719460 15108.7 0 0 
1984 2 1 2 0 0 0.386275 0.245591 0.631866 1.41572e+06 1.04947e+06 257741 89838.4 0.0128095 0.0128095 1150.78 1150.78 1 0.801 18134.6 14525.9 0 0 
1984 2 1 3 0 0 0.336395 0.358757 0.695152 2.46358e+06 1.77552e+06 636981 566198 0.0168425 0.0168425 9536.16 9536.16 1 0.988 41492.8 40994.9 0 0 
1984 2 1 4 0 0 0.34811 0.358757 0.706866 115251 82633 29645.1 42957.7 0.0157961 0.0157961 678.564 678.564 1 1 1820.51 1820.51 0 0 
1985 1 1 1 0 0 0.384902 0.231529 0.616431 4.54925e+07 3.39577e+07 7.8622e+06 6.21684e+06 0.00507786 0.00507786 31568.3 31568.3 1 0.021 231005 4851.1 0 0 
1985 1 1 2 0 0 0.346352 0.838889 1.18524 5.76077e+07 3.37473e+07 2.83102e+07 3.13643e+07 0.00915445 0.00915445 287123 287123 1 0.801 527367 422421 0 0 
1985 1 1 3 0 0 0.29004 1.22544 1.51548 752597 387501 474858 1.98716e+06 0.0163999 0.0163999 32589.2 32589.2 1 0.988 12342.5 12194.4 0 0 
1985 1 1 4 0 0 0.264157 1.22544 1.4896 1.28617e+06 668760 819525 211484 0.0178896 0.0178896 3783.37 3783.37 1 1 23009 23009 0 0 
1985 2 1 0 0 0 0.515995 0.0142823 0.530277 5.18904e+08 4.02731e+08 5.75194e+06 8.52406e+06 0.0029841 0.0029841 25436.7 25436.7 1 0 1.54846e+06 0 0 0 
1985 2 1 1 0 0 0.468187 0.072724 0.540911 2.456e+07 1.89693e+07 1.37953e+06 1.35357e+06 0.00584444 0.00584444 7910.86 7910.86 1 0.021 143539 3014.32 0 0 
1985 2 1 2 0 0 0.384666 0.263497 0.648163 1.76091e+07 1.29588e+07 3.41462e+06 2.30521e+06 0.0106746 0.0106746 24607.2 24607.2 1 0.801 187971 150565 0 0 
1985 2 1 3 0 0 0.363462 0.384914 0.748376 165348 116407 44806.6 1.59487e+06 0.0128942 0.0128942 20564.6 20564.6 1 0.988 2132.03 2106.44 0 0 
1985 2 1 4 0 0 0.344414 0.384914 0.729328 289984 205866 79240.9 212744 0.0165975 0.0165975 3531.02 3531.02 1 1 4813 4813 0 0 
1986 1 1 1 0 0 0.375586 0.180173 0.55576 3.05345e+08 2.34252e+08 4.2206e+07 4.49397e+07 0.00529385 0.00529385 237904 237904 1 0.021 1.61645e+06 33945.4 0 0 
1986 1 1 2 0 0 0.342321 0.652813 0.995134 1.42992e+07 9.05726e+06 5.91269e+06 7.55329e+06 0.0117065 0.0117065 88422.5 88422.5 1 0.801 167394 134083 0 0 
1986 1 1 3 0 0 0.282014 0.953622 1.23564 9.20966e+06 5.28706e+06 5.04185e+06 1.65219e+06 0.0116861 0.0116861 19307.6 19307.6 1 0.988 107625 106333 0 0 
1986 1 1 4 0 0 0.267111 0.953622 1.22073 218071 125939 120098 30901.2 0.0135576 0.0135576 418.948 418.948 1 1 2956.53 2956.53 0 0 
1986 2 1 0 0 0 0.531211 0.00474636 0.535958 7.74872e+07 5.99838e+07 284705 87141.1 0.00298063 0.00298063 259.735 259.735 1 0 230960 0 0 0 
1986 2 1 1 0 0 0.477662 0.0241679 0.50183 1.75157e+08 1.37722e+08 3.32846e+06 4.16254e+06 0.00745594 0.00745594 31035.7 31035.7 1 0.021 1.30596e+06 27425.1 0 0 
1986 2 1 2 0 0 0.412134 0.0875665 0.4997 5.28606e+06 4.16037e+06 364309 227967 0.0126971 0.0126971 2894.52 2894.52 1 0.801 67117.4 53761.1 0 0 
1986 2 1 3 0 0 0.379668 0.127916 0.507584 2.67679e+06 2.09916e+06 268517 187509 0.0127752 0.0127752 2395.47 2395.47 1 0.988 34196.5 33786.2 0 0 
1986 2 1 4 0 0 0.360619 0.127916 0.488535 64334.1 50894.1 6510.18 14004.8 0.0146781 0.0146781 205.564 205.564 1 1 944.301 944.301 0 0 
1987 1 1 1 0 0 0.387399 0.117623 0.505022 4.53385e+07 3.55966e+07 4.18699e+06 4.504e+06 0.00715293 0.00715293 32216.8 32216.8 1 0.021 324303 6810.36 0 0 
1987 1 1 2 0 0 0.349411 0.426179 0.77559 1.06044e+08 7.37733e+07 3.14406e+07 2.35717e+07 0.0106181 0.0106181 250288 250288 1 0.801 1.12599e+06 901916 0 0 
1987 1 1 3 0 0 0.286902 0.622557 0.909459 3.20712e+06 2.10617e+06 1.31121e+06 1.19872e+06 0.0184988 0.0184988 22174.9 22174.9 1 0.988 59327.8 58615.9 0 0 
1987 1 1 4 0 0 0.271239 0.622557 0.893796 1.65076e+06 1.09134e+06 679420 170802 0.0147187 0.0147187 2513.99 2513.99 1 1 24297 24297 0 0 
1987 2 1 0 0 0 0.537637 0.00822168 0.545858 4.68821e+07 3.61288e+07 297040 186628 0.00402264 0.00402264 750.735 750.735 1 0 188590 0 0 0 
1987 2 1 1 0 0 0.47658 0.0418638 0.518444 2.73614e+07 2.13507e+07 893823 1.9383e+06 0.00784818 0.00784818 15212.1 15212.1 1 0.021 214737 4509.48 0 0 
1987 2 1 2 0 0 0.418229 0.151683 0.569912 4.88259e+07 3.72184e+07 5.6454e+06 4.17345e+06 0.0112314 0.0112314 46873.8 46873.8 1 0.801 548386 439257 0 0 
1987 2 1 3 0 0 0.381382 0.221577 0.602959 1.29164e+06 969996 214929 122748 0.0201833 0.0201833 2477.46 2477.46 1 0.988 26069.5 25756.7 0 0 
1987 2 1 4 0 0 0.366019 0.221577 0.587596 675325 510679 113155 31939.6 0.0160738 0.0160738 513.391 513.391 1 1 10855 10855 0 0 
1988 1 1 1 0 0 0.394122 0.196746 0.590867 2.71609e+07 2.05087e+07 4.035e+06 1.99696e+06 0.0061208 0.0061208 12223 12223 1 0.021 166246 3491.17 0 0 
1988 1 1 2 0 0 0.360197 0.712859 1.07306 1.62923e+07 9.99102e+06 7.12219e+06 8.56424e+06 0.0103786 0.0103786 88884.9 88884.9 1 0.801 169091 135442 0 0 
1988 1 1 3 0 0 0.297752 1.04134 1.33909 2.76148e+07 1.52173e+07 1.58464e+07 1.52293e+07 0.0159637 0.0159637 243116 243116 1 0.988 440835 435545 0 0 
1988 1 1 4 0 0 0.292881 1.04134 1.33422 1.08203e+06 597398 622092 2.35402e+06 0.017758 0.017758 41802.6 41802.6 1 1 19214.6 19214.6 0 0 
1988 2 1 0 0 0 0.54597 0.00477271 0.550743 2.05021e+08 1.57645e+08 752394 0 0.00393409 0.00393409 0 0 1 0 806570 0 0 0 
1988 2 1 1 0 0 0.475009 0.0243021 0.499311 1.5043e+07 1.18416e+07 287777 0 0.00682887 0.00682887 0 0 1 0.021 102726 2157.25 0 0 
1988 2 1 2 0 0 0.418519 0.0880526 0.506571 5.57133e+06 4.37111e+06 384888 161558 0.0120218 0.0120218 1942.22 1942.22 1 0.801 66977.4 53648.9 0 0 
1988 2 1 3 0 0 0.372786 0.128626 0.501412 7.2374e+06 5.69171e+06 732103 1.43883e+06 0.0170481 0.0170481 24529.5 24529.5 1 0.988 123384 121904 0 0 
1988 2 1 4 0 0 0.366103 0.128626 0.49473 284967 224794 28914.4 46948.5 0.024442 0.024442 1147.51 1147.51 1 1 6965.15 6965.15 0 0 
1989 1 1 1 0 0 0.415694 0.670702 1.0864 1.18199e+08 7.20869e+07 4.83488e+07 6.25027e+07 0.00498354 0.00498354 311485 311485 1 0.021 589048 12370 0 0 
1989 1 1 2 0 0 0.381899 0.884995 1.26689 9.13031e+06 5.17664e+06 4.5813e+06 6.36362e+06 0.00862559 0.00862559 54890 54890 1 0.801 78754.3 63082.2 0 0 
1989 1 1 3 0 0 0.31859 0.872802 1.19139 3.35705e+06 1.96173e+06 1.7122e+06 1.34585e+06 0.00905536 0.00905536 12187.2 12187.2 1 0.988 30399.3 30034.5 0 0 
1989 1 1 4 0 0 0.290792 0.872802 1.16359 4.55727e+06 2.69317e+06 2.3506e+06 4.7365e+06 0.0120466 0.0120466 57058.6 57058.6 1 1 54899.4 54899.4 0 0 
1989 2 1 0 0 0 0.523023 0.00117318 0.524196 9.34941e+07 7.27642e+07 85365.4 467.877 0.00621381 0.00621381 2.9073 2.9073 1 0 580954 0 0 0 
1989 2 1 1 0 0 0.448891 0.0270735 0.475964 3.98838e+07 3.17347e+07 859170 757493 0.0096339 0.0096339 7297.62 7297.62 1 0.021 384237 8068.98 0 0 
1989 2 1 2 0 0 0.393401 0.0357237 0.429125 2.57205e+06 2.09134e+06 74710.3 77199.8 0.0155247 0.0155247 1198.51 1198.51 1 0.801 39930.4 31984.3 0 0 
1989 2 1 3 0 0 0.365748 0.0352315 0.40098 1.01987e+06 840189 29601.1 16375.7 0.0171969 0.0171969 281.612 281.612 1 0.988 17538.6 17328.1 0 0 
1989 2 1 4 0 0 0.356954 0.0352315 0.392185 1.42352e+06 1.17755e+06 41486.9 57548.9 0.0282663 0.0282663 1626.69 1626.69 1 1 40237.5 40237.5 0 0 
1990 1 1 1 0 0 0.40157 0.651655 1.05322 5.53514e+07 3.42227e+07 2.23014e+07 1.68463e+07 0.00661143 0.00661143 111378 111378 1 0.021 365952 7685 0 0 
1990 1 1 2 0 0 0.343173 0.859863 1.20304 2.47793e+07 1.44123e+07 1.23926e+07 1.39168e+07 0.00962998 0.00962998 134019 134019 1 0.801 238624 191138 0 0 
1990 1 1 3 0 0 0.29181 0.848016 1.13983 1.67461e+06 999227 847360 2.05955e+06 0.0142239 0.0142239 29294.9 29294.9 1 0.988 23819.5 23533.7 0 0 
1990 1 1 4 0 0 0.285141 0.848016 1.13316 1.64466e+06 984028 834471 621957 0.0169916 0.0169916 10568 10568 1 1 27945.5 27945.5 0 0 
1990 2 1 0 0 0 0.543411 0.00195191 0.545363 1.32179e+08 1.01884e+08 198870 521856 0.00500976 0.00500976 2614.37 2614.37 1 0 662186 0 0 0 
1990 2 1 1 0 0 0.475775 0.0450444 0.520819 1.93072e+07 1.50495e+07 677896 1.257e+06 0.00897962 0.00897962 11287.4 11287.4 1 0.021 173371 3640.79 0 0 
1990 2 1 2 0 0 0.404175 0.0594364 0.463611 7.44074e+06 5.95425e+06 353899 416960 0.0130851 0.0130851 5455.98 5455.98 1 0.801 97363.2 77987.9 0 0 
1990 2 1 3 0 0 0.367537 0.0586175 0.426155 535665 436151 25566.1 62063.2 0.0193258 0.0193258 1199.42 1199.42 1 0.988 10352.1 10227.9 0 0 
1990 2 1 4 0 0 0.368295 0.0586175 0.426913 529607 431066 25268 18356.7 0.0230855 0.0230855 423.773 423.773 1 1 12226.2 12226.2 0 0 
1991 1 1 1 0 0 0.394066 0.373391 0.767456 7.66153e+07 5.34897e+07 1.99726e+07 1.49386e+07 0.00779886 0.00779886 116504 116504 1 0.021 597512 12547.7 0 0 
1991 1 1 2 0 0 0.329801 0.492692 0.822493 1.14691e+07 7.81811e+06 3.85192e+06 6.86977e+06 0.0141629 0.0141629 97295.7 97295.7 1 0.801 162436 130111 0 0 
1991 1 1 3 0 0 0.2462 0.485903 0.732104 4.68029e+06 3.31859e+06 1.61252e+06 983098 0.0378024 0.0378024 37163.4 37163.4 1 0.988 176926 174803 0 0 
1991 1 1 4 0 0 0.245573 0.485903 0.731477 695377 493198 239647 338126 0.0196013 0.0196013 6627.71 6627.71 1 1 13630.3 13630.3 0 0 
1991 2 1 0 0 0 0.549777 0.00526425 0.555042 1.61729e+08 1.24115e+08 653371 7.34359e+06 0.00375643 0.00375643 27585.7 27585.7 1 0 607524 0 0 0 
1991 2 1 1 0 0 0.451794 0.121483 0.573277 3.55642e+07 2.70681e+07 3.28833e+06 6.91686e+06 0.00613177 0.00613177 42412.6 42412.6 1 0.021 218071 4579.5 0 0 
1991 2 1 2 0 0 0.385651 0.160298 0.545949 5.03879e+06 3.88289e+06 622421 208518 0.01181 0.01181 2462.6 2462.6 1 0.801 59508.1 47666 0 0 
1991 2 1 3 0 0 0.349013 0.15809 0.507103 2.25073e+06 1.76543e+06 279097 67283.4 0.0319872 0.0319872 2152.21 2152.21 1 0.988 71994.7 71130.7 0 0 
1991 2 1 4 0 0 0.354593 0.15809 0.512683 334614 261796 41387.2 0 0.0171578 0.0171578 0 0 1 1 5741.23 5741.23 0 0 
1992 1 1 1 0 0 0.39139 0.645097 1.03649 9.28404e+07 5.78011e+07 3.72873e+07 5.08834e+07 0.00778906 0.00778906 396334 396334 1 0.021 723140 15185.9 0 0 
1992 1 1 2 0 0 0.31261 0.85121 1.16382 2.00467e+07 1.18457e+07 1.00832e+07 8.45091e+06 0.011872 0.011872 100329 100329 1 0.801 237993 190633 0 0 
1992 1 1 3 0 0 0.233517 0.839482 1.073 2.91893e+06 1.79004e+06 1.50271e+06 845007 0.017682 0.017682 14941.4 14941.4 1 0.988 51612.5 50993.2 0 0 
1992 1 1 4 0 0 0.235205 0.839482 1.07469 1.55587e+06 953478 800428 523702 0.0190325 0.0190325 9967.37 9967.37 1 1 29612.2 29612.2 0 0 
1992 2 1 0 0 0 0.533079 0.00329714 0.536376 3.62905e+07 2.80876e+07 92608.7 104413 0.00493269 0.00493269 515.036 515.036 1 0 179010 0 0 0 
1992 2 1 1 0 0 0.424299 0.0760884 0.500387 3.29304e+07 2.59096e+07 1.97142e+06 3.04121e+06 0.00953331 0.00953331 28992.8 28992.8 1 0.021 313935 6592.65 0 0 
1992 2 1 2 0 0 0.365457 0.100399 0.465857 6.26039e+06 5.00451e+06 502449 297654 0.0152849 0.0152849 4549.61 4549.61 1 0.801 95689.3 76647.1 0 0 
1992 2 1 3 0 0 0.327794 0.0990158 0.42681 998219 812525 80452.8 122334 0.0196919 0.0196919 2408.99 2408.99 1 0.988 19656.8 19420.9 0 0 
1992 2 1 4 0 0 0.335485 0.0990158 0.434501 531182 430828 42658.8 26492.8 0.0211753 0.0211753 560.992 560.992 1 1 11247.9 11247.9 0 0 
1993 1 1 1 0 0 0.399754 0.284416 0.68417 2.1225e+07 1.53716e+07 4.37193e+06 2.18091e+06 0.007334 0.007334 15994.8 15994.8 1 0.021 155664 3268.95 0 0 
1993 1 1 2 0 0 0.340489 0.375288 0.715778 1.99655e+07 1.42588e+07 5.35117e+06 5.88223e+06 0.0114754 0.0114754 67500.7 67500.7 1 0.801 229112 183519 0 0 
1993 1 1 3 0 0 0.2524 0.370118 0.622517 3.929e+06 2.92479e+06 1.08252e+06 1.63838e+06 0.0144173 0.0144173 23621 23621 1 0.988 56645.8 55966 0 0 
1993 1 1 4 0 0 0.233913 0.370118 0.604031 995412 747174 276542 491024 0.0202074 0.0202074 9922.31 9922.31 1 1 20114.7 20114.7 0 0 
1993 2 1 0 0 0 0.511967 0.00149161 0.513459 1.49627e+08 1.17024e+08 174554 1.6241e+06 0.00401517 0.00401517 6521.03 6521.03 1 0 600777 0 0 0 
1993 2 1 1 0 0 0.392222 0.0344221 0.426644 1.07082e+07 8.71688e+06 300053 362388 0.00750659 0.00750659 2720.3 2720.3 1 0.021 80382.1 1688.02 0 0 
1993 2 1 2 0 0 0.324686 0.0454202 0.370107 9.75939e+06 8.15701e+06 370493 271130 0.0104751 0.0104751 2840.11 2840.11 1 0.801 102230 81886.6 0 0 
1993 2 1 3 0 0 0.315059 0.0447944 0.359854 2.10827e+06 1.77062e+06 79313.9 156038 0.0136024 0.0136024 2122.49 2122.49 1 0.988 28677.6 28333.4 0 0 
1993 2 1 4 0 0 0.312085 0.0447944 0.35688 544096 457596 20497.8 42948.5 0.0182007 0.0182007 781.695 781.695 1 1 9902.95 9902.95 0 0 
1994 1 1 1 0 0 0.378328 0.232077 0.610405 8.95401e+07 6.70179e+07 1.55533e+07 2.21725e+07 0.00549797 0.00549797 121904 121904 1 0.021 492288 10338.1 0 0 
1994 1 1 2 0 0 0.323887 0.306227 0.630115 6.9892e+06 5.18515e+06 1.58783e+06 2.66874e+06 0.00865172 0.00865172 23089.2 23089.2 1 0.801 60468.6 48435.3 0 0 
1994 1 1 3 0 0 0.253442 0.302008 0.55545 6.74043e+06 5.1718e+06 1.56193e+06 1.1951e+06 0.01274 0.01274 15225.6 15225.6 1 0.988 85873.1 84842.6 0 0 
1994 1 1 4 0 0 0.228605 0.302008 0.530613 1.8519e+06 1.43707e+06 434007 881749 0.0198085 0.0198085 17466.1 17466.1 1 1 36683.3 36683.3 0 0 
1994 2 1 0 0 0 0.511619 0.00111488 0.512734 2.15287e+08 1.68433e+08 187782 0 0.00437711 0.00437711 0 0 1 0 942337 0 0 0 
1994 2 1 1 0 0 0.435043 0.0257281 0.460772 4.8632e+07 3.89674e+07 1.00256e+06 1.53319e+06 0.00759787 0.00759787 11649 11649 1 0.021 369499 7759.49 0 0 
1994 2 1 2 0 0 0.354719 0.0339484 0.388667 3.72196e+06 3.08393e+06 104694 125736 0.012261 0.012261 1541.65 1541.65 1 0.801 45635 36553.7 0 0 
1994 2 1 3 0 0 0.327442 0.0334806 0.360922 3.86775e+06 3.24668e+06 108701 54805.4 0.0163352 0.0163352 895.258 895.258 1 0.988 63180.5 62422.4 0 0 
1994 2 1 4 0 0 0.320421 0.0334806 0.353901 1.08937e+06 917465 30717.3 78355.7 0.0187683 0.0187683 1470.61 1470.61 1 1 20445.6 20445.6 0 0 
1995 1 1 1 0 0 0.370428 0.431094 0.801522 1.28926e+08 8.86862e+07 3.82321e+07 3.66773e+07 0.00761039 0.00761039 279128 279128 1 0.021 981178 20604.7 0 0 
1995 1 1 2 0 0 0.329489 0.568831 0.89832 3.06769e+07 2.02418e+07 1.15142e+07 6.23617e+06 0.011309 0.011309 70524.7 70524.7 1 0.801 346924 277886 0 0 
1995 1 1 3 0 0 0.250474 0.560994 0.811467 2.52334e+06 1.7283e+06 969565 737271 0.0140643 0.0140643 10369.2 10369.2 1 0.988 35489 35063.2 0 0 
1995 1 1 4 0 0 0.226946 0.560994 0.787939 3.46063e+06 2.3946e+06 1.34335e+06 288655 0.019011 0.019011 5487.62 5487.62 1 1 65790.1 65790.1 0 0 
1995 2 1 0 0 0 0.50965 0.00225604 0.511906 5.49708e+07 4.30234e+07 97062.3 75643.5 0.00382878 0.00382878 289.623 289.623 1 0 210471 0 0 0 
1995 2 1 1 0 0 0.463373 0.0520627 0.515436 5.78421e+07 4.51976e+07 2.35311e+06 3.43966e+06 0.00679562 0.00679562 23374.6 23374.6 1 0.021 393073 8254.53 0 0 
1995 2 1 2 0 0 0.373617 0.0686971 0.442314 1.24933e+07 1.00963e+07 693588 940195 0.00994214 0.00994214 9347.55 9347.55 1 0.801 124210 99492 0 0 
1995 2 1 3 0 0 0.340753 0.0677506 0.408504 1.12088e+06 920175 62342.4 108547 0.0141028 0.0141028 1530.82 1530.82 1 0.988 15807.6 15617.9 0 0 
1995 2 1 4 0 0 0.331086 0.0677506 0.398836 1.57383e+06 1.29785e+06 87930.3 28180.4 0.0189865 0.0189865 535.048 535.048 1 1 29881.4 29881.4 0 0 
1996 1 1 1 0 0 0.334434 0.391008 0.725442 3.29469e+07 2.34298e+07 9.16123e+06 1.04023e+07 0.00557897 0.00557897 58034 58034 1 0.021 183810 3860 0 0 
1996 1 1 2 0 0 0.299167 0.515938 0.815105 3.45456e+07 2.36239e+07 1.21885e+07 1.2301e+07 0.00838117 0.00838117 103097 103097 1 0.801 289533 231916 0 0 
1996 1 1 3 0 0 0.246104 0.508829 0.754933 8.02752e+06 5.63526e+06 2.86739e+06 4.52684e+06 0.012211 0.012211 55277.2 55277.2 1 0.988 98023.9 96847.6 0 0 
1996 1 1 4 0 0 0.218691 0.508829 0.72752 1.80118e+06 1.27972e+06 651159 860500 0.0177327 0.0177327 15259 15259 1 1 31939.8 31939.8 0 0 
1996 2 1 0 0 0 0.538404 0.00259331 0.540997 3.875e+08 2.99281e+08 776128 6.4702e+06 0.00286687 0.00286687 18549.2 18549.2 1 0 1.11091e+06 0 0 0 
1996 2 1 1 0 0 0.482626 0.0598459 0.542472 1.59499e+07 1.23105e+07 736731 1.06433e+06 0.00463624 0.00463624 4934.49 4934.49 1 0.021 73947.7 1552.9 0 0 
1996 2 1 2 0 0 0.385202 0.0789671 0.464169 1.52897e+07 1.2232e+07 965923 1.02659e+06 0.00758058 0.00758058 7782.15 7782.15 1 0.801 115904 92839.5 0 0 
1996 2 1 3 0 0 0.349554 0.0778791 0.427433 3.77327e+06 3.07046e+06 239124 210861 0.00954845 0.00954845 2013.39 2013.39 1 0.988 36028.9 35596.5 0 0 
1996 2 1 4 0 0 0.342861 0.0778791 0.42074 870163 710291 55316.8 65068.1 0.0141776 0.0141776 922.512 922.512 1 1 12336.8 12336.8 0 0 
1997 1 1 1 0 0 0.364195 0.325223 0.689419 2.2559e+08 1.62998e+08 5.30107e+07 3.86671e+07 0.00725091 0.00725091 280372 280372 1 0.021 1.63573e+06 34350.4 0 0 
1997 1 1 2 0 0 0.316464 0.429134 0.745598 9.27184e+06 6.53544e+06 2.80458e+06 2.33175e+06 0.00825643 0.00825643 19252 19252 1 0.801 76552.3 61318.4 0 0 
1997 1 1 3 0 0 0.267127 0.423222 0.690349 9.61195e+06 6.94215e+06 2.93807e+06 3.52152e+06 0.00992747 0.00992747 34959.8 34959.8 1 0.988 95422.4 94277.3 0 0 
1997 1 1 4 0 0 0.229033 0.423222 0.652255 3.03217e+06 2.22736e+06 942666 713371 0.014425 0.014425 10290.4 10290.4 1 1 43738.9 43738.9 0 0 
1997 2 1 0 0 0 0.55249 0.00513522 0.557625 6.04639e+07 4.6347e+07 238002 18648.6 0.00370051 0.00370051 69.0094 69.0094 1 0 223747 0 0 0 
1997 2 1 1 0 0 0.496684 0.118506 0.61519 1.13216e+08 8.4557e+07 1.00205e+07 8.8991e+06 0.00845048 0.00845048 75201.6 75201.6 1 0.021 956733 20091.4 0 0 
1997 2 1 2 0 0 0.37997 0.156369 0.536339 4.39903e+06 3.40475e+06 532398 176552 0.0141876 0.0141876 2504.84 2504.84 1 0.801 62411.4 49991.6 0 0 
1997 2 1 3 0 0 0.345815 0.154215 0.50003 4.81944e+06 3.79256e+06 584868 164393 0.0154685 0.0154685 2542.91 2542.91 1 0.988 74549.8 73655.2 0 0 
1997 2 1 4 0 0 0.339628 0.154215 0.493843 1.57937e+06 1.24638e+06 192210 55769.7 0.0160852 0.0160852 897.068 897.068 1 1 25404.5 25404.5 0 0 
1998 1 1 1 0 0 0.408801 0.495921 0.904722 3.46197e+07 2.27812e+07 1.12977e+07 9.38718e+06 0.00631255 0.00631255 59257 59257 1 0.021 218538 4589.3 0 0 
1998 1 1 2 0 0 0.343595 0.654372 0.997967 6.11978e+07 3.87173e+07 2.53355e+07 2.83637e+07 0.00889349 0.00889349 252253 252253 1 0.801 544262 435954 0 0 
1998 1 1 3 0 0 0.2986 0.645356 0.943955 2.57293e+06 1.66516e+06 1.07462e+06 2.1644e+06 0.0115379 0.0115379 24972.7 24972.7 1 0.988 29686.3 29330 0 0 
1998 1 1 4 0 0 0.244308 0.645356 0.889664 3.8869e+06 2.57422e+06 1.66129e+06 1.50458e+06 0.0134787 0.0134787 20279.9 20279.9 1 1 52390.6 52390.6 0 0 
1998 2 1 0 0 0 0.591014 0.00212831 0.593142 1.13895e+08 8.59122e+07 182847 211225 0.00322968 0.00322968 682.189 682.189 1 0 367846 0 0 0 
1998 2 1 1 0 0 0.524745 0.0491151 0.57386 1.4009e+07 1.06595e+07 523543 438058 0.00669453 0.00669453 2932.6 2932.6 1 0.021 93783.6 1969.46 0 0 
1998 2 1 2 0 0 0.376775 0.0648077 0.441583 2.25592e+07 1.82372e+07 1.18191e+06 1.38355e+06 0.00995526 0.00995526 13773.6 13773.6 1 0.801 224583 179891 0 0 
1998 2 1 3 0 0 0.343408 0.0639147 0.407323 1.00109e+06 822284 52556.1 136051 0.0118944 0.0118944 1618.24 1618.24 1 0.988 11907.4 11764.5 0 0 
1998 2 1 4 0 0 0.33624 0.0639147 0.400154 1.59672e+06 1.31592e+06 84106.6 89798 0.0145223 0.0145223 1304.08 1304.08 1 1 23188 23188 0 0 
1999 1 1 1 0 0 0.444463 0.757598 1.20206 6.29373e+07 3.66204e+07 2.77435e+07 4.46207e+07 0.00533871 0.00533871 238217 238217 1 0.021 336004 7056.08 0 0 
1999 1 1 2 0 0 0.368846 0.827621 1.19647 7.89192e+06 4.60231e+06 3.80896e+06 5.4328e+06 0.00750406 0.00750406 40768.1 40768.1 1 0.801 59221.4 47436.4 0 0 
1999 1 1 3 0 0 0.306067 0.810589 1.11666 1.4506e+07 8.7378e+06 7.08277e+06 1.01584e+07 0.0103302 0.0103302 104938 104938 1 0.988 149849 148051 0 0 
1999 1 1 4 0 0 0.254354 0.810589 1.06494 1.7363e+06 1.06833e+06 865980 698833 0.0130668 0.0130668 9131.52 9131.52 1 1 22687.9 22687.9 0 0 
1999 2 1 0 0 0 0.59425 0.0172328 0.611483 1.50716e+08 1.12751e+08 1.94303e+06 440365 0.0034233 0.0034233 1507.5 1507.5 1 0 515945 0 0 0 
1999 2 1 1 0 0 0.542169 0.131973 0.674141 1.89173e+07 1.37615e+07 1.81613e+06 2.49827e+06 0.00594223 0.00594223 14845.3 14845.3 1 0.021 112411 2360.63 0 0 
1999 2 1 2 0 0 0.383259 0.14417 0.52743 2.38541e+06 1.85377e+06 267259 205055 0.00958922 0.00958922 1966.31 1966.31 1 0.801 22874.3 18322.3 0 0 
1999 2 1 3 0 0 0.341452 0.141204 0.482656 4.74886e+06 3.76694e+06 531906 717189 0.0127756 0.0127756 9162.53 9162.53 1 0.988 60669.6 59941.5 0 0 
1999 2 1 4 0 0 0.333115 0.141204 0.474319 598585 476642 67303.5 148612 0.0146785 0.0146785 2181.4 2181.4 1 1 8786.35 8786.35 0 0 
2000 1 1 1 0 0 0.458266 0.594794 1.05306 8.17702e+07 5.05604e+07 3.0073e+07 3.2625e+07 0.00628743 0.00628743 205127 205127 1 0.021 514124 10796.6 0 0 
2000 1 1 2 0 0 0.380795 0.64977 1.03056 9.64015e+06 6.01659e+06 3.9094e+06 3.35527e+06 0.00872596 0.00872596 29277.9 29277.9 1 0.801 84119.5 67379.7 0 0 
2000 1 1 3 0 0 0.313523 0.636398 0.949921 1.40768e+06 908738 578319 629743 0.0119047 0.0119047 7496.91 7496.91 1 0.988 16758 16556.9 0 0 
2000 1 1 4 0 0 0.247384 0.636398 0.883782 3.30323e+06 2.19316e+06 1.39572e+06 1.07647e+06 0.0144788 0.0144788 15586 15586 1 1 47826.9 47826.9 0 0 
2000 2 1 0 0 0 0.581549 0.0161443 0.597693 2.44417e+08 1.83988e+08 2.97036e+06 7.8868e+06 0.00311918 0.00311918 24600.4 24600.4 1 0 762380 0 0 0 
2000 2 1 1 0 0 0.52722 0.123637 0.650857 2.8527e+07 2.09683e+07 2.59245e+06 2.7595e+06 0.00483975 0.00483975 13355.3 13355.3 1 0.021 138064 2899.34 0 0 
2000 2 1 2 0 0 0.356125 0.135064 0.491189 3.43966e+06 2.71776e+06 367072 170466 0.0078752 0.0078752 1342.45 1342.45 1 0.801 27088 21697.5 0 0 
2000 2 1 3 0 0 0.326928 0.132285 0.459213 544450 436567 57751.1 84239.6 0.0106172 0.0106172 894.386 894.386 1 0.988 5780.52 5711.16 0 0 
2000 2 1 4 0 0 0.306281 0.132285 0.438566 1.36495e+06 1.10499e+06 146173 121701 0.0122191 0.0122191 1487.08 1487.08 1 1 16678.5 16678.5 0 0 
2001 1 1 1 0 0 0.403479 0.773553 1.17703 1.34449e+08 7.9023e+07 6.11285e+07 5.67804e+07 0.00452018 0.00452018 256658 256658 1 0.021 607732 12762.4 0 0 
2001 1 1 2 0 0 0.359245 0.845051 1.2043 1.48797e+07 8.65004e+06 7.30972e+06 8.54941e+06 0.00869118 0.00869118 74304.5 74304.5 1 0.801 129322 103587 0 0 
2001 1 1 3 0 0 0.293175 0.82766 1.12084 2.10472e+06 1.26563e+06 1.04751e+06 1.0982e+06 0.0115285 0.0115285 12660.6 12660.6 1 0.988 24264.3 23973.1 0 0 
2001 1 1 4 0 0 0.232513 0.82766 1.06017 1.22431e+06 754797 624716 972050 0.0166412 0.0166412 16176.1 16176.1 1 1 20374.1 20374.1 0 0 
2001 2 1 0 0 0 0.589463 0.0501236 0.639586 4.05754e+08 2.99747e+08 1.50244e+07 4.70803e+07 0.00311949 0.00311949 146867 146867 1 0 1.26575e+06 0 0 0 
2001 2 1 1 0 0 0.511828 0.383857 0.895685 4.1436e+07 2.73718e+07 1.05069e+07 3.12687e+06 0.00502922 0.00502922 15725.7 15725.7 1 0.021 208391 4376.21 0 0 
2001 2 1 2 0 0 0.356847 0.419336 0.776183 4.46246e+06 3.10367e+06 1.30148e+06 473865 0.0121224 0.0121224 5744.38 5744.38 1 0.801 54095.7 43330.6 0 0 
2001 2 1 3 0 0 0.323054 0.410706 0.73376 686154 486168 199672 49244.4 0.0165276 0.0165276 813.891 813.891 1 0.988 11340.5 11204.4 0 0 
2001 2 1 4 0 0 0.301057 0.410706 0.711763 424097 303415 124614 98136.5 0.0235893 0.0235893 2314.97 2314.97 1 1 10004.1 10004.1 0 0 
2002 1 1 1 0 0 0.445075 0.764351 1.20943 2.14039e+08 1.24172e+08 9.4911e+07 8.48784e+07 0.00595887 0.00595887 505780 505780 1 0.021 1.27543e+06 26784.1 0 0 
2002 1 1 2 0 0 0.415779 0.834999 1.25078 1.69195e+07 9.65457e+06 8.06155e+06 1.07722e+07 0.00743556 0.00743556 80097.4 80097.4 1 0.801 125806 100770 0 0 
2002 1 1 3 0 0 0.347434 0.817815 1.16525 2.05344e+06 1.21269e+06 991756 1.2125e+06 0.00981692 0.00981692 11903 11903 1 0.988 20158.5 19916.6 0 0 
2002 1 1 4 0 0 0.277373 0.817815 1.09519 537560 326664 267151 225121 0.0138159 0.0138159 3110.25 3110.25 1 1 7426.87 7426.87 0 0 
2002 2 1 0 0 0 0.645268 0.00369713 0.648965 2.55133e+07 1.8769e+07 69391.4 16032.9 0.00384856 0.00384856 61.7036 61.7036 1 0 98189.8 0 0 0 
2002 2 1 1 0 0 0.54882 0.0283134 0.577133 6.38626e+07 4.85215e+07 1.37381e+06 604815 0.00668041 0.00668041 4040.41 4040.41 1 0.021 426628 8959.19 0 0 
2002 2 1 2 0 0 0.444703 0.0309303 0.475633 4.84374e+06 3.85464e+06 119225 107905 0.0107805 0.0107805 1163.27 1163.27 1 0.801 52217.7 41826.4 0 0 
2002 2 1 3 0 0 0.353299 0.0302938 0.383593 640355 531844 16111.6 15217.4 0.0143627 0.0143627 218.563 218.563 1 0.988 9197.22 9086.85 0 0 
2002 2 1 4 0 0 0.332471 0.0302938 0.362765 179801 150799 4568.27 5587.97 0.016502 0.016502 92.2126 92.2126 1 1 2967.08 2967.08 0 0 
2003 1 1 1 0 0 0.465118 0.568282 1.0334 1.33329e+07 8.31153e+06 4.72329e+06 3.84291e+06 0.00364495 0.00364495 14007.2 14007.2 1 0.021 48597.8 1020.55 0 0 
2003 1 1 2 0 0 0.433309 0.620807 1.05412 3.58592e+07 2.21629e+07 1.37589e+07 1.33022e+07 0.00720947 0.00720947 95902.2 95902.2 1 0.801 258526 207079 0 0 
2003 1 1 3 0 0 0.380325 0.608032 0.988357 3.01034e+06 1.91219e+06 1.16267e+06 1.11744e+06 0.00949516 0.00949516 10610.3 10610.3 1 0.988 28583.7 28240.7 0 0 
2003 1 1 4 0 0 0.322034 0.608032 0.930066 561441 365497 222234 302389 0.0128458 0.0128458 3884.44 3884.44 1 1 7212.17 7212.17 0 0 
2003 2 1 0 0 0 0.663083 0.0151047 0.678188 1.51085e+08 1.0971e+08 1.65714e+06 2.47352e+06 0.0021662 0.0021662 5358.14 5358.14 1 0 327281 0 0 0 
2003 2 1 1 0 0 0.566066 0.115675 0.681741 4.74379e+06 3.43926e+06 397837 386042 0.00271216 0.00271216 1047.01 1047.01 1 0.021 12865.9 270.185 0 0 
2003 2 1 2 0 0 0.456306 0.126367 0.582673 1.24969e+07 9.47119e+06 1.19684e+06 4.39007e+06 0.00359061 0.00359061 15763 15763 1 0.801 44871.6 35942.2 0 0 
2003 2 1 3 0 0 0.368449 0.123766 0.492215 1.12041e+06 884851 109515 140974 0.00839994 0.00839994 1184.18 1184.18 1 0.988 9411.4 9298.46 0 0 
2003 2 1 4 0 0 0.363442 0.123766 0.487209 221504 175336 21700.7 31173.7 0.00907227 0.00907227 282.816 282.816 1 1 2009.54 2009.54 0 0 
2004 1 1 1 0 0 0.525117 0.634766 1.15988 7.6681e+07 4.53837e+07 2.8808e+07 3.06536e+07 0.00506054 0.00506054 155124 155124 1 0.021 388047 8148.99 0 0 
2004 1 1 2 0 0 0.456027 0.693436 1.14946 2.3991e+06 1.42593e+06 988790 785501 0.00829117 0.00829117 6512.72 6512.72 1 0.801 19891.4 15933 0 0 
2004 1 1 3 0 0 0.40293 0.679166 1.0821 6.97834e+06 4.26348e+06 2.89561e+06 2.36427e+06 0.00895199 0.00895199 21164.9 21164.9 1 0.988 62470 61720.4 0 0 
2004 1 1 4 0 0 0.345889 0.679166 1.02506 820954 513548 348784 479839 0.0103704 0.0103704 4976.14 4976.14 1 1 8513.65 8513.65 0 0 
2004 2 1 0 0 0 0.678731 0.00767416 0.686405 6.77612e+07 4.90256e+07 376230 565737 0.00351016 0.00351016 1985.83 1985.83 1 0 237853 0 0 0 
2004 2 1 1 0 0 0.600988 0.0587703 0.659758 2.40412e+07 1.76011e+07 1.03442e+06 2.47912e+06 0.00452028 0.00452028 11206.3 11206.3 1 0.021 108673 2282.14 0 0 
2004 2 1 2 0 0 0.457937 0.0642023 0.522139 760052 592086 38013.3 110000 0.00663683 0.00663683 730.05 730.05 1 0.801 5044.34 4040.52 0 0 
2004 2 1 3 0 0 0.366294 0.0628811 0.429175 2.36485e+06 1.92282e+06 120909 229911 0.00667307 0.00667307 1534.21 1534.21 1 0.988 15780.8 15591.5 0 0 
2004 2 1 4 0 0 0.359899 0.0628811 0.42278 294539 240197 15103.8 47092.4 0.00875601 0.00875601 412.342 412.342 1 1 2578.99 2578.99 0 0 
2005 1 1 1 0 0 0.518059 0.749073 1.26713 3.41098e+07 1.93375e+07 1.44852e+07 1.11055e+07 0.00650114 0.00650114 72198.3 72198.3 1 0.021 221753 4656.81 0 0 
2005 1 1 2 0 0 0.406568 1.10293 1.5095 1.24287e+07 6.41388e+06 7.07405e+06 4.435e+06 0.00874342 0.00874342 38777 38777 1 0.801 108670 87044.5 0 0 
2005 1 1 3 0 0 0.377609 1.11102 1.48863 450901 234539 260576 262670 0.0103178 0.0103178 2710.18 2710.18 1 0.988 4652.31 4596.48 0 0 
2005 1 1 4 0 0 0.305588 1.11102 1.4166 1.73262e+06 926436 1.02929e+06 434852 0.0121192 0.0121192 5270.08 5270.08 1 1 20998 20998 0 0 
2005 2 1 0 0 0 0.662479 0.000521921 0.663001 1.49597e+08 1.09365e+08 57080 43821 0.00303922 0.00303922 133.182 133.182 1 0 454658 0 0 0 
2005 2 1 1 0 0 0.526723 0.0541105 0.580833 9.60662e+06 7.28672e+06 394288 383088 0.00527553 0.00527553 2020.99 2020.99 1 0.021 50680 1064.28 0 0 
2005 2 1 2 0 0 0.379626 0.0796719 0.459298 2.74702e+06 2.20261e+06 175486 211421 0.00851335 0.00851335 1799.9 1799.9 1 0.801 23386.3 18732.5 0 0 
2005 2 1 3 0 0 0.358943 0.0802561 0.439199 101761 82355.7 6609.55 13595.8 0.0113422 0.0113422 154.206 154.206 1 0.988 1154.19 1140.34 0 0 
2005 2 1 4 0 0 0.342496 0.0802561 0.422752 420222 342696 27503.4 27445.6 0.0130316 0.0130316 357.661 357.661 1 1 5476.19 5476.19 0 0 
2006 1 1 1 0 0 0.542972 0.905985 1.44896 7.70876e+07 4.07095e+07 3.68822e+07 3.36e+07 0.00588713 0.00588713 197808 197808 1 0.021 453825 9530.32 0 0 
2006 1 1 2 0 0 0.41723 1.33396 1.75119 5.37425e+06 2.53625e+06 3.38326e+06 2.59043e+06 0.00967212 0.00967212 25055 25055 1 0.801 51980.4 41636.3 0 0 
2006 1 1 3 0 0 0.329124 1.34375 1.67287 1.73537e+06 842639 1.13229e+06 816673 0.0116368 0.0116368 9503.44 9503.44 1 0.988 20194.1 19951.7 0 0 
2006 1 1 4 0 0 0.276517 1.34375 1.62026 340937 168790 226811 162611 0.0130066 0.0130066 2115.01 2115.01 1 1 4434.43 4434.43 0 0 
2006 2 1 0 0 0 0.694809 0.000749408 0.695559 7.46273e+07 5.37748e+07 40299.3 37198.8 0.00318698 0.00318698 118.552 118.552 1 0 237836 0 0 0 
2006 2 1 1 0 0 0.551003 0.0776954 0.628699 1.81013e+07 1.34375e+07 1.04403e+06 799907 0.00553201 0.00553201 4425.09 4425.09 1 0.021 100137 2102.87 0 0 
2006 2 1 2 0 0 0.398628 0.114398 0.513026 932790 729682 83474.2 93858.5 0.00892724 0.00892724 837.897 837.897 1 0.801 8327.24 6670.12 0 0 
2006 2 1 3 0 0 0.354705 0.115237 0.469942 325741 259905 29950.7 43488.2 0.0118937 0.0118937 517.234 517.234 1 0.988 3874.25 3827.76 0 0 
2006 2 1 4 0 0 0.338286 0.115237 0.453523 67453.2 54229.6 6249.26 19492.3 0.0136652 0.0136652 266.366 266.366 1 1 921.762 921.762 0 0 
2007 1 1 1 0 0 0.525538 0.354996 0.880534 3.72238e+07 2.47489e+07 8.78577e+06 1.05806e+07 0.00555428 0.00555428 58767.8 58767.8 1 0.021 206751 4341.78 0 0 
2007 1 1 2 0 0 0.387092 0.522693 0.909785 9.65317e+06 6.33853e+06 3.31311e+06 4.67424e+06 0.00943141 0.00943141 44084.7 44084.7 1 0.801 91043.1 72925.5 0 0 
2007 1 1 3 0 0 0.299414 0.526526 0.82594 558444 380105 200135 315238 0.0134636 0.0134636 4244.24 4244.24 1 0.988 7518.66 7428.43 0 0 
2007 1 1 4 0 0 0.264352 0.526526 0.790879 246460 170321 89678.6 171663 0.0147248 0.0147248 2527.69 2527.69 1 1 3629.06 3629.06 0 0 
2007 2 1 0 0 0 0.730896 0 0.730896 2.06138e+08 1.46242e+08 0 0 0.00410617 0.00410617 0 0 1 0 846440 0 0 0 
2007 2 1 1 0 0 0.535841 0 0.535841 1.54316e+07 1.19464e+07 0 0 0.0070049 0.0070049 0 0 1 0.021 108096 2270.03 0 0 
2007 2 1 2 0 0 0.410703 0 0.410703 3.88647e+06 3.18728e+06 0 0 0.0113106 0.0113106 0 0 1 0.801 43958.2 35210.5 0 0 
2007 2 1 3 0 0 0.378673 0 0.378673 244500 203536 0 0 0.0150758 0.0150758 0 0 1 0.988 3686.04 3641.8 0 0 
2007 2 1 4 0 0 0.3617 0 0.3617 111756 93776.5 0 0 0.01734 0.01734 0 0 1 1 1937.85 1937.85 0 0 
2008 1 1 1 0 0 0.523393 0.635612 1.15901 9.9251e+07 5.87626e+07 3.73503e+07 2.67348e+07 0.00627378 0.00627378 167728 167728 1 0.021 622679 13076.3 0 0 
2008 1 1 2 0 0 0.396475 0.93587 1.33235 9.03019e+06 4.98933e+06 4.66936e+06 4.00909e+06 0.0108517 0.0108517 43505.3 43505.3 1 0.801 97992.7 78492.1 0 0 
2008 1 1 3 0 0 0.289375 0.942733 1.23211 2.57745e+06 1.48174e+06 1.39689e+06 1.20489e+06 0.0132873 0.0132873 16009.6 16009.6 1 0.988 34247.2 33836.2 0 0 
2008 1 1 4 0 0 0.265795 0.942733 1.20853 245263 142337 134186 214392 0.0157877 0.0157877 3384.75 3384.75 1 1 3872.13 3872.13 0 0 
2008 2 1 0 0 0 0.693712 0.000357672 0.694069 6.60943e+07 4.76575e+07 17045.8 6294.87 0.00449592 0.00449592 28.3012 28.3012 1 0 297155 0 0 0 
2008 2 1 1 0 0 0.582327 0.0370819 0.619409 3.11448e+07 2.32168e+07 860924 280589 0.00780411 0.00780411 2189.74 2189.74 1 0.021 243057 5104.2 0 0 
2008 2 1 2 0 0 0.437032 0.054599 0.491631 2.38269e+06 1.88224e+06 102769 74658 0.0125938 0.0125938 940.229 940.229 1 0.801 30007.1 24035.7 0 0 
2008 2 1 3 0 0 0.371266 0.0549994 0.426266 751782 612086 33664.4 32806.5 0.0167786 0.0167786 550.447 550.447 1 0.988 12613.8 12462.5 0 0 
2008 2 1 4 0 0 0.364322 0.0549994 0.419322 73244.5 59827 3290.45 5707.17 0.0192778 0.0192778 110.021 110.021 1 1 1411.99 1411.99 0 0 
2009 1 1 1 0 0 0.444855 0.768076 1.21293 3.30167e+07 1.91272e+07 1.46912e+07 1.8898e+07 0.00617048 0.00617048 116610 116610 1 0.021 203729 4278.31 0 0 
2009 1 1 2 0 0 0.332107 1.13091 1.46302 1.67641e+07 8.80549e+06 9.9582e+06 1.42652e+07 0.00940682 0.00940682 134190 134190 1 0.801 157697 126315 0 0 
2009 1 1 3 0 0 0.271229 1.1392 1.41043 1.45732e+06 781092 889821 1.55625e+06 0.0121023 0.0121023 18834.1 18834.1 1 0.988 17636.8 17425.2 0 0 
2009 1 1 4 0 0 0.246817 1.1392 1.38602 539028 291651 332249 392316 0.0132195 0.0132195 5186.2 5186.2 1 1 7125.67 7125.67 0 0 
2009 2 1 0 0 0 0.669338 0.000731824 0.670069 4.79825e+08 3.49682e+08 255906 978566 0.00282302 0.00282302 2762.51 2762.51 1 0 1.35455e+06 0 0 0 
2009 2 1 1 0 0 0.566456 0.0758723 0.642328 9.81667e+06 7.24311e+06 549552 2.2541e+06 0.00490024 0.00490024 11045.6 11045.6 1 0.021 48104.1 1010.19 0 0 
2009 2 1 2 0 0 0.431943 0.111714 0.543657 3.8815e+06 2.99421e+06 334494 278061 0.00790773 0.00790773 2198.83 2198.83 1 0.801 30693.9 24585.8 0 0 
2009 2 1 3 0 0 0.38661 0.112533 0.499143 355641 279978 31506.7 11997.4 0.0105354 0.0105354 126.397 126.397 1 0.988 3746.81 3701.85 0 0 
2009 2 1 4 0 0 0.367908 0.112533 0.480441 134794 107032 12044.6 3447.23 0.0121046 0.0121046 41.7274 41.7274 1 1 1631.63 1631.63 0 0 
2010 1 1 1 0 0 0.450948 0.288698 0.739646 2.45514e+08 1.73507e+08 5.00913e+07 3.9951e+07 0.00629966 0.00629966 251677 251677 1 0.021 1.54665e+06 32479.7 0 0 
2010 1 1 2 0 0 0.344339 0.761404 1.10574 5.16422e+06 3.12464e+06 2.37911e+06 2.13023e+06 0.0123727 0.0123727 26356.7 26356.7 1 0.801 63895.5 51180.3 0 0 
2010 1 1 3 0 0 0.280679 1.16109 1.44177 2.25368e+06 1.19344e+06 1.38569e+06 941995 0.0138827 0.0138827 13077.4 13077.4 1 0.988 31287.1 30911.7 0 0 
2010 1 1 4 0 0 0.246314 1.16109 1.40741 299264 160587 186456 108212 0.0171797 0.0171797 1859.05 1859.05 1 1 5141.25 5141.25 0 0 
2010 2 1 0 0 0 0.674501 0.000722551 0.675224 3.13234e+07 2.27753e+07 16456.3 9754.08 0.00337498 0.00337498 32.9198 32.9198 1 0 105716 0 0 0 
2010 2 1 1 0 0 0.624328 0.0150743 0.639403 1.17179e+08 8.65724e+07 1.30502e+06 1.1843e+06 0.00585835 0.00585835 6938.03 6938.03 1 0.021 686478 14416 0 0 
2010 2 1 2 0 0 0.453414 0.0397566 0.493171 1.70918e+06 1.34924e+06 53641 35268.1 0.00945387 0.00945387 333.42 333.42 1 0.801 16158.3 12942.8 0 0 
2010 2 1 3 0 0 0.412842 0.0606262 0.473468 533015 424596 25741.7 15734.9 0.0125953 0.0125953 198.186 198.186 1 0.988 6713.47 6632.91 0 0 
2010 2 1 4 0 0 0.383625 0.0606262 0.444252 73252.9 59145.6 3585.77 2409.68 0.0144713 0.0144713 34.8713 34.8713 1 1 1060.07 1060.07 0 0 
2011 1 1 1 0 0 0.487689 0.325687 0.813377 1.59449e+07 1.0912e+07 3.55392e+06 1.89405e+06 0.00529715 0.00529715 10033 10033 1 0.021 84462.6 1773.72 0 0 
2011 1 1 2 0 0 0.335809 0.858958 1.19477 6.18247e+07 3.60788e+07 3.09902e+07 3.26917e+07 0.00873028 0.00873028 285407 285407 1 0.801 539747 432337 0 0 
2011 1 1 3 0 0 0.293636 1.30986 1.60349 1.04377e+06 519972 681089 1.30518e+06 0.012692 0.012692 16565.4 16565.4 1 0.988 13247.6 13088.6 0 0 
2011 1 1 4 0 0 0.254828 1.30986 1.56469 378959 191539 250889 265602 0.0147748 0.0147748 3924.2 3924.2 1 1 5599.03 5599.03 0 0 
2011 2 1 0 0 0 0.723393 0.000506179 0.723899 4.0855e+07 2.90733e+07 14716.3 4500.97 0.00279966 0.00279966 12.6012 12.6012 1 0 114380 0 0 0 
2011 2 1 1 0 0 0.664835 0.0105602 0.675395 7.06932e+06 5.13973e+06 54276.7 38621.5 0.00485969 0.00485969 187.688 187.688 1 0.021 34354.7 721.449 0 0 
2011 2 1 2 0 0 0.442114 0.0278512 0.469965 1.87189e+07 1.49355e+07 415971 325110 0.00784229 0.00784229 2549.61 2549.61 1 0.801 146799 117586 0 0 
2011 2 1 3 0 0 0.4262 0.0424713 0.468671 209999 167654 7120.49 13950.9 0.0104482 0.0104482 145.762 145.762 1 0.988 2194.11 2167.78 0 0 
2011 2 1 4 0 0 0.388043 0.0424713 0.430514 79260.8 64405.4 2735.38 1216.73 0.0120044 0.0120044 14.6061 14.6061 1 1 951.482 951.482 0 0 
2012 1 1 1 0 0 0.54368 0.0622439 0.605924 1.98089e+07 1.48562e+07 924711 383090 0.00639396 0.00639396 2449.46 2449.46 1 0.021 126657 2659.8 0 0 
2012 1 1 2 0 0 0.4137 0.16416 0.57786 3.59797e+06 2.73276e+06 448611 419086 0.00950165 0.00950165 3982.01 3982.01 1 0.801 34186.6 27383.5 0 0 
2012 1 1 3 0 0 0.333056 0.250334 0.58339 1.16998e+07 8.86417e+06 2.219e+06 3.35394e+06 0.011274 0.011274 37812.3 37812.3 1 0.988 131903 130320 0 0 
2012 1 1 4 0 0 0.295306 0.250334 0.54564 182958 141007 35298.8 128653 0.0144972 0.0144972 1865.11 1865.11 1 1 2652.38 2652.38 0 0 
2012 2 1 0 0 0 0.716407 0 0.716407 9.15374e+07 6.53553e+07 0 5.80579 0.00378879 0.00378879 0.021997 0.021997 1 0 346816 0 0 0 
2012 2 1 1 0 0 0.637897 0 0.637897 1.08071e+07 7.98972e+06 0 169.054 0.00657665 0.00657665 1.11181 1.11181 1 0.021 71074.8 1492.57 0 0 
2012 2 1 2 0 0 0.434298 0 0.434298 2.01881e+06 1.63756e+06 0 115.983 0.010613 0.010613 1.23093 1.23093 1 0.801 21425.7 17162 0 0 
2012 2 1 3 0 0 0.407071 0 0.407071 6.52852e+06 5.36309e+06 0 373.403 0.0141396 0.0141396 5.27977 5.27977 1 0.988 92310.8 91203 0 0 
2012 2 1 4 0 0 0.380673 0 0.380673 106019 88173.8 0 20.9336 0.0162457 0.0162457 0.34008 0.34008 1 1 1722.35 1722.35 0 0 
2013 1 1 1 0 0 0.541468 0.391721 0.933189 4.47164e+07 2.90719e+07 1.13881e+07 1.80902e+07 0.00468059 0.00468059 84673 84673 1 0.021 209299 4395.29 0 0 
2013 1 1 2 0 0 0.452085 1.03311 1.4852 5.71052e+06 2.97424e+06 3.07272e+06 7.91636e+06 0.00650886 0.00650886 51526.5 51526.5 1 0.801 37169 29772.3 0 0 
2013 1 1 3 0 0 0.335123 1.57543 1.91055 1.30762e+06 583127 918677 2.18164e+06 0.0100728 0.0100728 21975.3 21975.3 1 0.988 13171.5 13013.4 0 0 
2013 1 1 4 0 0 0.296363 1.57543 1.87179 4.41782e+06 1.99709e+06 3.14629e+06 4.30112e+06 0.0113217 0.0113217 48695.8 48695.8 1 1 50017.1 50017.1 0 0 
2013 2 1 0 0 0 0.653095 0 0.653095 5.12693e+07 3.7647e+07 0 3061.56 0.00376404 0.00376404 11.5238 11.5238 1 0 192979 0 0 0 
2013 2 1 1 0 0 0.580585 0 0.580585 1.75869e+07 1.33413e+07 0 598300 0.00653368 0.00653368 3909.1 3909.1 1 0.021 114907 2413.04 0 0 
2013 2 1 2 0 0 0.389672 0 0.389672 1.29319e+06 1.071e+06 0 131429 0.0105437 0.0105437 1385.75 1385.75 1 0.801 13635 10921.6 0 0 
2013 2 1 3 0 0 0.364612 0 0.364612 193526 162169 0 99528.5 0.0140472 0.0140472 1398.1 1398.1 1 0.988 2718.5 2685.88 0 0 
2013 2 1 4 0 0 0.348432 0 0.348432 679670 573894 0 48585.2 0.0161395 0.0161395 784.142 784.142 1 1 10969.6 10969.6 0 0 
2014 1 1 1 0 0 0.473238 0.224881 0.698119 2.66822e+07 1.92048e+07 4.3188e+06 8.93e+06 0.0047311 0.0047311 42248.7 42248.7 1 0.021 126236 2650.96 0 0 
2014 1 1 2 0 0 0.439206 0.593094 1.0323 9.84109e+06 6.13758e+06 3.64016e+06 3.35361e+06 0.00705648 0.00705648 23664.7 23664.7 1 0.801 69443.5 55624.2 0 0 
2014 1 1 3 0 0 0.29694 0.90443 1.20137 875851 509760 461043 401389 0.00948051 0.00948051 3805.37 3805.37 1 0.988 8303.51 8203.87 0 0 
2014 1 1 4 0 0 0.277897 0.90443 1.18233 614104 360172 325751 359563 0.0117233 0.0117233 4215.27 4215.27 1 1 7199.33 7199.33 0 0 
2014 2 1 0 0 0 0.634841 0.000443315 0.635284 1.89591e+08 1.40329e+08 62209.9 924941 0.0030237 0.0030237 2796.75 2796.75 1 0 573268 0 0 0 
2014 2 1 1 0 0 0.523679 0.00924871 0.532928 1.32749e+07 1.02905e+07 95173.8 131242 0.0052486 0.0052486 688.836 688.836 1 0.021 69674.8 1463.17 0 0 
2014 2 1 2 0 0 0.347514 0.0243923 0.371906 3.50527e+06 2.92727e+06 71402.9 98187.1 0.00846989 0.00846989 831.633 831.633 1 0.801 29689.2 23781.1 0 0 
2014 2 1 3 0 0 0.326506 0.0371967 0.363703 263440 220849 8214.85 23065.2 0.0112843 0.0112843 260.275 260.275 1 0.988 2972.74 2937.07 0 0 
2014 2 1 4 0 0 0.319289 0.0371967 0.356485 188262 158362 5890.55 24526.9 0.0129651 0.0129651 317.994 317.994 1 1 2440.85 2440.85 0 0 
2015 1 1 1 0 0 0.514166 0.219412 0.733577 1.00443e+08 7.11735e+07 1.56163e+07 2.53264e+07 0.00548385 0.00548385 138886 138886 1 0.021 550812 11567.1 0 0 
2015 1 1 2 0 0 0.390459 0.57867 0.969129 7.79085e+06 4.98891e+06 2.88693e+06 1.91822e+06 0.0083179 0.0083179 15955.6 15955.6 1 0.801 64803.5 51907.6 0 0 
2015 1 1 3 0 0 0.27124 0.882435 1.15368 2.4166e+06 1.43387e+06 1.2653e+06 579249 0.0105941 0.0105941 6136.62 6136.62 1 0.988 25601.7 25294.5 0 0 
2015 1 1 4 0 0 0.250925 0.882435 1.13336 314925 188409 166259 171513 0.014 0.014 2401.19 2401.19 1 1 4408.96 4408.96 0 0 
2015 2 1 0 0 0 0.605735 0 0.605735 2.89593e+07 2.17207e+07 0 0.312266 0.00402323 0.00402323 0.00125632 0.00125632 1 0 116510 0 0 0 
2015 2 1 1 0 0 0.515667 0 0.515667 4.82314e+07 3.76838e+07 0 111.945 0.0068634 0.0068634 0.768322 0.768322 1 0.021 331031 6951.66 0 0 
2015 2 1 2 0 0 0.330908 0 0.330908 2.95595e+06 2.51664e+06 0 19.3067 0.0110821 0.0110821 0.213959 0.213959 1 0.801 32758.1 26239.3 0 0 
2015 2 1 3 0 0 0.322548 0 0.322548 762378 651645 0 11.422 0.0147713 0.0147713 0.168718 0.168718 1 0.988 11261.3 11126.2 0 0 
2015 2 1 4 0 0 0.304218 0 0.304218 101390 87419.6 0 4.26596 0.0169897 0.0169897 0.0724775 0.0724775 1 1 1722.59 1722.59 0 0 
2016 1 1 1 0 0 0.514166 0.0153602 0.529526 1.58023e+07 1.22687e+07 188449 207811 0.00519196 0.00519196 1078.95 1078.95 1 0.021 82044.8 1722.94 0 0 
2016 1 1 2 0 0 0.390459 0.0405106 0.43097 2.87991e+07 2.33965e+07 947805 1.19324e+06 0.010116 0.010116 12070.8 12070.8 1 0.801 291331 233356 0 0 
2016 1 1 3 0 0 0.27124 0.0617761 0.333016 2.12318e+06 1.80583e+06 111557 97377.9 0.0124981 0.0124981 1217.04 1217.04 1 0.988 26535.7 26217.3 0 0 
2016 1 1 4 0 0 0.250925 0.0617761 0.312701 626987 538424 33261.7 16759.6 0.0146557 0.0146557 245.624 245.624 1 1 9188.92 9188.92 0 0 
2016 2 1 0 0 0 0.605735 0 0.605735 2.33749e+08 1.75322e+08 0 17.1357 0.00315042 0.00315042 0.0539846 0.0539846 1 0 736409 0 0 0 
2016 2 1 1 0 0 0.515667 0 0.515667 9.30572e+06 7.27069e+06 0 7.69189 0.00540135 0.00540135 0.0415465 0.0415465 1 0.021 50263.4 1055.53 0 0 
2016 2 1 2 0 0 0.330908 0 0.330908 1.87159e+07 1.59344e+07 0 14.6339 0.00869115 0.00869115 0.127185 0.127185 1 0.801 162663 130293 0 0 
2016 2 1 3 0 0 0.322548 0 0.322548 1.5218e+06 1.30077e+06 0 2.31683 0.0115716 0.0115716 0.0268094 0.0268094 1 0.988 17609.6 17398.3 0 0 
2016 2 1 4 0 0 0.304218 0 0.304218 458621 395428 0 1.10822 0.0133094 0.0133094 0.0147497 0.0147497 1 1 6103.97 6103.97 0 0 
2017 1 1 1 0 0 0.514166 0.292635 0.8068 1.27551e+08 8.75394e+07 2.56171e+07 3.30379e+07 0.00528506 0.00528506 174607 174607 1 0.021 674113 14156.4 0 0 
2017 1 1 2 0 0 0.390459 0.771787 1.16225 5.55646e+06 3.28545e+06 2.53566e+06 3.01541e+06 0.00710092 0.00710092 21412.2 21412.2 1 0.801 39456 31604.3 0 0 
2017 1 1 3 0 0 0.27124 1.17693 1.44817 1.34431e+07 7.10136e+06 8.35778e+06 4.60363e+06 0.00922437 0.00922437 42465.6 42465.6 1 0.988 124004 122516 0 0 
2017 1 1 4 0 0 0.250925 1.17693 1.42785 1.44057e+06 766948 902641 103491 0.0106601 0.0106601 1103.22 1103.22 1 1 15356.6 15356.6 0 0 
2017 2 1 0 0 0 0.605735 0.000275733 0.606011 2.07949e+07 1.55951e+07 4300.1 2513.16 0.00288973 0.00288973 7.26235 7.26235 1 0 60091.7 0 0 0 
2017 2 1 1 0 0 0.515667 0.00575252 0.52142 5.69238e+07 4.43586e+07 255174 253383 0.00595615 0.00595615 1509.19 1509.19 1 0.021 339046 7119.97 0 0 
2017 2 1 2 0 0 0.330908 0.0151715 0.346079 1.73797e+06 1.46912e+06 22288.8 39606.5 0.00821346 0.00821346 325.306 325.306 1 0.801 14274.7 11434.1 0 0 
2017 2 1 3 0 0 0.322548 0.0231356 0.345683 3.15914e+06 2.67094e+06 61793.9 38166.9 0.0105095 0.0105095 401.114 401.114 1 0.988 33200.9 32802.5 0 0 
2017 2 1 4 0 0 0.304218 0.0231356 0.327353 345483 294632 6816.5 6786.24 0.0124141 0.0124141 84.2452 84.2452 1 1 4288.87 4288.87 0 0 
2018 1 1 1 0 0 0.514166 0.31174 0.825905 1.13441e+07 7.72149e+06 2.4071e+06 1.70169e+06 0.00469505 0.00469505 7989.52 7989.52 1 0.021 53261.2 1118.49 0 0 
2018 1 1 2 0 0 0.390459 0.822173 1.21263 3.37943e+07 1.95801e+07 1.60982e+07 1.45669e+07 0.00704563 0.00704563 102633 102633 1 0.801 238102 190720 0 0 
2018 1 1 3 0 0 0.27124 1.25376 1.525 1.22954e+06 630795 790867 974653 0.0094891 0.0094891 9248.57 9248.57 1 0.988 11667.2 11527.2 0 0 
2018 1 1 4 0 0 0.250925 1.25376 1.50469 2.48487e+06 1.28466e+06 1.61066e+06 342519 0.0115139 0.0115139 3943.73 3943.73 1 1 28610.5 28610.5 0 0 
2018 2 1 0 0 0 0.605735 0.00173599 0.607471 1.10803e+08 8.30419e+07 144160 91458.7 0.0024057 0.0024057 220.022 220.022 1 0 266558 0 0 0 
2018 2 1 1 0 0 0.515667 0.0362173 0.551885 4.96689e+06 3.81717e+06 138248 158824 0.0041256 0.0041256 655.244 655.244 1 0.021 20491.4 430.319 0 0 
2018 2 1 2 0 0 0.330908 0.0955184 0.426426 1.00509e+07 8.18262e+06 781591 797479 0.0066163 0.0066163 5276.36 5276.36 1 0.801 66499.7 53266.2 0 0 
2018 2 1 3 0 0 0.322548 0.14566 0.468207 267572 213664 31122.2 43213.8 0.00878466 0.00878466 379.619 379.619 1 0.988 2350.53 2322.32 0 0 
2018 2 1 4 0 0 0.304218 0.14566 0.449877 551857 444419 64733.9 11371.6 0.0100913 0.0100913 114.754 114.754 1 1 5568.93 5568.93 0 0 
2019 1 1 1 0 0  -1 -1 -1 6.03573e+07  -1  -1  -1 0.0050774  -1 -1 -1 -1 0.021 306458 6435.62 0 0 
2019 1 1 2 0 0  -1 -1 -1 2.86025e+06  -1  -1  -1 0.00792739  -1 -1 -1 -1 0.801 22674.3 18162.1 0 0 
2019 1 1 3 0 0  -1 -1 -1 6.5616e+06  -1  -1  -1 0.0102572  -1 -1 -1 -1 0.988 67303.9 66496.2 0 0 
2019 1 1 4 0 0  -1 -1 -1 519456  -1  -1  -1 0.0125106  -1 -1 -1 -1 1 6498.7 6498.7 0 0 
