# log(Survey observed CPUE) - log(expected CPUE):
######################################################
# Species: 1
# No. of fleets: 2
# Fleet no.: 1
# First and last year: 2008,2017
# First and last age: 1,3
# Species, Fleet, Year, , ,Age_1 ,Age_2 ,Age_3
       1,1,2008       ,0.4842,-0.0023,-0.6414
1,1,2009       ,0.5955,0.4637,0.6247
1,1,2010       ,-0.5308,-1.0141,-0.4829
1,1,2011       ,-0.4146,0.0507,0.8170
1,1,2012       ,-0.6644,0.1398,0.7315
1,1,2013       ,0.1493,0.1719,0.3910
1,1,2014       ,1.0575,0.0242,-0.6384
1,1,2015       ,0.2381,-0.4577,-0.7377
1,1,2016       ,-0.7524,0.3452,0.2137
1,1,2017       ,-0.1624,0.2785,-0.2776
# Fleet no.: 2
# First and last year: 2004,2018
# First and last age: 0,1
# Species, Fleet, Year, , ,Age_0 ,Age_1
       1,2,2004       ,0.4194,-0.6948
1,2,2005       ,0.2898,-0.6126
1,2,2006       ,0.1529,0.1101
1,2,2007       ,0.4008,-0.6436
1,2,2008       ,-0.9179,-0.3342
1,2,2009       ,-0.3319,0.4305
1,2,2010       ,0.1456,0.5774
1,2,2011       ,0.3612,1.8884
1,2,2012       ,0.1196,-0.5045
1,2,2013       ,0.1136,0.1688
1,2,2014       ,-0.1326,-0.9407
1,2,2015       ,-0.6061,-0.8637
1,2,2016       ,-0.1121,0.1566
1,2,2017       ,0.0747,0.0180
1,2,2018       ,0.0230,1.2443
